
*** Running vivado
    with args -log intellight_v2_xbar_0.vds -m64 -product Vivado -mode batch -messageDb vivado.pb -notrace -source intellight_v2_xbar_0.tcl



****** Vivado v2022.1 (64-bit)
  **** SW Build 3526262 on Mon Apr 18 15:48:16 MDT 2022
  **** IP Build 3524634 on Mon Apr 18 20:55:01 MDT 2022
    ** Copyright 1986-2022 Xilinx, Inc. All Rights Reserved.

source intellight_v2_xbar_0.tcl -notrace
create_project: Time (s): cpu = 00:00:04 ; elapsed = 00:00:08 . Memory (MB): peak = 865.426 ; gain = 99.867
INFO: [IP_Flow 19-234] Refreshing IP repositories
INFO: [IP_Flow 19-1700] Loaded user IP repository 'd:/intelligent_traffic_light/optimized_intellight_v2'.
WARNING: [IP_Flow 19-3656] If you move the project, the path for repository 'd:/intelligent_traffic_light/optimized_intellight_v2' may become invalid. A better location for the repository would be in a path adjacent to the project. (Current project location is 'd:/intelligent_traffic_light/optimized_intellight_v2/optimized_intellight_v2.runs/intellight_v2_xbar_0_synth_1'.)
WARNING: [IP_Flow 19-3685] Ignored loading user repository 'd:/intelligent_traffic_light/ip_repo/intellight_database/intellight_database_1.0'. The path is contained within another repository.
INFO: [IP_Flow 19-1700] Loaded user IP repository 'd:/intelligent_traffic_light/ip_repo'.
INFO: [IP_Flow 19-2313] Loaded Vivado IP repository 'D:/Program/Vivado/2022.1/data/ip'.
update_ip_catalog: Time (s): cpu = 00:00:02 ; elapsed = 00:00:10 . Memory (MB): peak = 1390.539 ; gain = 525.113
WARNING: [IP_Flow 19-4995] The host OS only allows 260 characters in a normal path. The IP cache path is more than 80 characters. If you experience issues with IP caching, please consider changing the IP cache to a location with a shorter path. Alternately consider using the OS subst command to map part of the path to a drive letter. 
Current IP cache path is d:/intelligent_traffic_light/optimized_intellight_v2/optimized_intellight_v2.cache/ip 
INFO: [IP_Flow 19-4838] Using cached IP synthesis design for IP intellight_v2_xbar_0, cache-ID = 37b5b6071e5066af.
config_ip_cache: Time (s): cpu = 00:00:01 ; elapsed = 00:00:05 . Memory (MB): peak = 1390.539 ; gain = 0.000
INFO: [Common 17-206] Exiting Vivado at Thu Nov  3 17:53:34 2022...
