
*** Running vivado
    with args -log intellight_v2_auto_pc_2.vds -m64 -product Vivado -mode batch -messageDb vivado.pb -notrace -source intellight_v2_auto_pc_2.tcl



****** Vivado v2022.1 (64-bit)
  **** SW Build 3526262 on Mon Apr 18 15:48:16 MDT 2022
  **** IP Build 3524634 on Mon Apr 18 20:55:01 MDT 2022
    ** Copyright 1986-2022 Xilinx, Inc. All Rights Reserved.

source intellight_v2_auto_pc_2.tcl -notrace
create_project: Time (s): cpu = 00:00:04 ; elapsed = 00:00:11 . Memory (MB): peak = 1383.543 ; gain = 616.688
INFO: [IP_Flow 19-234] Refreshing IP repositories
WARNING: [IP_Flow 19-3685] Ignored loading user repository 'd:/intelligent_traffic_light/ip_repo/intellight_database/intellight_database_1.0'. The path is contained within another repository.
INFO: [IP_Flow 19-1700] Loaded user IP repository 'd:/intelligent_traffic_light/ip_repo'.
INFO: [IP_Flow 19-2313] Loaded Vivado IP repository 'D:/Program/Vivado/2022.1/data/ip'.
WARNING: [IP_Flow 19-4995] The host OS only allows 260 characters in a normal path. The IP cache path is more than 80 characters. If you experience issues with IP caching, please consider changing the IP cache to a location with a shorter path. Alternately consider using the OS subst command to map part of the path to a drive letter. 
Current IP cache path is d:/intelligent_traffic_light/optimized_intellight_v2/optimized_intellight_v2.cache/ip 
Command: synth_design -top intellight_v2_auto_pc_2 -part xc7z020clg400-1 -incremental_mode off -mode out_of_context
Starting synth_design
Attempting to get a license for feature 'Synthesis' and/or device 'xc7z020'
INFO: [Common 17-349] Got license for feature 'Synthesis' and/or device 'xc7z020'
INFO: [Device 21-403] Loading part xc7z020clg400-1
INFO: [Synth 8-7079] Multithreading enabled for synth_design using a maximum of 2 processes.
INFO: [Synth 8-7078] Launching helper process for spawning children vivado processes
INFO: [Synth 8-7075] Helper process launched with PID 19928
---------------------------------------------------------------------------------
Starting RTL Elaboration : Time (s): cpu = 00:00:09 ; elapsed = 00:00:20 . Memory (MB): peak = 1412.387 ; gain = 0.000
---------------------------------------------------------------------------------
INFO: [Synth 8-6157] synthesizing module 'intellight_v2_auto_pc_2' [d:/intelligent_traffic_light/optimized_intellight_v2/optimized_intellight_v2.gen/sources_1/bd/intellight_v2/ip/intellight_v2_auto_pc_2/synth/intellight_v2_auto_pc_2.v:53]
INFO: [Synth 8-6157] synthesizing module 'axi_protocol_converter_v2_1_26_axi_protocol_converter' [d:/intelligent_traffic_light/optimized_intellight_v2/optimized_intellight_v2.gen/sources_1/bd/intellight_v2/ipshared/90c8/hdl/axi_protocol_converter_v2_1_vl_rfs.v:4807]
INFO: [Synth 8-6155] done synthesizing module 'axi_protocol_converter_v2_1_26_axi_protocol_converter' (0#1) [d:/intelligent_traffic_light/optimized_intellight_v2/optimized_intellight_v2.gen/sources_1/bd/intellight_v2/ipshared/90c8/hdl/axi_protocol_converter_v2_1_vl_rfs.v:4807]
INFO: [Synth 8-6155] done synthesizing module 'intellight_v2_auto_pc_2' (0#1) [d:/intelligent_traffic_light/optimized_intellight_v2/optimized_intellight_v2.gen/sources_1/bd/intellight_v2/ip/intellight_v2_auto_pc_2/synth/intellight_v2_auto_pc_2.v:53]
WARNING: [Synth 8-7129] Port aclk in module axi_protocol_converter_v2_1_26_axi_protocol_converter is either unconnected or has no load
WARNING: [Synth 8-7129] Port aresetn in module axi_protocol_converter_v2_1_26_axi_protocol_converter is either unconnected or has no load
WARNING: [Synth 8-7129] Port s_axi_awlock[1] in module axi_protocol_converter_v2_1_26_axi_protocol_converter is either unconnected or has no load
WARNING: [Synth 8-7129] Port s_axi_awregion[3] in module axi_protocol_converter_v2_1_26_axi_protocol_converter is either unconnected or has no load
WARNING: [Synth 8-7129] Port s_axi_awregion[2] in module axi_protocol_converter_v2_1_26_axi_protocol_converter is either unconnected or has no load
WARNING: [Synth 8-7129] Port s_axi_awregion[1] in module axi_protocol_converter_v2_1_26_axi_protocol_converter is either unconnected or has no load
WARNING: [Synth 8-7129] Port s_axi_awregion[0] in module axi_protocol_converter_v2_1_26_axi_protocol_converter is either unconnected or has no load
WARNING: [Synth 8-7129] Port s_axi_wid[11] in module axi_protocol_converter_v2_1_26_axi_protocol_converter is either unconnected or has no load
WARNING: [Synth 8-7129] Port s_axi_wid[10] in module axi_protocol_converter_v2_1_26_axi_protocol_converter is either unconnected or has no load
WARNING: [Synth 8-7129] Port s_axi_wid[9] in module axi_protocol_converter_v2_1_26_axi_protocol_converter is either unconnected or has no load
WARNING: [Synth 8-7129] Port s_axi_wid[8] in module axi_protocol_converter_v2_1_26_axi_protocol_converter is either unconnected or has no load
WARNING: [Synth 8-7129] Port s_axi_wid[7] in module axi_protocol_converter_v2_1_26_axi_protocol_converter is either unconnected or has no load
WARNING: [Synth 8-7129] Port s_axi_wid[6] in module axi_protocol_converter_v2_1_26_axi_protocol_converter is either unconnected or has no load
WARNING: [Synth 8-7129] Port s_axi_wid[5] in module axi_protocol_converter_v2_1_26_axi_protocol_converter is either unconnected or has no load
WARNING: [Synth 8-7129] Port s_axi_wid[4] in module axi_protocol_converter_v2_1_26_axi_protocol_converter is either unconnected or has no load
WARNING: [Synth 8-7129] Port s_axi_wid[3] in module axi_protocol_converter_v2_1_26_axi_protocol_converter is either unconnected or has no load
WARNING: [Synth 8-7129] Port s_axi_wid[2] in module axi_protocol_converter_v2_1_26_axi_protocol_converter is either unconnected or has no load
WARNING: [Synth 8-7129] Port s_axi_wid[1] in module axi_protocol_converter_v2_1_26_axi_protocol_converter is either unconnected or has no load
WARNING: [Synth 8-7129] Port s_axi_wid[0] in module axi_protocol_converter_v2_1_26_axi_protocol_converter is either unconnected or has no load
WARNING: [Synth 8-7129] Port s_axi_arlock[1] in module axi_protocol_converter_v2_1_26_axi_protocol_converter is either unconnected or has no load
WARNING: [Synth 8-7129] Port s_axi_arregion[3] in module axi_protocol_converter_v2_1_26_axi_protocol_converter is either unconnected or has no load
WARNING: [Synth 8-7129] Port s_axi_arregion[2] in module axi_protocol_converter_v2_1_26_axi_protocol_converter is either unconnected or has no load
WARNING: [Synth 8-7129] Port s_axi_arregion[1] in module axi_protocol_converter_v2_1_26_axi_protocol_converter is either unconnected or has no load
WARNING: [Synth 8-7129] Port s_axi_arregion[0] in module axi_protocol_converter_v2_1_26_axi_protocol_converter is either unconnected or has no load
---------------------------------------------------------------------------------
Finished RTL Elaboration : Time (s): cpu = 00:00:16 ; elapsed = 00:00:38 . Memory (MB): peak = 1412.387 ; gain = 0.000
---------------------------------------------------------------------------------
---------------------------------------------------------------------------------
Start Handling Custom Attributes
---------------------------------------------------------------------------------
---------------------------------------------------------------------------------
Finished Handling Custom Attributes : Time (s): cpu = 00:00:16 ; elapsed = 00:00:39 . Memory (MB): peak = 1412.387 ; gain = 0.000
---------------------------------------------------------------------------------
---------------------------------------------------------------------------------
Finished RTL Optimization Phase 1 : Time (s): cpu = 00:00:16 ; elapsed = 00:00:39 . Memory (MB): peak = 1412.387 ; gain = 0.000
---------------------------------------------------------------------------------
Netlist sorting complete. Time (s): cpu = 00:00:00 ; elapsed = 00:00:00.009 . Memory (MB): peak = 1412.387 ; gain = 0.000
INFO: [Project 1-570] Preparing netlist for logic optimization

Processing XDC Constraints
Initializing timing engine
WARNING: [Designutils 20-1758] instance inst wraps a black box. Constraint reading is skipped for elaborated designs in this case. Skipping constraint file 'd:/intelligent_traffic_light/optimized_intellight_v2/optimized_intellight_v2.gen/sources_1/bd/intellight_v2/ip/intellight_v2_auto_pc_2/intellight_v2_auto_pc_2_ooc.xdc'.
Parsing XDC File [D:/intelligent_traffic_light/optimized_intellight_v2/optimized_intellight_v2.runs/intellight_v2_auto_pc_2_synth_1/dont_touch.xdc]
Finished Parsing XDC File [D:/intelligent_traffic_light/optimized_intellight_v2/optimized_intellight_v2.runs/intellight_v2_auto_pc_2_synth_1/dont_touch.xdc]
Completed Processing XDC Constraints

Netlist sorting complete. Time (s): cpu = 00:00:00 ; elapsed = 00:00:00 . Memory (MB): peak = 1412.387 ; gain = 0.000
INFO: [Project 1-111] Unisim Transformation Summary:
No Unisim elements were transformed.

Constraint Validation Runtime : Time (s): cpu = 00:00:00 ; elapsed = 00:00:00.845 . Memory (MB): peak = 1412.387 ; gain = 0.000
INFO: [Designutils 20-5008] Incremental synthesis strategy off
---------------------------------------------------------------------------------
Finished Constraint Validation : Time (s): cpu = 00:00:24 ; elapsed = 00:00:56 . Memory (MB): peak = 1412.387 ; gain = 0.000
---------------------------------------------------------------------------------
---------------------------------------------------------------------------------
Start Loading Part and Timing Information
---------------------------------------------------------------------------------
Loading part: xc7z020clg400-1
---------------------------------------------------------------------------------
Finished Loading Part and Timing Information : Time (s): cpu = 00:00:24 ; elapsed = 00:00:56 . Memory (MB): peak = 1412.387 ; gain = 0.000
---------------------------------------------------------------------------------
---------------------------------------------------------------------------------
Start Applying 'set_property' XDC Constraints
---------------------------------------------------------------------------------
Applied set_property KEEP_HIERARCHY = SOFT for inst. (constraint file  D:/intelligent_traffic_light/optimized_intellight_v2/optimized_intellight_v2.runs/intellight_v2_auto_pc_2_synth_1/dont_touch.xdc, line 9).
---------------------------------------------------------------------------------
Finished applying 'set_property' XDC Constraints : Time (s): cpu = 00:00:24 ; elapsed = 00:00:56 . Memory (MB): peak = 1412.387 ; gain = 0.000
---------------------------------------------------------------------------------
---------------------------------------------------------------------------------
Finished RTL Optimization Phase 2 : Time (s): cpu = 00:00:25 ; elapsed = 00:00:56 . Memory (MB): peak = 1412.387 ; gain = 0.000
---------------------------------------------------------------------------------
---------------------------------------------------------------------------------
Start RTL Component Statistics 
---------------------------------------------------------------------------------
Detailed RTL Component Info : 
---------------------------------------------------------------------------------
Finished RTL Component Statistics 
---------------------------------------------------------------------------------
---------------------------------------------------------------------------------
Start Part Resource Summary
---------------------------------------------------------------------------------
Part Resources:
DSPs: 220 (col length:60)
BRAMs: 280 (col length: RAMB18 60 RAMB36 30)
---------------------------------------------------------------------------------
Finished Part Resource Summary
---------------------------------------------------------------------------------
---------------------------------------------------------------------------------
Start Cross Boundary and Area Optimization
---------------------------------------------------------------------------------
WARNING: [Synth 8-7080] Parallel synthesis criteria is not met
WARNING: [Synth 8-7129] Port aclk in module axi_protocol_converter_v2_1_26_axi_protocol_converter is either unconnected or has no load
WARNING: [Synth 8-7129] Port aresetn in module axi_protocol_converter_v2_1_26_axi_protocol_converter is either unconnected or has no load
WARNING: [Synth 8-7129] Port s_axi_awlock[1] in module axi_protocol_converter_v2_1_26_axi_protocol_converter is either unconnected or has no load
WARNING: [Synth 8-7129] Port s_axi_awregion[3] in module axi_protocol_converter_v2_1_26_axi_protocol_converter is either unconnected or has no load
WARNING: [Synth 8-7129] Port s_axi_awregion[2] in module axi_protocol_converter_v2_1_26_axi_protocol_converter is either unconnected or has no load
WARNING: [Synth 8-7129] Port s_axi_awregion[1] in module axi_protocol_converter_v2_1_26_axi_protocol_converter is either unconnected or has no load
WARNING: [Synth 8-7129] Port s_axi_awregion[0] in module axi_protocol_converter_v2_1_26_axi_protocol_converter is either unconnected or has no load
WARNING: [Synth 8-7129] Port s_axi_wid[11] in module axi_protocol_converter_v2_1_26_axi_protocol_converter is either unconnected or has no load
WARNING: [Synth 8-7129] Port s_axi_wid[10] in module axi_protocol_converter_v2_1_26_axi_protocol_converter is either unconnected or has no load
WARNING: [Synth 8-7129] Port s_axi_wid[9] in module axi_protocol_converter_v2_1_26_axi_protocol_converter is either unconnected or has no load
WARNING: [Synth 8-7129] Port s_axi_wid[8] in module axi_protocol_converter_v2_1_26_axi_protocol_converter is either unconnected or has no load
WARNING: [Synth 8-7129] Port s_axi_wid[7] in module axi_protocol_converter_v2_1_26_axi_protocol_converter is either unconnected or has no load
WARNING: [Synth 8-7129] Port s_axi_wid[6] in module axi_protocol_converter_v2_1_26_axi_protocol_converter is either unconnected or has no load
WARNING: [Synth 8-7129] Port s_axi_wid[5] in module axi_protocol_converter_v2_1_26_axi_protocol_converter is either unconnected or has no load
WARNING: [Synth 8-7129] Port s_axi_wid[4] in module axi_protocol_converter_v2_1_26_axi_protocol_converter is either unconnected or has no load
WARNING: [Synth 8-7129] Port s_axi_wid[3] in module axi_protocol_converter_v2_1_26_axi_protocol_converter is either unconnected or has no load
WARNING: [Synth 8-7129] Port s_axi_wid[2] in module axi_protocol_converter_v2_1_26_axi_protocol_converter is either unconnected or has no load
WARNING: [Synth 8-7129] Port s_axi_wid[1] in module axi_protocol_converter_v2_1_26_axi_protocol_converter is either unconnected or has no load
WARNING: [Synth 8-7129] Port s_axi_wid[0] in module axi_protocol_converter_v2_1_26_axi_protocol_converter is either unconnected or has no load
WARNING: [Synth 8-7129] Port s_axi_arlock[1] in module axi_protocol_converter_v2_1_26_axi_protocol_converter is either unconnected or has no load
WARNING: [Synth 8-7129] Port s_axi_arregion[3] in module axi_protocol_converter_v2_1_26_axi_protocol_converter is either unconnected or has no load
WARNING: [Synth 8-7129] Port s_axi_arregion[2] in module axi_protocol_converter_v2_1_26_axi_protocol_converter is either unconnected or has no load
WARNING: [Synth 8-7129] Port s_axi_arregion[1] in module axi_protocol_converter_v2_1_26_axi_protocol_converter is either unconnected or has no load
WARNING: [Synth 8-7129] Port s_axi_arregion[0] in module axi_protocol_converter_v2_1_26_axi_protocol_converter is either unconnected or has no load
---------------------------------------------------------------------------------
Finished Cross Boundary and Area Optimization : Time (s): cpu = 00:00:27 ; elapsed = 00:00:59 . Memory (MB): peak = 1412.387 ; gain = 0.000
---------------------------------------------------------------------------------
---------------------------------------------------------------------------------
Start Applying XDC Timing Constraints
---------------------------------------------------------------------------------
---------------------------------------------------------------------------------
Finished Applying XDC Timing Constraints : Time (s): cpu = 00:00:33 ; elapsed = 00:01:05 . Memory (MB): peak = 1412.387 ; gain = 0.000
---------------------------------------------------------------------------------
---------------------------------------------------------------------------------
Start Timing Optimization
---------------------------------------------------------------------------------
---------------------------------------------------------------------------------
Finished Timing Optimization : Time (s): cpu = 00:00:33 ; elapsed = 00:01:05 . Memory (MB): peak = 1412.387 ; gain = 0.000
---------------------------------------------------------------------------------
---------------------------------------------------------------------------------
Start Technology Mapping
---------------------------------------------------------------------------------
---------------------------------------------------------------------------------
Finished Technology Mapping : Time (s): cpu = 00:00:33 ; elapsed = 00:01:05 . Memory (MB): peak = 1412.387 ; gain = 0.000
---------------------------------------------------------------------------------
---------------------------------------------------------------------------------
Start IO Insertion
---------------------------------------------------------------------------------
---------------------------------------------------------------------------------
Start Flattening Before IO Insertion
---------------------------------------------------------------------------------
---------------------------------------------------------------------------------
Finished Flattening Before IO Insertion
---------------------------------------------------------------------------------
---------------------------------------------------------------------------------
Start Final Netlist Cleanup
---------------------------------------------------------------------------------
---------------------------------------------------------------------------------
Finished Final Netlist Cleanup
---------------------------------------------------------------------------------
---------------------------------------------------------------------------------
Finished IO Insertion : Time (s): cpu = 00:00:37 ; elapsed = 00:01:09 . Memory (MB): peak = 1412.387 ; gain = 0.000
---------------------------------------------------------------------------------
---------------------------------------------------------------------------------
Start Renaming Generated Instances
---------------------------------------------------------------------------------
---------------------------------------------------------------------------------
Finished Renaming Generated Instances : Time (s): cpu = 00:00:37 ; elapsed = 00:01:09 . Memory (MB): peak = 1412.387 ; gain = 0.000
---------------------------------------------------------------------------------
---------------------------------------------------------------------------------
Start Rebuilding User Hierarchy
---------------------------------------------------------------------------------
---------------------------------------------------------------------------------
Finished Rebuilding User Hierarchy : Time (s): cpu = 00:00:37 ; elapsed = 00:01:09 . Memory (MB): peak = 1412.387 ; gain = 0.000
---------------------------------------------------------------------------------
---------------------------------------------------------------------------------
Start Renaming Generated Ports
---------------------------------------------------------------------------------
---------------------------------------------------------------------------------
Finished Renaming Generated Ports : Time (s): cpu = 00:00:37 ; elapsed = 00:01:09 . Memory (MB): peak = 1412.387 ; gain = 0.000
---------------------------------------------------------------------------------
---------------------------------------------------------------------------------
Start Handling Custom Attributes
---------------------------------------------------------------------------------
---------------------------------------------------------------------------------
Finished Handling Custom Attributes : Time (s): cpu = 00:00:37 ; elapsed = 00:01:09 . Memory (MB): peak = 1412.387 ; gain = 0.000
---------------------------------------------------------------------------------
---------------------------------------------------------------------------------
Start Renaming Generated Nets
---------------------------------------------------------------------------------
---------------------------------------------------------------------------------
Finished Renaming Generated Nets : Time (s): cpu = 00:00:37 ; elapsed = 00:01:09 . Memory (MB): peak = 1412.387 ; gain = 0.000
---------------------------------------------------------------------------------
---------------------------------------------------------------------------------
Start Writing Synthesis Report
---------------------------------------------------------------------------------

Report BlackBoxes: 
+-+--------------+----------+
| |BlackBox name |Instances |
+-+--------------+----------+
+-+--------------+----------+

Report Cell Usage: 
+-+-----+------+
| |Cell |Count |
+-+-----+------+
+-+-----+------+
---------------------------------------------------------------------------------
Finished Writing Synthesis Report : Time (s): cpu = 00:00:37 ; elapsed = 00:01:09 . Memory (MB): peak = 1412.387 ; gain = 0.000
---------------------------------------------------------------------------------
Synthesis finished with 0 errors, 0 critical warnings and 25 warnings.
Synthesis Optimization Runtime : Time (s): cpu = 00:00:19 ; elapsed = 00:01:00 . Memory (MB): peak = 1412.387 ; gain = 0.000
Synthesis Optimization Complete : Time (s): cpu = 00:00:37 ; elapsed = 00:01:10 . Memory (MB): peak = 1412.387 ; gain = 0.000
INFO: [Project 1-571] Translating synthesized netlist
Netlist sorting complete. Time (s): cpu = 00:00:00 ; elapsed = 00:00:00.009 . Memory (MB): peak = 1412.387 ; gain = 0.000
INFO: [Project 1-570] Preparing netlist for logic optimization
INFO: [Opt 31-138] Pushed 0 inverter(s) to 0 load pin(s).
Netlist sorting complete. Time (s): cpu = 00:00:00 ; elapsed = 00:00:00 . Memory (MB): peak = 1412.387 ; gain = 0.000
INFO: [Project 1-111] Unisim Transformation Summary:
No Unisim elements were transformed.

Synth Design complete, checksum: b5e726c5
INFO: [Common 17-83] Releasing license: Synthesis
20 Infos, 52 Warnings, 0 Critical Warnings and 0 Errors encountered.
synth_design completed successfully
synth_design: Time (s): cpu = 00:00:42 ; elapsed = 00:01:50 . Memory (MB): peak = 1412.387 ; gain = 0.000
INFO: [Common 17-1381] The checkpoint 'D:/intelligent_traffic_light/optimized_intellight_v2/optimized_intellight_v2.runs/intellight_v2_auto_pc_2_synth_1/intellight_v2_auto_pc_2.dcp' has been generated.
INFO: [Coretcl 2-1648] Added synthesis output to IP cache for IP intellight_v2_auto_pc_2, cache-ID = abc7cc54ba2f4975
INFO: [Common 17-1381] The checkpoint 'D:/intelligent_traffic_light/optimized_intellight_v2/optimized_intellight_v2.runs/intellight_v2_auto_pc_2_synth_1/intellight_v2_auto_pc_2.dcp' has been generated.
INFO: [runtcl-4] Executing : report_utilization -file intellight_v2_auto_pc_2_utilization_synth.rpt -pb intellight_v2_auto_pc_2_utilization_synth.pb
INFO: [Common 17-206] Exiting Vivado at Thu Sep 29 17:55:03 2022...
