Copyright 1986-2022 Xilinx, Inc. All Rights Reserved.
------------------------------------------------------------------------------------------------------------------------------------------
| Tool Version : Vivado v.2022.1 (win64) Build 3526262 Mon Apr 18 15:48:16 MDT 2022
<<<<<<< HEAD
| Date         : Thu Nov 24 16:09:00 2022
=======
| Date         : Mon Nov 21 18:00:08 2022
>>>>>>> parent of ae750207 (shfcuidtf7)
| Host         : DESKTOP-FRUK6JR running 64-bit major release  (build 9200)
| Command      : report_drc -file top_level_wrapper_drc_opted.rpt -pb top_level_wrapper_drc_opted.pb -rpx top_level_wrapper_drc_opted.rpx
| Design       : top_level_wrapper
| Device       : xc7z020clg400-1
| Speed File   : -1
| Design State : Synthesized
------------------------------------------------------------------------------------------------------------------------------------------

Report DRC

Table of Contents
-----------------
1. REPORT SUMMARY
2. REPORT DETAILS

1. REPORT SUMMARY
-----------------
            Netlist: netlist
          Floorplan: design_1
      Design limits: <entire design considered>
           Ruledeck: default
             Max violations: <unlimited>
             Violations found: 0
+------+----------+-------------+------------+
| Rule | Severity | Description | Violations |
+------+----------+-------------+------------+
+------+----------+-------------+------------+

2. REPORT DETAILS
-----------------

