#-----------------------------------------------------------
# Vivado v2021.1 (64-bit)
# SW Build 3247384 on Thu Jun 10 19:36:33 MDT 2021
# IP Build 3246043 on Fri Jun 11 00:30:35 MDT 2021
# Start of session at: Wed Jul 20 10:52:07 2022
# Process ID: 16080
# Current directory: F:/Intelligent Traffic Light/optimized_intellight
# Command line: vivado.exe -gui_launcher_event rodinguilauncherevent3400 F:\Intelligent Traffic Light\optimized_intellight\optimized_intellight.xpr
# Log file: F:/Intelligent Traffic Light/optimized_intellight/vivado.log
# Journal file: F:/Intelligent Traffic Light/optimized_intellight\vivado.jou
#-----------------------------------------------------------
start_gui
open_project {F:/Intelligent Traffic Light/optimized_intellight/optimized_intellight.xpr}
Scanning sources...
Finished scanning sources
INFO: [IP_Flow 19-234] Refreshing IP repositories
INFO: [IP_Flow 19-1700] Loaded user IP repository 'f:/Intelligent Traffic Light/ip_repo/intellight_ip_1.0'.
INFO: [IP_Flow 19-2313] Loaded Vivado IP repository 'C:/Xilinx/Vivado/2021.1/data/ip'.
open_project: Time (s): cpu = 00:01:00 ; elapsed = 00:01:44 . Memory (MB): peak = 1329.156 ; gain = 0.000
eupdate_compile_order -fileset sources_1
 at Wed Jul 20 10:54:59 2022...
