#-----------------------------------------------------------
# Vivado v2021.1 (64-bit)
# SW Build 3247384 on Thu Jun 10 19:36:33 MDT 2021
# IP Build 3246043 on Fri Jun 11 00:30:35 MDT 2021
# Start of session at: Mon Jul 18 12:11:42 2022
# Process ID: 6064
# Current directory: F:/Intelligent Traffic Light/optimized_intellight
# Command line: vivado.exe -gui_launcher_event rodinguilauncherevent8388 F:\Intelligent Traffic Light\optimized_intellight\optimized_intellight.xpr
# Log file: F:/Intelligent Traffic Light/optimized_intellight/vivado.log
# Journal file: F:/Intelligent Traffic Light/optimized_intellight\vivado.jou
#-----------------------------------------------------------
start_gui
open_project {F:/Intelligent Traffic Light/optimized_intellight/optimized_intellight.xpr}
INFO: [Project 1-313] Project file moved from 'F:/riset/optimized_intellight' since last save.
Scanning sources...
Finished scanning sources
INFO: [IP_Flow 19-234] Refreshing IP repositories
INFO: [IP_Flow 19-1704] No user IP repositories specified
INFO: [IP_Flow 19-2313] Loaded Vivado IP repository 'C:/Xilinx/Vivado/2021.1/data/ip'.
open_project: Time (s): cpu = 00:00:23 ; elapsed = 00:00:14 . Memory (MB): peak = 1302.020 ; gain = 0.000
update_compile_order -fileset sources_1
exit
INFO: [Common 17-206] Exiting Vivado at Mon Jul 18 12:43:34 2022...
