#-----------------------------------------------------------
# Vivado v2021.1 (64-bit)
# SW Build 3247384 on Thu Jun 10 19:36:33 MDT 2021
# IP Build 3246043 on Fri Jun 11 00:30:35 MDT 2021
# Start of session at: Wed Aug 10 14:35:30 2022
# Process ID: 27440
# Current directory: F:/intelligent_traffic_light/optimized_intellight
# Command line: vivado.exe -gui_launcher_event rodinguilauncherevent23660 F:\intelligent_traffic_light\optimized_intellight\optimized_intellight.xpr
# Log file: F:/intelligent_traffic_light/optimized_intellight/vivado.log
# Journal file: F:/intelligent_traffic_light/optimized_intellight\vivado.jou
#-----------------------------------------------------------
start_gui
open_project F:/intelligent_traffic_light/optimized_intellight/optimized_intellight.xpr
WARNING: [filemgmt 56-3] IP Repository Path: Could not find the directory 'F:/intelligent_traffic_light/ip_repo/intellight_ip_1.0'.
Scanning sources...
Finished scanning sources
INFO: [IP_Flow 19-234] Refreshing IP repositories
INFO: [IP_Flow 19-1700] Loaded user IP repository 'f:/intelligent_traffic_light/ip_repo/intellight_1.0'.
WARNING: [IP_Flow 19-2207] Repository 'f:/intelligent_traffic_light/ip_repo/intellight_1.0' already exists; ignoring attempt to add it again.
INFO: [IP_Flow 19-1700] Loaded user IP repository 'f:/intelligent_traffic_light/ip_repo/intellight_1.0'.
WARNING: [IP_Flow 19-2248] Failed to load user IP repository 'f:/intelligent_traffic_light/ip_repo/intellight_ip_1.0'; Can't find the specified path.
If this directory should no longer be in your list of user repositories, go to the IP Settings dialog and remove it.
INFO: [IP_Flow 19-2313] Loaded Vivado IP repository 'C:/Xilinx/Vivado/2021.1/data/ip'.
open_project: Time (s): cpu = 00:00:37 ; elapsed = 00:00:32 . Memory (MB): peak = 1329.012 ; gain = 0.000
update_compile_order -fileset sources_1
exit
INFO: [Common 17-206] Exiting Vivado at Wed Aug 10 17:04:20 2022...
