Copyright 1986-2022 Xilinx, Inc. All Rights Reserved.
--------------------------------------------------------------------------------------------------
| Tool Version : Vivado v.2022.1 (win64) Build 3526262 Mon Apr 18 15:48:16 MDT 2022
| Date         : Thu Sep 29 17:20:32 2022
| Host         : DESKTOP-FRUK6JR running 64-bit major release  (build 9200)
| Command      : report_control_sets -verbose -file intellight_v2_wrapper_control_sets_placed.rpt
| Design       : intellight_v2_wrapper
| Device       : xc7z020
--------------------------------------------------------------------------------------------------

Control Set Information

Table of Contents
-----------------
1. Summary
2. Histogram
3. Flip-Flop Distribution
4. Detailed Control Set Information

1. Summary
----------

+----------------------------------------------------------+-------+
|                          Status                          | Count |
+----------------------------------------------------------+-------+
| Total control sets                                       |   112 |
|    Minimum number of control sets                        |   112 |
|    Addition due to synthesis replication                 |     0 |
|    Addition due to physical synthesis replication        |     0 |
| Unused register locations in slices containing registers |   111 |
+----------------------------------------------------------+-------+
* Control sets can be merged at opt_design using control_set_merge or merge_equivalent_drivers
** Run report_qor_suggestions for automated merging and remapping suggestions


2. Histogram
------------

+--------------------+-------+
|       Fanout       | Count |
+--------------------+-------+
| Total control sets |   112 |
| >= 0 to < 4        |     2 |
| >= 4 to < 6        |     9 |
| >= 6 to < 8        |     2 |
| >= 8 to < 10       |    68 |
| >= 10 to < 12      |     2 |
| >= 12 to < 14      |     6 |
| >= 14 to < 16      |     3 |
| >= 16              |    20 |
+--------------------+-------+
* Control sets can be remapped at either synth_design or opt_design


3. Flip-Flop Distribution
-------------------------

+--------------+-----------------------+------------------------+-----------------+--------------+
| Clock Enable | Synchronous Set/Reset | Asynchronous Set/Reset | Total Registers | Total Slices |
+--------------+-----------------------+------------------------+-----------------+--------------+
| No           | No                    | No                     |             289 |           77 |
| No           | No                    | Yes                    |               0 |            0 |
| No           | Yes                   | No                     |             640 |          202 |
| Yes          | No                    | No                     |             457 |          113 |
| Yes          | No                    | Yes                    |               0 |            0 |
| Yes          | Yes                   | No                     |             687 |          202 |
+--------------+-----------------------+------------------------+-----------------+--------------+


4. Detailed Control Set Information
-----------------------------------

+------------------------------------------------------+---------------------------------------------------------------------------------------------------------------------------------------------------------------------+------------------------------------------------------------------------------------------------------------------------------------------------------------+------------------+----------------+--------------+
|                     Clock Signal                     |                                                                            Enable Signal                                                                            |                                                                      Set/Reset Signal                                                                      | Slice Load Count | Bel Load Count | Bels / Slice |
+------------------------------------------------------+---------------------------------------------------------------------------------------------------------------------------------------------------------------------+------------------------------------------------------------------------------------------------------------------------------------------------------------+------------------+----------------+--------------+
|  intellight_v2_i/processing_system7_0/inst/FCLK_CLK0 | intellight_v2_i/ps7_0_axi_periph/s00_couplers/auto_pc/inst/gen_axilite.gen_b2s_conv.axilite_b2s/WR.aw_channel_0/aw_cmd_fsm_0/FSM_sequential_state_reg[0]_1          | intellight_v2_i/ps7_0_axi_periph/s00_couplers/auto_pc/inst/gen_axilite.gen_b2s_conv.axilite_b2s/WR.aw_channel_0/aw_cmd_fsm_0/FSM_sequential_state_reg[0]_0 |                1 |              1 |         1.00 |
|  intellight_v2_i/processing_system7_0/inst/FCLK_CLK0 | intellight_v2_i/ps7_0_axi_periph/s00_couplers/auto_pc/inst/gen_axilite.gen_b2s_conv.axilite_b2s/WR.b_channel_0/bid_fifo_0/sel                                       |                                                                                                                                                            |                1 |              2 |         2.00 |
|  intellight_v2_i/processing_system7_0/inst/FCLK_CLK0 |                                                                                                                                                                     | intellight_v2_i/axi_intc_0/U0/AXI_LITE_IPIF_I/I_SLAVE_ATTACHMENT/clear                                                                                     |                1 |              4 |         4.00 |
|  intellight_v2_i/processing_system7_0/inst/FCLK_CLK0 | intellight_v2_i/axi_intc_0/U0/AXI_LITE_IPIF_I/I_SLAVE_ATTACHMENT/s_axi_rresp_i                                                                                      | intellight_v2_i/axi_intc_0/U0/AXI_LITE_IPIF_I/I_SLAVE_ATTACHMENT/rst                                                                                       |                1 |              4 |         4.00 |
|  intellight_v2_i/processing_system7_0/inst/FCLK_CLK0 |                                                                                                                                                                     | intellight_v2_i/rst_ps7_0_100M/U0/EXT_LPF/lpf_int                                                                                                          |                1 |              4 |         4.00 |
|  intellight_v2_i/processing_system7_0/inst/FCLK_CLK0 |                                                                                                                                                                     | intellight_v2_i/ps7_0_axi_periph/s00_couplers/auto_pc/inst/gen_axilite.gen_b2s_conv.axilite_b2s/SI_REG/aw.aw_pipe/aresetn_d_reg[0]_0                       |                1 |              4 |         4.00 |
|  intellight_v2_i/processing_system7_0/inst/FCLK_CLK0 |                                                                                                                                                                     | intellight_v2_i/ps7_0_axi_periph/s00_couplers/auto_pc/inst/gen_axilite.gen_b2s_conv.axilite_b2s/SI_REG/ar.ar_pipe/aresetn_d_reg[1]_inv_0                   |                1 |              4 |         4.00 |
|  intellight_v2_i/processing_system7_0/inst/FCLK_CLK0 | intellight_v2_i/ps7_0_axi_periph/s00_couplers/auto_pc/inst/gen_axilite.gen_b2s_conv.axilite_b2s/RD.ar_channel_0/ar_cmd_fsm_0/m_axi_arready_2                        | intellight_v2_i/ps7_0_axi_periph/s00_couplers/auto_pc/inst/gen_axilite.gen_b2s_conv.axilite_b2s/RD.ar_channel_0/ar_cmd_fsm_0/FSM_sequential_state_reg[1]_0 |                2 |              4 |         2.00 |
|  intellight_v2_i/processing_system7_0/inst/FCLK_CLK0 | intellight_v2_i/ps7_0_axi_periph/s00_couplers/auto_pc/inst/gen_axilite.gen_b2s_conv.axilite_b2s/RD.r_channel_0/rd_data_fifo_0/cnt_read[4]_i_1__0_n_0                | intellight_v2_i/ps7_0_axi_periph/s00_couplers/auto_pc/inst/gen_axilite.gen_b2s_conv.axilite_b2s/areset_d1                                                  |                2 |              5 |         2.50 |
|  intellight_v2_i/processing_system7_0/inst/FCLK_CLK0 | intellight_v2_i/intellight_database_0/inst/intellight_database_v1_0_S00_AXI_inst/axi_awready0                                                                       | intellight_v2_i/intellight_database_0/inst/p_0_in                                                                                                          |                2 |              5 |         2.50 |
|  intellight_v2_i/processing_system7_0/inst/FCLK_CLK0 | intellight_v2_i/ps7_0_axi_periph/s00_couplers/auto_pc/inst/gen_axilite.gen_b2s_conv.axilite_b2s/RD.r_channel_0/transaction_fifo_0/cnt_read[4]_i_1_n_0               | intellight_v2_i/ps7_0_axi_periph/s00_couplers/auto_pc/inst/gen_axilite.gen_b2s_conv.axilite_b2s/areset_d1                                                  |                1 |              5 |         5.00 |
|  intellight_v2_i/processing_system7_0/inst/FCLK_CLK0 | intellight_v2_i/rst_ps7_0_100M/U0/SEQ/seq_cnt_en                                                                                                                    | intellight_v2_i/rst_ps7_0_100M/U0/SEQ/SEQ_COUNTER/clear                                                                                                    |                1 |              6 |         6.00 |
|  intellight_v2_i/processing_system7_0/inst/FCLK_CLK0 | intellight_v2_i/intellight_database_0/inst/intellight_database_v1_0_S00_AXI_inst/axi_arready0                                                                       | intellight_v2_i/intellight_database_0/inst/p_0_in                                                                                                          |                3 |              7 |         2.33 |
|  intellight_v2_i/processing_system7_0/inst/FCLK_CLK0 | intellight_v2_i/intellight_database_0/inst/intellight_database_v1_0_S00_AXI_inst/slv_reg7[7]_i_1_n_0                                                                | intellight_v2_i/intellight_database_0/inst/p_0_in                                                                                                          |                4 |              8 |         2.00 |
|  intellight_v2_i/processing_system7_0/inst/FCLK_CLK0 |                                                                                                                                                                     | intellight_v2_i/CU_0/inst/wen                                                                                                                              |                2 |              8 |         4.00 |
|  intellight_v2_i/processing_system7_0/inst/FCLK_CLK0 | intellight_v2_i/intellight_database_0/inst/intellight_database_v1_0_S00_AXI_inst/slv_reg2[23]_i_1_n_0                                                               | intellight_v2_i/intellight_database_0/inst/p_0_in                                                                                                          |                1 |              8 |         8.00 |
|  intellight_v2_i/processing_system7_0/inst/FCLK_CLK0 | intellight_v2_i/intellight_database_0/inst/intellight_database_v1_0_S00_AXI_inst/slv_reg6[31]_i_1_n_0                                                               | intellight_v2_i/intellight_database_0/inst/p_0_in                                                                                                          |                1 |              8 |         8.00 |
|  intellight_v2_i/processing_system7_0/inst/FCLK_CLK0 | intellight_v2_i/intellight_database_0/inst/intellight_database_v1_0_S00_AXI_inst/slv_reg9[23]_i_1_n_0                                                               | intellight_v2_i/intellight_database_0/inst/p_0_in                                                                                                          |                2 |              8 |         4.00 |
|  intellight_v2_i/processing_system7_0/inst/FCLK_CLK0 | intellight_v2_i/intellight_database_0/inst/intellight_database_v1_0_S00_AXI_inst/slv_reg9[31]_i_1_n_0                                                               | intellight_v2_i/intellight_database_0/inst/p_0_in                                                                                                          |                2 |              8 |         4.00 |
|  intellight_v2_i/processing_system7_0/inst/FCLK_CLK0 | intellight_v2_i/intellight_database_0/inst/intellight_database_v1_0_S00_AXI_inst/slv_reg4[23]_i_1_n_0                                                               | intellight_v2_i/intellight_database_0/inst/p_0_in                                                                                                          |                3 |              8 |         2.67 |
|  intellight_v2_i/processing_system7_0/inst/FCLK_CLK0 | intellight_v2_i/intellight_database_0/inst/intellight_database_v1_0_S00_AXI_inst/slv_reg3[31]_i_1_n_0                                                               | intellight_v2_i/intellight_database_0/inst/p_0_in                                                                                                          |                2 |              8 |         4.00 |
|  intellight_v2_i/processing_system7_0/inst/FCLK_CLK0 | intellight_v2_i/intellight_database_0/inst/intellight_database_v1_0_S00_AXI_inst/slv_reg8[31]_i_1_n_0                                                               | intellight_v2_i/intellight_database_0/inst/p_0_in                                                                                                          |                2 |              8 |         4.00 |
|  intellight_v2_i/processing_system7_0/inst/FCLK_CLK0 | intellight_v2_i/intellight_database_0/inst/intellight_database_v1_0_S00_AXI_inst/slv_reg3[15]_i_1_n_0                                                               | intellight_v2_i/intellight_database_0/inst/p_0_in                                                                                                          |                1 |              8 |         8.00 |
|  intellight_v2_i/processing_system7_0/inst/FCLK_CLK0 | intellight_v2_i/intellight_database_0/inst/intellight_database_v1_0_S00_AXI_inst/slv_reg11[31]_i_1_n_0                                                              | intellight_v2_i/intellight_database_0/inst/p_0_in                                                                                                          |                3 |              8 |         2.67 |
|  intellight_v2_i/processing_system7_0/inst/FCLK_CLK0 | intellight_v2_i/intellight_database_0/inst/intellight_database_v1_0_S00_AXI_inst/slv_reg3[7]_i_1_n_0                                                                | intellight_v2_i/intellight_database_0/inst/p_0_in                                                                                                          |                2 |              8 |         4.00 |
|  intellight_v2_i/processing_system7_0/inst/FCLK_CLK0 | intellight_v2_i/intellight_database_0/inst/intellight_database_v1_0_S00_AXI_inst/slv_reg2[7]_i_1_n_0                                                                | intellight_v2_i/intellight_database_0/inst/p_0_in                                                                                                          |                3 |              8 |         2.67 |
|  intellight_v2_i/processing_system7_0/inst/FCLK_CLK0 | intellight_v2_i/intellight_database_0/inst/intellight_database_v1_0_S00_AXI_inst/slv_reg5[7]_i_1_n_0                                                                | intellight_v2_i/intellight_database_0/inst/p_0_in                                                                                                          |                2 |              8 |         4.00 |
|  intellight_v2_i/processing_system7_0/inst/FCLK_CLK0 | intellight_v2_i/intellight_database_0/inst/intellight_database_v1_0_S00_AXI_inst/slv_reg7[31]_i_1_n_0                                                               | intellight_v2_i/intellight_database_0/inst/p_0_in                                                                                                          |                4 |              8 |         2.00 |
|  intellight_v2_i/processing_system7_0/inst/FCLK_CLK0 | intellight_v2_i/intellight_database_0/inst/intellight_database_v1_0_S00_AXI_inst/slv_reg7[15]_i_1_n_0                                                               | intellight_v2_i/intellight_database_0/inst/p_0_in                                                                                                          |                4 |              8 |         2.00 |
|  intellight_v2_i/processing_system7_0/inst/FCLK_CLK0 | intellight_v2_i/intellight_database_0/inst/intellight_database_v1_0_S00_AXI_inst/slv_reg9[15]_i_1_n_0                                                               | intellight_v2_i/intellight_database_0/inst/p_0_in                                                                                                          |                5 |              8 |         1.60 |
|  intellight_v2_i/processing_system7_0/inst/FCLK_CLK0 | intellight_v2_i/intellight_database_0/inst/intellight_database_v1_0_S00_AXI_inst/p_1_in[0]                                                                          | intellight_v2_i/intellight_database_0/inst/p_0_in                                                                                                          |                3 |              8 |         2.67 |
|  intellight_v2_i/processing_system7_0/inst/FCLK_CLK0 | intellight_v2_i/intellight_database_0/inst/intellight_database_v1_0_S00_AXI_inst/p_1_in[15]                                                                         | intellight_v2_i/intellight_database_0/inst/p_0_in                                                                                                          |                1 |              8 |         8.00 |
|  intellight_v2_i/processing_system7_0/inst/FCLK_CLK0 | intellight_v2_i/intellight_database_0/inst/intellight_database_v1_0_S00_AXI_inst/p_1_in[23]                                                                         | intellight_v2_i/intellight_database_0/inst/p_0_in                                                                                                          |                3 |              8 |         2.67 |
|  intellight_v2_i/processing_system7_0/inst/FCLK_CLK0 | intellight_v2_i/axi_intc_0/U0/AXI_LITE_IPIF_I/I_SLAVE_ATTACHMENT/bus2ip_addr_i[8]_i_1_n_0                                                                           | intellight_v2_i/axi_intc_0/U0/AXI_LITE_IPIF_I/I_SLAVE_ATTACHMENT/rst                                                                                       |                3 |              8 |         2.67 |
|  intellight_v2_i/processing_system7_0/inst/FCLK_CLK0 | intellight_v2_i/ps7_0_axi_periph/s00_couplers/auto_pc/inst/gen_axilite.gen_b2s_conv.axilite_b2s/WR.b_channel_0/mhandshake_r                                         | intellight_v2_i/ps7_0_axi_periph/s00_couplers/auto_pc/inst/gen_axilite.gen_b2s_conv.axilite_b2s/WR.b_channel_0/bid_fifo_0/SR[0]                            |                3 |              8 |         2.67 |
|  intellight_v2_i/processing_system7_0/inst/FCLK_CLK0 | intellight_v2_i/intellight_database_0/inst/intellight_database_v1_0_S00_AXI_inst/slv_reg11[15]_i_1_n_0                                                              | intellight_v2_i/intellight_database_0/inst/p_0_in                                                                                                          |                1 |              8 |         8.00 |
|  intellight_v2_i/processing_system7_0/inst/FCLK_CLK0 | intellight_v2_i/intellight_database_0/inst/intellight_database_v1_0_S00_AXI_inst/slv_reg13[23]_i_1_n_0                                                              | intellight_v2_i/intellight_database_0/inst/p_0_in                                                                                                          |                2 |              8 |         4.00 |
|  intellight_v2_i/processing_system7_0/inst/FCLK_CLK0 | intellight_v2_i/intellight_database_0/inst/intellight_database_v1_0_S00_AXI_inst/slv_reg13[31]_i_1_n_0                                                              | intellight_v2_i/intellight_database_0/inst/p_0_in                                                                                                          |                2 |              8 |         4.00 |
|  intellight_v2_i/processing_system7_0/inst/FCLK_CLK0 | intellight_v2_i/intellight_database_0/inst/intellight_database_v1_0_S00_AXI_inst/slv_reg10[23]_i_1_n_0                                                              | intellight_v2_i/intellight_database_0/inst/p_0_in                                                                                                          |                1 |              8 |         8.00 |
|  intellight_v2_i/processing_system7_0/inst/FCLK_CLK0 | intellight_v2_i/intellight_database_0/inst/intellight_database_v1_0_S00_AXI_inst/slv_reg12[31]_i_1_n_0                                                              | intellight_v2_i/intellight_database_0/inst/p_0_in                                                                                                          |                2 |              8 |         4.00 |
|  intellight_v2_i/processing_system7_0/inst/FCLK_CLK0 | intellight_v2_i/intellight_database_0/inst/intellight_database_v1_0_S00_AXI_inst/slv_reg12[15]_i_1_n_0                                                              | intellight_v2_i/intellight_database_0/inst/p_0_in                                                                                                          |                2 |              8 |         4.00 |
|  intellight_v2_i/processing_system7_0/inst/FCLK_CLK0 | intellight_v2_i/intellight_database_0/inst/intellight_database_v1_0_S00_AXI_inst/slv_reg10[15]_i_1_n_0                                                              | intellight_v2_i/intellight_database_0/inst/p_0_in                                                                                                          |                1 |              8 |         8.00 |
|  intellight_v2_i/processing_system7_0/inst/FCLK_CLK0 | intellight_v2_i/intellight_database_0/inst/intellight_database_v1_0_S00_AXI_inst/slv_reg13[7]_i_1_n_0                                                               | intellight_v2_i/intellight_database_0/inst/p_0_in                                                                                                          |                3 |              8 |         2.67 |
|  intellight_v2_i/processing_system7_0/inst/FCLK_CLK0 | intellight_v2_i/intellight_database_0/inst/intellight_database_v1_0_S00_AXI_inst/slv_reg14[23]_i_1_n_0                                                              | intellight_v2_i/intellight_database_0/inst/p_0_in                                                                                                          |                2 |              8 |         4.00 |
|  intellight_v2_i/processing_system7_0/inst/FCLK_CLK0 | intellight_v2_i/intellight_database_0/inst/intellight_database_v1_0_S00_AXI_inst/slv_reg11[7]_i_1_n_0                                                               | intellight_v2_i/intellight_database_0/inst/p_0_in                                                                                                          |                2 |              8 |         4.00 |
|  intellight_v2_i/processing_system7_0/inst/FCLK_CLK0 | intellight_v2_i/intellight_database_0/inst/intellight_database_v1_0_S00_AXI_inst/slv_reg14[31]_i_1_n_0                                                              | intellight_v2_i/intellight_database_0/inst/p_0_in                                                                                                          |                1 |              8 |         8.00 |
|  intellight_v2_i/processing_system7_0/inst/FCLK_CLK0 | intellight_v2_i/intellight_database_0/inst/intellight_database_v1_0_S00_AXI_inst/slv_reg14[7]_i_1_n_0                                                               | intellight_v2_i/intellight_database_0/inst/p_0_in                                                                                                          |                4 |              8 |         2.00 |
|  intellight_v2_i/processing_system7_0/inst/FCLK_CLK0 | intellight_v2_i/intellight_database_0/inst/intellight_database_v1_0_S00_AXI_inst/slv_reg14[15]_i_1_n_0                                                              | intellight_v2_i/intellight_database_0/inst/p_0_in                                                                                                          |                1 |              8 |         8.00 |
|  intellight_v2_i/processing_system7_0/inst/FCLK_CLK0 | intellight_v2_i/intellight_database_0/inst/intellight_database_v1_0_S00_AXI_inst/slv_reg15[15]_i_1_n_0                                                              | intellight_v2_i/intellight_database_0/inst/p_0_in                                                                                                          |                2 |              8 |         4.00 |
|  intellight_v2_i/processing_system7_0/inst/FCLK_CLK0 | intellight_v2_i/intellight_database_0/inst/intellight_database_v1_0_S00_AXI_inst/slv_reg15[23]_i_1_n_0                                                              | intellight_v2_i/intellight_database_0/inst/p_0_in                                                                                                          |                3 |              8 |         2.67 |
|  intellight_v2_i/processing_system7_0/inst/FCLK_CLK0 | intellight_v2_i/intellight_database_0/inst/intellight_database_v1_0_S00_AXI_inst/slv_reg15[31]_i_1_n_0                                                              | intellight_v2_i/intellight_database_0/inst/p_0_in                                                                                                          |                2 |              8 |         4.00 |
|  intellight_v2_i/processing_system7_0/inst/FCLK_CLK0 | intellight_v2_i/intellight_database_0/inst/intellight_database_v1_0_S00_AXI_inst/slv_reg15[7]_i_1_n_0                                                               | intellight_v2_i/intellight_database_0/inst/p_0_in                                                                                                          |                1 |              8 |         8.00 |
|  intellight_v2_i/processing_system7_0/inst/FCLK_CLK0 | intellight_v2_i/intellight_database_0/inst/intellight_database_v1_0_S00_AXI_inst/slv_reg1[15]_i_1_n_0                                                               | intellight_v2_i/intellight_database_0/inst/p_0_in                                                                                                          |                2 |              8 |         4.00 |
|  intellight_v2_i/processing_system7_0/inst/FCLK_CLK0 | intellight_v2_i/intellight_database_0/inst/intellight_database_v1_0_S00_AXI_inst/slv_reg1[23]_i_1_n_0                                                               | intellight_v2_i/intellight_database_0/inst/p_0_in                                                                                                          |                1 |              8 |         8.00 |
|  intellight_v2_i/processing_system7_0/inst/FCLK_CLK0 | intellight_v2_i/intellight_database_0/inst/intellight_database_v1_0_S00_AXI_inst/slv_reg11[23]_i_1_n_0                                                              | intellight_v2_i/intellight_database_0/inst/p_0_in                                                                                                          |                2 |              8 |         4.00 |
|  intellight_v2_i/processing_system7_0/inst/FCLK_CLK0 | intellight_v2_i/intellight_database_0/inst/intellight_database_v1_0_S00_AXI_inst/slv_reg10[7]_i_1_n_0                                                               | intellight_v2_i/intellight_database_0/inst/p_0_in                                                                                                          |                2 |              8 |         4.00 |
|  intellight_v2_i/processing_system7_0/inst/FCLK_CLK0 | intellight_v2_i/intellight_database_0/inst/intellight_database_v1_0_S00_AXI_inst/p_1_in[31]                                                                         | intellight_v2_i/intellight_database_0/inst/p_0_in                                                                                                          |                1 |              8 |         8.00 |
|  intellight_v2_i/processing_system7_0/inst/FCLK_CLK0 | intellight_v2_i/intellight_database_0/inst/intellight_database_v1_0_S00_AXI_inst/slv_reg10[31]_i_1_n_0                                                              | intellight_v2_i/intellight_database_0/inst/p_0_in                                                                                                          |                3 |              8 |         2.67 |
|  intellight_v2_i/processing_system7_0/inst/FCLK_CLK0 | intellight_v2_i/intellight_database_0/inst/intellight_database_v1_0_S00_AXI_inst/slv_reg12[7]_i_1_n_0                                                               | intellight_v2_i/intellight_database_0/inst/p_0_in                                                                                                          |                1 |              8 |         8.00 |
|  intellight_v2_i/processing_system7_0/inst/FCLK_CLK0 | intellight_v2_i/intellight_database_0/inst/intellight_database_v1_0_S00_AXI_inst/slv_reg12[23]_i_1_n_0                                                              | intellight_v2_i/intellight_database_0/inst/p_0_in                                                                                                          |                1 |              8 |         8.00 |
|  intellight_v2_i/processing_system7_0/inst/FCLK_CLK0 | intellight_v2_i/intellight_database_0/inst/intellight_database_v1_0_S00_AXI_inst/slv_reg13[15]_i_1_n_0                                                              | intellight_v2_i/intellight_database_0/inst/p_0_in                                                                                                          |                2 |              8 |         4.00 |
|  intellight_v2_i/processing_system7_0/inst/FCLK_CLK0 | intellight_v2_i/intellight_database_0/inst/intellight_database_v1_0_S00_AXI_inst/slv_reg8[15]_i_1_n_0                                                               | intellight_v2_i/intellight_database_0/inst/p_0_in                                                                                                          |                3 |              8 |         2.67 |
|  intellight_v2_i/processing_system7_0/inst/FCLK_CLK0 | intellight_v2_i/intellight_database_0/inst/intellight_database_v1_0_S00_AXI_inst/slv_reg2[31]_i_1_n_0                                                               | intellight_v2_i/intellight_database_0/inst/p_0_in                                                                                                          |                3 |              8 |         2.67 |
|  intellight_v2_i/processing_system7_0/inst/FCLK_CLK0 | intellight_v2_i/intellight_database_0/inst/intellight_database_v1_0_S00_AXI_inst/slv_reg3[23]_i_1_n_0                                                               | intellight_v2_i/intellight_database_0/inst/p_0_in                                                                                                          |                1 |              8 |         8.00 |
|  intellight_v2_i/processing_system7_0/inst/FCLK_CLK0 | intellight_v2_i/intellight_database_0/inst/intellight_database_v1_0_S00_AXI_inst/slv_reg5[15]_i_1_n_0                                                               | intellight_v2_i/intellight_database_0/inst/p_0_in                                                                                                          |                2 |              8 |         4.00 |
|  intellight_v2_i/processing_system7_0/inst/FCLK_CLK0 | intellight_v2_i/intellight_database_0/inst/intellight_database_v1_0_S00_AXI_inst/slv_reg5[31]_i_1_n_0                                                               | intellight_v2_i/intellight_database_0/inst/p_0_in                                                                                                          |                3 |              8 |         2.67 |
|  intellight_v2_i/processing_system7_0/inst/FCLK_CLK0 | intellight_v2_i/intellight_database_0/inst/intellight_database_v1_0_S00_AXI_inst/slv_reg1[7]_i_1_n_0                                                                | intellight_v2_i/intellight_database_0/inst/p_0_in                                                                                                          |                3 |              8 |         2.67 |
|  intellight_v2_i/processing_system7_0/inst/FCLK_CLK0 | intellight_v2_i/intellight_database_0/inst/intellight_database_v1_0_S00_AXI_inst/slv_reg6[23]_i_1_n_0                                                               | intellight_v2_i/intellight_database_0/inst/p_0_in                                                                                                          |                2 |              8 |         4.00 |
|  intellight_v2_i/processing_system7_0/inst/FCLK_CLK0 | intellight_v2_i/intellight_database_0/inst/intellight_database_v1_0_S00_AXI_inst/slv_reg9[7]_i_1_n_0                                                                | intellight_v2_i/intellight_database_0/inst/p_0_in                                                                                                          |                5 |              8 |         1.60 |
|  intellight_v2_i/processing_system7_0/inst/FCLK_CLK0 | intellight_v2_i/intellight_database_0/inst/intellight_database_v1_0_S00_AXI_inst/slv_reg6[15]_i_1_n_0                                                               | intellight_v2_i/intellight_database_0/inst/p_0_in                                                                                                          |                2 |              8 |         4.00 |
|  intellight_v2_i/processing_system7_0/inst/FCLK_CLK0 | intellight_v2_i/intellight_database_0/inst/intellight_database_v1_0_S00_AXI_inst/slv_reg8[23]_i_1_n_0                                                               | intellight_v2_i/intellight_database_0/inst/p_0_in                                                                                                          |                2 |              8 |         4.00 |
|  intellight_v2_i/processing_system7_0/inst/FCLK_CLK0 | intellight_v2_i/intellight_database_0/inst/intellight_database_v1_0_S00_AXI_inst/slv_reg8[7]_i_1_n_0                                                                | intellight_v2_i/intellight_database_0/inst/p_0_in                                                                                                          |                3 |              8 |         2.67 |
|  intellight_v2_i/processing_system7_0/inst/FCLK_CLK0 | intellight_v2_i/intellight_database_0/inst/intellight_database_v1_0_S00_AXI_inst/slv_reg2[15]_i_1_n_0                                                               | intellight_v2_i/intellight_database_0/inst/p_0_in                                                                                                          |                3 |              8 |         2.67 |
|  intellight_v2_i/processing_system7_0/inst/FCLK_CLK0 | intellight_v2_i/intellight_database_0/inst/intellight_database_v1_0_S00_AXI_inst/slv_reg4[31]_i_1_n_0                                                               | intellight_v2_i/intellight_database_0/inst/p_0_in                                                                                                          |                2 |              8 |         4.00 |
|  intellight_v2_i/processing_system7_0/inst/FCLK_CLK0 | intellight_v2_i/intellight_database_0/inst/intellight_database_v1_0_S00_AXI_inst/slv_reg4[7]_i_1_n_0                                                                | intellight_v2_i/intellight_database_0/inst/p_0_in                                                                                                          |                1 |              8 |         8.00 |
|  intellight_v2_i/processing_system7_0/inst/FCLK_CLK0 | intellight_v2_i/intellight_database_0/inst/intellight_database_v1_0_S00_AXI_inst/slv_reg4[15]_i_1_n_0                                                               | intellight_v2_i/intellight_database_0/inst/p_0_in                                                                                                          |                2 |              8 |         4.00 |
|  intellight_v2_i/processing_system7_0/inst/FCLK_CLK0 | intellight_v2_i/intellight_database_0/inst/intellight_database_v1_0_S00_AXI_inst/slv_reg5[23]_i_1_n_0                                                               | intellight_v2_i/intellight_database_0/inst/p_0_in                                                                                                          |                2 |              8 |         4.00 |
|  intellight_v2_i/processing_system7_0/inst/FCLK_CLK0 | intellight_v2_i/intellight_database_0/inst/intellight_database_v1_0_S00_AXI_inst/slv_reg6[7]_i_1_n_0                                                                | intellight_v2_i/intellight_database_0/inst/p_0_in                                                                                                          |                4 |              8 |         2.00 |
|  intellight_v2_i/processing_system7_0/inst/FCLK_CLK0 | intellight_v2_i/intellight_database_0/inst/intellight_database_v1_0_S00_AXI_inst/slv_reg7[23]_i_1_n_0                                                               | intellight_v2_i/intellight_database_0/inst/p_0_in                                                                                                          |                4 |              8 |         2.00 |
|  intellight_v2_i/processing_system7_0/inst/FCLK_CLK0 | intellight_v2_i/intellight_database_0/inst/intellight_database_v1_0_S00_AXI_inst/slv_reg1[31]_i_1_n_0                                                               | intellight_v2_i/intellight_database_0/inst/p_0_in                                                                                                          |                2 |              8 |         4.00 |
|  intellight_v2_i/processing_system7_0/inst/FCLK_CLK0 |                                                                                                                                                                     | intellight_v2_i/axi_intc_0/U0/INTC_CORE_I/s_axi_aresetn_0                                                                                                  |                4 |              9 |         2.25 |
|  intellight_v2_i/processing_system7_0/inst/FCLK_CLK0 |                                                                                                                                                                     | intellight_v2_i/ps7_0_axi_periph/s00_couplers/auto_pc/inst/gen_axilite.gen_b2s_conv.axilite_b2s/areset_d1                                                  |                5 |             10 |         2.00 |
|  intellight_v2_i/processing_system7_0/inst/FCLK_CLK0 |                                                                                                                                                                     | intellight_v2_i/ps7_0_axi_periph/xbar/inst/gen_sasd.crossbar_sasd_0/addr_arbiter_inst/SR[0]                                                                |                4 |             11 |         2.75 |
|  intellight_v2_i/processing_system7_0/inst/FCLK_CLK0 |                                                                                                                                                                     | intellight_v2_i/axi_intc_0/U0/AXI_LITE_IPIF_I/I_SLAVE_ATTACHMENT/rst                                                                                       |                4 |             12 |         3.00 |
|  intellight_v2_i/processing_system7_0/inst/FCLK_CLK0 | intellight_v2_i/ps7_0_axi_periph/s00_couplers/auto_pc/inst/gen_axilite.gen_b2s_conv.axilite_b2s/WR.aw_channel_0/aw_cmd_fsm_0/m_valid_i_reg[0]                       |                                                                                                                                                            |                5 |             12 |         2.40 |
|  intellight_v2_i/processing_system7_0/inst/FCLK_CLK0 | intellight_v2_i/ps7_0_axi_periph/s00_couplers/auto_pc/inst/gen_axilite.gen_b2s_conv.axilite_b2s/WR.aw_channel_0/cmd_translator_0/incr_cmd_0/axaddr_incr[11]_i_1_n_0 |                                                                                                                                                            |                3 |             12 |         4.00 |
|  intellight_v2_i/processing_system7_0/inst/FCLK_CLK0 | intellight_v2_i/ps7_0_axi_periph/s00_couplers/auto_pc/inst/gen_axilite.gen_b2s_conv.axilite_b2s/RD.ar_channel_0/ar_cmd_fsm_0/sel_first_reg[0]                       |                                                                                                                                                            |                3 |             12 |         4.00 |
|  intellight_v2_i/processing_system7_0/inst/FCLK_CLK0 | intellight_v2_i/ps7_0_axi_periph/s00_couplers/auto_pc/inst/gen_axilite.gen_b2s_conv.axilite_b2s/RD.ar_channel_0/ar_cmd_fsm_0/E[0]                                   |                                                                                                                                                            |                5 |             12 |         2.40 |
|  intellight_v2_i/processing_system7_0/inst/FCLK_CLK0 | intellight_v2_i/ps7_0_axi_periph/s00_couplers/auto_pc/inst/gen_axilite.gen_b2s_conv.axilite_b2s/RD.r_channel_0/r_push_r                                             |                                                                                                                                                            |                4 |             13 |         3.25 |
|  intellight_v2_i/processing_system7_0/inst/FCLK_CLK0 | intellight_v2_i/ps7_0_axi_periph/s00_couplers/auto_pc/inst/gen_axilite.gen_b2s_conv.axilite_b2s/SI_REG/b.b_pipe/p_1_in                                              |                                                                                                                                                            |                2 |             14 |         7.00 |
|  intellight_v2_i/processing_system7_0/inst/FCLK_CLK0 | intellight_v2_i/ps7_0_axi_periph/s00_couplers/auto_pc/inst/gen_axilite.gen_b2s_conv.axilite_b2s/SI_REG/b.b_pipe/s_ready_i_reg_0                                     |                                                                                                                                                            |                3 |             14 |         4.67 |
|  intellight_v2_i/processing_system7_0/inst/FCLK_CLK0 | intellight_v2_i/ps7_0_axi_periph/xbar/inst/gen_sasd.crossbar_sasd_0/reg_slice_r/aa_rready                                                                           |                                                                                                                                                            |                8 |             15 |         1.88 |
|  intellight_v2_i/processing_system7_0/inst/FCLK_CLK0 | intellight_v2_i/ps7_0_axi_periph/s00_couplers/auto_pc/inst/gen_axilite.gen_b2s_conv.axilite_b2s/WR.aw_channel_0/aw_cmd_fsm_0/m_axi_awready_0                        |                                                                                                                                                            |                3 |             16 |         5.33 |
|  intellight_v2_i/processing_system7_0/inst/FCLK_CLK0 | intellight_v2_i/CU_0/inst/FSM_onehot_cs_reg_n_0_[13]                                                                                                                | intellight_v2_i/CU_0/inst/epsilon                                                                                                                          |                4 |             16 |         4.00 |
|  intellight_v2_i/processing_system7_0/inst/FCLK_CLK0 | intellight_v2_i/CU_0/inst/episode[15]_i_2_n_0                                                                                                                       | intellight_v2_i/CU_0/inst/episode[15]_i_1_n_0                                                                                                              |                3 |             16 |         5.33 |
|  intellight_v2_i/processing_system7_0/inst/FCLK_CLK0 | intellight_v2_i/CU_0/inst/step                                                                                                                                      | intellight_v2_i/CU_0/inst/FSM_onehot_cs_reg_n_0_[1]                                                                                                        |                4 |             16 |         4.00 |
|  intellight_v2_i/processing_system7_0/inst/FCLK_CLK0 | intellight_v2_i/axi_intc_0/U0/AXI_LITE_IPIF_I/I_SLAVE_ATTACHMENT/start2                                                                                             | intellight_v2_i/axi_intc_0/U0/AXI_LITE_IPIF_I/I_SLAVE_ATTACHMENT/I_DECODER/cs_ce_clr                                                                       |                4 |             19 |         4.75 |
|  intellight_v2_i/processing_system7_0/inst/FCLK_CLK0 | intellight_v2_i/ps7_0_axi_periph/s00_couplers/auto_pc/inst/gen_axilite.gen_b2s_conv.axilite_b2s/RD.ar_channel_0/ar_cmd_fsm_0/m_axi_arready_2                        |                                                                                                                                                            |                7 |             21 |         3.00 |
|  intellight_v2_i/processing_system7_0/inst/FCLK_CLK0 | intellight_v2_i/ps7_0_axi_periph/xbar/inst/gen_sasd.crossbar_sasd_0/addr_arbiter_inst/p_0_in1_in                                                                    | intellight_v2_i/ps7_0_axi_periph/xbar/inst/gen_sasd.crossbar_sasd_0/addr_arbiter_inst/SR[0]                                                                |                7 |             23 |         3.29 |
|  intellight_v2_i/processing_system7_0/inst/FCLK_CLK0 | intellight_v2_i/ps7_0_axi_periph/s00_couplers/auto_pc/inst/gen_axilite.gen_b2s_conv.axilite_b2s/WR.aw_channel_0/aw_cmd_fsm_0/FSM_sequential_state_reg[0]_1          |                                                                                                                                                            |               11 |             24 |         2.18 |
|  intellight_v2_i/processing_system7_0/inst/FCLK_CLK0 | intellight_v2_i/intellight_database_0/inst/intellight_database_v1_0_S00_AXI_inst/slv_reg_rden__0                                                                    | intellight_v2_i/intellight_database_0/inst/p_0_in                                                                                                          |               17 |             32 |         1.88 |
|  intellight_v2_i/processing_system7_0/inst/FCLK_CLK0 | intellight_v2_i/ps7_0_axi_periph/s00_couplers/auto_pc/inst/gen_axilite.gen_b2s_conv.axilite_b2s/RD.r_channel_0/rd_data_fifo_0/wr_en0                                |                                                                                                                                                            |                9 |             34 |         3.78 |
|  intellight_v2_i/processing_system7_0/inst/FCLK_CLK0 | intellight_v2_i/ps7_0_axi_periph/xbar/inst/gen_sasd.crossbar_sasd_0/addr_arbiter_inst/E[0]                                                                          |                                                                                                                                                            |               12 |             35 |         2.92 |
|  intellight_v2_i/processing_system7_0/inst/FCLK_CLK0 | intellight_v2_i/ps7_0_axi_periph/s00_couplers/auto_pc/inst/gen_axilite.gen_b2s_conv.axilite_b2s/SI_REG/r.r_pipe/p_1_in                                              |                                                                                                                                                            |                8 |             47 |         5.88 |
|  intellight_v2_i/processing_system7_0/inst/FCLK_CLK0 | intellight_v2_i/ps7_0_axi_periph/s00_couplers/auto_pc/inst/gen_axilite.gen_b2s_conv.axilite_b2s/SI_REG/r.r_pipe/s_ready_i_reg_0                                     |                                                                                                                                                            |                9 |             47 |         5.22 |
|  intellight_v2_i/processing_system7_0/inst/FCLK_CLK0 | intellight_v2_i/ps7_0_axi_periph/s00_couplers/auto_pc/inst/gen_axilite.gen_b2s_conv.axilite_b2s/WR.aw_channel_0/aw_cmd_fsm_0/E[0]                                   |                                                                                                                                                            |                8 |             48 |         6.00 |
|  intellight_v2_i/processing_system7_0/inst/FCLK_CLK0 | intellight_v2_i/ps7_0_axi_periph/s00_couplers/auto_pc/inst/gen_axilite.gen_b2s_conv.axilite_b2s/RD.ar_channel_0/ar_cmd_fsm_0/m_valid_i_reg[0]                       |                                                                                                                                                            |                9 |             48 |         5.33 |
|  intellight_v2_i/processing_system7_0/inst/FCLK_CLK0 | intellight_v2_i/ps7_0_axi_periph/s00_couplers/auto_pc/inst/gen_axilite.gen_b2s_conv.axilite_b2s/SI_REG/aw.aw_pipe/s_ready_i_reg_0                                   |                                                                                                                                                            |                9 |             48 |         5.33 |
|  intellight_v2_i/processing_system7_0/inst/FCLK_CLK0 | intellight_v2_i/ps7_0_axi_periph/s00_couplers/auto_pc/inst/gen_axilite.gen_b2s_conv.axilite_b2s/SI_REG/ar.ar_pipe/s_ready_i_reg_0                                   |                                                                                                                                                            |               11 |             48 |         4.36 |
|  intellight_v2_i/processing_system7_0/inst/FCLK_CLK0 |                                                                                                                                                                     | intellight_v2_i/intellight_database_0/inst/p_0_in                                                                                                          |               87 |            262 |         3.01 |
|  intellight_v2_i/processing_system7_0/inst/FCLK_CLK0 |                                                                                                                                                                     | intellight_v2_i/rst_ps7_0_100M/U0/peripheral_reset[0]                                                                                                      |               92 |            312 |         3.39 |
|  intellight_v2_i/processing_system7_0/inst/FCLK_CLK0 |                                                                                                                                                                     |                                                                                                                                                            |               77 |            366 |         4.75 |
+------------------------------------------------------+---------------------------------------------------------------------------------------------------------------------------------------------------------------------+------------------------------------------------------------------------------------------------------------------------------------------------------------+------------------+----------------+--------------+


