#-----------------------------------------------------------
# Vivado v2022.1 (64-bit)
# SW Build 3526262 on Mon Apr 18 15:48:16 MDT 2022
# IP Build 3524634 on Mon Apr 18 20:55:01 MDT 2022
# Start of session at: Mon Nov 14 17:48:13 2022
# Process ID: 12764
# Current directory: D:/intelligent_traffic_light/intellight/accelerator
# Command line: vivado.exe -gui_launcher_event rodinguilauncherevent6576 D:\intelligent_traffic_light\intellight\accelerator\edit_Intellight_Accelerator_v1_0.xpr
# Log file: D:/intelligent_traffic_light/intellight/accelerator/vivado.log
# Journal file: D:/intelligent_traffic_light/intellight/accelerator\vivado.jou
# Running On: DESKTOP-FRUK6JR, OS: Windows, CPU Frequency: 3593 MHz, CPU Physical cores: 6, Host memory: 8532 MB
#-----------------------------------------------------------
start_gui
open_project D:/intelligent_traffic_light/intellight/accelerator/edit_Intellight_Accelerator_v1_0.xpr
WARNING: [Board 49-26] cannot add Board Part xilinx.com:kc705:part0:1.6 available at D:/Program/Vivado/2022.1/data/xhub/boards/XilinxBoardStore/boards/Xilinx/kc705/1.6/board.xml as part xc7k325tffg900-2 specified in board_part file is either invalid or not available
WARNING: [Board 49-26] cannot add Board Part xilinx.com:kcu105:part0:1.6 available at D:/Program/Vivado/2022.1/data/xhub/boards/XilinxBoardStore/boards/Xilinx/kcu105/1.6/board.xml as part xcku040-ffva1156-2-e specified in board_part file is either invalid or not available
WARNING: [Board 49-26] cannot add Board Part xilinx.com:kcu105:part0:1.7 available at D:/Program/Vivado/2022.1/data/xhub/boards/XilinxBoardStore/boards/Xilinx/kcu105/1.7/board.xml as part xcku040-ffva1156-2-e specified in board_part file is either invalid or not available
WARNING: [Board 49-26] cannot add Board Part xilinx.com:kcu1500:part0:1.2 available at D:/Program/Vivado/2022.1/data/xhub/boards/XilinxBoardStore/boards/Xilinx/kcu1500/1.2/board.xml as part xcku115-flvb2104-2-e specified in board_part file is either invalid or not available
WARNING: [Board 49-26] cannot add Board Part xilinx.com:vc707:part0:1.4 available at D:/Program/Vivado/2022.1/data/xhub/boards/XilinxBoardStore/boards/Xilinx/vc707/1.4/board.xml as part xc7vx485tffg1761-2 specified in board_part file is either invalid or not available
WARNING: [Board 49-26] cannot add Board Part xilinx.com:vc709:part0:1.8 available at D:/Program/Vivado/2022.1/data/xhub/boards/XilinxBoardStore/boards/Xilinx/vc709/1.8/board.xml as part xc7vx690tffg1761-2 specified in board_part file is either invalid or not available
WARNING: [Board 49-26] cannot add Board Part xilinx.com:vck190:part0:2.2 available at D:/Program/Vivado/2022.1/data/xhub/boards/XilinxBoardStore/boards/Xilinx/vck190/production/2.2/board.xml as part xcvc1902-vsva2197-2mp-e-s specified in board_part file is either invalid or not available
WARNING: [Board 49-26] cannot add Board Part xilinx.com:vck190:part0:3.0 available at D:/Program/Vivado/2022.1/data/xhub/boards/XilinxBoardStore/boards/Xilinx/vck190/production/3.0/board.xml as part xcvc1902-vsva2197-2mp-e-s specified in board_part file is either invalid or not available
WARNING: [Board 49-26] cannot add Board Part xilinx.com:vck190_newl:part0:1.0 available at D:/Program/Vivado/2022.1/data/xhub/boards/XilinxBoardStore/boards/Xilinx/vck190_newl/production/1.0/board.xml as part xcvc1902-vsva2197-2mp-e-s specified in board_part file is either invalid or not available
WARNING: [Board 49-26] cannot add Board Part xilinx.com:vcu108:part0:1.6 available at D:/Program/Vivado/2022.1/data/xhub/boards/XilinxBoardStore/boards/Xilinx/vcu108/1.6/board.xml as part xcvu095-ffva2104-2-e specified in board_part file is either invalid or not available
WARNING: [Board 49-26] cannot add Board Part xilinx.com:vcu108:part0:1.7 available at D:/Program/Vivado/2022.1/data/xhub/boards/XilinxBoardStore/boards/Xilinx/vcu108/1.7/board.xml as part xcvu095-ffva2104-2-e specified in board_part file is either invalid or not available
WARNING: [Board 49-26] cannot add Board Part xilinx.com:vcu110:part0:1.4 available at D:/Program/Vivado/2022.1/data/xhub/boards/XilinxBoardStore/boards/Xilinx/vcu110/1.4/board.xml as part xcvu190-flgc2104-2-e specified in board_part file is either invalid or not available
WARNING: [Board 49-26] cannot add Board Part xilinx.com:vcu118:part0:2.0 available at D:/Program/Vivado/2022.1/data/xhub/boards/XilinxBoardStore/boards/Xilinx/vcu118/2.0/board.xml as part xcvu9p-flga2104-2l-e specified in board_part file is either invalid or not available
WARNING: [Board 49-26] cannot add Board Part xilinx.com:vcu118:part0:2.3 available at D:/Program/Vivado/2022.1/data/xhub/boards/XilinxBoardStore/boards/Xilinx/vcu118/2.3/board.xml as part xcvu9p-flga2104-2l-e specified in board_part file is either invalid or not available
WARNING: [Board 49-26] cannot add Board Part xilinx.com:vcu118:part0:2.4 available at D:/Program/Vivado/2022.1/data/xhub/boards/XilinxBoardStore/boards/Xilinx/vcu118/2.4/board.xml as part xcvu9p-flga2104-2l-e specified in board_part file is either invalid or not available
WARNING: [Board 49-26] cannot add Board Part xilinx.com:vcu128:part0:1.0 available at D:/Program/Vivado/2022.1/data/xhub/boards/XilinxBoardStore/boards/Xilinx/vcu128/production/1.0/board.xml as part xcvu37p-fsvh2892-2l-e specified in board_part file is either invalid or not available
WARNING: [Board 49-26] cannot add Board Part xilinx.com:vcu129:part0:1.0 available at D:/Program/Vivado/2022.1/data/xhub/boards/XilinxBoardStore/boards/Xilinx/vcu129/production/1.0/board.xml as part xcvu29p-fsga2577-2l-e specified in board_part file is either invalid or not available
WARNING: [Board 49-26] cannot add Board Part xilinx.com:vcu1525:part0:1.3 available at D:/Program/Vivado/2022.1/data/xhub/boards/XilinxBoardStore/boards/Xilinx/vcu1525/1.3/board.xml as part xcvu9p-fsgd2104-2l-e specified in board_part file is either invalid or not available
WARNING: [Board 49-26] cannot add Board Part xilinx.com:vermeo_t1_mpsoc:part0:1.0 available at D:/Program/Vivado/2022.1/data/xhub/boards/XilinxBoardStore/boards/Xilinx/vermeo_t1_mpsoc/1.0/board.xml as part xczu19eg-ffvd1760-2l-e specified in board_part file is either invalid or not available
WARNING: [Board 49-26] cannot add Board Part xilinx.com:vermeo_t1_rfsoc:part0:1.0 available at D:/Program/Vivado/2022.1/data/xhub/boards/XilinxBoardStore/boards/Xilinx/vermeo_t1_rfsoc/1.0/board.xml as part xczu21dr-ffvd1156-2l-e specified in board_part file is either invalid or not available
WARNING: [Board 49-26] cannot add Board Part xilinx.com:vmk180:part0:2.2 available at D:/Program/Vivado/2022.1/data/xhub/boards/XilinxBoardStore/boards/Xilinx/vmk180/production/2.2/board.xml as part xcvm1802-vsva2197-2mp-e-s specified in board_part file is either invalid or not available
WARNING: [Board 49-26] cannot add Board Part xilinx.com:vmk180:part0:3.0 available at D:/Program/Vivado/2022.1/data/xhub/boards/XilinxBoardStore/boards/Xilinx/vmk180/production/3.0/board.xml as part xcvm1802-vsva2197-2mp-e-s specified in board_part file is either invalid or not available
WARNING: [Board 49-26] cannot add Board Part xilinx.com:vmk180_newl:part0:1.0 available at D:/Program/Vivado/2022.1/data/xhub/boards/XilinxBoardStore/boards/Xilinx/vmk180_newl/production/1.0/board.xml as part xcvm1802-vsva2197-2mp-e-s specified in board_part file is either invalid or not available
WARNING: [Board 49-26] cannot add Board Part xilinx.com:vpk120_es:part0:1.2 available at D:/Program/Vivado/2022.1/data/xhub/boards/XilinxBoardStore/boards/Xilinx/vpk120/es/1.2/board.xml as part xcvp1202-vsva2785-2mp-e-s-es1 specified in board_part file is either invalid or not available
WARNING: [Board 49-26] cannot add Board Part xilinx.com:vpk120_es_revb:part0:1.0 available at D:/Program/Vivado/2022.1/data/xhub/boards/XilinxBoardStore/boards/Xilinx/vpk120_revb/es/1.0/board.xml as part xcvp1202-vsva2785-2mp-e-s-es1 specified in board_part file is either invalid or not available
WARNING: [Board 49-26] cannot add Board Part xilinx.com:zc706:part0:1.4 available at D:/Program/Vivado/2022.1/data/xhub/boards/XilinxBoardStore/boards/Xilinx/zc706/1.4/board.xml as part xc7z045ffg900-2 specified in board_part file is either invalid or not available
WARNING: [Board 49-26] cannot add Board Part xilinx.com:zcu102:part0:3.3 available at D:/Program/Vivado/2022.1/data/xhub/boards/XilinxBoardStore/boards/Xilinx/zcu102/3.3/board.xml as part xczu9eg-ffvb1156-2-e specified in board_part file is either invalid or not available
WARNING: [Board 49-26] cannot add Board Part xilinx.com:zcu102:part0:3.4 available at D:/Program/Vivado/2022.1/data/xhub/boards/XilinxBoardStore/boards/Xilinx/zcu102/3.4/board.xml as part xczu9eg-ffvb1156-2-e specified in board_part file is either invalid or not available
WARNING: [Board 49-26] cannot add Board Part xilinx.com:zcu111:part0:1.2 available at D:/Program/Vivado/2022.1/data/xhub/boards/XilinxBoardStore/boards/Xilinx/zcu111/1.2/board.xml as part xczu28dr-ffvg1517-2-e specified in board_part file is either invalid or not available
WARNING: [Board 49-26] cannot add Board Part xilinx.com:zcu111:part0:1.3 available at D:/Program/Vivado/2022.1/data/xhub/boards/XilinxBoardStore/boards/Xilinx/zcu111/1.3/board.xml as part xczu28dr-ffvg1517-2-e specified in board_part file is either invalid or not available
WARNING: [Board 49-26] cannot add Board Part xilinx.com:zcu111:part0:1.4 available at D:/Program/Vivado/2022.1/data/xhub/boards/XilinxBoardStore/boards/Xilinx/zcu111/1.4/board.xml as part xczu28dr-ffvg1517-2-e specified in board_part file is either invalid or not available
WARNING: [Board 49-26] cannot add Board Part xilinx.com:zcu1275:part0:1.0 available at D:/Program/Vivado/2022.1/data/xhub/boards/XilinxBoardStore/boards/Xilinx/zcu1275/1.0/board.xml as part xczu29dr-ffvf1760-2-e specified in board_part file is either invalid or not available
WARNING: [Board 49-26] cannot add Board Part xilinx.com:zcu1285:part0:1.0 available at D:/Program/Vivado/2022.1/data/xhub/boards/XilinxBoardStore/boards/Xilinx/zcu1285/1.0/board.xml as part xczu39dr-ffvf1760-2-i specified in board_part file is either invalid or not available
WARNING: [Board 49-26] cannot add Board Part xilinx.com:zcu208:part0:2.0 available at D:/Program/Vivado/2022.1/data/xhub/boards/XilinxBoardStore/boards/Xilinx/zcu208/production/2.0/board.xml as part xczu48dr-fsvg1517-2-e specified in board_part file is either invalid or not available
WARNING: [Board 49-26] cannot add Board Part xilinx.com:zcu208ld:part0:2.0 available at D:/Program/Vivado/2022.1/data/xhub/boards/XilinxBoardStore/boards/Xilinx/zcu208ld/production/2.0/board.xml as part xczu58dr-fsvg1517-2-i specified in board_part file is either invalid or not available
WARNING: [Board 49-26] cannot add Board Part xilinx.com:zcu216:part0:2.0 available at D:/Program/Vivado/2022.1/data/xhub/boards/XilinxBoardStore/boards/Xilinx/zcu216/production/2.0/board.xml as part xczu49dr-ffvf1760-2-e specified in board_part file is either invalid or not available
WARNING: [Board 49-26] cannot add Board Part xilinx.com:zcu216ld:part0:2.0 available at D:/Program/Vivado/2022.1/data/xhub/boards/XilinxBoardStore/boards/Xilinx/zcu216ld/production/2.0/board.xml as part xczu59dr-ffvf1760-2-i specified in board_part file is either invalid or not available
WARNING: [Board 49-26] cannot add Board Part xilinx.com:zcu670:part0:2.0 available at D:/Program/Vivado/2022.1/data/xhub/boards/XilinxBoardStore/boards/Xilinx/zcu670/2.0/board.xml as part xczu67dr-fsve1156-2-i specified in board_part file is either invalid or not available
WARNING: [Board 49-26] cannot add Board Part xilinx.com:zcu670ld:part0:1.0 available at D:/Program/Vivado/2022.1/data/xhub/boards/XilinxBoardStore/boards/Xilinx/zcu670ld/1.0/board.xml as part xczu57dr-fsve1156-2-i specified in board_part file is either invalid or not available
INFO: [filemgmt 56-3] Default IP Output Path : Could not find the directory 'D:/intelligent_traffic_light/intellight/accelerator/edit_Intellight_Accelerator_v1_0.gen/sources_1'.
Scanning sources...
Finished scanning sources
INFO: [IP_Flow 19-234] Refreshing IP repositories
INFO: [IP_Flow 19-1700] Loaded user IP repository 'd:/intelligent_traffic_light/intellight/accelerator/Intellight_Accelerator_1.0'.
INFO: [IP_Flow 19-2313] Loaded Vivado IP repository 'D:/Program/Vivado/2022.1/data/ip'.
open_project: Time (s): cpu = 00:00:14 ; elapsed = 00:00:08 . Memory (MB): peak = 1561.699 ; gain = 0.000
update_compile_order -fileset sources_1
ipx::open_ipxact_file {D:\intelligent_traffic_light\intellight\accelerator\Intellight_Accelerator_1.0\component.xml}
WARNING: [IP_Flow 19-5226] Project source file 'd:/intelligent_traffic_light/intellight/accelerator/Intellight_Accelerator_1.0/component.xml' ignored by IP packager.
WARNING: [IP_Flow 19-3833] Unreferenced file from the top module is not packaged: 'D:/intelligent_traffic_light/intellight/accelerator/edit_Intellight_Accelerator_v1_0.srcs/sources_1/new/test.v'.
WARNING: [IP_Flow 19-3898] File Group 'xilinx_verilogsynthesis (Verilog Synthesis)': File 'd:/intelligent_traffic_light/intellight/accelerator/Intellight_Accelerator_1.0/hdl/Accelerator.v' is not found in the project sources. It will be removed from the packaged IP when the sources are merged. If still required, please add this file to the project and re-package.
WARNING: [IP_Flow 19-3898] File Group 'xilinx_verilogsynthesis (Verilog Synthesis)': File 'd:/intelligent_traffic_light/intellight/accelerator/Intellight_Accelerator_1.0/hdl/CU.v' is not found in the project sources. It will be removed from the packaged IP when the sources are merged. If still required, please add this file to the project and re-package.
WARNING: [IP_Flow 19-3898] File Group 'xilinx_verilogsynthesis (Verilog Synthesis)': File 'd:/intelligent_traffic_light/intellight/accelerator/Intellight_Accelerator_1.0/hdl/Intellight_Accelerator_v1_0_S00_AXI.v' is not found in the project sources. It will be removed from the packaged IP when the sources are merged. If still required, please add this file to the project and re-package.
WARNING: [IP_Flow 19-3898] File Group 'xilinx_verilogsynthesis (Verilog Synthesis)': File 'd:/intelligent_traffic_light/intellight/accelerator/Intellight_Accelerator_1.0/hdl/MII.v' is not found in the project sources. It will be removed from the packaged IP when the sources are merged. If still required, please add this file to the project and re-package.
WARNING: [IP_Flow 19-3898] File Group 'xilinx_verilogsynthesis (Verilog Synthesis)': File 'd:/intelligent_traffic_light/intellight/accelerator/Intellight_Accelerator_1.0/hdl/PG.v' is not found in the project sources. It will be removed from the packaged IP when the sources are merged. If still required, please add this file to the project and re-package.
WARNING: [IP_Flow 19-3898] File Group 'xilinx_verilogsynthesis (Verilog Synthesis)': File 'd:/intelligent_traffic_light/intellight/accelerator/Intellight_Accelerator_1.0/hdl/QA.v' is not found in the project sources. It will be removed from the packaged IP when the sources are merged. If still required, please add this file to the project and re-package.
WARNING: [IP_Flow 19-3898] File Group 'xilinx_verilogsynthesis (Verilog Synthesis)': File 'd:/intelligent_traffic_light/intellight/accelerator/Intellight_Accelerator_1.0/hdl/RD.v' is not found in the project sources. It will be removed from the packaged IP when the sources are merged. If still required, please add this file to the project and re-package.
WARNING: [IP_Flow 19-3898] File Group 'xilinx_verilogsynthesis (Verilog Synthesis)': File 'd:/intelligent_traffic_light/intellight/accelerator/Intellight_Accelerator_1.0/hdl/SD.v' is not found in the project sources. It will be removed from the packaged IP when the sources are merged. If still required, please add this file to the project and re-package.
WARNING: [IP_Flow 19-3898] File Group 'xilinx_verilogsynthesis (Verilog Synthesis)': File 'd:/intelligent_traffic_light/intellight/accelerator/Intellight_Accelerator_1.0/hdl/file_arith.v' is not found in the project sources. It will be removed from the packaged IP when the sources are merged. If still required, please add this file to the project and re-package.
WARNING: [IP_Flow 19-3898] File Group 'xilinx_verilogsynthesis (Verilog Synthesis)': File 'd:/intelligent_traffic_light/intellight/accelerator/Intellight_Accelerator_1.0/hdl/file_max.v' is not found in the project sources. It will be removed from the packaged IP when the sources are merged. If still required, please add this file to the project and re-package.
WARNING: [IP_Flow 19-3898] File Group 'xilinx_verilogsynthesis (Verilog Synthesis)': File 'd:/intelligent_traffic_light/intellight/accelerator/Intellight_Accelerator_1.0/hdl/file_mux.v' is not found in the project sources. It will be removed from the packaged IP when the sources are merged. If still required, please add this file to the project and re-package.
WARNING: [IP_Flow 19-3898] File Group 'xilinx_verilogsynthesis (Verilog Synthesis)': File 'd:/intelligent_traffic_light/intellight/accelerator/Intellight_Accelerator_1.0/hdl/Intellight_Accelerator_v1_0.v' is not found in the project sources. It will be removed from the packaged IP when the sources are merged. If still required, please add this file to the project and re-package.
WARNING: [IP_Flow 19-3898] File Group 'xilinx_verilogbehavioralsimulation (Verilog Simulation)': File 'd:/intelligent_traffic_light/intellight/accelerator/Intellight_Accelerator_1.0/hdl/Accelerator.v' is not found in the project sources. It will be removed from the packaged IP when the sources are merged. If still required, please add this file to the project and re-package.
WARNING: [IP_Flow 19-3898] File Group 'xilinx_verilogbehavioralsimulation (Verilog Simulation)': File 'd:/intelligent_traffic_light/intellight/accelerator/Intellight_Accelerator_1.0/hdl/CU.v' is not found in the project sources. It will be removed from the packaged IP when the sources are merged. If still required, please add this file to the project and re-package.
WARNING: [IP_Flow 19-3898] File Group 'xilinx_verilogbehavioralsimulation (Verilog Simulation)': File 'd:/intelligent_traffic_light/intellight/accelerator/Intellight_Accelerator_1.0/hdl/Intellight_Accelerator_v1_0_S00_AXI.v' is not found in the project sources. It will be removed from the packaged IP when the sources are merged. If still required, please add this file to the project and re-package.
WARNING: [IP_Flow 19-3898] File Group 'xilinx_verilogbehavioralsimulation (Verilog Simulation)': File 'd:/intelligent_traffic_light/intellight/accelerator/Intellight_Accelerator_1.0/hdl/MII.v' is not found in the project sources. It will be removed from the packaged IP when the sources are merged. If still required, please add this file to the project and re-package.
WARNING: [IP_Flow 19-3898] File Group 'xilinx_verilogbehavioralsimulation (Verilog Simulation)': File 'd:/intelligent_traffic_light/intellight/accelerator/Intellight_Accelerator_1.0/hdl/PG.v' is not found in the project sources. It will be removed from the packaged IP when the sources are merged. If still required, please add this file to the project and re-package.
WARNING: [IP_Flow 19-3898] File Group 'xilinx_verilogbehavioralsimulation (Verilog Simulation)': File 'd:/intelligent_traffic_light/intellight/accelerator/Intellight_Accelerator_1.0/hdl/QA.v' is not found in the project sources. It will be removed from the packaged IP when the sources are merged. If still required, please add this file to the project and re-package.
WARNING: [IP_Flow 19-3898] File Group 'xilinx_verilogbehavioralsimulation (Verilog Simulation)': File 'd:/intelligent_traffic_light/intellight/accelerator/Intellight_Accelerator_1.0/hdl/RD.v' is not found in the project sources. It will be removed from the packaged IP when the sources are merged. If still required, please add this file to the project and re-package.
WARNING: [IP_Flow 19-3898] File Group 'xilinx_verilogbehavioralsimulation (Verilog Simulation)': File 'd:/intelligent_traffic_light/intellight/accelerator/Intellight_Accelerator_1.0/hdl/SD.v' is not found in the project sources. It will be removed from the packaged IP when the sources are merged. If still required, please add this file to the project and re-package.
WARNING: [IP_Flow 19-3898] File Group 'xilinx_verilogbehavioralsimulation (Verilog Simulation)': File 'd:/intelligent_traffic_light/intellight/accelerator/Intellight_Accelerator_1.0/hdl/file_arith.v' is not found in the project sources. It will be removed from the packaged IP when the sources are merged. If still required, please add this file to the project and re-package.
WARNING: [IP_Flow 19-3898] File Group 'xilinx_verilogbehavioralsimulation (Verilog Simulation)': File 'd:/intelligent_traffic_light/intellight/accelerator/Intellight_Accelerator_1.0/hdl/file_max.v' is not found in the project sources. It will be removed from the packaged IP when the sources are merged. If still required, please add this file to the project and re-package.
WARNING: [IP_Flow 19-3898] File Group 'xilinx_verilogbehavioralsimulation (Verilog Simulation)': File 'd:/intelligent_traffic_light/intellight/accelerator/Intellight_Accelerator_1.0/hdl/file_mux.v' is not found in the project sources. It will be removed from the packaged IP when the sources are merged. If still required, please add this file to the project and re-package.
WARNING: [IP_Flow 19-3898] File Group 'xilinx_verilogbehavioralsimulation (Verilog Simulation)': File 'd:/intelligent_traffic_light/intellight/accelerator/Intellight_Accelerator_1.0/hdl/Intellight_Accelerator_v1_0.v' is not found in the project sources. It will be removed from the packaged IP when the sources are merged. If still required, please add this file to the project and re-package.
WARNING: [IP_Flow 19-3898] File Group 'xilinx_testbench (Test Bench)': File 'd:/intelligent_traffic_light/intellight/accelerator/edit_Intellight_Accelerator_v1_0.srcs/sim_1/imports/sim/PG_tb.v' is not found in the project sources. It will be removed from the packaged IP when the sources are merged. If still required, please add this file to the project and re-package.
set_property top MII_tb [get_filesets sim_1]
set_property top_lib xil_defaultlib [get_filesets sim_1]
update_compile_order -fileset sim_1
launch_simulation
Command: launch_simulation 
INFO: [Vivado 12-12493] Simulation top is 'MII_tb'
WARNING: [Vivado 12-13340] Unable to auto find GCC executables from simulator install path! (path not set)
WARNING: [Vivado 12-13277] Compiled library path does not exist: ''
INFO: [Vivado 12-5682] Launching behavioral simulation in 'D:/intelligent_traffic_light/intellight/accelerator/edit_Intellight_Accelerator_v1_0.sim/sim_1/behav/xsim'
INFO: [SIM-utils-51] Simulation object is 'sim_1'
INFO: [SIM-utils-72] Using boost library from 'D:/Program/Vivado/2022.1/tps/boost_1_72_0'
INFO: [SIM-utils-54] Inspecting design source files for 'MII_tb' in fileset 'sim_1'...
INFO: [USF-XSim-97] Finding global include files...
INFO: [USF-XSim-98] Fetching design files from 'sim_1'...
INFO: [USF-XSim-2] XSim::Compile design
INFO: [USF-XSim-61] Executing 'COMPILE and ANALYZE' step in 'D:/intelligent_traffic_light/intellight/accelerator/edit_Intellight_Accelerator_v1_0.sim/sim_1/behav/xsim'
"xvlog --incr --relax -prj MII_tb_vlog.prj"
INFO: [VRFC 10-2263] Analyzing Verilog file "D:/intelligent_traffic_light/intellight/accelerator/Intellight_Accelerator_1.0/hdl/MII.v" into library xil_defaultlib
INFO: [VRFC 10-311] analyzing module MII
INFO: [VRFC 10-2263] Analyzing Verilog file "D:/intelligent_traffic_light/intellight/accelerator/edit_Intellight_Accelerator_v1_0.srcs/sim_1/imports/sim/MII_tb.v" into library xil_defaultlib
INFO: [VRFC 10-311] analyzing module MII_tb
INFO: [USF-XSim-69] 'compile' step finished in '2' seconds
INFO: [USF-XSim-3] XSim::Elaborate design
INFO: [USF-XSim-61] Executing 'ELABORATE' step in 'D:/intelligent_traffic_light/intellight/accelerator/edit_Intellight_Accelerator_v1_0.sim/sim_1/behav/xsim'
"xelab --incr --debug typical --relax --mt 2 -L xil_defaultlib -L unisims_ver -L unimacro_ver -L secureip --snapshot MII_tb_behav xil_defaultlib.MII_tb xil_defaultlib.glbl -log elaborate.log"
Vivado Simulator v2022.1
Copyright 1986-1999, 2001-2022 Xilinx, Inc. All Rights Reserved.
Running: D:/Program/Vivado/2022.1/bin/unwrapped/win64.o/xelab.exe --incr --debug typical --relax --mt 2 -L xil_defaultlib -L unisims_ver -L unimacro_ver -L secureip --snapshot MII_tb_behav xil_defaultlib.MII_tb xil_defaultlib.glbl -log elaborate.log 
Using 2 slave threads.
Starting static elaboration
Pass Through NonSizing Optimizer
ERROR: [VRFC 10-3180] cannot find port 'en3' on this module [D:/intelligent_traffic_light/intellight/accelerator/edit_Intellight_Accelerator_v1_0.srcs/sim_1/imports/sim/MII_tb.v:38]
ERROR: [VRFC 10-3180] cannot find port 'en2' on this module [D:/intelligent_traffic_light/intellight/accelerator/edit_Intellight_Accelerator_v1_0.srcs/sim_1/imports/sim/MII_tb.v:37]
ERROR: [VRFC 10-3180] cannot find port 'en1' on this module [D:/intelligent_traffic_light/intellight/accelerator/edit_Intellight_Accelerator_v1_0.srcs/sim_1/imports/sim/MII_tb.v:36]
ERROR: [VRFC 10-3180] cannot find port 'en0' on this module [D:/intelligent_traffic_light/intellight/accelerator/edit_Intellight_Accelerator_v1_0.srcs/sim_1/imports/sim/MII_tb.v:35]
ERROR: [VRFC 10-3180] cannot find port 'Dnew' on this module [D:/intelligent_traffic_light/intellight/accelerator/edit_Intellight_Accelerator_v1_0.srcs/sim_1/imports/sim/MII_tb.v:33]
ERROR: [VRFC 10-3180] cannot find port 'WR_ADDR' on this module [D:/intelligent_traffic_light/intellight/accelerator/edit_Intellight_Accelerator_v1_0.srcs/sim_1/imports/sim/MII_tb.v:32]
ERROR: [VRFC 10-3180] cannot find port 'RD_ADDR' on this module [D:/intelligent_traffic_light/intellight/accelerator/edit_Intellight_Accelerator_v1_0.srcs/sim_1/imports/sim/MII_tb.v:31]
ERROR: [VRFC 10-3180] cannot find port 'wen_cu' on this module [D:/intelligent_traffic_light/intellight/accelerator/edit_Intellight_Accelerator_v1_0.srcs/sim_1/imports/sim/MII_tb.v:29]
ERROR: [VRFC 10-3180] cannot find port 'Qnew' on this module [D:/intelligent_traffic_light/intellight/accelerator/edit_Intellight_Accelerator_v1_0.srcs/sim_1/imports/sim/MII_tb.v:28]
ERROR: [XSIM 43-3322] Static elaboration of top level Verilog design unit(s) in library work failed.
INFO: [USF-XSim-69] 'elaborate' step finished in '2' seconds
INFO: [USF-XSim-99] Step results log file:'D:/intelligent_traffic_light/intellight/accelerator/edit_Intellight_Accelerator_v1_0.sim/sim_1/behav/xsim/elaborate.log'
ERROR: [USF-XSim-62] 'elaborate' step failed with error(s). Please check the Tcl console output or 'D:/intelligent_traffic_light/intellight/accelerator/edit_Intellight_Accelerator_v1_0.sim/sim_1/behav/xsim/elaborate.log' file for more information.
ERROR: [Vivado 12-4473] Detected error while running simulation. Please correct the issue and retry this operation.
ERROR: [Common 17-39] 'launch_simulation' failed due to earlier errors.
reset_run synth_1
INFO: [Project 1-1161] Replacing file D:/intelligent_traffic_light/intellight/accelerator/edit_Intellight_Accelerator_v1_0.srcs/utils_1/imports/synth_1/Intellight_Accelerator_v1_0.dcp with file D:/intelligent_traffic_light/intellight/accelerator/edit_Intellight_Accelerator_v1_0.runs/synth_1/Intellight_Accelerator_v1_0.dcp
launch_runs synth_1 -jobs 6
[Mon Nov 14 17:57:40 2022] Launched synth_1...
Run output will be captured here: D:/intelligent_traffic_light/intellight/accelerator/edit_Intellight_Accelerator_v1_0.runs/synth_1/runme.log
launch_simulation
Command: launch_simulation 
INFO: [Vivado 12-12493] Simulation top is 'MII_tb'
WARNING: [Vivado 12-13340] Unable to auto find GCC executables from simulator install path! (path not set)
WARNING: [Vivado 12-13277] Compiled library path does not exist: ''
INFO: [Vivado 12-5682] Launching behavioral simulation in 'D:/intelligent_traffic_light/intellight/accelerator/edit_Intellight_Accelerator_v1_0.sim/sim_1/behav/xsim'
INFO: [SIM-utils-51] Simulation object is 'sim_1'
INFO: [SIM-utils-72] Using boost library from 'D:/Program/Vivado/2022.1/tps/boost_1_72_0'
INFO: [SIM-utils-54] Inspecting design source files for 'MII_tb' in fileset 'sim_1'...
INFO: [USF-XSim-97] Finding global include files...
INFO: [USF-XSim-98] Fetching design files from 'sim_1'...
INFO: [USF-XSim-2] XSim::Compile design
INFO: [USF-XSim-61] Executing 'COMPILE and ANALYZE' step in 'D:/intelligent_traffic_light/intellight/accelerator/edit_Intellight_Accelerator_v1_0.sim/sim_1/behav/xsim'
"xvlog --incr --relax -prj MII_tb_vlog.prj"
INFO: [VRFC 10-2263] Analyzing Verilog file "D:/intelligent_traffic_light/intellight/accelerator/Intellight_Accelerator_1.0/hdl/MII.v" into library xil_defaultlib
INFO: [VRFC 10-311] analyzing module MII
INFO: [VRFC 10-2263] Analyzing Verilog file "D:/intelligent_traffic_light/intellight/accelerator/edit_Intellight_Accelerator_v1_0.srcs/sim_1/imports/sim/MII_tb.v" into library xil_defaultlib
INFO: [VRFC 10-311] analyzing module MII_tb
ERROR: [VRFC 10-2989] 'Qnew' is not declared [D:/intelligent_traffic_light/intellight/accelerator/edit_Intellight_Accelerator_v1_0.srcs/sim_1/imports/sim/MII_tb.v:60]
ERROR: [VRFC 10-2989] 'wen_cu' is not declared [D:/intelligent_traffic_light/intellight/accelerator/edit_Intellight_Accelerator_v1_0.srcs/sim_1/imports/sim/MII_tb.v:63]
ERROR: [VRFC 10-8530] module 'MII_tb' is ignored due to previous errors [D:/intelligent_traffic_light/intellight/accelerator/edit_Intellight_Accelerator_v1_0.srcs/sim_1/imports/sim/MII_tb.v:6]
INFO: [USF-XSim-69] 'compile' step finished in '1' seconds
INFO: [USF-XSim-99] Step results log file:'D:/intelligent_traffic_light/intellight/accelerator/edit_Intellight_Accelerator_v1_0.sim/sim_1/behav/xsim/xvlog.log'
ERROR: [USF-XSim-62] 'compile' step failed with error(s). Please check the Tcl console output or 'D:/intelligent_traffic_light/intellight/accelerator/edit_Intellight_Accelerator_v1_0.sim/sim_1/behav/xsim/xvlog.log' file for more information.
ERROR: [Vivado 12-4473] Detected error while running simulation. Please correct the issue and retry this operation.
ERROR: [Common 17-39] 'launch_simulation' failed due to earlier errors.
launch_simulation
Command: launch_simulation 
INFO: [Vivado 12-12493] Simulation top is 'MII_tb'
WARNING: [Vivado 12-13340] Unable to auto find GCC executables from simulator install path! (path not set)
WARNING: [Vivado 12-13277] Compiled library path does not exist: ''
INFO: [Vivado 12-5682] Launching behavioral simulation in 'D:/intelligent_traffic_light/intellight/accelerator/edit_Intellight_Accelerator_v1_0.sim/sim_1/behav/xsim'
INFO: [SIM-utils-51] Simulation object is 'sim_1'
INFO: [SIM-utils-72] Using boost library from 'D:/Program/Vivado/2022.1/tps/boost_1_72_0'
INFO: [SIM-utils-54] Inspecting design source files for 'MII_tb' in fileset 'sim_1'...
INFO: [USF-XSim-97] Finding global include files...
INFO: [USF-XSim-98] Fetching design files from 'sim_1'...
INFO: [USF-XSim-2] XSim::Compile design
INFO: [USF-XSim-61] Executing 'COMPILE and ANALYZE' step in 'D:/intelligent_traffic_light/intellight/accelerator/edit_Intellight_Accelerator_v1_0.sim/sim_1/behav/xsim'
"xvlog --incr --relax -prj MII_tb_vlog.prj"
INFO: [VRFC 10-2263] Analyzing Verilog file "D:/intelligent_traffic_light/intellight/accelerator/Intellight_Accelerator_1.0/hdl/MII.v" into library xil_defaultlib
INFO: [VRFC 10-311] analyzing module MII
INFO: [VRFC 10-2263] Analyzing Verilog file "D:/intelligent_traffic_light/intellight/accelerator/edit_Intellight_Accelerator_v1_0.srcs/sim_1/imports/sim/MII_tb.v" into library xil_defaultlib
INFO: [VRFC 10-311] analyzing module MII_tb
ERROR: [VRFC 10-1280] procedural assignment to a non-register wen0 is not permitted, left-hand side should be reg/integer/time/genvar [D:/intelligent_traffic_light/intellight/accelerator/edit_Intellight_Accelerator_v1_0.srcs/sim_1/imports/sim/MII_tb.v:63]
ERROR: [VRFC 10-8530] module 'MII_tb' is ignored due to previous errors [D:/intelligent_traffic_light/intellight/accelerator/edit_Intellight_Accelerator_v1_0.srcs/sim_1/imports/sim/MII_tb.v:6]
INFO: [USF-XSim-69] 'compile' step finished in '1' seconds
INFO: [USF-XSim-99] Step results log file:'D:/intelligent_traffic_light/intellight/accelerator/edit_Intellight_Accelerator_v1_0.sim/sim_1/behav/xsim/xvlog.log'
ERROR: [USF-XSim-62] 'compile' step failed with error(s). Please check the Tcl console output or 'D:/intelligent_traffic_light/intellight/accelerator/edit_Intellight_Accelerator_v1_0.sim/sim_1/behav/xsim/xvlog.log' file for more information.
ERROR: [Vivado 12-4473] Detected error while running simulation. Please correct the issue and retry this operation.
ERROR: [Common 17-39] 'launch_simulation' failed due to earlier errors.
launch_simulation
Command: launch_simulation 
INFO: [Vivado 12-12493] Simulation top is 'MII_tb'
WARNING: [Vivado 12-13340] Unable to auto find GCC executables from simulator install path! (path not set)
WARNING: [Vivado 12-13277] Compiled library path does not exist: ''
INFO: [Vivado 12-5682] Launching behavioral simulation in 'D:/intelligent_traffic_light/intellight/accelerator/edit_Intellight_Accelerator_v1_0.sim/sim_1/behav/xsim'
INFO: [SIM-utils-51] Simulation object is 'sim_1'
INFO: [SIM-utils-72] Using boost library from 'D:/Program/Vivado/2022.1/tps/boost_1_72_0'
INFO: [SIM-utils-54] Inspecting design source files for 'MII_tb' in fileset 'sim_1'...
INFO: [USF-XSim-97] Finding global include files...
INFO: [USF-XSim-98] Fetching design files from 'sim_1'...
INFO: [USF-XSim-2] XSim::Compile design
INFO: [USF-XSim-61] Executing 'COMPILE and ANALYZE' step in 'D:/intelligent_traffic_light/intellight/accelerator/edit_Intellight_Accelerator_v1_0.sim/sim_1/behav/xsim'
"xvlog --incr --relax -prj MII_tb_vlog.prj"
INFO: [VRFC 10-2263] Analyzing Verilog file "D:/intelligent_traffic_light/intellight/accelerator/Intellight_Accelerator_1.0/hdl/MII.v" into library xil_defaultlib
INFO: [VRFC 10-311] analyzing module MII
INFO: [VRFC 10-2263] Analyzing Verilog file "D:/intelligent_traffic_light/intellight/accelerator/edit_Intellight_Accelerator_v1_0.srcs/sim_1/imports/sim/MII_tb.v" into library xil_defaultlib
INFO: [VRFC 10-311] analyzing module MII_tb
INFO: [USF-XSim-69] 'compile' step finished in '1' seconds
INFO: [USF-XSim-3] XSim::Elaborate design
INFO: [USF-XSim-61] Executing 'ELABORATE' step in 'D:/intelligent_traffic_light/intellight/accelerator/edit_Intellight_Accelerator_v1_0.sim/sim_1/behav/xsim'
"xelab --incr --debug typical --relax --mt 2 -L xil_defaultlib -L unisims_ver -L unimacro_ver -L secureip --snapshot MII_tb_behav xil_defaultlib.MII_tb xil_defaultlib.glbl -log elaborate.log"
Vivado Simulator v2022.1
Copyright 1986-1999, 2001-2022 Xilinx, Inc. All Rights Reserved.
Running: D:/Program/Vivado/2022.1/bin/unwrapped/win64.o/xelab.exe --incr --debug typical --relax --mt 2 -L xil_defaultlib -L unisims_ver -L unimacro_ver -L secureip --snapshot MII_tb_behav xil_defaultlib.MII_tb xil_defaultlib.glbl -log elaborate.log 
Using 2 slave threads.
Starting static elaboration
Pass Through NonSizing Optimizer
WARNING: [VRFC 10-3091] actual bit length 12 differs from formal bit length 8 for port 'S' [D:/intelligent_traffic_light/intellight/accelerator/edit_Intellight_Accelerator_v1_0.srcs/sim_1/imports/sim/MII_tb.v:27]
Completed static elaboration
Starting simulation data flow analysis
Completed simulation data flow analysis
Time Resolution for simulation is 1ps
Compiling module xil_defaultlib.MII_default
Compiling module xil_defaultlib.MII_tb
Compiling module xil_defaultlib.glbl
Built simulation snapshot MII_tb_behav
INFO: [USF-XSim-69] 'elaborate' step finished in '3' seconds
INFO: [USF-XSim-4] XSim::Simulate design
INFO: [USF-XSim-61] Executing 'SIMULATE' step in 'D:/intelligent_traffic_light/intellight/accelerator/edit_Intellight_Accelerator_v1_0.sim/sim_1/behav/xsim'
INFO: [USF-XSim-98] *** Running xsim
   with args "MII_tb_behav -key {Behavioral:sim_1:Functional:MII_tb} -tclbatch {MII_tb.tcl} -log {simulate.log}"
INFO: [USF-XSim-8] Loading simulator feature
Time resolution is 1 ps
source MII_tb.tcl
# set curr_wave [current_wave_config]
# if { [string length $curr_wave] == 0 } {
#   if { [llength [get_objects]] > 0} {
#     add_wave /
#     set_property needs_save false [current_wave_config]
#   } else {
#      send_msg_id Add_Wave-1 WARNING "No top level signals found. Simulator will start without a wave window. If you want to open a wave window go to 'File->New Waveform Configuration' or type 'create_wave_config' in the TCL console."
#   }
# }
# run 1000ns
INFO: [USF-XSim-96] XSim completed. Design snapshot 'MII_tb_behav' loaded.
INFO: [USF-XSim-97] XSim simulation ran for 1000ns
launch_simulation: Time (s): cpu = 00:00:04 ; elapsed = 00:00:08 . Memory (MB): peak = 1561.699 ; gain = 0.000
run 10 us
relaunch_sim
Command: launch_simulation -step compile -simset sim_1 -mode behavioral
INFO: [Vivado 12-12493] Simulation top is 'MII_tb'
WARNING: [Vivado 12-13340] Unable to auto find GCC executables from simulator install path! (path not set)
WARNING: [Vivado 12-13277] Compiled library path does not exist: ''
INFO: [Vivado 12-5682] Launching behavioral simulation in 'D:/intelligent_traffic_light/intellight/accelerator/edit_Intellight_Accelerator_v1_0.sim/sim_1/behav/xsim'
INFO: [SIM-utils-51] Simulation object is 'sim_1'
INFO: [SIM-utils-72] Using boost library from 'D:/Program/Vivado/2022.1/tps/boost_1_72_0'
INFO: [SIM-utils-54] Inspecting design source files for 'MII_tb' in fileset 'sim_1'...
INFO: [USF-XSim-97] Finding global include files...
INFO: [USF-XSim-98] Fetching design files from 'sim_1'...
INFO: [USF-XSim-2] XSim::Compile design
INFO: [USF-XSim-61] Executing 'COMPILE and ANALYZE' step in 'D:/intelligent_traffic_light/intellight/accelerator/edit_Intellight_Accelerator_v1_0.sim/sim_1/behav/xsim'
"xvlog --incr --relax -prj MII_tb_vlog.prj"
INFO: [VRFC 10-2263] Analyzing Verilog file "D:/intelligent_traffic_light/intellight/accelerator/Intellight_Accelerator_1.0/hdl/MII.v" into library xil_defaultlib
INFO: [VRFC 10-311] analyzing module MII
INFO: [VRFC 10-2263] Analyzing Verilog file "D:/intelligent_traffic_light/intellight/accelerator/edit_Intellight_Accelerator_v1_0.srcs/sim_1/imports/sim/MII_tb.v" into library xil_defaultlib
INFO: [VRFC 10-311] analyzing module MII_tb
INFO: [USF-XSim-69] 'compile' step finished in '2' seconds
Command: launch_simulation -step elaborate -simset sim_1 -mode behavioral
INFO: [Vivado 12-12493] Simulation top is 'MII_tb'
WARNING: [Vivado 12-13340] Unable to auto find GCC executables from simulator install path! (path not set)
WARNING: [Vivado 12-13277] Compiled library path does not exist: ''
INFO: [Vivado 12-5682] Launching behavioral simulation in 'D:/intelligent_traffic_light/intellight/accelerator/edit_Intellight_Accelerator_v1_0.sim/sim_1/behav/xsim'
INFO: [SIM-utils-51] Simulation object is 'sim_1'
INFO: [USF-XSim-3] XSim::Elaborate design
INFO: [USF-XSim-61] Executing 'ELABORATE' step in 'D:/intelligent_traffic_light/intellight/accelerator/edit_Intellight_Accelerator_v1_0.sim/sim_1/behav/xsim'
"xelab --incr --debug typical --relax --mt 2 -L xil_defaultlib -L unisims_ver -L unimacro_ver -L secureip --snapshot MII_tb_behav xil_defaultlib.MII_tb xil_defaultlib.glbl -log elaborate.log"
Vivado Simulator v2022.1
Copyright 1986-1999, 2001-2022 Xilinx, Inc. All Rights Reserved.
Running: D:/Program/Vivado/2022.1/bin/unwrapped/win64.o/xelab.exe --incr --debug typical --relax --mt 2 -L xil_defaultlib -L unisims_ver -L unimacro_ver -L secureip --snapshot MII_tb_behav xil_defaultlib.MII_tb xil_defaultlib.glbl -log elaborate.log 
Using 2 slave threads.
Starting static elaboration
Pass Through NonSizing Optimizer
WARNING: [VRFC 10-3091] actual bit length 12 differs from formal bit length 8 for port 'S' [D:/intelligent_traffic_light/intellight/accelerator/edit_Intellight_Accelerator_v1_0.srcs/sim_1/imports/sim/MII_tb.v:27]
Completed static elaboration
Starting simulation data flow analysis
Completed simulation data flow analysis
Time Resolution for simulation is 1ps
Compiling module xil_defaultlib.MII_default
Compiling module xil_defaultlib.MII_tb
Compiling module xil_defaultlib.glbl
Built simulation snapshot MII_tb_behav
INFO: [USF-XSim-69] 'elaborate' step finished in '1' seconds
Time resolution is 1 ps
relaunch_sim
Command: launch_simulation -step compile -simset sim_1 -mode behavioral
INFO: [Vivado 12-12493] Simulation top is 'MII_tb'
WARNING: [Vivado 12-13340] Unable to auto find GCC executables from simulator install path! (path not set)
WARNING: [Vivado 12-13277] Compiled library path does not exist: ''
INFO: [Vivado 12-5682] Launching behavioral simulation in 'D:/intelligent_traffic_light/intellight/accelerator/edit_Intellight_Accelerator_v1_0.sim/sim_1/behav/xsim'
INFO: [SIM-utils-51] Simulation object is 'sim_1'
INFO: [USF-XSim-2] XSim::Compile design
INFO: [USF-XSim-61] Executing 'COMPILE and ANALYZE' step in 'D:/intelligent_traffic_light/intellight/accelerator/edit_Intellight_Accelerator_v1_0.sim/sim_1/behav/xsim'
"xvlog --incr --relax -prj MII_tb_vlog.prj"
INFO: [USF-XSim-69] 'compile' step finished in '1' seconds
Command: launch_simulation -step elaborate -simset sim_1 -mode behavioral
INFO: [Vivado 12-12493] Simulation top is 'MII_tb'
WARNING: [Vivado 12-13340] Unable to auto find GCC executables from simulator install path! (path not set)
WARNING: [Vivado 12-13277] Compiled library path does not exist: ''
INFO: [Vivado 12-5682] Launching behavioral simulation in 'D:/intelligent_traffic_light/intellight/accelerator/edit_Intellight_Accelerator_v1_0.sim/sim_1/behav/xsim'
INFO: [SIM-utils-51] Simulation object is 'sim_1'
INFO: [USF-XSim-3] XSim::Elaborate design
INFO: [USF-XSim-61] Executing 'ELABORATE' step in 'D:/intelligent_traffic_light/intellight/accelerator/edit_Intellight_Accelerator_v1_0.sim/sim_1/behav/xsim'
"xelab --incr --debug typical --relax --mt 2 -L xil_defaultlib -L unisims_ver -L unimacro_ver -L secureip --snapshot MII_tb_behav xil_defaultlib.MII_tb xil_defaultlib.glbl -log elaborate.log"
Vivado Simulator v2022.1
Copyright 1986-1999, 2001-2022 Xilinx, Inc. All Rights Reserved.
Running: D:/Program/Vivado/2022.1/bin/unwrapped/win64.o/xelab.exe --incr --debug typical --relax --mt 2 -L xil_defaultlib -L unisims_ver -L unimacro_ver -L secureip --snapshot MII_tb_behav xil_defaultlib.MII_tb xil_defaultlib.glbl -log elaborate.log 
Using 2 slave threads.
Starting static elaboration
Pass Through NonSizing Optimizer
WARNING: [VRFC 10-3091] actual bit length 12 differs from formal bit length 8 for port 'S' [D:/intelligent_traffic_light/intellight/accelerator/edit_Intellight_Accelerator_v1_0.srcs/sim_1/imports/sim/MII_tb.v:27]
Completed static elaboration
INFO: [XSIM 43-4323] No Change in HDL. Linking previously generated obj files to create kernel
INFO: [USF-XSim-69] 'elaborate' step finished in '1' seconds
Time resolution is 1 ps
relaunch_sim
Command: launch_simulation -step compile -simset sim_1 -mode behavioral
INFO: [Vivado 12-12493] Simulation top is 'MII_tb'
WARNING: [Vivado 12-13340] Unable to auto find GCC executables from simulator install path! (path not set)
WARNING: [Vivado 12-13277] Compiled library path does not exist: ''
INFO: [Vivado 12-5682] Launching behavioral simulation in 'D:/intelligent_traffic_light/intellight/accelerator/edit_Intellight_Accelerator_v1_0.sim/sim_1/behav/xsim'
INFO: [SIM-utils-51] Simulation object is 'sim_1'
INFO: [USF-XSim-2] XSim::Compile design
INFO: [USF-XSim-61] Executing 'COMPILE and ANALYZE' step in 'D:/intelligent_traffic_light/intellight/accelerator/edit_Intellight_Accelerator_v1_0.sim/sim_1/behav/xsim'
"xvlog --incr --relax -prj MII_tb_vlog.prj"
INFO: [VRFC 10-2263] Analyzing Verilog file "D:/intelligent_traffic_light/intellight/accelerator/Intellight_Accelerator_1.0/hdl/MII.v" into library xil_defaultlib
INFO: [VRFC 10-311] analyzing module MII
INFO: [VRFC 10-2263] Analyzing Verilog file "D:/intelligent_traffic_light/intellight/accelerator/edit_Intellight_Accelerator_v1_0.srcs/sim_1/imports/sim/MII_tb.v" into library xil_defaultlib
INFO: [VRFC 10-311] analyzing module MII_tb
ERROR: [VRFC 10-2989] 'L_WIDTH' is not declared [D:/intelligent_traffic_light/intellight/accelerator/edit_Intellight_Accelerator_v1_0.srcs/sim_1/imports/sim/MII_tb.v:20]
ERROR: [VRFC 10-1775] range must be bounded by constant expressions [D:/intelligent_traffic_light/intellight/accelerator/edit_Intellight_Accelerator_v1_0.srcs/sim_1/imports/sim/MII_tb.v:20]
ERROR: [VRFC 10-2989] 'L_WIDTH' is not declared [D:/intelligent_traffic_light/intellight/accelerator/edit_Intellight_Accelerator_v1_0.srcs/sim_1/imports/sim/MII_tb.v:21]
ERROR: [VRFC 10-1775] range must be bounded by constant expressions [D:/intelligent_traffic_light/intellight/accelerator/edit_Intellight_Accelerator_v1_0.srcs/sim_1/imports/sim/MII_tb.v:21]
ERROR: [VRFC 10-8530] module 'MII_tb' is ignored due to previous errors [D:/intelligent_traffic_light/intellight/accelerator/edit_Intellight_Accelerator_v1_0.srcs/sim_1/imports/sim/MII_tb.v:6]
INFO: [USF-XSim-69] 'compile' step finished in '1' seconds
INFO: [USF-XSim-99] Step results log file:'D:/intelligent_traffic_light/intellight/accelerator/edit_Intellight_Accelerator_v1_0.sim/sim_1/behav/xsim/xvlog.log'
ERROR: [USF-XSim-62] 'compile' step failed with error(s). Please check the Tcl console output or 'D:/intelligent_traffic_light/intellight/accelerator/edit_Intellight_Accelerator_v1_0.sim/sim_1/behav/xsim/xvlog.log' file for more information.
ERROR: [Vivado 12-4473] Detected error while running simulation. Please correct the issue and retry this operation.
ERROR: [Common 17-39] 'launch_simulation' failed due to earlier errors.
ERROR: [Common 17-69] Command failed: ERROR: [Common 17-39] 'launch_simulation' failed due to earlier errors.

relaunch_sim
Command: launch_simulation -step compile -simset sim_1 -mode behavioral
INFO: [Vivado 12-12493] Simulation top is 'MII_tb'
WARNING: [Vivado 12-13340] Unable to auto find GCC executables from simulator install path! (path not set)
WARNING: [Vivado 12-13277] Compiled library path does not exist: ''
INFO: [Vivado 12-5682] Launching behavioral simulation in 'D:/intelligent_traffic_light/intellight/accelerator/edit_Intellight_Accelerator_v1_0.sim/sim_1/behav/xsim'
INFO: [SIM-utils-51] Simulation object is 'sim_1'
INFO: [USF-XSim-2] XSim::Compile design
INFO: [USF-XSim-61] Executing 'COMPILE and ANALYZE' step in 'D:/intelligent_traffic_light/intellight/accelerator/edit_Intellight_Accelerator_v1_0.sim/sim_1/behav/xsim'
"xvlog --incr --relax -prj MII_tb_vlog.prj"
INFO: [VRFC 10-2263] Analyzing Verilog file "D:/intelligent_traffic_light/intellight/accelerator/Intellight_Accelerator_1.0/hdl/MII.v" into library xil_defaultlib
INFO: [VRFC 10-311] analyzing module MII
INFO: [VRFC 10-2263] Analyzing Verilog file "D:/intelligent_traffic_light/intellight/accelerator/edit_Intellight_Accelerator_v1_0.srcs/sim_1/imports/sim/MII_tb.v" into library xil_defaultlib
INFO: [VRFC 10-311] analyzing module MII_tb
ERROR: [VRFC 10-2989] 'S_WIDTH' is not declared [D:/intelligent_traffic_light/intellight/accelerator/edit_Intellight_Accelerator_v1_0.srcs/sim_1/imports/sim/MII_tb.v:13]
ERROR: [VRFC 10-1775] range must be bounded by constant expressions [D:/intelligent_traffic_light/intellight/accelerator/edit_Intellight_Accelerator_v1_0.srcs/sim_1/imports/sim/MII_tb.v:13]
ERROR: [VRFC 10-2989] 'A_WIDTH' is not declared [D:/intelligent_traffic_light/intellight/accelerator/edit_Intellight_Accelerator_v1_0.srcs/sim_1/imports/sim/MII_tb.v:16]
ERROR: [VRFC 10-1775] range must be bounded by constant expressions [D:/intelligent_traffic_light/intellight/accelerator/edit_Intellight_Accelerator_v1_0.srcs/sim_1/imports/sim/MII_tb.v:16]
ERROR: [VRFC 10-2989] 'WEN_WIDTH' is not declared [D:/intelligent_traffic_light/intellight/accelerator/edit_Intellight_Accelerator_v1_0.srcs/sim_1/imports/sim/MII_tb.v:21]
ERROR: [VRFC 10-1775] range must be bounded by constant expressions [D:/intelligent_traffic_light/intellight/accelerator/edit_Intellight_Accelerator_v1_0.srcs/sim_1/imports/sim/MII_tb.v:21]
ERROR: [VRFC 10-8530] module 'MII_tb' is ignored due to previous errors [D:/intelligent_traffic_light/intellight/accelerator/edit_Intellight_Accelerator_v1_0.srcs/sim_1/imports/sim/MII_tb.v:6]
INFO: [USF-XSim-69] 'compile' step finished in '2' seconds
INFO: [USF-XSim-99] Step results log file:'D:/intelligent_traffic_light/intellight/accelerator/edit_Intellight_Accelerator_v1_0.sim/sim_1/behav/xsim/xvlog.log'
ERROR: [USF-XSim-62] 'compile' step failed with error(s). Please check the Tcl console output or 'D:/intelligent_traffic_light/intellight/accelerator/edit_Intellight_Accelerator_v1_0.sim/sim_1/behav/xsim/xvlog.log' file for more information.
ERROR: [Vivado 12-4473] Detected error while running simulation. Please correct the issue and retry this operation.
ERROR: [Common 17-39] 'launch_simulation' failed due to earlier errors.
ERROR: [Common 17-69] Command failed: ERROR: [Common 17-39] 'launch_simulation' failed due to earlier errors.

relaunch_sim
Command: launch_simulation -step compile -simset sim_1 -mode behavioral
INFO: [Vivado 12-12493] Simulation top is 'MII_tb'
WARNING: [Vivado 12-13340] Unable to auto find GCC executables from simulator install path! (path not set)
WARNING: [Vivado 12-13277] Compiled library path does not exist: ''
INFO: [Vivado 12-5682] Launching behavioral simulation in 'D:/intelligent_traffic_light/intellight/accelerator/edit_Intellight_Accelerator_v1_0.sim/sim_1/behav/xsim'
INFO: [SIM-utils-51] Simulation object is 'sim_1'
INFO: [USF-XSim-2] XSim::Compile design
INFO: [USF-XSim-61] Executing 'COMPILE and ANALYZE' step in 'D:/intelligent_traffic_light/intellight/accelerator/edit_Intellight_Accelerator_v1_0.sim/sim_1/behav/xsim'
"xvlog --incr --relax -prj MII_tb_vlog.prj"
INFO: [VRFC 10-2263] Analyzing Verilog file "D:/intelligent_traffic_light/intellight/accelerator/Intellight_Accelerator_1.0/hdl/MII.v" into library xil_defaultlib
INFO: [VRFC 10-311] analyzing module MII
INFO: [VRFC 10-2263] Analyzing Verilog file "D:/intelligent_traffic_light/intellight/accelerator/edit_Intellight_Accelerator_v1_0.srcs/sim_1/imports/sim/MII_tb.v" into library xil_defaultlib
INFO: [VRFC 10-311] analyzing module MII_tb
INFO: [USF-XSim-69] 'compile' step finished in '1' seconds
Command: launch_simulation -step elaborate -simset sim_1 -mode behavioral
INFO: [Vivado 12-12493] Simulation top is 'MII_tb'
WARNING: [Vivado 12-13340] Unable to auto find GCC executables from simulator install path! (path not set)
WARNING: [Vivado 12-13277] Compiled library path does not exist: ''
INFO: [Vivado 12-5682] Launching behavioral simulation in 'D:/intelligent_traffic_light/intellight/accelerator/edit_Intellight_Accelerator_v1_0.sim/sim_1/behav/xsim'
INFO: [SIM-utils-51] Simulation object is 'sim_1'
INFO: [USF-XSim-3] XSim::Elaborate design
INFO: [USF-XSim-61] Executing 'ELABORATE' step in 'D:/intelligent_traffic_light/intellight/accelerator/edit_Intellight_Accelerator_v1_0.sim/sim_1/behav/xsim'
"xelab --incr --debug typical --relax --mt 2 -L xil_defaultlib -L unisims_ver -L unimacro_ver -L secureip --snapshot MII_tb_behav xil_defaultlib.MII_tb xil_defaultlib.glbl -log elaborate.log"
Vivado Simulator v2022.1
Copyright 1986-1999, 2001-2022 Xilinx, Inc. All Rights Reserved.
Running: D:/Program/Vivado/2022.1/bin/unwrapped/win64.o/xelab.exe --incr --debug typical --relax --mt 2 -L xil_defaultlib -L unisims_ver -L unimacro_ver -L secureip --snapshot MII_tb_behav xil_defaultlib.MII_tb xil_defaultlib.glbl -log elaborate.log 
Using 2 slave threads.
Starting static elaboration
Pass Through NonSizing Optimizer
Completed static elaboration
Starting simulation data flow analysis
Completed simulation data flow analysis
Time Resolution for simulation is 1ps
Compiling module xil_defaultlib.MII_default
Compiling module xil_defaultlib.MII_tb
Compiling module xil_defaultlib.glbl
Built simulation snapshot MII_tb_behav
INFO: [USF-XSim-69] 'elaborate' step finished in '2' seconds
Time resolution is 1 ps
relaunch_sim
Command: launch_simulation -step compile -simset sim_1 -mode behavioral
INFO: [Vivado 12-12493] Simulation top is 'MII_tb'
WARNING: [Vivado 12-13340] Unable to auto find GCC executables from simulator install path! (path not set)
WARNING: [Vivado 12-13277] Compiled library path does not exist: ''
INFO: [Vivado 12-5682] Launching behavioral simulation in 'D:/intelligent_traffic_light/intellight/accelerator/edit_Intellight_Accelerator_v1_0.sim/sim_1/behav/xsim'
INFO: [SIM-utils-51] Simulation object is 'sim_1'
INFO: [USF-XSim-2] XSim::Compile design
INFO: [USF-XSim-61] Executing 'COMPILE and ANALYZE' step in 'D:/intelligent_traffic_light/intellight/accelerator/edit_Intellight_Accelerator_v1_0.sim/sim_1/behav/xsim'
"xvlog --incr --relax -prj MII_tb_vlog.prj"
INFO: [VRFC 10-2263] Analyzing Verilog file "D:/intelligent_traffic_light/intellight/accelerator/Intellight_Accelerator_1.0/hdl/MII.v" into library xil_defaultlib
INFO: [VRFC 10-311] analyzing module MII
INFO: [VRFC 10-2263] Analyzing Verilog file "D:/intelligent_traffic_light/intellight/accelerator/edit_Intellight_Accelerator_v1_0.srcs/sim_1/imports/sim/MII_tb.v" into library xil_defaultlib
INFO: [VRFC 10-311] analyzing module MII_tb
INFO: [USF-XSim-69] 'compile' step finished in '1' seconds
Command: launch_simulation -step elaborate -simset sim_1 -mode behavioral
INFO: [Vivado 12-12493] Simulation top is 'MII_tb'
WARNING: [Vivado 12-13340] Unable to auto find GCC executables from simulator install path! (path not set)
WARNING: [Vivado 12-13277] Compiled library path does not exist: ''
INFO: [Vivado 12-5682] Launching behavioral simulation in 'D:/intelligent_traffic_light/intellight/accelerator/edit_Intellight_Accelerator_v1_0.sim/sim_1/behav/xsim'
INFO: [SIM-utils-51] Simulation object is 'sim_1'
INFO: [USF-XSim-3] XSim::Elaborate design
INFO: [USF-XSim-61] Executing 'ELABORATE' step in 'D:/intelligent_traffic_light/intellight/accelerator/edit_Intellight_Accelerator_v1_0.sim/sim_1/behav/xsim'
"xelab --incr --debug typical --relax --mt 2 -L xil_defaultlib -L unisims_ver -L unimacro_ver -L secureip --snapshot MII_tb_behav xil_defaultlib.MII_tb xil_defaultlib.glbl -log elaborate.log"
Vivado Simulator v2022.1
Copyright 1986-1999, 2001-2022 Xilinx, Inc. All Rights Reserved.
Running: D:/Program/Vivado/2022.1/bin/unwrapped/win64.o/xelab.exe --incr --debug typical --relax --mt 2 -L xil_defaultlib -L unisims_ver -L unimacro_ver -L secureip --snapshot MII_tb_behav xil_defaultlib.MII_tb xil_defaultlib.glbl -log elaborate.log 
Using 2 slave threads.
Starting static elaboration
Pass Through NonSizing Optimizer
Completed static elaboration
Starting simulation data flow analysis
Completed simulation data flow analysis
Time Resolution for simulation is 1ps
Compiling module xil_defaultlib.MII_default
Compiling module xil_defaultlib.MII_tb
Compiling module xil_defaultlib.glbl
Built simulation snapshot MII_tb_behav
INFO: [USF-XSim-69] 'elaborate' step finished in '2' seconds
Time resolution is 1 ps
close_sim
INFO: [Simtcl 6-16] Simulation closed
launch_simulation
Command: launch_simulation 
INFO: [Vivado 12-12493] Simulation top is 'MII_tb'
WARNING: [Vivado 12-13340] Unable to auto find GCC executables from simulator install path! (path not set)
WARNING: [Vivado 12-13277] Compiled library path does not exist: ''
INFO: [Vivado 12-5682] Launching behavioral simulation in 'D:/intelligent_traffic_light/intellight/accelerator/edit_Intellight_Accelerator_v1_0.sim/sim_1/behav/xsim'
INFO: [SIM-utils-51] Simulation object is 'sim_1'
INFO: [SIM-utils-72] Using boost library from 'D:/Program/Vivado/2022.1/tps/boost_1_72_0'
INFO: [SIM-utils-54] Inspecting design source files for 'MII_tb' in fileset 'sim_1'...
INFO: [USF-XSim-97] Finding global include files...
INFO: [USF-XSim-98] Fetching design files from 'sim_1'...
INFO: [USF-XSim-2] XSim::Compile design
INFO: [USF-XSim-61] Executing 'COMPILE and ANALYZE' step in 'D:/intelligent_traffic_light/intellight/accelerator/edit_Intellight_Accelerator_v1_0.sim/sim_1/behav/xsim'
"xvlog --incr --relax -prj MII_tb_vlog.prj"
INFO: [VRFC 10-2263] Analyzing Verilog file "D:/intelligent_traffic_light/intellight/accelerator/Intellight_Accelerator_1.0/hdl/MII.v" into library xil_defaultlib
INFO: [VRFC 10-311] analyzing module MII
INFO: [VRFC 10-2263] Analyzing Verilog file "D:/intelligent_traffic_light/intellight/accelerator/edit_Intellight_Accelerator_v1_0.srcs/sim_1/imports/sim/MII_tb.v" into library xil_defaultlib
INFO: [VRFC 10-311] analyzing module MII_tb
INFO: [USF-XSim-69] 'compile' step finished in '2' seconds
INFO: [USF-XSim-3] XSim::Elaborate design
INFO: [USF-XSim-61] Executing 'ELABORATE' step in 'D:/intelligent_traffic_light/intellight/accelerator/edit_Intellight_Accelerator_v1_0.sim/sim_1/behav/xsim'
"xelab --incr --debug typical --relax --mt 2 -L xil_defaultlib -L unisims_ver -L unimacro_ver -L secureip --snapshot MII_tb_behav xil_defaultlib.MII_tb xil_defaultlib.glbl -log elaborate.log"
Vivado Simulator v2022.1
Copyright 1986-1999, 2001-2022 Xilinx, Inc. All Rights Reserved.
Running: D:/Program/Vivado/2022.1/bin/unwrapped/win64.o/xelab.exe --incr --debug typical --relax --mt 2 -L xil_defaultlib -L unisims_ver -L unimacro_ver -L secureip --snapshot MII_tb_behav xil_defaultlib.MII_tb xil_defaultlib.glbl -log elaborate.log 
Using 2 slave threads.
Starting static elaboration
Pass Through NonSizing Optimizer
Completed static elaboration
Starting simulation data flow analysis
Completed simulation data flow analysis
Time Resolution for simulation is 1ps
Compiling module xil_defaultlib.MII_default
Compiling module xil_defaultlib.MII_tb
Compiling module xil_defaultlib.glbl
Built simulation snapshot MII_tb_behav
INFO: [USF-XSim-69] 'elaborate' step finished in '1' seconds
INFO: [USF-XSim-4] XSim::Simulate design
INFO: [USF-XSim-61] Executing 'SIMULATE' step in 'D:/intelligent_traffic_light/intellight/accelerator/edit_Intellight_Accelerator_v1_0.sim/sim_1/behav/xsim'
INFO: [USF-XSim-98] *** Running xsim
   with args "MII_tb_behav -key {Behavioral:sim_1:Functional:MII_tb} -tclbatch {MII_tb.tcl} -log {simulate.log}"
INFO: [USF-XSim-8] Loading simulator feature
Time resolution is 1 ps
source MII_tb.tcl
# set curr_wave [current_wave_config]
# if { [string length $curr_wave] == 0 } {
#   if { [llength [get_objects]] > 0} {
#     add_wave /
#     set_property needs_save false [current_wave_config]
#   } else {
#      send_msg_id Add_Wave-1 WARNING "No top level signals found. Simulator will start without a wave window. If you want to open a wave window go to 'File->New Waveform Configuration' or type 'create_wave_config' in the TCL console."
#   }
# }
# run 1000ns
INFO: [USF-XSim-96] XSim completed. Design snapshot 'MII_tb_behav' loaded.
INFO: [USF-XSim-97] XSim simulation ran for 1000ns
relaunch_sim
Command: launch_simulation -step compile -simset sim_1 -mode behavioral
INFO: [Vivado 12-12493] Simulation top is 'MII_tb'
WARNING: [Vivado 12-13340] Unable to auto find GCC executables from simulator install path! (path not set)
WARNING: [Vivado 12-13277] Compiled library path does not exist: ''
INFO: [Vivado 12-5682] Launching behavioral simulation in 'D:/intelligent_traffic_light/intellight/accelerator/edit_Intellight_Accelerator_v1_0.sim/sim_1/behav/xsim'
INFO: [SIM-utils-51] Simulation object is 'sim_1'
INFO: [USF-XSim-2] XSim::Compile design
INFO: [USF-XSim-61] Executing 'COMPILE and ANALYZE' step in 'D:/intelligent_traffic_light/intellight/accelerator/edit_Intellight_Accelerator_v1_0.sim/sim_1/behav/xsim'
"xvlog --incr --relax -prj MII_tb_vlog.prj"
INFO: [VRFC 10-2263] Analyzing Verilog file "D:/intelligent_traffic_light/intellight/accelerator/Intellight_Accelerator_1.0/hdl/MII.v" into library xil_defaultlib
INFO: [VRFC 10-311] analyzing module MII
INFO: [VRFC 10-2263] Analyzing Verilog file "D:/intelligent_traffic_light/intellight/accelerator/edit_Intellight_Accelerator_v1_0.srcs/sim_1/imports/sim/MII_tb.v" into library xil_defaultlib
INFO: [VRFC 10-311] analyzing module MII_tb
INFO: [USF-XSim-69] 'compile' step finished in '1' seconds
Command: launch_simulation -step elaborate -simset sim_1 -mode behavioral
INFO: [Vivado 12-12493] Simulation top is 'MII_tb'
WARNING: [Vivado 12-13340] Unable to auto find GCC executables from simulator install path! (path not set)
WARNING: [Vivado 12-13277] Compiled library path does not exist: ''
INFO: [Vivado 12-5682] Launching behavioral simulation in 'D:/intelligent_traffic_light/intellight/accelerator/edit_Intellight_Accelerator_v1_0.sim/sim_1/behav/xsim'
INFO: [SIM-utils-51] Simulation object is 'sim_1'
INFO: [USF-XSim-3] XSim::Elaborate design
INFO: [USF-XSim-61] Executing 'ELABORATE' step in 'D:/intelligent_traffic_light/intellight/accelerator/edit_Intellight_Accelerator_v1_0.sim/sim_1/behav/xsim'
"xelab --incr --debug typical --relax --mt 2 -L xil_defaultlib -L unisims_ver -L unimacro_ver -L secureip --snapshot MII_tb_behav xil_defaultlib.MII_tb xil_defaultlib.glbl -log elaborate.log"
Vivado Simulator v2022.1
Copyright 1986-1999, 2001-2022 Xilinx, Inc. All Rights Reserved.
Running: D:/Program/Vivado/2022.1/bin/unwrapped/win64.o/xelab.exe --incr --debug typical --relax --mt 2 -L xil_defaultlib -L unisims_ver -L unimacro_ver -L secureip --snapshot MII_tb_behav xil_defaultlib.MII_tb xil_defaultlib.glbl -log elaborate.log 
Using 2 slave threads.
Starting static elaboration
Pass Through NonSizing Optimizer
Completed static elaboration
Starting simulation data flow analysis
Completed simulation data flow analysis
Time Resolution for simulation is 1ps
Compiling module xil_defaultlib.MII_default
Compiling module xil_defaultlib.MII_tb
Compiling module xil_defaultlib.glbl
Built simulation snapshot MII_tb_behav
INFO: [USF-XSim-69] 'elaborate' step finished in '2' seconds
Time resolution is 1 ps
relaunch_sim
Command: launch_simulation -step compile -simset sim_1 -mode behavioral
INFO: [Vivado 12-12493] Simulation top is 'MII_tb'
WARNING: [Vivado 12-13340] Unable to auto find GCC executables from simulator install path! (path not set)
WARNING: [Vivado 12-13277] Compiled library path does not exist: ''
INFO: [Vivado 12-5682] Launching behavioral simulation in 'D:/intelligent_traffic_light/intellight/accelerator/edit_Intellight_Accelerator_v1_0.sim/sim_1/behav/xsim'
INFO: [SIM-utils-51] Simulation object is 'sim_1'
INFO: [USF-XSim-2] XSim::Compile design
INFO: [USF-XSim-61] Executing 'COMPILE and ANALYZE' step in 'D:/intelligent_traffic_light/intellight/accelerator/edit_Intellight_Accelerator_v1_0.sim/sim_1/behav/xsim'
"xvlog --incr --relax -prj MII_tb_vlog.prj"
INFO: [USF-XSim-69] 'compile' step finished in '1' seconds
Command: launch_simulation -step elaborate -simset sim_1 -mode behavioral
INFO: [Vivado 12-12493] Simulation top is 'MII_tb'
WARNING: [Vivado 12-13340] Unable to auto find GCC executables from simulator install path! (path not set)
WARNING: [Vivado 12-13277] Compiled library path does not exist: ''
INFO: [Vivado 12-5682] Launching behavioral simulation in 'D:/intelligent_traffic_light/intellight/accelerator/edit_Intellight_Accelerator_v1_0.sim/sim_1/behav/xsim'
INFO: [SIM-utils-51] Simulation object is 'sim_1'
INFO: [USF-XSim-3] XSim::Elaborate design
INFO: [USF-XSim-61] Executing 'ELABORATE' step in 'D:/intelligent_traffic_light/intellight/accelerator/edit_Intellight_Accelerator_v1_0.sim/sim_1/behav/xsim'
"xelab --incr --debug typical --relax --mt 2 -L xil_defaultlib -L unisims_ver -L unimacro_ver -L secureip --snapshot MII_tb_behav xil_defaultlib.MII_tb xil_defaultlib.glbl -log elaborate.log"
Vivado Simulator v2022.1
Copyright 1986-1999, 2001-2022 Xilinx, Inc. All Rights Reserved.
Running: D:/Program/Vivado/2022.1/bin/unwrapped/win64.o/xelab.exe --incr --debug typical --relax --mt 2 -L xil_defaultlib -L unisims_ver -L unimacro_ver -L secureip --snapshot MII_tb_behav xil_defaultlib.MII_tb xil_defaultlib.glbl -log elaborate.log 
Using 2 slave threads.
Starting static elaboration
Pass Through NonSizing Optimizer
Completed static elaboration
INFO: [XSIM 43-4323] No Change in HDL. Linking previously generated obj files to create kernel
INFO: [USF-XSim-69] 'elaborate' step finished in '1' seconds
Time resolution is 1 ps
relaunch_sim
Command: launch_simulation -step compile -simset sim_1 -mode behavioral
INFO: [Vivado 12-12493] Simulation top is 'MII_tb'
WARNING: [Vivado 12-13340] Unable to auto find GCC executables from simulator install path! (path not set)
WARNING: [Vivado 12-13277] Compiled library path does not exist: ''
INFO: [Vivado 12-5682] Launching behavioral simulation in 'D:/intelligent_traffic_light/intellight/accelerator/edit_Intellight_Accelerator_v1_0.sim/sim_1/behav/xsim'
INFO: [SIM-utils-51] Simulation object is 'sim_1'
INFO: [USF-XSim-2] XSim::Compile design
INFO: [USF-XSim-61] Executing 'COMPILE and ANALYZE' step in 'D:/intelligent_traffic_light/intellight/accelerator/edit_Intellight_Accelerator_v1_0.sim/sim_1/behav/xsim'
"xvlog --incr --relax -prj MII_tb_vlog.prj"
INFO: [VRFC 10-2263] Analyzing Verilog file "D:/intelligent_traffic_light/intellight/accelerator/Intellight_Accelerator_1.0/hdl/MII.v" into library xil_defaultlib
INFO: [VRFC 10-311] analyzing module MII
WARNING: [VRFC 10-9336] redeclaration of ANSI port 'D' is not allowed [D:/intelligent_traffic_light/intellight/accelerator/Intellight_Accelerator_1.0/hdl/MII.v:43]
INFO: [VRFC 10-2263] Analyzing Verilog file "D:/intelligent_traffic_light/intellight/accelerator/edit_Intellight_Accelerator_v1_0.srcs/sim_1/imports/sim/MII_tb.v" into library xil_defaultlib
INFO: [VRFC 10-311] analyzing module MII_tb
INFO: [USF-XSim-69] 'compile' step finished in '1' seconds
Command: launch_simulation -step elaborate -simset sim_1 -mode behavioral
INFO: [Vivado 12-12493] Simulation top is 'MII_tb'
WARNING: [Vivado 12-13340] Unable to auto find GCC executables from simulator install path! (path not set)
WARNING: [Vivado 12-13277] Compiled library path does not exist: ''
INFO: [Vivado 12-5682] Launching behavioral simulation in 'D:/intelligent_traffic_light/intellight/accelerator/edit_Intellight_Accelerator_v1_0.sim/sim_1/behav/xsim'
INFO: [SIM-utils-51] Simulation object is 'sim_1'
INFO: [USF-XSim-3] XSim::Elaborate design
INFO: [USF-XSim-61] Executing 'ELABORATE' step in 'D:/intelligent_traffic_light/intellight/accelerator/edit_Intellight_Accelerator_v1_0.sim/sim_1/behav/xsim'
"xelab --incr --debug typical --relax --mt 2 -L xil_defaultlib -L unisims_ver -L unimacro_ver -L secureip --snapshot MII_tb_behav xil_defaultlib.MII_tb xil_defaultlib.glbl -log elaborate.log"
Vivado Simulator v2022.1
Copyright 1986-1999, 2001-2022 Xilinx, Inc. All Rights Reserved.
Running: D:/Program/Vivado/2022.1/bin/unwrapped/win64.o/xelab.exe --incr --debug typical --relax --mt 2 -L xil_defaultlib -L unisims_ver -L unimacro_ver -L secureip --snapshot MII_tb_behav xil_defaultlib.MII_tb xil_defaultlib.glbl -log elaborate.log 
Using 2 slave threads.
Starting static elaboration
Pass Through NonSizing Optimizer
Completed static elaboration
Starting simulation data flow analysis
Completed simulation data flow analysis
Time Resolution for simulation is 1ps
Compiling module xil_defaultlib.MII_default
Compiling module xil_defaultlib.MII_tb
Compiling module xil_defaultlib.glbl
Built simulation snapshot MII_tb_behav
INFO: [USF-XSim-69] 'elaborate' step finished in '1' seconds
Time resolution is 1 ps
close_sim
INFO: [Simtcl 6-16] Simulation closed
launch_simulation
Command: launch_simulation 
INFO: [Vivado 12-12493] Simulation top is 'MII_tb'
WARNING: [Vivado 12-13340] Unable to auto find GCC executables from simulator install path! (path not set)
WARNING: [Vivado 12-13277] Compiled library path does not exist: ''
INFO: [Vivado 12-5682] Launching behavioral simulation in 'D:/intelligent_traffic_light/intellight/accelerator/edit_Intellight_Accelerator_v1_0.sim/sim_1/behav/xsim'
INFO: [SIM-utils-51] Simulation object is 'sim_1'
INFO: [SIM-utils-72] Using boost library from 'D:/Program/Vivado/2022.1/tps/boost_1_72_0'
INFO: [SIM-utils-54] Inspecting design source files for 'MII_tb' in fileset 'sim_1'...
INFO: [USF-XSim-97] Finding global include files...
INFO: [USF-XSim-98] Fetching design files from 'sim_1'...
INFO: [USF-XSim-2] XSim::Compile design
INFO: [USF-XSim-61] Executing 'COMPILE and ANALYZE' step in 'D:/intelligent_traffic_light/intellight/accelerator/edit_Intellight_Accelerator_v1_0.sim/sim_1/behav/xsim'
"xvlog --incr --relax -prj MII_tb_vlog.prj"
INFO: [VRFC 10-2263] Analyzing Verilog file "D:/intelligent_traffic_light/intellight/accelerator/Intellight_Accelerator_1.0/hdl/MII.v" into library xil_defaultlib
INFO: [VRFC 10-311] analyzing module MII
WARNING: [VRFC 10-9336] redeclaration of ANSI port 'D' is not allowed [D:/intelligent_traffic_light/intellight/accelerator/Intellight_Accelerator_1.0/hdl/MII.v:43]
INFO: [VRFC 10-2263] Analyzing Verilog file "D:/intelligent_traffic_light/intellight/accelerator/edit_Intellight_Accelerator_v1_0.srcs/sim_1/imports/sim/MII_tb.v" into library xil_defaultlib
INFO: [VRFC 10-311] analyzing module MII_tb
INFO: [USF-XSim-69] 'compile' step finished in '1' seconds
INFO: [USF-XSim-3] XSim::Elaborate design
INFO: [USF-XSim-61] Executing 'ELABORATE' step in 'D:/intelligent_traffic_light/intellight/accelerator/edit_Intellight_Accelerator_v1_0.sim/sim_1/behav/xsim'
"xelab --incr --debug typical --relax --mt 2 -L xil_defaultlib -L unisims_ver -L unimacro_ver -L secureip --snapshot MII_tb_behav xil_defaultlib.MII_tb xil_defaultlib.glbl -log elaborate.log"
Vivado Simulator v2022.1
Copyright 1986-1999, 2001-2022 Xilinx, Inc. All Rights Reserved.
Running: D:/Program/Vivado/2022.1/bin/unwrapped/win64.o/xelab.exe --incr --debug typical --relax --mt 2 -L xil_defaultlib -L unisims_ver -L unimacro_ver -L secureip --snapshot MII_tb_behav xil_defaultlib.MII_tb xil_defaultlib.glbl -log elaborate.log 
Using 2 slave threads.
Starting static elaboration
Pass Through NonSizing Optimizer
Completed static elaboration
Starting simulation data flow analysis
Completed simulation data flow analysis
Time Resolution for simulation is 1ps
Compiling module xil_defaultlib.MII_default
Compiling module xil_defaultlib.MII_tb
Compiling module xil_defaultlib.glbl
Built simulation snapshot MII_tb_behav
INFO: [USF-XSim-69] 'elaborate' step finished in '2' seconds
INFO: [USF-XSim-4] XSim::Simulate design
INFO: [USF-XSim-61] Executing 'SIMULATE' step in 'D:/intelligent_traffic_light/intellight/accelerator/edit_Intellight_Accelerator_v1_0.sim/sim_1/behav/xsim'
INFO: [USF-XSim-98] *** Running xsim
   with args "MII_tb_behav -key {Behavioral:sim_1:Functional:MII_tb} -tclbatch {MII_tb.tcl} -log {simulate.log}"
INFO: [USF-XSim-8] Loading simulator feature
Time resolution is 1 ps
source MII_tb.tcl
# set curr_wave [current_wave_config]
# if { [string length $curr_wave] == 0 } {
#   if { [llength [get_objects]] > 0} {
#     add_wave /
#     set_property needs_save false [current_wave_config]
#   } else {
#      send_msg_id Add_Wave-1 WARNING "No top level signals found. Simulator will start without a wave window. If you want to open a wave window go to 'File->New Waveform Configuration' or type 'create_wave_config' in the TCL console."
#   }
# }
# run 1000ns
INFO: [USF-XSim-96] XSim completed. Design snapshot 'MII_tb_behav' loaded.
INFO: [USF-XSim-97] XSim simulation ran for 1000ns
relaunch_sim
Command: launch_simulation -step compile -simset sim_1 -mode behavioral
INFO: [Vivado 12-12493] Simulation top is 'MII_tb'
WARNING: [Vivado 12-13340] Unable to auto find GCC executables from simulator install path! (path not set)
WARNING: [Vivado 12-13277] Compiled library path does not exist: ''
INFO: [Vivado 12-5682] Launching behavioral simulation in 'D:/intelligent_traffic_light/intellight/accelerator/edit_Intellight_Accelerator_v1_0.sim/sim_1/behav/xsim'
INFO: [SIM-utils-51] Simulation object is 'sim_1'
INFO: [USF-XSim-2] XSim::Compile design
INFO: [USF-XSim-61] Executing 'COMPILE and ANALYZE' step in 'D:/intelligent_traffic_light/intellight/accelerator/edit_Intellight_Accelerator_v1_0.sim/sim_1/behav/xsim'
"xvlog --incr --relax -prj MII_tb_vlog.prj"
INFO: [VRFC 10-2263] Analyzing Verilog file "D:/intelligent_traffic_light/intellight/accelerator/Intellight_Accelerator_1.0/hdl/MII.v" into library xil_defaultlib
INFO: [VRFC 10-311] analyzing module MII
WARNING: [VRFC 10-9336] redeclaration of ANSI port 'D' is not allowed [D:/intelligent_traffic_light/intellight/accelerator/Intellight_Accelerator_1.0/hdl/MII.v:43]
INFO: [VRFC 10-2263] Analyzing Verilog file "D:/intelligent_traffic_light/intellight/accelerator/edit_Intellight_Accelerator_v1_0.srcs/sim_1/imports/sim/MII_tb.v" into library xil_defaultlib
INFO: [VRFC 10-311] analyzing module MII_tb
INFO: [USF-XSim-69] 'compile' step finished in '1' seconds
Command: launch_simulation -step elaborate -simset sim_1 -mode behavioral
INFO: [Vivado 12-12493] Simulation top is 'MII_tb'
WARNING: [Vivado 12-13340] Unable to auto find GCC executables from simulator install path! (path not set)
WARNING: [Vivado 12-13277] Compiled library path does not exist: ''
INFO: [Vivado 12-5682] Launching behavioral simulation in 'D:/intelligent_traffic_light/intellight/accelerator/edit_Intellight_Accelerator_v1_0.sim/sim_1/behav/xsim'
INFO: [SIM-utils-51] Simulation object is 'sim_1'
INFO: [USF-XSim-3] XSim::Elaborate design
INFO: [USF-XSim-61] Executing 'ELABORATE' step in 'D:/intelligent_traffic_light/intellight/accelerator/edit_Intellight_Accelerator_v1_0.sim/sim_1/behav/xsim'
"xelab --incr --debug typical --relax --mt 2 -L xil_defaultlib -L unisims_ver -L unimacro_ver -L secureip --snapshot MII_tb_behav xil_defaultlib.MII_tb xil_defaultlib.glbl -log elaborate.log"
Vivado Simulator v2022.1
Copyright 1986-1999, 2001-2022 Xilinx, Inc. All Rights Reserved.
Running: D:/Program/Vivado/2022.1/bin/unwrapped/win64.o/xelab.exe --incr --debug typical --relax --mt 2 -L xil_defaultlib -L unisims_ver -L unimacro_ver -L secureip --snapshot MII_tb_behav xil_defaultlib.MII_tb xil_defaultlib.glbl -log elaborate.log 
Using 2 slave threads.
Starting static elaboration
Pass Through NonSizing Optimizer
Completed static elaboration
Starting simulation data flow analysis
Completed simulation data flow analysis
Time Resolution for simulation is 1ps
Compiling module xil_defaultlib.MII_default
Compiling module xil_defaultlib.MII_tb
Compiling module xil_defaultlib.glbl
Built simulation snapshot MII_tb_behav
INFO: [USF-XSim-69] 'elaborate' step finished in '2' seconds
Time resolution is 1 ps
relaunch_sim
Command: launch_simulation -step compile -simset sim_1 -mode behavioral
INFO: [Vivado 12-12493] Simulation top is 'MII_tb'
WARNING: [Vivado 12-13340] Unable to auto find GCC executables from simulator install path! (path not set)
WARNING: [Vivado 12-13277] Compiled library path does not exist: ''
INFO: [Vivado 12-5682] Launching behavioral simulation in 'D:/intelligent_traffic_light/intellight/accelerator/edit_Intellight_Accelerator_v1_0.sim/sim_1/behav/xsim'
INFO: [SIM-utils-51] Simulation object is 'sim_1'
INFO: [USF-XSim-2] XSim::Compile design
INFO: [USF-XSim-61] Executing 'COMPILE and ANALYZE' step in 'D:/intelligent_traffic_light/intellight/accelerator/edit_Intellight_Accelerator_v1_0.sim/sim_1/behav/xsim'
"xvlog --incr --relax -prj MII_tb_vlog.prj"
INFO: [USF-XSim-69] 'compile' step finished in '1' seconds
Command: launch_simulation -step elaborate -simset sim_1 -mode behavioral
INFO: [Vivado 12-12493] Simulation top is 'MII_tb'
WARNING: [Vivado 12-13340] Unable to auto find GCC executables from simulator install path! (path not set)
WARNING: [Vivado 12-13277] Compiled library path does not exist: ''
INFO: [Vivado 12-5682] Launching behavioral simulation in 'D:/intelligent_traffic_light/intellight/accelerator/edit_Intellight_Accelerator_v1_0.sim/sim_1/behav/xsim'
INFO: [SIM-utils-51] Simulation object is 'sim_1'
INFO: [USF-XSim-3] XSim::Elaborate design
INFO: [USF-XSim-61] Executing 'ELABORATE' step in 'D:/intelligent_traffic_light/intellight/accelerator/edit_Intellight_Accelerator_v1_0.sim/sim_1/behav/xsim'
"xelab --incr --debug typical --relax --mt 2 -L xil_defaultlib -L unisims_ver -L unimacro_ver -L secureip --snapshot MII_tb_behav xil_defaultlib.MII_tb xil_defaultlib.glbl -log elaborate.log"
Vivado Simulator v2022.1
Copyright 1986-1999, 2001-2022 Xilinx, Inc. All Rights Reserved.
Running: D:/Program/Vivado/2022.1/bin/unwrapped/win64.o/xelab.exe --incr --debug typical --relax --mt 2 -L xil_defaultlib -L unisims_ver -L unimacro_ver -L secureip --snapshot MII_tb_behav xil_defaultlib.MII_tb xil_defaultlib.glbl -log elaborate.log 
Using 2 slave threads.
Starting static elaboration
Pass Through NonSizing Optimizer
Completed static elaboration
INFO: [XSIM 43-4323] No Change in HDL. Linking previously generated obj files to create kernel
INFO: [USF-XSim-69] 'elaborate' step finished in '1' seconds
Time resolution is 1 ps
relaunch_sim
Command: launch_simulation -step compile -simset sim_1 -mode behavioral
INFO: [Vivado 12-12493] Simulation top is 'MII_tb'
WARNING: [Vivado 12-13340] Unable to auto find GCC executables from simulator install path! (path not set)
WARNING: [Vivado 12-13277] Compiled library path does not exist: ''
INFO: [Vivado 12-5682] Launching behavioral simulation in 'D:/intelligent_traffic_light/intellight/accelerator/edit_Intellight_Accelerator_v1_0.sim/sim_1/behav/xsim'
INFO: [SIM-utils-51] Simulation object is 'sim_1'
INFO: [USF-XSim-2] XSim::Compile design
INFO: [USF-XSim-61] Executing 'COMPILE and ANALYZE' step in 'D:/intelligent_traffic_light/intellight/accelerator/edit_Intellight_Accelerator_v1_0.sim/sim_1/behav/xsim'
"xvlog --incr --relax -prj MII_tb_vlog.prj"
INFO: [VRFC 10-2263] Analyzing Verilog file "D:/intelligent_traffic_light/intellight/accelerator/Intellight_Accelerator_1.0/hdl/MII.v" into library xil_defaultlib
INFO: [VRFC 10-311] analyzing module MII
WARNING: [VRFC 10-9336] redeclaration of ANSI port 'D' is not allowed [D:/intelligent_traffic_light/intellight/accelerator/Intellight_Accelerator_1.0/hdl/MII.v:45]
WARNING: [VRFC 10-9336] redeclaration of ANSI port 'A_road' is not allowed [D:/intelligent_traffic_light/intellight/accelerator/Intellight_Accelerator_1.0/hdl/MII.v:49]
WARNING: [VRFC 10-9336] redeclaration of ANSI port 'A_dur' is not allowed [D:/intelligent_traffic_light/intellight/accelerator/Intellight_Accelerator_1.0/hdl/MII.v:50]
INFO: [VRFC 10-2263] Analyzing Verilog file "D:/intelligent_traffic_light/intellight/accelerator/edit_Intellight_Accelerator_v1_0.srcs/sim_1/imports/sim/MII_tb.v" into library xil_defaultlib
INFO: [VRFC 10-311] analyzing module MII_tb
INFO: [USF-XSim-69] 'compile' step finished in '1' seconds
Command: launch_simulation -step elaborate -simset sim_1 -mode behavioral
INFO: [Vivado 12-12493] Simulation top is 'MII_tb'
WARNING: [Vivado 12-13340] Unable to auto find GCC executables from simulator install path! (path not set)
WARNING: [Vivado 12-13277] Compiled library path does not exist: ''
INFO: [Vivado 12-5682] Launching behavioral simulation in 'D:/intelligent_traffic_light/intellight/accelerator/edit_Intellight_Accelerator_v1_0.sim/sim_1/behav/xsim'
INFO: [SIM-utils-51] Simulation object is 'sim_1'
INFO: [USF-XSim-3] XSim::Elaborate design
INFO: [USF-XSim-61] Executing 'ELABORATE' step in 'D:/intelligent_traffic_light/intellight/accelerator/edit_Intellight_Accelerator_v1_0.sim/sim_1/behav/xsim'
"xelab --incr --debug typical --relax --mt 2 -L xil_defaultlib -L unisims_ver -L unimacro_ver -L secureip --snapshot MII_tb_behav xil_defaultlib.MII_tb xil_defaultlib.glbl -log elaborate.log"
Vivado Simulator v2022.1
Copyright 1986-1999, 2001-2022 Xilinx, Inc. All Rights Reserved.
Running: D:/Program/Vivado/2022.1/bin/unwrapped/win64.o/xelab.exe --incr --debug typical --relax --mt 2 -L xil_defaultlib -L unisims_ver -L unimacro_ver -L secureip --snapshot MII_tb_behav xil_defaultlib.MII_tb xil_defaultlib.glbl -log elaborate.log 
Using 2 slave threads.
Starting static elaboration
Pass Through NonSizing Optimizer
Completed static elaboration
Starting simulation data flow analysis
Completed simulation data flow analysis
Time Resolution for simulation is 1ps
Compiling module xil_defaultlib.MII_default
Compiling module xil_defaultlib.MII_tb
Compiling module xil_defaultlib.glbl
Built simulation snapshot MII_tb_behav
INFO: [USF-XSim-69] 'elaborate' step finished in '2' seconds
Time resolution is 1 ps
relaunch_sim: Time (s): cpu = 00:00:01 ; elapsed = 00:00:06 . Memory (MB): peak = 1561.699 ; gain = 0.000
close_sim
INFO: [Simtcl 6-16] Simulation closed
launch_simulation
Command: launch_simulation 
INFO: [Vivado 12-12493] Simulation top is 'MII_tb'
WARNING: [Vivado 12-13340] Unable to auto find GCC executables from simulator install path! (path not set)
WARNING: [Vivado 12-13277] Compiled library path does not exist: ''
INFO: [Vivado 12-5682] Launching behavioral simulation in 'D:/intelligent_traffic_light/intellight/accelerator/edit_Intellight_Accelerator_v1_0.sim/sim_1/behav/xsim'
INFO: [SIM-utils-51] Simulation object is 'sim_1'
INFO: [SIM-utils-72] Using boost library from 'D:/Program/Vivado/2022.1/tps/boost_1_72_0'
INFO: [SIM-utils-54] Inspecting design source files for 'MII_tb' in fileset 'sim_1'...
INFO: [USF-XSim-97] Finding global include files...
INFO: [USF-XSim-98] Fetching design files from 'sim_1'...
INFO: [USF-XSim-2] XSim::Compile design
INFO: [USF-XSim-61] Executing 'COMPILE and ANALYZE' step in 'D:/intelligent_traffic_light/intellight/accelerator/edit_Intellight_Accelerator_v1_0.sim/sim_1/behav/xsim'
"xvlog --incr --relax -prj MII_tb_vlog.prj"
INFO: [VRFC 10-2263] Analyzing Verilog file "D:/intelligent_traffic_light/intellight/accelerator/Intellight_Accelerator_1.0/hdl/MII.v" into library xil_defaultlib
INFO: [VRFC 10-311] analyzing module MII
WARNING: [VRFC 10-9336] redeclaration of ANSI port 'D' is not allowed [D:/intelligent_traffic_light/intellight/accelerator/Intellight_Accelerator_1.0/hdl/MII.v:45]
WARNING: [VRFC 10-9336] redeclaration of ANSI port 'A_road' is not allowed [D:/intelligent_traffic_light/intellight/accelerator/Intellight_Accelerator_1.0/hdl/MII.v:49]
WARNING: [VRFC 10-9336] redeclaration of ANSI port 'A_dur' is not allowed [D:/intelligent_traffic_light/intellight/accelerator/Intellight_Accelerator_1.0/hdl/MII.v:50]
INFO: [VRFC 10-2263] Analyzing Verilog file "D:/intelligent_traffic_light/intellight/accelerator/edit_Intellight_Accelerator_v1_0.srcs/sim_1/imports/sim/MII_tb.v" into library xil_defaultlib
INFO: [VRFC 10-311] analyzing module MII_tb
INFO: [USF-XSim-69] 'compile' step finished in '1' seconds
INFO: [USF-XSim-3] XSim::Elaborate design
INFO: [USF-XSim-61] Executing 'ELABORATE' step in 'D:/intelligent_traffic_light/intellight/accelerator/edit_Intellight_Accelerator_v1_0.sim/sim_1/behav/xsim'
"xelab --incr --debug typical --relax --mt 2 -L xil_defaultlib -L unisims_ver -L unimacro_ver -L secureip --snapshot MII_tb_behav xil_defaultlib.MII_tb xil_defaultlib.glbl -log elaborate.log"
Vivado Simulator v2022.1
Copyright 1986-1999, 2001-2022 Xilinx, Inc. All Rights Reserved.
Running: D:/Program/Vivado/2022.1/bin/unwrapped/win64.o/xelab.exe --incr --debug typical --relax --mt 2 -L xil_defaultlib -L unisims_ver -L unimacro_ver -L secureip --snapshot MII_tb_behav xil_defaultlib.MII_tb xil_defaultlib.glbl -log elaborate.log 
Using 2 slave threads.
Starting static elaboration
Pass Through NonSizing Optimizer
Completed static elaboration
Starting simulation data flow analysis
Completed simulation data flow analysis
Time Resolution for simulation is 1ps
Compiling module xil_defaultlib.MII_default
Compiling module xil_defaultlib.MII_tb
Compiling module xil_defaultlib.glbl
Built simulation snapshot MII_tb_behav
INFO: [USF-XSim-69] 'elaborate' step finished in '2' seconds
INFO: [USF-XSim-4] XSim::Simulate design
INFO: [USF-XSim-61] Executing 'SIMULATE' step in 'D:/intelligent_traffic_light/intellight/accelerator/edit_Intellight_Accelerator_v1_0.sim/sim_1/behav/xsim'
INFO: [USF-XSim-98] *** Running xsim
   with args "MII_tb_behav -key {Behavioral:sim_1:Functional:MII_tb} -tclbatch {MII_tb.tcl} -log {simulate.log}"
INFO: [USF-XSim-8] Loading simulator feature
Time resolution is 1 ps
source MII_tb.tcl
# set curr_wave [current_wave_config]
# if { [string length $curr_wave] == 0 } {
#   if { [llength [get_objects]] > 0} {
#     add_wave /
#     set_property needs_save false [current_wave_config]
#   } else {
#      send_msg_id Add_Wave-1 WARNING "No top level signals found. Simulator will start without a wave window. If you want to open a wave window go to 'File->New Waveform Configuration' or type 'create_wave_config' in the TCL console."
#   }
# }
# run 1000ns
INFO: [USF-XSim-96] XSim completed. Design snapshot 'MII_tb_behav' loaded.
INFO: [USF-XSim-97] XSim simulation ran for 1000ns
run 10 us
close_sim
INFO: [Simtcl 6-16] Simulation closed
launch_simulation
Command: launch_simulation 
INFO: [Vivado 12-12493] Simulation top is 'MII_tb'
WARNING: [Vivado 12-13340] Unable to auto find GCC executables from simulator install path! (path not set)
WARNING: [Vivado 12-13277] Compiled library path does not exist: ''
INFO: [Vivado 12-5682] Launching behavioral simulation in 'D:/intelligent_traffic_light/intellight/accelerator/edit_Intellight_Accelerator_v1_0.sim/sim_1/behav/xsim'
INFO: [SIM-utils-51] Simulation object is 'sim_1'
INFO: [SIM-utils-72] Using boost library from 'D:/Program/Vivado/2022.1/tps/boost_1_72_0'
INFO: [SIM-utils-54] Inspecting design source files for 'MII_tb' in fileset 'sim_1'...
INFO: [USF-XSim-97] Finding global include files...
INFO: [USF-XSim-98] Fetching design files from 'sim_1'...
INFO: [USF-XSim-2] XSim::Compile design
INFO: [USF-XSim-61] Executing 'COMPILE and ANALYZE' step in 'D:/intelligent_traffic_light/intellight/accelerator/edit_Intellight_Accelerator_v1_0.sim/sim_1/behav/xsim'
"xvlog --incr --relax -prj MII_tb_vlog.prj"
INFO: [VRFC 10-2263] Analyzing Verilog file "D:/intelligent_traffic_light/intellight/accelerator/Intellight_Accelerator_1.0/hdl/MII.v" into library xil_defaultlib
INFO: [VRFC 10-311] analyzing module MII
WARNING: [VRFC 10-9336] redeclaration of ANSI port 'D' is not allowed [D:/intelligent_traffic_light/intellight/accelerator/Intellight_Accelerator_1.0/hdl/MII.v:45]
WARNING: [VRFC 10-9336] redeclaration of ANSI port 'A_road' is not allowed [D:/intelligent_traffic_light/intellight/accelerator/Intellight_Accelerator_1.0/hdl/MII.v:49]
WARNING: [VRFC 10-9336] redeclaration of ANSI port 'A_dur' is not allowed [D:/intelligent_traffic_light/intellight/accelerator/Intellight_Accelerator_1.0/hdl/MII.v:50]
INFO: [VRFC 10-2263] Analyzing Verilog file "D:/intelligent_traffic_light/intellight/accelerator/edit_Intellight_Accelerator_v1_0.srcs/sim_1/imports/sim/MII_tb.v" into library xil_defaultlib
INFO: [VRFC 10-311] analyzing module MII_tb
ERROR: [VRFC 10-1280] procedural assignment to a non-register D_road0 is not permitted, left-hand side should be reg/integer/time/genvar [D:/intelligent_traffic_light/intellight/accelerator/edit_Intellight_Accelerator_v1_0.srcs/sim_1/imports/sim/MII_tb.v:77]
ERROR: [VRFC 10-1280] procedural assignment to a non-register D_road1 is not permitted, left-hand side should be reg/integer/time/genvar [D:/intelligent_traffic_light/intellight/accelerator/edit_Intellight_Accelerator_v1_0.srcs/sim_1/imports/sim/MII_tb.v:78]
ERROR: [VRFC 10-1280] procedural assignment to a non-register D_road2 is not permitted, left-hand side should be reg/integer/time/genvar [D:/intelligent_traffic_light/intellight/accelerator/edit_Intellight_Accelerator_v1_0.srcs/sim_1/imports/sim/MII_tb.v:79]
ERROR: [VRFC 10-1280] procedural assignment to a non-register D_road3 is not permitted, left-hand side should be reg/integer/time/genvar [D:/intelligent_traffic_light/intellight/accelerator/edit_Intellight_Accelerator_v1_0.srcs/sim_1/imports/sim/MII_tb.v:80]
ERROR: [VRFC 10-8530] module 'MII_tb' is ignored due to previous errors [D:/intelligent_traffic_light/intellight/accelerator/edit_Intellight_Accelerator_v1_0.srcs/sim_1/imports/sim/MII_tb.v:6]
INFO: [USF-XSim-69] 'compile' step finished in '2' seconds
INFO: [USF-XSim-99] Step results log file:'D:/intelligent_traffic_light/intellight/accelerator/edit_Intellight_Accelerator_v1_0.sim/sim_1/behav/xsim/xvlog.log'
ERROR: [USF-XSim-62] 'compile' step failed with error(s). Please check the Tcl console output or 'D:/intelligent_traffic_light/intellight/accelerator/edit_Intellight_Accelerator_v1_0.sim/sim_1/behav/xsim/xvlog.log' file for more information.
ERROR: [Vivado 12-4473] Detected error while running simulation. Please correct the issue and retry this operation.
ERROR: [Common 17-39] 'launch_simulation' failed due to earlier errors.
launch_simulation
Command: launch_simulation 
INFO: [Vivado 12-12493] Simulation top is 'MII_tb'
WARNING: [Vivado 12-13340] Unable to auto find GCC executables from simulator install path! (path not set)
WARNING: [Vivado 12-13277] Compiled library path does not exist: ''
INFO: [Vivado 12-5682] Launching behavioral simulation in 'D:/intelligent_traffic_light/intellight/accelerator/edit_Intellight_Accelerator_v1_0.sim/sim_1/behav/xsim'
INFO: [SIM-utils-51] Simulation object is 'sim_1'
INFO: [SIM-utils-72] Using boost library from 'D:/Program/Vivado/2022.1/tps/boost_1_72_0'
INFO: [SIM-utils-54] Inspecting design source files for 'MII_tb' in fileset 'sim_1'...
INFO: [USF-XSim-97] Finding global include files...
INFO: [USF-XSim-98] Fetching design files from 'sim_1'...
INFO: [USF-XSim-2] XSim::Compile design
INFO: [USF-XSim-61] Executing 'COMPILE and ANALYZE' step in 'D:/intelligent_traffic_light/intellight/accelerator/edit_Intellight_Accelerator_v1_0.sim/sim_1/behav/xsim'
"xvlog --incr --relax -prj MII_tb_vlog.prj"
INFO: [VRFC 10-2263] Analyzing Verilog file "D:/intelligent_traffic_light/intellight/accelerator/Intellight_Accelerator_1.0/hdl/MII.v" into library xil_defaultlib
INFO: [VRFC 10-311] analyzing module MII
WARNING: [VRFC 10-9336] redeclaration of ANSI port 'D' is not allowed [D:/intelligent_traffic_light/intellight/accelerator/Intellight_Accelerator_1.0/hdl/MII.v:45]
WARNING: [VRFC 10-9336] redeclaration of ANSI port 'A_road' is not allowed [D:/intelligent_traffic_light/intellight/accelerator/Intellight_Accelerator_1.0/hdl/MII.v:49]
WARNING: [VRFC 10-9336] redeclaration of ANSI port 'A_dur' is not allowed [D:/intelligent_traffic_light/intellight/accelerator/Intellight_Accelerator_1.0/hdl/MII.v:50]
INFO: [VRFC 10-2263] Analyzing Verilog file "D:/intelligent_traffic_light/intellight/accelerator/edit_Intellight_Accelerator_v1_0.srcs/sim_1/imports/sim/MII_tb.v" into library xil_defaultlib
INFO: [VRFC 10-311] analyzing module MII_tb
INFO: [USF-XSim-69] 'compile' step finished in '1' seconds
INFO: [USF-XSim-3] XSim::Elaborate design
INFO: [USF-XSim-61] Executing 'ELABORATE' step in 'D:/intelligent_traffic_light/intellight/accelerator/edit_Intellight_Accelerator_v1_0.sim/sim_1/behav/xsim'
"xelab --incr --debug typical --relax --mt 2 -L xil_defaultlib -L unisims_ver -L unimacro_ver -L secureip --snapshot MII_tb_behav xil_defaultlib.MII_tb xil_defaultlib.glbl -log elaborate.log"
Vivado Simulator v2022.1
Copyright 1986-1999, 2001-2022 Xilinx, Inc. All Rights Reserved.
Running: D:/Program/Vivado/2022.1/bin/unwrapped/win64.o/xelab.exe --incr --debug typical --relax --mt 2 -L xil_defaultlib -L unisims_ver -L unimacro_ver -L secureip --snapshot MII_tb_behav xil_defaultlib.MII_tb xil_defaultlib.glbl -log elaborate.log 
Using 2 slave threads.
Starting static elaboration
Pass Through NonSizing Optimizer
Completed static elaboration
Starting simulation data flow analysis
Completed simulation data flow analysis
Time Resolution for simulation is 1ps
Compiling module xil_defaultlib.MII_default
Compiling module xil_defaultlib.MII_tb
Compiling module xil_defaultlib.glbl
Built simulation snapshot MII_tb_behav
INFO: [USF-XSim-69] 'elaborate' step finished in '2' seconds
INFO: [USF-XSim-4] XSim::Simulate design
INFO: [USF-XSim-61] Executing 'SIMULATE' step in 'D:/intelligent_traffic_light/intellight/accelerator/edit_Intellight_Accelerator_v1_0.sim/sim_1/behav/xsim'
INFO: [USF-XSim-98] *** Running xsim
   with args "MII_tb_behav -key {Behavioral:sim_1:Functional:MII_tb} -tclbatch {MII_tb.tcl} -log {simulate.log}"
INFO: [USF-XSim-8] Loading simulator feature
Time resolution is 1 ps
source MII_tb.tcl
# set curr_wave [current_wave_config]
# if { [string length $curr_wave] == 0 } {
#   if { [llength [get_objects]] > 0} {
#     add_wave /
#     set_property needs_save false [current_wave_config]
#   } else {
#      send_msg_id Add_Wave-1 WARNING "No top level signals found. Simulator will start without a wave window. If you want to open a wave window go to 'File->New Waveform Configuration' or type 'create_wave_config' in the TCL console."
#   }
# }
# run 1000ns
INFO: [USF-XSim-96] XSim completed. Design snapshot 'MII_tb_behav' loaded.
INFO: [USF-XSim-97] XSim simulation ran for 1000ns
run 10 us
ipx::merge_project_changes files [ipx::current_core]
WARNING: [IP_Flow 19-5226] Project source file 'd:/intelligent_traffic_light/intellight/accelerator/Intellight_Accelerator_1.0/component.xml' ignored by IP packager.
WARNING: [IP_Flow 19-3833] Unreferenced file from the top module is not packaged: 'D:/intelligent_traffic_light/intellight/accelerator/edit_Intellight_Accelerator_v1_0.srcs/sources_1/new/test.v'.
WARNING: [IP_Flow 19-5109] File Group 'xilinx_testbench (Test Bench)': File 'd:/intelligent_traffic_light/intellight/accelerator/edit_Intellight_Accelerator_v1_0.srcs/sim_1/imports/sim/PG_tb.v' does not exist in the project sources. It has been removed from the packaged IP. If still required, please add this file to the project, merge sources and re-package.
ipx::merge_project_changes hdl_parameters [ipx::current_core]
WARNING: [IP_Flow 19-5226] Project source file 'd:/intelligent_traffic_light/intellight/accelerator/Intellight_Accelerator_1.0/component.xml' ignored by IP packager.
WARNING: [IP_Flow 19-3833] Unreferenced file from the top module is not packaged: 'D:/intelligent_traffic_light/intellight/accelerator/edit_Intellight_Accelerator_v1_0.srcs/sources_1/new/test.v'.
INFO: [Ipptcl 7-560]  
INFO: [IP_Flow 19-3166] Bus Interface 'S00_AXI': References existing memory map 'S00_AXI'.
set_property core_revision 13 [ipx::current_core]
ipx::create_xgui_files [ipx::current_core]
ipx::update_checksums [ipx::current_core]
ipx::check_integrity [ipx::current_core]
WARNING: [IP_Flow 19-5905] All packaged files should be located below the IP definition file (xml)
INFO: [IP_Flow 19-2181] Payment Required is not set for this core.
INFO: [IP_Flow 19-2187] The Product Guide file is missing.
INFO: [Ipptcl 7-1486] check_integrity: Integrity check passed.
ipx::save_core [ipx::current_core]
update_ip_catalog -rebuild -repo_path d:/intelligent_traffic_light/intellight/accelerator/Intellight_Accelerator_1.0
INFO: [IP_Flow 19-725] Reloaded user IP repository 'd:/intelligent_traffic_light/intellight/accelerator/Intellight_Accelerator_1.0'
ipx::merge_project_changes files [ipx::current_core]
WARNING: [IP_Flow 19-5226] Project source file 'd:/intelligent_traffic_light/intellight/accelerator/Intellight_Accelerator_1.0/component.xml' ignored by IP packager.
WARNING: [IP_Flow 19-3833] Unreferenced file from the top module is not packaged: 'D:/intelligent_traffic_light/intellight/accelerator/edit_Intellight_Accelerator_v1_0.srcs/sources_1/new/test.v'.
set_property core_revision 14 [ipx::current_core]
ipx::create_xgui_files [ipx::current_core]
ipx::update_checksums [ipx::current_core]
ipx::check_integrity [ipx::current_core]
WARNING: [IP_Flow 19-5905] All packaged files should be located below the IP definition file (xml)
INFO: [IP_Flow 19-2181] Payment Required is not set for this core.
INFO: [IP_Flow 19-2187] The Product Guide file is missing.
INFO: [Ipptcl 7-1486] check_integrity: Integrity check passed.
ipx::save_core [ipx::current_core]
update_ip_catalog -rebuild -repo_path d:/intelligent_traffic_light/intellight/accelerator/Intellight_Accelerator_1.0
INFO: [IP_Flow 19-725] Reloaded user IP repository 'd:/intelligent_traffic_light/intellight/accelerator/Intellight_Accelerator_1.0'
close_sim
INFO: [Simtcl 6-16] Simulation closed
exit
INFO: [Common 17-206] Exiting Vivado at Mon Nov 14 18:24:39 2022...
