Copyright 1986-2021 Xilinx, Inc. All Rights Reserved.
-------------------------------------------------------------------------------------------------------------------------------------------------------------------------------------
| Tool Version     : Vivado v.2021.1 (win64) Build 3247384 Thu Jun 10 19:36:33 MDT 2021
| Date             : Tue Aug 23 11:53:16 2022
| Host             : DESKTOP-LNFBGQQ running 64-bit major release  (build 9200)
| Command          : report_power -file intellight_v2_wrapper_power_routed.rpt -pb intellight_v2_wrapper_power_summary_routed.pb -rpx intellight_v2_wrapper_power_routed.rpx
| Design           : intellight_v2_wrapper
| Device           : xc7z020clg400-1
| Design State     : routed
| Grade            : commercial
| Process          : typical
| Characterization : Production
-------------------------------------------------------------------------------------------------------------------------------------------------------------------------------------

Power Report

Table of Contents
-----------------
1. Summary
1.1 On-Chip Components
1.2 Power Supply Summary
1.3 Confidence Level
2. Settings
2.1 Environment
2.2 Clock Constraints
3. Detailed Reports
3.1 By Hierarchy

1. Summary
----------

+--------------------------+--------------+
| Total On-Chip Power (W)  | 1.490        |
| Design Power Budget (W)  | Unspecified* |
| Power Budget Margin (W)  | NA           |
| Dynamic (W)              | 1.349        |
| Device Static (W)        | 0.141        |
| Effective TJA (C/W)      | 11.5         |
| Max Ambient (C)          | 67.8         |
| Junction Temperature (C) | 42.2         |
| Confidence Level         | Medium       |
| Setting File             | ---          |
| Simulation Activity File | ---          |
| Design Nets Matched      | NA           |
+--------------------------+--------------+
* Specify Design Power Budget using, set_operating_conditions -design_power_budget <value in Watts>


1.1 On-Chip Components
----------------------

+-------------------------+-----------+----------+-----------+-----------------+
| On-Chip                 | Power (W) | Used     | Available | Utilization (%) |
+-------------------------+-----------+----------+-----------+-----------------+
| Clocks                  |     0.015 |        3 |       --- |             --- |
| Slice Logic             |     0.006 |     4118 |       --- |             --- |
|   LUT as Logic          |     0.006 |     1261 |     53200 |            2.37 |
|   Register              |    <0.001 |     2004 |    106400 |            1.88 |
|   CARRY4                |    <0.001 |       56 |     13300 |            0.42 |
|   LUT as Shift Register |    <0.001 |       16 |     17400 |            0.09 |
|   F7/F8 Muxes           |    <0.001 |       96 |     53200 |            0.18 |
|   Others                |     0.000 |      406 |       --- |             --- |
| Signals                 |     0.009 |     3079 |       --- |             --- |
| Block RAM               |     0.061 |       16 |       140 |           11.43 |
| I/O                     |     0.001 |        4 |       125 |            3.20 |
| PS7                     |     1.256 |        1 |       --- |             --- |
| Static Power            |     0.141 |          |           |                 |
| Total                   |     1.490 |          |           |                 |
+-------------------------+-----------+----------+-----------+-----------------+


1.2 Power Supply Summary
------------------------

+-----------+-------------+-----------+-------------+------------+-------------+-------------+------------+
| Source    | Voltage (V) | Total (A) | Dynamic (A) | Static (A) | Powerup (A) | Budget (A)  | Margin (A) |
+-----------+-------------+-----------+-------------+------------+-------------+-------------+------------+
| Vccint    |       1.000 |     0.101 |       0.087 |      0.014 |       NA    | Unspecified | NA         |
| Vccaux    |       1.800 |     0.014 |       0.000 |      0.014 |       NA    | Unspecified | NA         |
| Vcco33    |       3.300 |     0.001 |       0.000 |      0.001 |       NA    | Unspecified | NA         |
| Vcco25    |       2.500 |     0.000 |       0.000 |      0.000 |       NA    | Unspecified | NA         |
| Vcco18    |       1.800 |     0.000 |       0.000 |      0.000 |       NA    | Unspecified | NA         |
| Vcco15    |       1.500 |     0.000 |       0.000 |      0.000 |       NA    | Unspecified | NA         |
| Vcco135   |       1.350 |     0.000 |       0.000 |      0.000 |       NA    | Unspecified | NA         |
| Vcco12    |       1.200 |     0.000 |       0.000 |      0.000 |       NA    | Unspecified | NA         |
| Vccaux_io |       1.800 |     0.000 |       0.000 |      0.000 |       NA    | Unspecified | NA         |
| Vccbram   |       1.000 |     0.006 |       0.005 |      0.002 |       NA    | Unspecified | NA         |
| MGTAVcc   |       1.000 |     0.000 |       0.000 |      0.000 |       NA    | Unspecified | NA         |
| MGTAVtt   |       1.200 |     0.000 |       0.000 |      0.000 |       NA    | Unspecified | NA         |
| MGTVccaux |       1.800 |     0.000 |       0.000 |      0.000 |       NA    | Unspecified | NA         |
| Vccpint   |       1.000 |     0.675 |       0.647 |      0.028 |       NA    | Unspecified | NA         |
| Vccpaux   |       1.800 |     0.036 |       0.026 |      0.010 |       NA    | Unspecified | NA         |
| Vccpll    |       1.800 |     0.017 |       0.014 |      0.003 |       NA    | Unspecified | NA         |
| Vcco_ddr  |       1.500 |     0.354 |       0.352 |      0.002 |       NA    | Unspecified | NA         |
| Vcco_mio0 |       3.300 |     0.003 |       0.002 |      0.001 |       NA    | Unspecified | NA         |
| Vcco_mio1 |       1.800 |     0.003 |       0.002 |      0.001 |       NA    | Unspecified | NA         |
| Vccadc    |       1.800 |     0.020 |       0.000 |      0.020 |       NA    | Unspecified | NA         |
+-----------+-------------+-----------+-------------+------------+-------------+-------------+------------+


1.3 Confidence Level
--------------------

+-----------------------------+------------+------------------------------------------------+------------------------------------------------------------------------------------------------------------+
| User Input Data             | Confidence | Details                                        | Action                                                                                                     |
+-----------------------------+------------+------------------------------------------------+------------------------------------------------------------------------------------------------------------+
| Design implementation state | High       | Design is routed                               |                                                                                                            |
| Clock nodes activity        | High       | User specified more than 95% of clocks         |                                                                                                            |
| I/O nodes activity          | High       | User specified more than 95% of inputs         |                                                                                                            |
| Internal nodes activity     | Medium     | User specified less than 25% of internal nodes | Provide missing internal nodes activity with simulation results or by editing the "By Resource Type" views |
| Device models               | High       | Device models are Production                   |                                                                                                            |
|                             |            |                                                |                                                                                                            |
| Overall confidence level    | Medium     |                                                |                                                                                                            |
+-----------------------------+------------+------------------------------------------------+------------------------------------------------------------------------------------------------------------+


2. Settings
-----------

2.1 Environment
---------------

+-----------------------+------------------------+
| Ambient Temp (C)      | 25.0                   |
| ThetaJA (C/W)         | 11.5                   |
| Airflow (LFM)         | 250                    |
| Heat Sink             | none                   |
| ThetaSA (C/W)         | 0.0                    |
| Board Selection       | medium (10"x10")       |
| # of Board Layers     | 8to11 (8 to 11 Layers) |
| Board Temperature (C) | 25.0                   |
+-----------------------+------------------------+


2.2 Clock Constraints
---------------------

+------------+------------------------------------------------------------------+-----------------+
| Clock      | Domain                                                           | Constraint (ns) |
+------------+------------------------------------------------------------------+-----------------+
| clk_fpga_0 | intellight_v2_i/processing_system7_0/inst/FCLK_CLK_unbuffered[0] |             6.0 |
+------------+------------------------------------------------------------------+-----------------+


3. Detailed Reports
-------------------

3.1 By Hierarchy
----------------

+--------------------------+-----------+
| Name                     | Power (W) |
+--------------------------+-----------+
| intellight_v2_wrapper    |     1.349 |
|   intellight_v2_i        |     1.348 |
|     Action_RAM           |     0.062 |
|       Action_RAM0        |     0.016 |
|       Action_RAM1        |     0.015 |
|       Action_RAM2        |     0.016 |
|       Action_RAM3        |     0.015 |
|     CU_0                 |     0.001 |
|       inst               |     0.001 |
|     QA_0                 |     0.011 |
|       inst               |     0.011 |
|     axi_smc              |     0.010 |
|       inst               |     0.010 |
|     intellight_0         |     0.004 |
|       inst               |     0.004 |
|     processing_system7_0 |     1.257 |
|       inst               |     1.257 |
+--------------------------+-----------+


