
*** Running vivado
    with args -log intellight_v2_MII_0_0.vds -m64 -product Vivado -mode batch -messageDb vivado.pb -notrace -source intellight_v2_MII_0_0.tcl



****** Vivado v2022.1 (64-bit)
  **** SW Build 3526262 on Mon Apr 18 15:48:16 MDT 2022
  **** IP Build 3524634 on Mon Apr 18 20:55:01 MDT 2022
    ** Copyright 1986-2022 Xilinx, Inc. All Rights Reserved.

source intellight_v2_MII_0_0.tcl -notrace
create_project: Time (s): cpu = 00:00:06 ; elapsed = 00:00:13 . Memory (MB): peak = 1312.738 ; gain = 547.438
INFO: [IP_Flow 19-234] Refreshing IP repositories
INFO: [IP_Flow 19-1700] Loaded user IP repository 'd:/intelligent_traffic_light/ip_repo'.
INFO: [IP_Flow 19-2313] Loaded Vivado IP repository 'D:/Program/Vivado/2022.1/data/ip'.
WARNING: [IP_Flow 19-4995] The host OS only allows 260 characters in a normal path. The IP cache path is more than 80 characters. If you experience issues with IP caching, please consider changing the IP cache to a location with a shorter path. Alternately consider using the OS subst command to map part of the path to a drive letter. 
Current IP cache path is d:/intelligent_traffic_light/optimized_intellight_v2/optimized_intellight_v2.cache/ip 
Command: synth_design -top intellight_v2_MII_0_0 -part xc7z020clg400-1 -incremental_mode off -mode out_of_context
Starting synth_design
Attempting to get a license for feature 'Synthesis' and/or device 'xc7z020'
INFO: [Common 17-349] Got license for feature 'Synthesis' and/or device 'xc7z020'
INFO: [Designutils 20-5008] Incremental synthesis strategy off
INFO: [Synth 8-7079] Multithreading enabled for synth_design using a maximum of 2 processes.
INFO: [Synth 8-7078] Launching helper process for spawning children vivado processes
INFO: [Synth 8-7075] Helper process launched with PID 19120
WARNING: [Synth 8-6901] identifier 'WR_ADDR_temp' is used before its declaration [D:/intelligent_traffic_light/optimized_intellight_v2/optimized_intellight_v2.srcs/sources_1/new/MII.v:43]
---------------------------------------------------------------------------------
Starting Synthesize : Time (s): cpu = 00:00:06 ; elapsed = 00:00:12 . Memory (MB): peak = 1312.738 ; gain = 0.000
---------------------------------------------------------------------------------
INFO: [Synth 8-6157] synthesizing module 'intellight_v2_MII_0_0' [d:/intelligent_traffic_light/optimized_intellight_v2/optimized_intellight_v2.gen/sources_1/bd/intellight_v2/ip/intellight_v2_MII_0_0/synth/intellight_v2_MII_0_0.v:53]
INFO: [Synth 8-6157] synthesizing module 'MII' [D:/intelligent_traffic_light/optimized_intellight_v2/optimized_intellight_v2.srcs/sources_1/new/MII.v:12]
WARNING: [Synth 8-4446] all outputs are unconnected for this instance and logic may be removed [D:/intelligent_traffic_light/optimized_intellight_v2/optimized_intellight_v2.srcs/sources_1/new/MII.v:62]
INFO: [Synth 8-6157] synthesizing module 'wen_decoder' [D:/intelligent_traffic_light/optimized_intellight_v2/optimized_intellight_v2.srcs/sources_1/new/MII.v:89]
INFO: [Synth 8-6155] done synthesizing module 'wen_decoder' (0#1) [D:/intelligent_traffic_light/optimized_intellight_v2/optimized_intellight_v2.srcs/sources_1/new/MII.v:89]
ERROR: [Synth 8-448] named port connection 'mode' does not exist for instance 'decod0' of module 'wen_decoder' [D:/intelligent_traffic_light/optimized_intellight_v2/optimized_intellight_v2.srcs/sources_1/new/MII.v:62]
INFO: [Synth 8-6157] synthesizing module 'en_decoder' [D:/intelligent_traffic_light/optimized_intellight_v2/optimized_intellight_v2.srcs/sources_1/new/MII.v:104]
ERROR: [Synth 8-6156] failed synthesizing module 'en_decoder' [D:/intelligent_traffic_light/optimized_intellight_v2/optimized_intellight_v2.srcs/sources_1/new/MII.v:104]
ERROR: [Synth 8-6156] failed synthesizing module 'MII' [D:/intelligent_traffic_light/optimized_intellight_v2/optimized_intellight_v2.srcs/sources_1/new/MII.v:12]
ERROR: [Synth 8-6156] failed synthesizing module 'intellight_v2_MII_0_0' [d:/intelligent_traffic_light/optimized_intellight_v2/optimized_intellight_v2.gen/sources_1/bd/intellight_v2/ip/intellight_v2_MII_0_0/synth/intellight_v2_MII_0_0.v:53]
---------------------------------------------------------------------------------
Finished Synthesize : Time (s): cpu = 00:00:07 ; elapsed = 00:00:17 . Memory (MB): peak = 1312.738 ; gain = 0.000
---------------------------------------------------------------------------------
synthesize failed
INFO: [Common 17-83] Releasing license: Synthesis
14 Infos, 3 Warnings, 0 Critical Warnings and 5 Errors encountered.
synth_design failed
ERROR: [Common 17-69] Command failed: Vivado Synthesis failed
INFO: [Common 17-206] Exiting Vivado at Wed Sep 28 13:53:29 2022...
