#-----------------------------------------------------------
# Vivado v2021.1 (64-bit)
# SW Build 3247384 on Thu Jun 10 19:36:33 MDT 2021
# IP Build 3246043 on Fri Jun 11 00:30:35 MDT 2021
# Start of session at: Thu Aug 18 07:11:06 2022
# Process ID: 25404
# Current directory: F:/intelligent_traffic_light/ip_repo
# Command line: vivado.exe -gui_launcher_event rodinguilauncherevent3732 F:\intelligent_traffic_light\ip_repo\edit_intellight_v1_0.xpr
# Log file: F:/intelligent_traffic_light/ip_repo/vivado.log
# Journal file: F:/intelligent_traffic_light/ip_repo\vivado.jou
#-----------------------------------------------------------
start_gui
open_project F:/intelligent_traffic_light/ip_repo/edit_intellight_v1_0.xpr
WARNING: [filemgmt 56-3] IP Repository Path: Could not find the directory 'F:/intelligent_traffic_light/ip_repo/intellight_ip_1.0'.
WARNING: [filemgmt 56-3] Default IP Output Path : Could not find the directory 'F:/intelligent_traffic_light/ip_repo/edit_intellight_v1_0.gen/sources_1'.
Scanning sources...
Finished scanning sources
INFO: [IP_Flow 19-234] Refreshing IP repositories
INFO: [IP_Flow 19-1700] Loaded user IP repository 'f:/intelligent_traffic_light/ip_repo/intellight_1.0'.
WARNING: [IP_Flow 19-2207] Repository 'f:/intelligent_traffic_light/ip_repo/intellight_1.0' already exists; ignoring attempt to add it again.
INFO: [IP_Flow 19-1700] Loaded user IP repository 'f:/intelligent_traffic_light/ip_repo/intellight_1.0'.
WARNING: [IP_Flow 19-2248] Failed to load user IP repository 'f:/intelligent_traffic_light/ip_repo/intellight_ip_1.0'; Can't find the specified path.
If this directory should no longer be in your list of user repositories, go to the IP Settings dialog and remove it.
INFO: [IP_Flow 19-2313] Loaded Vivado IP repository 'C:/Xilinx/Vivado/2021.1/data/ip'.
open_project: Time (s): cpu = 00:00:21 ; elapsed = 00:00:08 . Memory (MB): peak = 1329.113 ; gain = 0.000
update_compile_order -fileset sources_1
ipx::open_ipxact_file {F:\intelligent_traffic_light\ip_repo\intellight_1.0\component.xml}
WARNING: [IP_Flow 19-5226] Project source file 'f:/intelligent_traffic_light/ip_repo/intellight_1.0/component.xml' ignored by IP packager.
WARNING: [IP_Flow 19-3898] File Group 'xilinx_verilogsynthesis (Verilog Synthesis)': File 'f:/intelligent_traffic_light/ip_repo/intellight_1.0/hdl/intellight_v1_0_S00_AXI.v' is not found in the project sources. It will be removed from the packaged IP when the sources are merged. If still required, please add this file to the project and re-package.
WARNING: [IP_Flow 19-3898] File Group 'xilinx_verilogsynthesis (Verilog Synthesis)': File 'f:/intelligent_traffic_light/ip_repo/intellight_1.0/hdl/intellight_v1_0.v' is not found in the project sources. It will be removed from the packaged IP when the sources are merged. If still required, please add this file to the project and re-package.
WARNING: [IP_Flow 19-3898] File Group 'xilinx_verilogbehavioralsimulation (Verilog Simulation)': File 'f:/intelligent_traffic_light/ip_repo/intellight_1.0/hdl/intellight_v1_0_S00_AXI.v' is not found in the project sources. It will be removed from the packaged IP when the sources are merged. If still required, please add this file to the project and re-package.
WARNING: [IP_Flow 19-3898] File Group 'xilinx_verilogbehavioralsimulation (Verilog Simulation)': File 'f:/intelligent_traffic_light/ip_repo/intellight_1.0/hdl/intellight_v1_0.v' is not found in the project sources. It will be removed from the packaged IP when the sources are merged. If still required, please add this file to the project and re-package.
ipx::merge_project_changes hdl_parameters [ipx::current_core]
WARNING: [IP_Flow 19-5226] Project source file 'f:/intelligent_traffic_light/ip_repo/intellight_1.0/component.xml' ignored by IP packager.
INFO: [IP_Flow 19-3166] Bus Interface 'S00_AXI': References existing memory map 'S00_AXI'.
set_property core_revision 6 [ipx::current_core]
ipx::create_xgui_files [ipx::current_core]
ipx::update_checksums [ipx::current_core]
ipx::check_integrity [ipx::current_core]
INFO: [IP_Flow 19-2181] Payment Required is not set for this core.
INFO: [IP_Flow 19-2187] The Product Guide file is missing.
INFO: [Ipptcl 7-1486] check_integrity: Integrity check passed.
ipx::save_core [ipx::current_core]
update_ip_catalog -rebuild -repo_path f:/intelligent_traffic_light/ip_repo/intellight_1.0
INFO: [IP_Flow 19-725] Reloaded user IP repository 'f:/intelligent_traffic_light/ip_repo/intellight_1.0'
exit
INFO: [Common 17-206] Exiting Vivado at Thu Aug 18 07:13:11 2022...
