#-----------------------------------------------------------
# Vivado v2021.1 (64-bit)
# SW Build 3247384 on Thu Jun 10 19:36:33 MDT 2021
# IP Build 3246043 on Fri Jun 11 00:30:35 MDT 2021
# Start of session at: Tue Aug 16 12:51:25 2022
# Process ID: 10028
# Current directory: F:/intelligent_traffic_light/ip_repo
# Command line: vivado.exe -gui_launcher_event rodinguilauncherevent10512 F:\intelligent_traffic_light\ip_repo\edit_intellight_v1_0.xpr
# Log file: F:/intelligent_traffic_light/ip_repo/vivado.log
# Journal file: F:/intelligent_traffic_light/ip_repo\vivado.jou
#-----------------------------------------------------------
start_gui
open_project F:/intelligent_traffic_light/ip_repo/edit_intellight_v1_0.xpr
WARNING: [filemgmt 56-3] IP Repository Path: Could not find the directory 'F:/intelligent_traffic_light/ip_repo/intellight_ip_1.0'.
WARNING: [filemgmt 56-3] Default IP Output Path : Could not find the directory 'F:/intelligent_traffic_light/ip_repo/edit_intellight_v1_0.gen/sources_1'.
Scanning sources...
Finished scanning sources
INFO: [IP_Flow 19-234] Refreshing IP repositories
INFO: [IP_Flow 19-1700] Loaded user IP repository 'f:/intelligent_traffic_light/ip_repo/intellight_1.0'.
WARNING: [IP_Flow 19-2207] Repository 'f:/intelligent_traffic_light/ip_repo/intellight_1.0' already exists; ignoring attempt to add it again.
INFO: [IP_Flow 19-1700] Loaded user IP repository 'f:/intelligent_traffic_light/ip_repo/intellight_1.0'.
WARNING: [IP_Flow 19-2248] Failed to load user IP repository 'f:/intelligent_traffic_light/ip_repo/intellight_ip_1.0'; Can't find the specified path.
If this directory should no longer be in your list of user repositories, go to the IP Settings dialog and remove it.
INFO: [IP_Flow 19-2313] Loaded Vivado IP repository 'C:/Xilinx/Vivado/2021.1/data/ip'.
open_project: Time (s): cpu = 00:00:37 ; elapsed = 00:00:19 . Memory (MB): peak = 1329.328 ; gain = 0.000
update_compile_order -fileset sources_1
exit
INFO: [Common 17-206] Exiting Vivado at Tue Aug 16 12:53:44 2022...
