#-----------------------------------------------------------
# Vivado v2022.1 (64-bit)
# SW Build 3526262 on Mon Apr 18 15:48:16 MDT 2022
# IP Build 3524634 on Mon Apr 18 20:55:01 MDT 2022
# Start of session at: Sat Oct  1 14:10:40 2022
# Process ID: 25000
# Current directory: D:/intelligent_traffic_light/optimized_intellight_v2
# Command line: vivado.exe -gui_launcher_event rodinguilauncherevent13320 D:\intelligent_traffic_light\optimized_intellight_v2\optimized_intellight_v2.xpr
# Log file: D:/intelligent_traffic_light/optimized_intellight_v2/vivado.log
# Journal file: D:/intelligent_traffic_light/optimized_intellight_v2\vivado.jou
# Running On: DESKTOP-FRUK6JR, OS: Windows, CPU Frequency: 3593 MHz, CPU Physical cores: 6, Host memory: 8532 MB
#-----------------------------------------------------------
start_gui
open_project D:/intelligent_traffic_light/optimized_intellight_v2/optimized_intellight_v2.xpr
WARNING: [Board 49-26] cannot add Board Part xilinx.com:kc705:part0:1.6 available at D:/Program/Vivado/2022.1/data/xhub/boards/XilinxBoardStore/boards/Xilinx/kc705/1.6/board.xml as part xc7k325tffg900-2 specified in board_part file is either invalid or not available
WARNING: [Board 49-26] cannot add Board Part xilinx.com:kcu105:part0:1.6 available at D:/Program/Vivado/2022.1/data/xhub/boards/XilinxBoardStore/boards/Xilinx/kcu105/1.6/board.xml as part xcku040-ffva1156-2-e specified in board_part file is either invalid or not available
WARNING: [Board 49-26] cannot add Board Part xilinx.com:kcu105:part0:1.7 available at D:/Program/Vivado/2022.1/data/xhub/boards/XilinxBoardStore/boards/Xilinx/kcu105/1.7/board.xml as part xcku040-ffva1156-2-e specified in board_part file is either invalid or not available
WARNING: [Board 49-26] cannot add Board Part xilinx.com:kcu1500:part0:1.2 available at D:/Program/Vivado/2022.1/data/xhub/boards/XilinxBoardStore/boards/Xilinx/kcu1500/1.2/board.xml as part xcku115-flvb2104-2-e specified in board_part file is either invalid or not available
WARNING: [Board 49-26] cannot add Board Part xilinx.com:vc707:part0:1.4 available at D:/Program/Vivado/2022.1/data/xhub/boards/XilinxBoardStore/boards/Xilinx/vc707/1.4/board.xml as part xc7vx485tffg1761-2 specified in board_part file is either invalid or not available
WARNING: [Board 49-26] cannot add Board Part xilinx.com:vc709:part0:1.8 available at D:/Program/Vivado/2022.1/data/xhub/boards/XilinxBoardStore/boards/Xilinx/vc709/1.8/board.xml as part xc7vx690tffg1761-2 specified in board_part file is either invalid or not available
WARNING: [Board 49-26] cannot add Board Part xilinx.com:vck190:part0:2.2 available at D:/Program/Vivado/2022.1/data/xhub/boards/XilinxBoardStore/boards/Xilinx/vck190/production/2.2/board.xml as part xcvc1902-vsva2197-2mp-e-s specified in board_part file is either invalid or not available
WARNING: [Board 49-26] cannot add Board Part xilinx.com:vck190:part0:3.0 available at D:/Program/Vivado/2022.1/data/xhub/boards/XilinxBoardStore/boards/Xilinx/vck190/production/3.0/board.xml as part xcvc1902-vsva2197-2mp-e-s specified in board_part file is either invalid or not available
WARNING: [Board 49-26] cannot add Board Part xilinx.com:vck190_newl:part0:1.0 available at D:/Program/Vivado/2022.1/data/xhub/boards/XilinxBoardStore/boards/Xilinx/vck190_newl/production/1.0/board.xml as part xcvc1902-vsva2197-2mp-e-s specified in board_part file is either invalid or not available
WARNING: [Board 49-26] cannot add Board Part xilinx.com:vcu108:part0:1.6 available at D:/Program/Vivado/2022.1/data/xhub/boards/XilinxBoardStore/boards/Xilinx/vcu108/1.6/board.xml as part xcvu095-ffva2104-2-e specified in board_part file is either invalid or not available
WARNING: [Board 49-26] cannot add Board Part xilinx.com:vcu108:part0:1.7 available at D:/Program/Vivado/2022.1/data/xhub/boards/XilinxBoardStore/boards/Xilinx/vcu108/1.7/board.xml as part xcvu095-ffva2104-2-e specified in board_part file is either invalid or not available
WARNING: [Board 49-26] cannot add Board Part xilinx.com:vcu110:part0:1.4 available at D:/Program/Vivado/2022.1/data/xhub/boards/XilinxBoardStore/boards/Xilinx/vcu110/1.4/board.xml as part xcvu190-flgc2104-2-e specified in board_part file is either invalid or not available
WARNING: [Board 49-26] cannot add Board Part xilinx.com:vcu118:part0:2.0 available at D:/Program/Vivado/2022.1/data/xhub/boards/XilinxBoardStore/boards/Xilinx/vcu118/2.0/board.xml as part xcvu9p-flga2104-2l-e specified in board_part file is either invalid or not available
WARNING: [Board 49-26] cannot add Board Part xilinx.com:vcu118:part0:2.3 available at D:/Program/Vivado/2022.1/data/xhub/boards/XilinxBoardStore/boards/Xilinx/vcu118/2.3/board.xml as part xcvu9p-flga2104-2l-e specified in board_part file is either invalid or not available
WARNING: [Board 49-26] cannot add Board Part xilinx.com:vcu118:part0:2.4 available at D:/Program/Vivado/2022.1/data/xhub/boards/XilinxBoardStore/boards/Xilinx/vcu118/2.4/board.xml as part xcvu9p-flga2104-2l-e specified in board_part file is either invalid or not available
WARNING: [Board 49-26] cannot add Board Part xilinx.com:vcu128:part0:1.0 available at D:/Program/Vivado/2022.1/data/xhub/boards/XilinxBoardStore/boards/Xilinx/vcu128/production/1.0/board.xml as part xcvu37p-fsvh2892-2l-e specified in board_part file is either invalid or not available
WARNING: [Board 49-26] cannot add Board Part xilinx.com:vcu129:part0:1.0 available at D:/Program/Vivado/2022.1/data/xhub/boards/XilinxBoardStore/boards/Xilinx/vcu129/production/1.0/board.xml as part xcvu29p-fsga2577-2l-e specified in board_part file is either invalid or not available
WARNING: [Board 49-26] cannot add Board Part xilinx.com:vcu1525:part0:1.3 available at D:/Program/Vivado/2022.1/data/xhub/boards/XilinxBoardStore/boards/Xilinx/vcu1525/1.3/board.xml as part xcvu9p-fsgd2104-2l-e specified in board_part file is either invalid or not available
WARNING: [Board 49-26] cannot add Board Part xilinx.com:vermeo_t1_mpsoc:part0:1.0 available at D:/Program/Vivado/2022.1/data/xhub/boards/XilinxBoardStore/boards/Xilinx/vermeo_t1_mpsoc/1.0/board.xml as part xczu19eg-ffvd1760-2l-e specified in board_part file is either invalid or not available
WARNING: [Board 49-26] cannot add Board Part xilinx.com:vermeo_t1_rfsoc:part0:1.0 available at D:/Program/Vivado/2022.1/data/xhub/boards/XilinxBoardStore/boards/Xilinx/vermeo_t1_rfsoc/1.0/board.xml as part xczu21dr-ffvd1156-2l-e specified in board_part file is either invalid or not available
WARNING: [Board 49-26] cannot add Board Part xilinx.com:vmk180:part0:2.2 available at D:/Program/Vivado/2022.1/data/xhub/boards/XilinxBoardStore/boards/Xilinx/vmk180/production/2.2/board.xml as part xcvm1802-vsva2197-2mp-e-s specified in board_part file is either invalid or not available
WARNING: [Board 49-26] cannot add Board Part xilinx.com:vmk180:part0:3.0 available at D:/Program/Vivado/2022.1/data/xhub/boards/XilinxBoardStore/boards/Xilinx/vmk180/production/3.0/board.xml as part xcvm1802-vsva2197-2mp-e-s specified in board_part file is either invalid or not available
WARNING: [Board 49-26] cannot add Board Part xilinx.com:vmk180_newl:part0:1.0 available at D:/Program/Vivado/2022.1/data/xhub/boards/XilinxBoardStore/boards/Xilinx/vmk180_newl/production/1.0/board.xml as part xcvm1802-vsva2197-2mp-e-s specified in board_part file is either invalid or not available
WARNING: [Board 49-26] cannot add Board Part xilinx.com:vpk120_es:part0:1.2 available at D:/Program/Vivado/2022.1/data/xhub/boards/XilinxBoardStore/boards/Xilinx/vpk120/es/1.2/board.xml as part xcvp1202-vsva2785-2mp-e-s-es1 specified in board_part file is either invalid or not available
WARNING: [Board 49-26] cannot add Board Part xilinx.com:vpk120_es_revb:part0:1.0 available at D:/Program/Vivado/2022.1/data/xhub/boards/XilinxBoardStore/boards/Xilinx/vpk120_revb/es/1.0/board.xml as part xcvp1202-vsva2785-2mp-e-s-es1 specified in board_part file is either invalid or not available
WARNING: [Board 49-26] cannot add Board Part xilinx.com:zc706:part0:1.4 available at D:/Program/Vivado/2022.1/data/xhub/boards/XilinxBoardStore/boards/Xilinx/zc706/1.4/board.xml as part xc7z045ffg900-2 specified in board_part file is either invalid or not available
WARNING: [Board 49-26] cannot add Board Part xilinx.com:zcu102:part0:3.3 available at D:/Program/Vivado/2022.1/data/xhub/boards/XilinxBoardStore/boards/Xilinx/zcu102/3.3/board.xml as part xczu9eg-ffvb1156-2-e specified in board_part file is either invalid or not available
WARNING: [Board 49-26] cannot add Board Part xilinx.com:zcu102:part0:3.4 available at D:/Program/Vivado/2022.1/data/xhub/boards/XilinxBoardStore/boards/Xilinx/zcu102/3.4/board.xml as part xczu9eg-ffvb1156-2-e specified in board_part file is either invalid or not available
WARNING: [Board 49-26] cannot add Board Part xilinx.com:zcu111:part0:1.2 available at D:/Program/Vivado/2022.1/data/xhub/boards/XilinxBoardStore/boards/Xilinx/zcu111/1.2/board.xml as part xczu28dr-ffvg1517-2-e specified in board_part file is either invalid or not available
WARNING: [Board 49-26] cannot add Board Part xilinx.com:zcu111:part0:1.3 available at D:/Program/Vivado/2022.1/data/xhub/boards/XilinxBoardStore/boards/Xilinx/zcu111/1.3/board.xml as part xczu28dr-ffvg1517-2-e specified in board_part file is either invalid or not available
WARNING: [Board 49-26] cannot add Board Part xilinx.com:zcu111:part0:1.4 available at D:/Program/Vivado/2022.1/data/xhub/boards/XilinxBoardStore/boards/Xilinx/zcu111/1.4/board.xml as part xczu28dr-ffvg1517-2-e specified in board_part file is either invalid or not available
WARNING: [Board 49-26] cannot add Board Part xilinx.com:zcu1275:part0:1.0 available at D:/Program/Vivado/2022.1/data/xhub/boards/XilinxBoardStore/boards/Xilinx/zcu1275/1.0/board.xml as part xczu29dr-ffvf1760-2-e specified in board_part file is either invalid or not available
WARNING: [Board 49-26] cannot add Board Part xilinx.com:zcu1285:part0:1.0 available at D:/Program/Vivado/2022.1/data/xhub/boards/XilinxBoardStore/boards/Xilinx/zcu1285/1.0/board.xml as part xczu39dr-ffvf1760-2-i specified in board_part file is either invalid or not available
WARNING: [Board 49-26] cannot add Board Part xilinx.com:zcu208:part0:2.0 available at D:/Program/Vivado/2022.1/data/xhub/boards/XilinxBoardStore/boards/Xilinx/zcu208/production/2.0/board.xml as part xczu48dr-fsvg1517-2-e specified in board_part file is either invalid or not available
WARNING: [Board 49-26] cannot add Board Part xilinx.com:zcu208ld:part0:2.0 available at D:/Program/Vivado/2022.1/data/xhub/boards/XilinxBoardStore/boards/Xilinx/zcu208ld/production/2.0/board.xml as part xczu58dr-fsvg1517-2-i specified in board_part file is either invalid or not available
WARNING: [Board 49-26] cannot add Board Part xilinx.com:zcu216:part0:2.0 available at D:/Program/Vivado/2022.1/data/xhub/boards/XilinxBoardStore/boards/Xilinx/zcu216/production/2.0/board.xml as part xczu49dr-ffvf1760-2-e specified in board_part file is either invalid or not available
WARNING: [Board 49-26] cannot add Board Part xilinx.com:zcu216ld:part0:2.0 available at D:/Program/Vivado/2022.1/data/xhub/boards/XilinxBoardStore/boards/Xilinx/zcu216ld/production/2.0/board.xml as part xczu59dr-ffvf1760-2-i specified in board_part file is either invalid or not available
WARNING: [Board 49-26] cannot add Board Part xilinx.com:zcu670:part0:2.0 available at D:/Program/Vivado/2022.1/data/xhub/boards/XilinxBoardStore/boards/Xilinx/zcu670/2.0/board.xml as part xczu67dr-fsve1156-2-i specified in board_part file is either invalid or not available
WARNING: [Board 49-26] cannot add Board Part xilinx.com:zcu670ld:part0:1.0 available at D:/Program/Vivado/2022.1/data/xhub/boards/XilinxBoardStore/boards/Xilinx/zcu670ld/1.0/board.xml as part xczu57dr-fsve1156-2-i specified in board_part file is either invalid or not available
Scanning sources...
Finished scanning sources
INFO: [IP_Flow 19-234] Refreshing IP repositories
WARNING: [IP_Flow 19-3685] Ignored loading user repository 'd:/intelligent_traffic_light/ip_repo/intellight_database/intellight_database_1.0'. The path is contained within another repository.
INFO: [IP_Flow 19-1700] Loaded user IP repository 'd:/intelligent_traffic_light/ip_repo'.
INFO: [IP_Flow 19-2313] Loaded Vivado IP repository 'D:/Program/Vivado/2022.1/data/ip'.
open_project: Time (s): cpu = 00:00:24 ; elapsed = 00:00:13 . Memory (MB): peak = 1931.676 ; gain = 23.949
update_compile_order -fileset sources_1
open_bd_design {D:/intelligent_traffic_light/optimized_intellight_v2/optimized_intellight_v2.srcs/sources_1/bd/intellight_v2/intellight_v2.bd}
Reading block design file <D:/intelligent_traffic_light/optimized_intellight_v2/optimized_intellight_v2.srcs/sources_1/bd/intellight_v2/intellight_v2.bd>...
Adding component instance block -- xilinx.com:ip:processing_system7:5.5 - processing_system7_0
Adding component instance block -- xilinx.com:ip:proc_sys_reset:5.0 - rst_ps7_0_100M
Adding component instance block -- xilinx.com:ip:axi_intc:4.1 - axi_intc_0
Adding component instance block -- xilinx.com:ip:axi_interconnect:2.1 - ps7_0_axi_periph
Adding component instance block -- xilinx.com:ip:axi_crossbar:2.1 - xbar
Adding component instance block -- xilinx.com:ip:axi_protocol_converter:2.1 - auto_pc
Adding component instance block -- xilinx.com:ip:axi_dwidth_converter:2.1 - auto_us
Adding component instance block -- xilinx.com:ip:axi_dwidth_converter:2.1 - auto_ds
Adding component instance block -- xilinx.com:ip:axi_protocol_converter:2.1 - auto_pc
Adding component instance block -- xilinx.com:ip:axi_dwidth_converter:2.1 - auto_ds
Adding component instance block -- xilinx.com:ip:axi_protocol_converter:2.1 - auto_pc
Adding component instance block -- xilinx.com:module_ref:action_ram_wrapper:1.0 - action_ram_wrapper_0
Adding component instance block -- xilinx.com:ip:axi_bram_ctrl:4.1 - axi_bram_ctrl_0
Adding component instance block -- xilinx.com:ip:axi_bram_ctrl:4.1 - axi_bram_ctrl_1
Adding component instance block -- xilinx.com:ip:axi_bram_ctrl:4.1 - axi_bram_ctrl_2
Adding component instance block -- xilinx.com:ip:axi_bram_ctrl:4.1 - axi_bram_ctrl_3
Adding component instance block -- xilinx.com:ip:blk_mem_gen:8.4 - comm_ram_0
Adding component instance block -- xilinx.com:ip:blk_mem_gen:8.4 - comm_ram_1
Adding component instance block -- xilinx.com:ip:blk_mem_gen:8.4 - comm_ram_2
Adding component instance block -- xilinx.com:ip:blk_mem_gen:8.4 - comm_ram_3
Adding component instance block -- xilinx.com:module_ref:CU:1.0 - CU_0
Adding component instance block -- xilinx.com:module_ref:MII:1.0 - MII_0
Adding component instance block -- xilinx.com:module_ref:MOI:1.0 - MOI_0
Adding component instance block -- xilinx.com:module_ref:PG:1.0 - PG_0
Adding component instance block -- xilinx.com:module_ref:QA:1.0 - QA_0
Adding component instance block -- xilinx.com:module_ref:RD:1.0 - RD_0
Adding component instance block -- xilinx.com:module_ref:SD:1.0 - SD_0
Adding component instance block -- xilinx.com:user:intellight_database:1.0 - intellight_database_0
Successfully read diagram <intellight_v2> from block design file <D:/intelligent_traffic_light/optimized_intellight_v2/optimized_intellight_v2.srcs/sources_1/bd/intellight_v2/intellight_v2.bd>
open_bd_design: Time (s): cpu = 00:00:17 ; elapsed = 00:00:13 . Memory (MB): peak = 1931.676 ; gain = 0.000
report_ip_status -name ip_status 
delete_bd_objs [get_bd_nets intellight_database_0_alpha] [get_bd_nets intellight_database_0_gamma] [get_bd_nets intellight_database_0_S_sim] [get_bd_nets MOI_0_Q_02] [get_bd_nets MOI_0_Q_22] [get_bd_nets intellight_database_0_L_inc] [get_bd_nets MOI_0_Q_01] [get_bd_nets MOI_0_Q_12] [get_bd_nets MOI_0_Q_13] [get_bd_nets MOI_0_Q_30] [get_bd_nets MOI_0_Q_31] [get_bd_intf_nets ps7_0_axi_periph_M01_AXI] [get_bd_nets intellight_database_0_seed] [get_bd_nets intellight_database_0_L_dec] [get_bd_nets MOI_0_Q_03] [get_bd_nets MOI_0_Q_21] [get_bd_nets MOI_0_Q_23] [get_bd_nets MOI_0_Q_33] [get_bd_nets intellight_database_0_max_step] [get_bd_nets intellight_database_0_run] [get_bd_nets intellight_database_0_max_episode] [get_bd_nets MOI_0_Q_00] [get_bd_nets MOI_0_Q_10] [get_bd_nets MOI_0_Q_11] [get_bd_nets MOI_0_Q_20] [get_bd_nets MOI_0_Q_32] [get_bd_cells intellight_database_0]
startgroup
create_bd_cell -type ip -vlnv xilinx.com:user:intellight_database:1.0 intellight_database_0
endgroup
set_property location {7.5 2914 315} [get_bd_cells intellight_database_0]
set_property location {8 2950 363} [get_bd_cells intellight_database_0]
connect_bd_net [get_bd_pins MOI_0/Q_00] [get_bd_pins intellight_database_0/Q_00]
connect_bd_net [get_bd_pins MOI_0/Q_01] [get_bd_pins intellight_database_0/Q_01]
connect_bd_net [get_bd_pins MOI_0/Q_02] [get_bd_pins intellight_database_0/Q_02]
connect_bd_net [get_bd_pins MOI_0/Q_03] [get_bd_pins intellight_database_0/Q_03]
connect_bd_net [get_bd_pins MOI_0/Q_10] [get_bd_pins intellight_database_0/Q_10]
connect_bd_net [get_bd_pins MOI_0/Q_11] [get_bd_pins intellight_database_0/Q_11]
connect_bd_net [get_bd_pins MOI_0/Q_12] [get_bd_pins intellight_database_0/Q_12]
connect_bd_net [get_bd_pins MOI_0/Q_13] [get_bd_pins intellight_database_0/Q_13]
connect_bd_net [get_bd_pins MOI_0/Q_20] [get_bd_pins intellight_database_0/Q_20]
connect_bd_net [get_bd_pins MOI_0/Q_21] [get_bd_pins intellight_database_0/Q_21]
connect_bd_net [get_bd_pins MOI_0/Q_22] [get_bd_pins intellight_database_0/Q_22]
connect_bd_net [get_bd_pins MOI_0/Q_23] [get_bd_pins intellight_database_0/Q_23]
connect_bd_net [get_bd_pins MOI_0/Q_30] [get_bd_pins intellight_database_0/Q_30]
connect_bd_net [get_bd_pins MOI_0/Q_31] [get_bd_pins intellight_database_0/Q_31]
connect_bd_net [get_bd_pins MOI_0/Q_32] [get_bd_pins intellight_database_0/Q_32]
connect_bd_net [get_bd_pins MOI_0/Q_33] [get_bd_pins intellight_database_0/Q_33]
set_property location {3 937 590} [get_bd_cells intellight_database_0]
set_property location {3.5 1187 279} [get_bd_cells intellight_database_0]
connect_bd_net [get_bd_pins intellight_database_0/S_sim] [get_bd_pins SD_0/S_sim]
connect_bd_net [get_bd_pins intellight_database_0/L_inc] [get_bd_pins SD_0/L_inc]
connect_bd_net [get_bd_pins intellight_database_0/L_dec] [get_bd_pins SD_0/L_dec]
set_property location {6 1806 387} [get_bd_cells intellight_database_0]
set_property location {1 21 296} [get_bd_cells intellight_database_0]
connect_bd_net [get_bd_pins intellight_database_0/max_step] [get_bd_pins CU_0/max_step]
connect_bd_net [get_bd_pins intellight_database_0/max_episode] [get_bd_pins CU_0/max_episode]
connect_bd_net [get_bd_pins intellight_database_0/seed] [get_bd_pins CU_0/seed]
connect_bd_net [get_bd_pins intellight_database_0/mode] [get_bd_pins CU_0/mode]
connect_bd_net [get_bd_pins intellight_database_0/run] [get_bd_pins CU_0/run]
set_property location {5.5 2059 306} [get_bd_cells intellight_database_0]
connect_bd_net [get_bd_pins intellight_database_0/alpha] [get_bd_pins QA_0/alpha]
connect_bd_net [get_bd_pins intellight_database_0/gamma] [get_bd_pins QA_0/gamma]
save_bd_design
Wrote  : <D:\intelligent_traffic_light\optimized_intellight_v2\optimized_intellight_v2.srcs\sources_1\bd\intellight_v2\intellight_v2.bd> 
Wrote  : <D:/intelligent_traffic_light/optimized_intellight_v2/optimized_intellight_v2.srcs/sources_1/bd/intellight_v2/ui/bd_4677885b.ui> 
apply_bd_automation -rule xilinx.com:bd_rule:axi4 -config { Clk_master {/processing_system7_0/FCLK_CLK0 (58 MHz)} Clk_slave {Auto} Clk_xbar {/processing_system7_0/FCLK_CLK0 (58 MHz)} Master {/processing_system7_0/M_AXI_GP0} Slave {/intellight_database_0/S00_AXI} ddr_seg {Auto} intc_ip {/ps7_0_axi_periph} master_apm {0}}  [get_bd_intf_pins intellight_database_0/S00_AXI]
Slave segment '/intellight_database_0/S00_AXI/S00_AXI_reg' is being assigned into address space '/processing_system7_0/Data' at <0x43C0_0000 [ 64K ]>.
report_ip_status -name ip_status 
regenerate_bd_layout
save_bd_design
Wrote  : <D:\intelligent_traffic_light\optimized_intellight_v2\optimized_intellight_v2.srcs\sources_1\bd\intellight_v2\intellight_v2.bd> 
Wrote  : <D:/intelligent_traffic_light/optimized_intellight_v2/optimized_intellight_v2.srcs/sources_1/bd/intellight_v2/ui/bd_4677885b.ui> 
make_wrapper -files [get_files D:/intelligent_traffic_light/optimized_intellight_v2/optimized_intellight_v2.srcs/sources_1/bd/intellight_v2/intellight_v2.bd] -top
WARNING: [BD 41-702] Propagation TCL tries to overwrite USER strength parameter PCW_M_AXI_GP0_FREQMHZ(10) on '/processing_system7_0' with propagated value(58). Command ignored
WARNING: [BD 41-702] Propagation TCL tries to overwrite USER strength parameter WRITE_WIDTH_A(64) on '/comm_ram/comm_ram_0' with propagated value(32). Command ignored
WARNING: [BD 41-702] Propagation TCL tries to overwrite USER strength parameter READ_WIDTH_A(64) on '/comm_ram/comm_ram_0' with propagated value(32). Command ignored
WARNING: [BD 41-702] Propagation TCL tries to overwrite USER strength parameter WRITE_WIDTH_A(64) on '/comm_ram/comm_ram_1' with propagated value(32). Command ignored
WARNING: [BD 41-702] Propagation TCL tries to overwrite USER strength parameter READ_WIDTH_A(64) on '/comm_ram/comm_ram_1' with propagated value(32). Command ignored
WARNING: [BD 41-702] Propagation TCL tries to overwrite USER strength parameter WRITE_WIDTH_A(64) on '/comm_ram/comm_ram_2' with propagated value(32). Command ignored
WARNING: [BD 41-702] Propagation TCL tries to overwrite USER strength parameter READ_WIDTH_A(64) on '/comm_ram/comm_ram_2' with propagated value(32). Command ignored
WARNING: [BD 41-702] Propagation TCL tries to overwrite USER strength parameter WRITE_WIDTH_A(64) on '/comm_ram/comm_ram_3' with propagated value(32). Command ignored
WARNING: [BD 41-702] Propagation TCL tries to overwrite USER strength parameter READ_WIDTH_A(64) on '/comm_ram/comm_ram_3' with propagated value(32). Command ignored
WARNING: [xilinx.com:ip:axi_intc:4.1-4] /axi_intc_0: Could not determine interrupt input port type - using default interrupt type Rising Edge. Please change this manually if necessary.
Wrote  : <D:\intelligent_traffic_light\optimized_intellight_v2\optimized_intellight_v2.srcs\sources_1\bd\intellight_v2\intellight_v2.bd> 
Wrote  : <D:/intelligent_traffic_light/optimized_intellight_v2/optimized_intellight_v2.srcs/sources_1/bd/intellight_v2/ui/bd_4677885b.ui> 
WARNING: [BD 41-2384] Width mismatch when connecting pin: '/comm_ram/comm_ram_0/addrb'(32) to pin: '/comm_ram/axi_bram_ctrl_0/bram_addr_a'(13) - Only lower order bits will be connected.
WARNING: [BD 41-2384] Width mismatch when connecting pin: '/comm_ram/comm_ram_1/addrb'(32) to pin: '/comm_ram/axi_bram_ctrl_1/bram_addr_a'(13) - Only lower order bits will be connected.
WARNING: [BD 41-2384] Width mismatch when connecting pin: '/comm_ram/comm_ram_2/addrb'(32) to pin: '/comm_ram/axi_bram_ctrl_2/bram_addr_a'(13) - Only lower order bits will be connected.
WARNING: [BD 41-2384] Width mismatch when connecting pin: '/comm_ram/comm_ram_3/addrb'(32) to pin: '/comm_ram/axi_bram_ctrl_3/bram_addr_a'(13) - Only lower order bits will be connected.
Verilog Output written to : d:/intelligent_traffic_light/optimized_intellight_v2/optimized_intellight_v2.gen/sources_1/bd/intellight_v2/synth/intellight_v2.v
WARNING: [BD 41-2384] Width mismatch when connecting pin: '/comm_ram/comm_ram_0/addrb'(32) to pin: '/comm_ram/axi_bram_ctrl_0/bram_addr_a'(13) - Only lower order bits will be connected.
WARNING: [BD 41-2384] Width mismatch when connecting pin: '/comm_ram/comm_ram_1/addrb'(32) to pin: '/comm_ram/axi_bram_ctrl_1/bram_addr_a'(13) - Only lower order bits will be connected.
WARNING: [BD 41-2384] Width mismatch when connecting pin: '/comm_ram/comm_ram_2/addrb'(32) to pin: '/comm_ram/axi_bram_ctrl_2/bram_addr_a'(13) - Only lower order bits will be connected.
WARNING: [BD 41-2384] Width mismatch when connecting pin: '/comm_ram/comm_ram_3/addrb'(32) to pin: '/comm_ram/axi_bram_ctrl_3/bram_addr_a'(13) - Only lower order bits will be connected.
Verilog Output written to : d:/intelligent_traffic_light/optimized_intellight_v2/optimized_intellight_v2.gen/sources_1/bd/intellight_v2/sim/intellight_v2.v
Verilog Output written to : d:/intelligent_traffic_light/optimized_intellight_v2/optimized_intellight_v2.gen/sources_1/bd/intellight_v2/hdl/intellight_v2_wrapper.v
make_wrapper: Time (s): cpu = 00:00:22 ; elapsed = 00:00:23 . Memory (MB): peak = 1931.676 ; gain = 0.000
report_ip_status -name ip_status 
generate_target all [get_files  D:/intelligent_traffic_light/optimized_intellight_v2/optimized_intellight_v2.srcs/sources_1/bd/intellight_v2/intellight_v2.bd]
INFO: [BD 41-1662] The design 'intellight_v2.bd' is already validated. Therefore parameter propagation will not be re-run.
Wrote  : <D:/intelligent_traffic_light/optimized_intellight_v2/optimized_intellight_v2.srcs/sources_1/bd/intellight_v2/ui/bd_4677885b.ui> 
WARNING: [BD 41-2384] Width mismatch when connecting pin: '/comm_ram/comm_ram_0/addrb'(32) to pin: '/comm_ram/axi_bram_ctrl_0/bram_addr_a'(13) - Only lower order bits will be connected.
WARNING: [BD 41-2384] Width mismatch when connecting pin: '/comm_ram/comm_ram_1/addrb'(32) to pin: '/comm_ram/axi_bram_ctrl_1/bram_addr_a'(13) - Only lower order bits will be connected.
WARNING: [BD 41-2384] Width mismatch when connecting pin: '/comm_ram/comm_ram_2/addrb'(32) to pin: '/comm_ram/axi_bram_ctrl_2/bram_addr_a'(13) - Only lower order bits will be connected.
WARNING: [BD 41-2384] Width mismatch when connecting pin: '/comm_ram/comm_ram_3/addrb'(32) to pin: '/comm_ram/axi_bram_ctrl_3/bram_addr_a'(13) - Only lower order bits will be connected.
Verilog Output written to : d:/intelligent_traffic_light/optimized_intellight_v2/optimized_intellight_v2.gen/sources_1/bd/intellight_v2/synth/intellight_v2.v
WARNING: [BD 41-2384] Width mismatch when connecting pin: '/comm_ram/comm_ram_0/addrb'(32) to pin: '/comm_ram/axi_bram_ctrl_0/bram_addr_a'(13) - Only lower order bits will be connected.
WARNING: [BD 41-2384] Width mismatch when connecting pin: '/comm_ram/comm_ram_1/addrb'(32) to pin: '/comm_ram/axi_bram_ctrl_1/bram_addr_a'(13) - Only lower order bits will be connected.
WARNING: [BD 41-2384] Width mismatch when connecting pin: '/comm_ram/comm_ram_2/addrb'(32) to pin: '/comm_ram/axi_bram_ctrl_2/bram_addr_a'(13) - Only lower order bits will be connected.
WARNING: [BD 41-2384] Width mismatch when connecting pin: '/comm_ram/comm_ram_3/addrb'(32) to pin: '/comm_ram/axi_bram_ctrl_3/bram_addr_a'(13) - Only lower order bits will be connected.
Verilog Output written to : d:/intelligent_traffic_light/optimized_intellight_v2/optimized_intellight_v2.gen/sources_1/bd/intellight_v2/sim/intellight_v2.v
Verilog Output written to : d:/intelligent_traffic_light/optimized_intellight_v2/optimized_intellight_v2.gen/sources_1/bd/intellight_v2/hdl/intellight_v2_wrapper.v
INFO: [BD 41-1029] Generation completed for the IP Integrator block CU_0 .
INFO: [BD 41-1029] Generation completed for the IP Integrator block MII_0 .
INFO: [BD 41-1029] Generation completed for the IP Integrator block MOI_0 .
INFO: [BD 41-1029] Generation completed for the IP Integrator block PG_0 .
INFO: [BD 41-1029] Generation completed for the IP Integrator block QA_0 .
INFO: [BD 41-1029] Generation completed for the IP Integrator block RD_0 .
INFO: [BD 41-1029] Generation completed for the IP Integrator block SD_0 .
INFO: [BD 41-1029] Generation completed for the IP Integrator block intellight_database_0 .
WARNING: [IP_Flow 19-4994] Overwriting existing constraint file 'd:/intelligent_traffic_light/optimized_intellight_v2/optimized_intellight_v2.gen/sources_1/bd/intellight_v2/ip/intellight_v2_auto_pc_2/intellight_v2_auto_pc_2_ooc.xdc'
INFO: [BD 41-1029] Generation completed for the IP Integrator block ps7_0_axi_periph/s00_couplers/auto_pc .
WARNING: [IP_Flow 19-4994] Overwriting existing constraint file 'd:/intelligent_traffic_light/optimized_intellight_v2/optimized_intellight_v2.gen/sources_1/bd/intellight_v2/ip/intellight_v2_auto_us_0/intellight_v2_auto_us_0_ooc.xdc'
INFO: [IP_Flow 19-5611] Unable to find an associated reset port for the interface 'S_AXI'. A default connection has been created.
INFO: [IP_Flow 19-5611] Unable to find an associated reset port for the interface 'M_AXI'. A default connection has been created.
INFO: [BD 41-1029] Generation completed for the IP Integrator block ps7_0_axi_periph/s00_couplers/auto_us .
WARNING: [IP_Flow 19-4994] Overwriting existing constraint file 'd:/intelligent_traffic_light/optimized_intellight_v2/optimized_intellight_v2.gen/sources_1/bd/intellight_v2/ip/intellight_v2_auto_ds_0/intellight_v2_auto_ds_0_ooc.xdc'
INFO: [IP_Flow 19-5611] Unable to find an associated reset port for the interface 'S_AXI'. A default connection has been created.
INFO: [IP_Flow 19-5611] Unable to find an associated reset port for the interface 'M_AXI'. A default connection has been created.
INFO: [BD 41-1029] Generation completed for the IP Integrator block ps7_0_axi_periph/m00_couplers/auto_ds .
WARNING: [IP_Flow 19-4994] Overwriting existing constraint file 'd:/intelligent_traffic_light/optimized_intellight_v2/optimized_intellight_v2.gen/sources_1/bd/intellight_v2/ip/intellight_v2_auto_pc_0/intellight_v2_auto_pc_0_ooc.xdc'
INFO: [BD 41-1029] Generation completed for the IP Integrator block ps7_0_axi_periph/m00_couplers/auto_pc .
WARNING: [IP_Flow 19-4994] Overwriting existing constraint file 'd:/intelligent_traffic_light/optimized_intellight_v2/optimized_intellight_v2.gen/sources_1/bd/intellight_v2/ip/intellight_v2_auto_ds_1/intellight_v2_auto_ds_1_ooc.xdc'
INFO: [IP_Flow 19-5611] Unable to find an associated reset port for the interface 'S_AXI'. A default connection has been created.
INFO: [IP_Flow 19-5611] Unable to find an associated reset port for the interface 'M_AXI'. A default connection has been created.
INFO: [BD 41-1029] Generation completed for the IP Integrator block ps7_0_axi_periph/m01_couplers/auto_ds .
WARNING: [IP_Flow 19-4994] Overwriting existing constraint file 'd:/intelligent_traffic_light/optimized_intellight_v2/optimized_intellight_v2.gen/sources_1/bd/intellight_v2/ip/intellight_v2_auto_pc_1/intellight_v2_auto_pc_1_ooc.xdc'
INFO: [BD 41-1029] Generation completed for the IP Integrator block ps7_0_axi_periph/m01_couplers/auto_pc .
Exporting to file d:/intelligent_traffic_light/optimized_intellight_v2/optimized_intellight_v2.gen/sources_1/bd/intellight_v2/hw_handoff/intellight_v2.hwh
Generated Hardware Definition File d:/intelligent_traffic_light/optimized_intellight_v2/optimized_intellight_v2.gen/sources_1/bd/intellight_v2/synth/intellight_v2.hwdef
catch { config_ip_cache -export [get_ips -all intellight_v2_CU_0_0] }
catch { config_ip_cache -export [get_ips -all intellight_v2_MII_0_0] }
catch { config_ip_cache -export [get_ips -all intellight_v2_MOI_0_0] }
catch { config_ip_cache -export [get_ips -all intellight_v2_PG_0_0] }
catch { config_ip_cache -export [get_ips -all intellight_v2_QA_0_0] }
catch { config_ip_cache -export [get_ips -all intellight_v2_RD_0_0] }
catch { config_ip_cache -export [get_ips -all intellight_v2_SD_0_1] }
catch { config_ip_cache -export [get_ips -all intellight_v2_intellight_database_0_1] }
catch { config_ip_cache -export [get_ips -all intellight_v2_auto_pc_2] }
INFO: [IP_Flow 19-4993] Using cached IP synthesis design for IP intellight_v2_auto_pc_2, cache-ID = abc7cc54ba2f4975; cache size = 19.840 MB.
catch { config_ip_cache -export [get_ips -all intellight_v2_auto_us_0] }
INFO: [IP_Flow 19-4993] Using cached IP synthesis design for IP intellight_v2_auto_us_0, cache-ID = 33c05d096b835e92; cache size = 19.840 MB.
catch { config_ip_cache -export [get_ips -all intellight_v2_auto_ds_0] }
INFO: [IP_Flow 19-4993] Using cached IP synthesis design for IP intellight_v2_auto_ds_0, cache-ID = 243a0ae3b02f7f31; cache size = 19.840 MB.
catch { config_ip_cache -export [get_ips -all intellight_v2_auto_pc_0] }
INFO: [IP_Flow 19-4993] Using cached IP synthesis design for IP intellight_v2_auto_pc_0, cache-ID = f504bec54d82302f; cache size = 19.840 MB.
catch { config_ip_cache -export [get_ips -all intellight_v2_auto_ds_1] }
INFO: [IP_Flow 19-4993] Using cached IP synthesis design for IP intellight_v2_auto_ds_1, cache-ID = 243a0ae3b02f7f31; cache size = 19.840 MB.
catch { config_ip_cache -export [get_ips -all intellight_v2_auto_pc_1] }
INFO: [IP_Flow 19-4993] Using cached IP synthesis design for IP intellight_v2_auto_pc_1, cache-ID = f504bec54d82302f; cache size = 19.840 MB.
export_ip_user_files -of_objects [get_files D:/intelligent_traffic_light/optimized_intellight_v2/optimized_intellight_v2.srcs/sources_1/bd/intellight_v2/intellight_v2.bd] -no_script -sync -force -quiet
create_ip_run [get_files -of_objects [get_fileset sources_1] D:/intelligent_traffic_light/optimized_intellight_v2/optimized_intellight_v2.srcs/sources_1/bd/intellight_v2/intellight_v2.bd]
reset_run intellight_v2_xbar_0_synth_1
launch_runs intellight_v2_xbar_0_synth_1 intellight_v2_CU_0_0_synth_1 intellight_v2_MII_0_0_synth_1 intellight_v2_MOI_0_0_synth_1 intellight_v2_PG_0_0_synth_1 intellight_v2_QA_0_0_synth_1 intellight_v2_RD_0_0_synth_1 intellight_v2_SD_0_1_synth_1 intellight_v2_intellight_database_0_1_synth_1 -jobs 6
[Sat Oct  1 14:17:01 2022] Launched intellight_v2_xbar_0_synth_1, intellight_v2_CU_0_0_synth_1, intellight_v2_MII_0_0_synth_1, intellight_v2_MOI_0_0_synth_1, intellight_v2_PG_0_0_synth_1, intellight_v2_QA_0_0_synth_1, intellight_v2_RD_0_0_synth_1, intellight_v2_SD_0_1_synth_1, intellight_v2_intellight_database_0_1_synth_1...
Run output will be captured here:
intellight_v2_xbar_0_synth_1: D:/intelligent_traffic_light/optimized_intellight_v2/optimized_intellight_v2.runs/intellight_v2_xbar_0_synth_1/runme.log
intellight_v2_CU_0_0_synth_1: D:/intelligent_traffic_light/optimized_intellight_v2/optimized_intellight_v2.runs/intellight_v2_CU_0_0_synth_1/runme.log
intellight_v2_MII_0_0_synth_1: D:/intelligent_traffic_light/optimized_intellight_v2/optimized_intellight_v2.runs/intellight_v2_MII_0_0_synth_1/runme.log
intellight_v2_MOI_0_0_synth_1: D:/intelligent_traffic_light/optimized_intellight_v2/optimized_intellight_v2.runs/intellight_v2_MOI_0_0_synth_1/runme.log
intellight_v2_PG_0_0_synth_1: D:/intelligent_traffic_light/optimized_intellight_v2/optimized_intellight_v2.runs/intellight_v2_PG_0_0_synth_1/runme.log
intellight_v2_QA_0_0_synth_1: D:/intelligent_traffic_light/optimized_intellight_v2/optimized_intellight_v2.runs/intellight_v2_QA_0_0_synth_1/runme.log
intellight_v2_RD_0_0_synth_1: D:/intelligent_traffic_light/optimized_intellight_v2/optimized_intellight_v2.runs/intellight_v2_RD_0_0_synth_1/runme.log
intellight_v2_SD_0_1_synth_1: D:/intelligent_traffic_light/optimized_intellight_v2/optimized_intellight_v2.runs/intellight_v2_SD_0_1_synth_1/runme.log
intellight_v2_intellight_database_0_1_synth_1: D:/intelligent_traffic_light/optimized_intellight_v2/optimized_intellight_v2.runs/intellight_v2_intellight_database_0_1_synth_1/runme.log
launch_runs: Time (s): cpu = 00:00:02 ; elapsed = 00:00:24 . Memory (MB): peak = 1931.676 ; gain = 0.000
export_simulation -of_objects [get_files D:/intelligent_traffic_light/optimized_intellight_v2/optimized_intellight_v2.srcs/sources_1/bd/intellight_v2/intellight_v2.bd] -directory D:/intelligent_traffic_light/optimized_intellight_v2/optimized_intellight_v2.ip_user_files/sim_scripts -ip_user_files_dir D:/intelligent_traffic_light/optimized_intellight_v2/optimized_intellight_v2.ip_user_files -ipstatic_source_dir D:/intelligent_traffic_light/optimized_intellight_v2/optimized_intellight_v2.ip_user_files/ipstatic -lib_map_path [list {modelsim=D:/intelligent_traffic_light/optimized_intellight_v2/optimized_intellight_v2.cache/compile_simlib/modelsim} {questa=D:/intelligent_traffic_light/optimized_intellight_v2/optimized_intellight_v2.cache/compile_simlib/questa} {riviera=D:/intelligent_traffic_light/optimized_intellight_v2/optimized_intellight_v2.cache/compile_simlib/riviera} {activehdl=D:/intelligent_traffic_light/optimized_intellight_v2/optimized_intellight_v2.cache/compile_simlib/activehdl}] -use_ip_compiled_libs -force -quiet
regenerate_bd_layout
reset_run synth_1
INFO: [Project 1-1161] Replacing file D:/intelligent_traffic_light/optimized_intellight_v2/synth_1/PG.dcp with file D:/intelligent_traffic_light/optimized_intellight_v2/optimized_intellight_v2.runs/synth_1/intellight_v2_wrapper.dcp
launch_runs impl_2 -to_step write_bitstream -jobs 6
[Sat Oct  1 14:21:20 2022] Launched synth_1...
Run output will be captured here: D:/intelligent_traffic_light/optimized_intellight_v2/optimized_intellight_v2.runs/synth_1/runme.log
[Sat Oct  1 14:21:20 2022] Launched impl_2...
Run output will be captured here: D:/intelligent_traffic_light/optimized_intellight_v2/optimized_intellight_v2.runs/impl_2/runme.log
reset_run synth_1
INFO: [Project 1-1161] Replacing file D:/intelligent_traffic_light/optimized_intellight_v2/synth_1/PG.dcp with file D:/intelligent_traffic_light/optimized_intellight_v2/optimized_intellight_v2.runs/synth_1/intellight_v2_wrapper.dcp
launch_runs synth_1 -jobs 6
[Sat Oct  1 14:26:01 2022] Launched synth_1...
Run output will be captured here: D:/intelligent_traffic_light/optimized_intellight_v2/optimized_intellight_v2.runs/synth_1/runme.log
reset_run synth_1
WARNING: [Vivado 12-1017] Problems encountered:
1. Failed to delete one or more files in run directory D:/intelligent_traffic_light/optimized_intellight_v2/optimized_intellight_v2.runs/synth_1

exit
INFO: [Common 17-206] Exiting Vivado at Sat Oct  1 14:26:16 2022...
