#-----------------------------------------------------------
# Vivado v2022.1 (64-bit)
# SW Build 3526262 on Mon Apr 18 15:48:16 MDT 2022
# IP Build 3524634 on Mon Apr 18 20:55:01 MDT 2022
# Start of session at: Thu Sep 29 10:14:15 2022
# Process ID: 16404
# Current directory: D:/intelligent_traffic_light/optimized_intellight_v2
# Command line: vivado.exe -gui_launcher_event rodinguilauncherevent10336 D:\intelligent_traffic_light\optimized_intellight_v2\optimized_intellight_v2.xpr
# Log file: D:/intelligent_traffic_light/optimized_intellight_v2/vivado.log
# Journal file: D:/intelligent_traffic_light/optimized_intellight_v2\vivado.jou
# Running On: DESKTOP-FRUK6JR, OS: Windows, CPU Frequency: 3593 MHz, CPU Physical cores: 6, Host memory: 8532 MB
#-----------------------------------------------------------
start_gui
open_project D:/intelligent_traffic_light/optimized_intellight_v2/optimized_intellight_v2.xpr
WARNING: [Board 49-26] cannot add Board Part xilinx.com:kc705:part0:1.6 available at D:/Program/Vivado/2022.1/data/xhub/boards/XilinxBoardStore/boards/Xilinx/kc705/1.6/board.xml as part xc7k325tffg900-2 specified in board_part file is either invalid or not available
WARNING: [Board 49-26] cannot add Board Part xilinx.com:kcu105:part0:1.6 available at D:/Program/Vivado/2022.1/data/xhub/boards/XilinxBoardStore/boards/Xilinx/kcu105/1.6/board.xml as part xcku040-ffva1156-2-e specified in board_part file is either invalid or not available
WARNING: [Board 49-26] cannot add Board Part xilinx.com:kcu105:part0:1.7 available at D:/Program/Vivado/2022.1/data/xhub/boards/XilinxBoardStore/boards/Xilinx/kcu105/1.7/board.xml as part xcku040-ffva1156-2-e specified in board_part file is either invalid or not available
WARNING: [Board 49-26] cannot add Board Part xilinx.com:kcu1500:part0:1.2 available at D:/Program/Vivado/2022.1/data/xhub/boards/XilinxBoardStore/boards/Xilinx/kcu1500/1.2/board.xml as part xcku115-flvb2104-2-e specified in board_part file is either invalid or not available
WARNING: [Board 49-26] cannot add Board Part xilinx.com:vc707:part0:1.4 available at D:/Program/Vivado/2022.1/data/xhub/boards/XilinxBoardStore/boards/Xilinx/vc707/1.4/board.xml as part xc7vx485tffg1761-2 specified in board_part file is either invalid or not available
WARNING: [Board 49-26] cannot add Board Part xilinx.com:vc709:part0:1.8 available at D:/Program/Vivado/2022.1/data/xhub/boards/XilinxBoardStore/boards/Xilinx/vc709/1.8/board.xml as part xc7vx690tffg1761-2 specified in board_part file is either invalid or not available
WARNING: [Board 49-26] cannot add Board Part xilinx.com:vck190:part0:2.2 available at D:/Program/Vivado/2022.1/data/xhub/boards/XilinxBoardStore/boards/Xilinx/vck190/production/2.2/board.xml as part xcvc1902-vsva2197-2mp-e-s specified in board_part file is either invalid or not available
WARNING: [Board 49-26] cannot add Board Part xilinx.com:vck190:part0:3.0 available at D:/Program/Vivado/2022.1/data/xhub/boards/XilinxBoardStore/boards/Xilinx/vck190/production/3.0/board.xml as part xcvc1902-vsva2197-2mp-e-s specified in board_part file is either invalid or not available
WARNING: [Board 49-26] cannot add Board Part xilinx.com:vck190_newl:part0:1.0 available at D:/Program/Vivado/2022.1/data/xhub/boards/XilinxBoardStore/boards/Xilinx/vck190_newl/production/1.0/board.xml as part xcvc1902-vsva2197-2mp-e-s specified in board_part file is either invalid or not available
WARNING: [Board 49-26] cannot add Board Part xilinx.com:vcu108:part0:1.6 available at D:/Program/Vivado/2022.1/data/xhub/boards/XilinxBoardStore/boards/Xilinx/vcu108/1.6/board.xml as part xcvu095-ffva2104-2-e specified in board_part file is either invalid or not available
WARNING: [Board 49-26] cannot add Board Part xilinx.com:vcu108:part0:1.7 available at D:/Program/Vivado/2022.1/data/xhub/boards/XilinxBoardStore/boards/Xilinx/vcu108/1.7/board.xml as part xcvu095-ffva2104-2-e specified in board_part file is either invalid or not available
WARNING: [Board 49-26] cannot add Board Part xilinx.com:vcu110:part0:1.4 available at D:/Program/Vivado/2022.1/data/xhub/boards/XilinxBoardStore/boards/Xilinx/vcu110/1.4/board.xml as part xcvu190-flgc2104-2-e specified in board_part file is either invalid or not available
WARNING: [Board 49-26] cannot add Board Part xilinx.com:vcu118:part0:2.0 available at D:/Program/Vivado/2022.1/data/xhub/boards/XilinxBoardStore/boards/Xilinx/vcu118/2.0/board.xml as part xcvu9p-flga2104-2l-e specified in board_part file is either invalid or not available
WARNING: [Board 49-26] cannot add Board Part xilinx.com:vcu118:part0:2.3 available at D:/Program/Vivado/2022.1/data/xhub/boards/XilinxBoardStore/boards/Xilinx/vcu118/2.3/board.xml as part xcvu9p-flga2104-2l-e specified in board_part file is either invalid or not available
WARNING: [Board 49-26] cannot add Board Part xilinx.com:vcu118:part0:2.4 available at D:/Program/Vivado/2022.1/data/xhub/boards/XilinxBoardStore/boards/Xilinx/vcu118/2.4/board.xml as part xcvu9p-flga2104-2l-e specified in board_part file is either invalid or not available
WARNING: [Board 49-26] cannot add Board Part xilinx.com:vcu128:part0:1.0 available at D:/Program/Vivado/2022.1/data/xhub/boards/XilinxBoardStore/boards/Xilinx/vcu128/production/1.0/board.xml as part xcvu37p-fsvh2892-2l-e specified in board_part file is either invalid or not available
WARNING: [Board 49-26] cannot add Board Part xilinx.com:vcu129:part0:1.0 available at D:/Program/Vivado/2022.1/data/xhub/boards/XilinxBoardStore/boards/Xilinx/vcu129/production/1.0/board.xml as part xcvu29p-fsga2577-2l-e specified in board_part file is either invalid or not available
WARNING: [Board 49-26] cannot add Board Part xilinx.com:vcu1525:part0:1.3 available at D:/Program/Vivado/2022.1/data/xhub/boards/XilinxBoardStore/boards/Xilinx/vcu1525/1.3/board.xml as part xcvu9p-fsgd2104-2l-e specified in board_part file is either invalid or not available
WARNING: [Board 49-26] cannot add Board Part xilinx.com:vermeo_t1_mpsoc:part0:1.0 available at D:/Program/Vivado/2022.1/data/xhub/boards/XilinxBoardStore/boards/Xilinx/vermeo_t1_mpsoc/1.0/board.xml as part xczu19eg-ffvd1760-2l-e specified in board_part file is either invalid or not available
WARNING: [Board 49-26] cannot add Board Part xilinx.com:vermeo_t1_rfsoc:part0:1.0 available at D:/Program/Vivado/2022.1/data/xhub/boards/XilinxBoardStore/boards/Xilinx/vermeo_t1_rfsoc/1.0/board.xml as part xczu21dr-ffvd1156-2l-e specified in board_part file is either invalid or not available
WARNING: [Board 49-26] cannot add Board Part xilinx.com:vmk180:part0:2.2 available at D:/Program/Vivado/2022.1/data/xhub/boards/XilinxBoardStore/boards/Xilinx/vmk180/production/2.2/board.xml as part xcvm1802-vsva2197-2mp-e-s specified in board_part file is either invalid or not available
WARNING: [Board 49-26] cannot add Board Part xilinx.com:vmk180:part0:3.0 available at D:/Program/Vivado/2022.1/data/xhub/boards/XilinxBoardStore/boards/Xilinx/vmk180/production/3.0/board.xml as part xcvm1802-vsva2197-2mp-e-s specified in board_part file is either invalid or not available
WARNING: [Board 49-26] cannot add Board Part xilinx.com:vmk180_newl:part0:1.0 available at D:/Program/Vivado/2022.1/data/xhub/boards/XilinxBoardStore/boards/Xilinx/vmk180_newl/production/1.0/board.xml as part xcvm1802-vsva2197-2mp-e-s specified in board_part file is either invalid or not available
WARNING: [Board 49-26] cannot add Board Part xilinx.com:vpk120_es:part0:1.2 available at D:/Program/Vivado/2022.1/data/xhub/boards/XilinxBoardStore/boards/Xilinx/vpk120/es/1.2/board.xml as part xcvp1202-vsva2785-2mp-e-s-es1 specified in board_part file is either invalid or not available
WARNING: [Board 49-26] cannot add Board Part xilinx.com:vpk120_es_revb:part0:1.0 available at D:/Program/Vivado/2022.1/data/xhub/boards/XilinxBoardStore/boards/Xilinx/vpk120_revb/es/1.0/board.xml as part xcvp1202-vsva2785-2mp-e-s-es1 specified in board_part file is either invalid or not available
WARNING: [Board 49-26] cannot add Board Part xilinx.com:zc706:part0:1.4 available at D:/Program/Vivado/2022.1/data/xhub/boards/XilinxBoardStore/boards/Xilinx/zc706/1.4/board.xml as part xc7z045ffg900-2 specified in board_part file is either invalid or not available
WARNING: [Board 49-26] cannot add Board Part xilinx.com:zcu102:part0:3.3 available at D:/Program/Vivado/2022.1/data/xhub/boards/XilinxBoardStore/boards/Xilinx/zcu102/3.3/board.xml as part xczu9eg-ffvb1156-2-e specified in board_part file is either invalid or not available
WARNING: [Board 49-26] cannot add Board Part xilinx.com:zcu102:part0:3.4 available at D:/Program/Vivado/2022.1/data/xhub/boards/XilinxBoardStore/boards/Xilinx/zcu102/3.4/board.xml as part xczu9eg-ffvb1156-2-e specified in board_part file is either invalid or not available
WARNING: [Board 49-26] cannot add Board Part xilinx.com:zcu111:part0:1.2 available at D:/Program/Vivado/2022.1/data/xhub/boards/XilinxBoardStore/boards/Xilinx/zcu111/1.2/board.xml as part xczu28dr-ffvg1517-2-e specified in board_part file is either invalid or not available
WARNING: [Board 49-26] cannot add Board Part xilinx.com:zcu111:part0:1.3 available at D:/Program/Vivado/2022.1/data/xhub/boards/XilinxBoardStore/boards/Xilinx/zcu111/1.3/board.xml as part xczu28dr-ffvg1517-2-e specified in board_part file is either invalid or not available
WARNING: [Board 49-26] cannot add Board Part xilinx.com:zcu111:part0:1.4 available at D:/Program/Vivado/2022.1/data/xhub/boards/XilinxBoardStore/boards/Xilinx/zcu111/1.4/board.xml as part xczu28dr-ffvg1517-2-e specified in board_part file is either invalid or not available
WARNING: [Board 49-26] cannot add Board Part xilinx.com:zcu1275:part0:1.0 available at D:/Program/Vivado/2022.1/data/xhub/boards/XilinxBoardStore/boards/Xilinx/zcu1275/1.0/board.xml as part xczu29dr-ffvf1760-2-e specified in board_part file is either invalid or not available
WARNING: [Board 49-26] cannot add Board Part xilinx.com:zcu1285:part0:1.0 available at D:/Program/Vivado/2022.1/data/xhub/boards/XilinxBoardStore/boards/Xilinx/zcu1285/1.0/board.xml as part xczu39dr-ffvf1760-2-i specified in board_part file is either invalid or not available
WARNING: [Board 49-26] cannot add Board Part xilinx.com:zcu208:part0:2.0 available at D:/Program/Vivado/2022.1/data/xhub/boards/XilinxBoardStore/boards/Xilinx/zcu208/production/2.0/board.xml as part xczu48dr-fsvg1517-2-e specified in board_part file is either invalid or not available
WARNING: [Board 49-26] cannot add Board Part xilinx.com:zcu208ld:part0:2.0 available at D:/Program/Vivado/2022.1/data/xhub/boards/XilinxBoardStore/boards/Xilinx/zcu208ld/production/2.0/board.xml as part xczu58dr-fsvg1517-2-i specified in board_part file is either invalid or not available
WARNING: [Board 49-26] cannot add Board Part xilinx.com:zcu216:part0:2.0 available at D:/Program/Vivado/2022.1/data/xhub/boards/XilinxBoardStore/boards/Xilinx/zcu216/production/2.0/board.xml as part xczu49dr-ffvf1760-2-e specified in board_part file is either invalid or not available
WARNING: [Board 49-26] cannot add Board Part xilinx.com:zcu216ld:part0:2.0 available at D:/Program/Vivado/2022.1/data/xhub/boards/XilinxBoardStore/boards/Xilinx/zcu216ld/production/2.0/board.xml as part xczu59dr-ffvf1760-2-i specified in board_part file is either invalid or not available
WARNING: [Board 49-26] cannot add Board Part xilinx.com:zcu670:part0:2.0 available at D:/Program/Vivado/2022.1/data/xhub/boards/XilinxBoardStore/boards/Xilinx/zcu670/2.0/board.xml as part xczu67dr-fsve1156-2-i specified in board_part file is either invalid or not available
WARNING: [Board 49-26] cannot add Board Part xilinx.com:zcu670ld:part0:1.0 available at D:/Program/Vivado/2022.1/data/xhub/boards/XilinxBoardStore/boards/Xilinx/zcu670ld/1.0/board.xml as part xczu57dr-fsve1156-2-i specified in board_part file is either invalid or not available
Scanning sources...
Finished scanning sources
INFO: [IP_Flow 19-234] Refreshing IP repositories
INFO: [IP_Flow 19-1700] Loaded user IP repository 'd:/intelligent_traffic_light/ip_repo'.
INFO: [IP_Flow 19-2313] Loaded Vivado IP repository 'D:/Program/Vivado/2022.1/data/ip'.
open_project: Time (s): cpu = 00:00:18 ; elapsed = 00:00:09 . Memory (MB): peak = 1729.406 ; gain = 0.000
reset_run synth_1
INFO: [Project 1-1160] Copying file D:/intelligent_traffic_light/optimized_intellight_v2/optimized_intellight_v2.runs/synth_1/PG.dcp to D:/intelligent_traffic_light/optimized_intellight_v2/synth_1 and adding it to utils fileset
launch_runs synth_1 -jobs 6
[Thu Sep 29 10:15:11 2022] Launched synth_1...
Run output will be captured here: D:/intelligent_traffic_light/optimized_intellight_v2/optimized_intellight_v2.runs/synth_1/runme.log
launch_runs: Time (s): cpu = 00:00:02 ; elapsed = 00:00:21 . Memory (MB): peak = 1729.406 ; gain = 0.000
update_compile_order -fileset sources_1
launch_runs impl_2 -jobs 6
[Thu Sep 29 10:17:32 2022] Launched impl_2...
Run output will be captured here: D:/intelligent_traffic_light/optimized_intellight_v2/optimized_intellight_v2.runs/impl_2/runme.log
open_run impl_2
INFO: [Device 21-403] Loading part xc7z020clg400-1
Netlist sorting complete. Time (s): cpu = 00:00:01 ; elapsed = 00:00:00.241 . Memory (MB): peak = 1729.406 ; gain = 0.000
INFO: [Netlist 29-17] Analyzing 184 Unisim elements for replacement
INFO: [Netlist 29-28] Unisim Transformation completed in 0 CPU seconds
INFO: [Project 1-479] Netlist was created with Vivado 2022.1
INFO: [Project 1-570] Preparing netlist for logic optimization
INFO: [Timing 38-478] Restoring timing data from binary archive.
INFO: [Timing 38-479] Binary timing data restore complete.
INFO: [Project 1-856] Restoring constraints from binary archive.
INFO: [Project 1-853] Binary constraint restore complete.
Reading XDEF placement.
Reading placer database...
Reading XDEF routing.
Read XDEF Files: Time (s): cpu = 00:00:00 ; elapsed = 00:00:00.331 . Memory (MB): peak = 2300.430 ; gain = 0.000
Restored from archive | CPU: 0.000000 secs | Memory: 0.000000 MB |
Finished XDEF File Restore: Time (s): cpu = 00:00:00 ; elapsed = 00:00:00.342 . Memory (MB): peak = 2300.430 ; gain = 0.000
Netlist sorting complete. Time (s): cpu = 00:00:00 ; elapsed = 00:00:00.002 . Memory (MB): peak = 2300.430 ; gain = 0.000
INFO: [Project 1-111] Unisim Transformation Summary:
No Unisim elements were transformed.

open_run: Time (s): cpu = 00:00:27 ; elapsed = 00:00:19 . Memory (MB): peak = 2404.125 ; gain = 674.719
CRITICAL WARNING: [Timing 38-282] The design failed to meet the timing requirements. Please see the timing summary report for details on the timing violations.
open_bd_design {D:/intelligent_traffic_light/optimized_intellight_v2/optimized_intellight_v2.srcs/sources_1/bd/intellight_v2/intellight_v2.bd}
Reading block design file <D:/intelligent_traffic_light/optimized_intellight_v2/optimized_intellight_v2.srcs/sources_1/bd/intellight_v2/intellight_v2.bd>...
Adding component instance block -- xilinx.com:ip:processing_system7:5.5 - processing_system7_0
Adding component instance block -- xilinx.com:ip:proc_sys_reset:5.0 - rst_ps7_0_100M
Adding component instance block -- xilinx.com:module_ref:SD:1.0 - SD_0
Adding component instance block -- xilinx.com:ip:axi_intc:4.1 - axi_intc_0
Adding component instance block -- xilinx.com:ip:axi_interconnect:2.1 - ps7_0_axi_periph
Adding component instance block -- xilinx.com:ip:axi_crossbar:2.1 - xbar
Adding component instance block -- xilinx.com:ip:axi_protocol_converter:2.1 - auto_pc
Adding component instance block -- xilinx.com:module_ref:RD:1.0 - RD_0
Adding component instance block -- xilinx.com:module_ref:CU:1.0 - CU_0
Adding component instance block -- xilinx.com:module_ref:QA:1.0 - QA_0
Adding component instance block -- xilinx.com:module_ref:PG:1.0 - PG_0
Adding component instance block -- xilinx.com:module_ref:MOI:1.0 - MOI_0
Adding component instance block -- xilinx.com:module_ref:action_ram_wrapper:1.0 - action_ram_wrapper_0
Adding component instance block -- xilinx.com:user:intellight_database:1.0 - intellight_database_0
Adding component instance block -- xilinx.com:module_ref:MII:1.0 - MII_0
Successfully read diagram <intellight_v2> from block design file <D:/intelligent_traffic_light/optimized_intellight_v2/optimized_intellight_v2.srcs/sources_1/bd/intellight_v2/intellight_v2.bd>
open_bd_design: Time (s): cpu = 00:00:08 ; elapsed = 00:00:11 . Memory (MB): peak = 2707.203 ; gain = 77.418
CRITICAL WARNING: [PSU-1]  Parameter : PCW_UIPARAM_DDR_DQS_TO_CLK_DELAY_2 has negative value -0.009 . PS DDR interfaces might fail when entering negative DQS skew values. 
CRITICAL WARNING: [PSU-2]  Parameter : PCW_UIPARAM_DDR_DQS_TO_CLK_DELAY_3 has negative value -0.033 . PS DDR interfaces might fail when entering negative DQS skew values. 
CRITICAL WARNING: [PSU-1]  Parameter : PCW_UIPARAM_DDR_DQS_TO_CLK_DELAY_2 has negative value -0.009 . PS DDR interfaces might fail when entering negative DQS skew values. 
CRITICAL WARNING: [PSU-2]  Parameter : PCW_UIPARAM_DDR_DQS_TO_CLK_DELAY_3 has negative value -0.033 . PS DDR interfaces might fail when entering negative DQS skew values. 
WARNING: [IP_Flow 19-474] Invalid Parameter 'Component_Name'
CRITICAL WARNING: [PSU-1]  Parameter : PCW_UIPARAM_DDR_DQS_TO_CLK_DELAY_2 has negative value -0.009 . PS DDR interfaces might fail when entering negative DQS skew values. 
CRITICAL WARNING: [PSU-2]  Parameter : PCW_UIPARAM_DDR_DQS_TO_CLK_DELAY_3 has negative value -0.033 . PS DDR interfaces might fail when entering negative DQS skew values. 
startgroup
set_property -dict [list CONFIG.PCW_FPGA0_PERIPHERAL_FREQMHZ {75}] [get_bd_cells processing_system7_0]
CRITICAL WARNING: [PSU-1]  Parameter : PCW_UIPARAM_DDR_DQS_TO_CLK_DELAY_2 has negative value -0.009 . PS DDR interfaces might fail when entering negative DQS skew values. 
CRITICAL WARNING: [PSU-2]  Parameter : PCW_UIPARAM_DDR_DQS_TO_CLK_DELAY_3 has negative value -0.033 . PS DDR interfaces might fail when entering negative DQS skew values. 
endgroup
reset_run intellight_v2_processing_system7_0_1_synth_1
save_bd_design
Wrote  : <D:\intelligent_traffic_light\optimized_intellight_v2\optimized_intellight_v2.srcs\sources_1\bd\intellight_v2\intellight_v2.bd> 
Wrote  : <D:/intelligent_traffic_light/optimized_intellight_v2/optimized_intellight_v2.srcs/sources_1/bd/intellight_v2/ui/bd_4677885b.ui> 
reset_run synth_1
INFO: [Project 1-1161] Replacing file D:/intelligent_traffic_light/optimized_intellight_v2/synth_1/PG.dcp with file D:/intelligent_traffic_light/optimized_intellight_v2/optimized_intellight_v2.runs/synth_1/intellight_v2_wrapper.dcp
launch_runs synth_1 -jobs 6
WARNING: [BD 41-702] Propagation TCL tries to overwrite USER strength parameter PCW_M_AXI_GP0_FREQMHZ(10) on '/processing_system7_0' with propagated value(76). Command ignored
WARNING: [xilinx.com:ip:axi_intc:4.1-4] /axi_intc_0: Could not determine interrupt input port type - using default interrupt type Rising Edge. Please change this manually if necessary.
Wrote  : <D:\intelligent_traffic_light\optimized_intellight_v2\optimized_intellight_v2.srcs\sources_1\bd\intellight_v2\intellight_v2.bd> 
Verilog Output written to : d:/intelligent_traffic_light/optimized_intellight_v2/optimized_intellight_v2.gen/sources_1/bd/intellight_v2/synth/intellight_v2.v
Verilog Output written to : d:/intelligent_traffic_light/optimized_intellight_v2/optimized_intellight_v2.gen/sources_1/bd/intellight_v2/sim/intellight_v2.v
Verilog Output written to : d:/intelligent_traffic_light/optimized_intellight_v2/optimized_intellight_v2.gen/sources_1/bd/intellight_v2/hdl/intellight_v2_wrapper.v
INFO: [IP_Flow 19-5611] Unable to find an associated reset port for the interface 'M_AXI_GP0'. A default connection has been created.
INFO: [BD 41-1029] Generation completed for the IP Integrator block processing_system7_0 .
INFO: [BD 41-1029] Generation completed for the IP Integrator block rst_ps7_0_100M .
INFO: [BD 41-1029] Generation completed for the IP Integrator block axi_intc_0 .
INFO: [BD 41-1029] Generation completed for the IP Integrator block ps7_0_axi_periph/xbar .
WARNING: [IP_Flow 19-4994] Overwriting existing constraint file 'd:/intelligent_traffic_light/optimized_intellight_v2/optimized_intellight_v2.gen/sources_1/bd/intellight_v2/ip/intellight_v2_auto_pc_0/intellight_v2_auto_pc_0_ooc.xdc'
INFO: [BD 41-1029] Generation completed for the IP Integrator block ps7_0_axi_periph/s00_couplers/auto_pc .
Exporting to file d:/intelligent_traffic_light/optimized_intellight_v2/optimized_intellight_v2.gen/sources_1/bd/intellight_v2/hw_handoff/intellight_v2.hwh
Generated Hardware Definition File d:/intelligent_traffic_light/optimized_intellight_v2/optimized_intellight_v2.gen/sources_1/bd/intellight_v2/synth/intellight_v2.hwdef
[Thu Sep 29 10:34:04 2022] Launched intellight_v2_processing_system7_0_1_synth_1, intellight_v2_rst_ps7_0_100M_0_synth_1, intellight_v2_axi_intc_0_0_synth_1, intellight_v2_xbar_0_synth_1, intellight_v2_auto_pc_0_synth_1...
Run output will be captured here:
intellight_v2_processing_system7_0_1_synth_1: D:/intelligent_traffic_light/optimized_intellight_v2/optimized_intellight_v2.runs/intellight_v2_processing_system7_0_1_synth_1/runme.log
intellight_v2_rst_ps7_0_100M_0_synth_1: D:/intelligent_traffic_light/optimized_intellight_v2/optimized_intellight_v2.runs/intellight_v2_rst_ps7_0_100M_0_synth_1/runme.log
intellight_v2_axi_intc_0_0_synth_1: D:/intelligent_traffic_light/optimized_intellight_v2/optimized_intellight_v2.runs/intellight_v2_axi_intc_0_0_synth_1/runme.log
intellight_v2_xbar_0_synth_1: D:/intelligent_traffic_light/optimized_intellight_v2/optimized_intellight_v2.runs/intellight_v2_xbar_0_synth_1/runme.log
intellight_v2_auto_pc_0_synth_1: D:/intelligent_traffic_light/optimized_intellight_v2/optimized_intellight_v2.runs/intellight_v2_auto_pc_0_synth_1/runme.log
[Thu Sep 29 10:34:04 2022] Launched synth_1...
Run output will be captured here: D:/intelligent_traffic_light/optimized_intellight_v2/optimized_intellight_v2.runs/synth_1/runme.log
launch_runs: Time (s): cpu = 00:00:34 ; elapsed = 00:00:52 . Memory (MB): peak = 2979.453 ; gain = 87.734
launch_runs impl_2 -jobs 6
[Thu Sep 29 10:38:13 2022] Launched impl_2...
Run output will be captured here: D:/intelligent_traffic_light/optimized_intellight_v2/optimized_intellight_v2.runs/impl_2/runme.log
launch_runs impl_2 -to_step write_bitstream -jobs 6
[Thu Sep 29 10:53:18 2022] Launched impl_2...
Run output will be captured here: D:/intelligent_traffic_light/optimized_intellight_v2/optimized_intellight_v2.runs/impl_2/runme.log
create_ip_run [get_files -of_objects [get_fileset sources_1] D:/intelligent_traffic_light/optimized_intellight_v2/optimized_intellight_v2.srcs/sources_1/bd/action_ram/action_ram.bd]
create_ip_run [get_files -of_objects [get_fileset sources_1] D:/intelligent_traffic_light/optimized_intellight_v2/optimized_intellight_v2.srcs/sources_1/bd/intellight_v2/intellight_v2.bd]
refresh_design
Netlist sorting complete. Time (s): cpu = 00:00:00 ; elapsed = 00:00:00.249 . Memory (MB): peak = 3238.977 ; gain = 0.000
INFO: [Netlist 29-17] Analyzing 184 Unisim elements for replacement
INFO: [Netlist 29-28] Unisim Transformation completed in 0 CPU seconds
INFO: [Project 1-479] Netlist was created with Vivado 2022.1
INFO: [Project 1-570] Preparing netlist for logic optimization
INFO: [Timing 38-478] Restoring timing data from binary archive.
INFO: [Timing 38-479] Binary timing data restore complete.
INFO: [Project 1-856] Restoring constraints from binary archive.
INFO: [Project 1-853] Binary constraint restore complete.
Reading XDEF placement.
Reading placer database...
Reading XDEF routing.
Read XDEF Files: Time (s): cpu = 00:00:00 ; elapsed = 00:00:00.464 . Memory (MB): peak = 3238.977 ; gain = 0.000
Restored from archive | CPU: 0.000000 secs | Memory: 0.000000 MB |
Finished XDEF File Restore: Time (s): cpu = 00:00:00 ; elapsed = 00:00:00.465 . Memory (MB): peak = 3238.977 ; gain = 0.000
refresh_design: Time (s): cpu = 00:00:12 ; elapsed = 00:00:08 . Memory (MB): peak = 3238.977 ; gain = 26.535
CRITICAL WARNING: [Timing 38-282] The design failed to meet the timing requirements. Please see the timing summary report for details on the timing violations.
open_bd_design {D:/intelligent_traffic_light/optimized_intellight_v2/optimized_intellight_v2.srcs/sources_1/bd/intellight_v2/intellight_v2.bd}
CRITICAL WARNING: [PSU-1]  Parameter : PCW_UIPARAM_DDR_DQS_TO_CLK_DELAY_2 has negative value -0.009 . PS DDR interfaces might fail when entering negative DQS skew values. 
CRITICAL WARNING: [PSU-2]  Parameter : PCW_UIPARAM_DDR_DQS_TO_CLK_DELAY_3 has negative value -0.033 . PS DDR interfaces might fail when entering negative DQS skew values. 
WARNING: [IP_Flow 19-474] Invalid Parameter 'Component_Name'
CRITICAL WARNING: [PSU-1]  Parameter : PCW_UIPARAM_DDR_DQS_TO_CLK_DELAY_2 has negative value -0.009 . PS DDR interfaces might fail when entering negative DQS skew values. 
CRITICAL WARNING: [PSU-2]  Parameter : PCW_UIPARAM_DDR_DQS_TO_CLK_DELAY_3 has negative value -0.033 . PS DDR interfaces might fail when entering negative DQS skew values. 
startgroup
set_property -dict [list CONFIG.PCW_FPGA0_PERIPHERAL_FREQMHZ {60}] [get_bd_cells processing_system7_0]
CRITICAL WARNING: [PSU-1]  Parameter : PCW_UIPARAM_DDR_DQS_TO_CLK_DELAY_2 has negative value -0.009 . PS DDR interfaces might fail when entering negative DQS skew values. 
CRITICAL WARNING: [PSU-2]  Parameter : PCW_UIPARAM_DDR_DQS_TO_CLK_DELAY_3 has negative value -0.033 . PS DDR interfaces might fail when entering negative DQS skew values. 
endgroup
generate_target all [get_files  D:/intelligent_traffic_light/optimized_intellight_v2/optimized_intellight_v2.srcs/sources_1/bd/intellight_v2/intellight_v2.bd]
delete_bd_objs: Time (s): cpu = 00:00:01 ; elapsed = 00:00:19 . Memory (MB): peak = 3238.977 ; gain = 0.000
WARNING: [BD 41-702] Propagation TCL tries to overwrite USER strength parameter PCW_M_AXI_GP0_FREQMHZ(10) on '/processing_system7_0' with propagated value(58). Command ignored
WARNING: [xilinx.com:ip:axi_intc:4.1-4] /axi_intc_0: Could not determine interrupt input port type - using default interrupt type Rising Edge. Please change this manually if necessary.
Wrote  : <D:\intelligent_traffic_light\optimized_intellight_v2\optimized_intellight_v2.srcs\sources_1\bd\intellight_v2\intellight_v2.bd> 
Wrote  : <D:/intelligent_traffic_light/optimized_intellight_v2/optimized_intellight_v2.srcs/sources_1/bd/intellight_v2/ui/bd_4677885b.ui> 
Verilog Output written to : d:/intelligent_traffic_light/optimized_intellight_v2/optimized_intellight_v2.gen/sources_1/bd/intellight_v2/synth/intellight_v2.v
Verilog Output written to : d:/intelligent_traffic_light/optimized_intellight_v2/optimized_intellight_v2.gen/sources_1/bd/intellight_v2/sim/intellight_v2.v
Verilog Output written to : d:/intelligent_traffic_light/optimized_intellight_v2/optimized_intellight_v2.gen/sources_1/bd/intellight_v2/hdl/intellight_v2_wrapper.v
INFO: [IP_Flow 19-5611] Unable to find an associated reset port for the interface 'M_AXI_GP0'. A default connection has been created.
INFO: [BD 41-1029] Generation completed for the IP Integrator block processing_system7_0 .
INFO: [BD 41-1029] Generation completed for the IP Integrator block rst_ps7_0_100M .
INFO: [BD 41-1029] Generation completed for the IP Integrator block axi_intc_0 .
INFO: [BD 41-1029] Generation completed for the IP Integrator block ps7_0_axi_periph/xbar .
WARNING: [IP_Flow 19-4994] Overwriting existing constraint file 'd:/intelligent_traffic_light/optimized_intellight_v2/optimized_intellight_v2.gen/sources_1/bd/intellight_v2/ip/intellight_v2_auto_pc_0/intellight_v2_auto_pc_0_ooc.xdc'
INFO: [BD 41-1029] Generation completed for the IP Integrator block ps7_0_axi_periph/s00_couplers/auto_pc .
Exporting to file d:/intelligent_traffic_light/optimized_intellight_v2/optimized_intellight_v2.gen/sources_1/bd/intellight_v2/hw_handoff/intellight_v2.hwh
Generated Hardware Definition File d:/intelligent_traffic_light/optimized_intellight_v2/optimized_intellight_v2.gen/sources_1/bd/intellight_v2/synth/intellight_v2.hwdef
generate_target: Time (s): cpu = 00:00:31 ; elapsed = 00:00:53 . Memory (MB): peak = 3245.617 ; gain = 6.641
catch { config_ip_cache -export [get_ips -all intellight_v2_rst_ps7_0_100M_0] }
catch { config_ip_cache -export [get_ips -all intellight_v2_axi_intc_0_0] }
catch { config_ip_cache -export [get_ips -all intellight_v2_xbar_0] }
catch { config_ip_cache -export [get_ips -all intellight_v2_auto_pc_0] }
export_ip_user_files -of_objects [get_files D:/intelligent_traffic_light/optimized_intellight_v2/optimized_intellight_v2.srcs/sources_1/bd/intellight_v2/intellight_v2.bd] -no_script -sync -force -quiet
create_ip_run [get_files -of_objects [get_fileset sources_1] D:/intelligent_traffic_light/optimized_intellight_v2/optimized_intellight_v2.srcs/sources_1/bd/intellight_v2/intellight_v2.bd]
launch_runs intellight_v2_processing_system7_0_1_synth_1 intellight_v2_rst_ps7_0_100M_0_synth_1 intellight_v2_axi_intc_0_0_synth_1 intellight_v2_xbar_0_synth_1 intellight_v2_auto_pc_0_synth_1 -jobs 6
[Thu Sep 29 11:07:20 2022] Launched intellight_v2_processing_system7_0_1_synth_1, intellight_v2_rst_ps7_0_100M_0_synth_1, intellight_v2_axi_intc_0_0_synth_1, intellight_v2_xbar_0_synth_1, intellight_v2_auto_pc_0_synth_1...
Run output will be captured here:
intellight_v2_processing_system7_0_1_synth_1: D:/intelligent_traffic_light/optimized_intellight_v2/optimized_intellight_v2.runs/intellight_v2_processing_system7_0_1_synth_1/runme.log
intellight_v2_rst_ps7_0_100M_0_synth_1: D:/intelligent_traffic_light/optimized_intellight_v2/optimized_intellight_v2.runs/intellight_v2_rst_ps7_0_100M_0_synth_1/runme.log
intellight_v2_axi_intc_0_0_synth_1: D:/intelligent_traffic_light/optimized_intellight_v2/optimized_intellight_v2.runs/intellight_v2_axi_intc_0_0_synth_1/runme.log
intellight_v2_xbar_0_synth_1: D:/intelligent_traffic_light/optimized_intellight_v2/optimized_intellight_v2.runs/intellight_v2_xbar_0_synth_1/runme.log
intellight_v2_auto_pc_0_synth_1: D:/intelligent_traffic_light/optimized_intellight_v2/optimized_intellight_v2.runs/intellight_v2_auto_pc_0_synth_1/runme.log
launch_runs: Time (s): cpu = 00:00:03 ; elapsed = 00:00:13 . Memory (MB): peak = 3246.672 ; gain = 1.055
export_simulation -of_objects [get_files D:/intelligent_traffic_light/optimized_intellight_v2/optimized_intellight_v2.srcs/sources_1/bd/intellight_v2/intellight_v2.bd] -directory D:/intelligent_traffic_light/optimized_intellight_v2/optimized_intellight_v2.ip_user_files/sim_scripts -ip_user_files_dir D:/intelligent_traffic_light/optimized_intellight_v2/optimized_intellight_v2.ip_user_files -ipstatic_source_dir D:/intelligent_traffic_light/optimized_intellight_v2/optimized_intellight_v2.ip_user_files/ipstatic -lib_map_path [list {modelsim=D:/intelligent_traffic_light/optimized_intellight_v2/optimized_intellight_v2.cache/compile_simlib/modelsim} {questa=D:/intelligent_traffic_light/optimized_intellight_v2/optimized_intellight_v2.cache/compile_simlib/questa} {riviera=D:/intelligent_traffic_light/optimized_intellight_v2/optimized_intellight_v2.cache/compile_simlib/riviera} {activehdl=D:/intelligent_traffic_light/optimized_intellight_v2/optimized_intellight_v2.cache/compile_simlib/activehdl}] -use_ip_compiled_libs -force -quiet
reset_run synth_1
INFO: [Project 1-1161] Replacing file D:/intelligent_traffic_light/optimized_intellight_v2/synth_1/PG.dcp with file D:/intelligent_traffic_light/optimized_intellight_v2/optimized_intellight_v2.runs/synth_1/intellight_v2_wrapper.dcp
WARNING: [Vivado 12-1017] Problems encountered:
1. Failed to delete one or more files in run directory D:/intelligent_traffic_light/optimized_intellight_v2/optimized_intellight_v2.runs/synth_1

launch_runs synth_1 -jobs 6
[Thu Sep 29 11:10:58 2022] Launched synth_1...
Run output will be captured here: D:/intelligent_traffic_light/optimized_intellight_v2/optimized_intellight_v2.runs/synth_1/runme.log
launch_runs impl_2 -jobs 6
[Thu Sep 29 11:12:23 2022] Launched impl_2...
Run output will be captured here: D:/intelligent_traffic_light/optimized_intellight_v2/optimized_intellight_v2.runs/impl_2/runme.log
launch_runs impl_2 -to_step write_bitstream -jobs 6
[Thu Sep 29 11:14:49 2022] Launched impl_2...
Run output will be captured here: D:/intelligent_traffic_light/optimized_intellight_v2/optimized_intellight_v2.runs/impl_2/runme.log
create_bd_design "clone"
Wrote  : <D:\intelligent_traffic_light\optimized_intellight_v2\optimized_intellight_v2.srcs\sources_1\bd\clone\clone.bd> 
update_compile_order -fileset sources_1
open_bd_design {D:/intelligent_traffic_light/optimized_intellight_v2/optimized_intellight_v2.srcs/sources_1/bd/intellight_v2/intellight_v2.bd}
open_bd_design {D:/intelligent_traffic_light/optimized_intellight_v2/optimized_intellight_v2.srcs/sources_1/bd/clone/clone.bd}
open_bd_design {D:/intelligent_traffic_light/optimized_intellight_v2/optimized_intellight_v2.srcs/sources_1/bd/intellight_v2/intellight_v2.bd}
open_bd_design {D:/intelligent_traffic_light/optimized_intellight_v2/optimized_intellight_v2.srcs/sources_1/bd/clone/clone.bd}
current_bd_design intellight_v2
set tmpCopyObjs [concat  [get_bd_cells {ps7_0_axi_periph rst_ps7_0_100M RD_0 SD_0 PG_0 MOI_0 QA_0 MII_0 action_ram_wrapper_0 CU_0 processing_system7_0 intellight_database_0 axi_intc_0}] [get_bd_intf_ports {DDR FIXED_IO}] [get_bd_ports {idle}] [get_bd_intf_nets {processing_system7_0_DDR processing_system7_0_M_AXI_GP0 ps7_0_axi_periph_M00_AXI ps7_0_axi_periph_M01_AXI processing_system7_0_FIXED_IO}] [get_bd_nets {MOI_0_Q_10 axi_intc_0_irq PG_0_A_road MOI_0_Q_11 MII_0_en0 intellight_database_0_L_inc MII_0_en1 RD_0_R MII_0_wen_bram MOI_0_Q_12 MII_0_en2 MOI_0_Q_13 MII_0_en3 processing_system7_0_FCLK_RESET0_N clk_wiz_clk_out1 intellight_database_0_L_dec SD_0_L0 rst_ps7_0_100M_peripheral_aresetn SD_0_L1 SD_0_L2 SD_0_L3 CU_0_wen QA_0_Qnew CU_0_A_sel intellight_database_0_alpha intellight_database_0_max_episode CU_0_finish intellight_database_0_max_step MII_0_WR_ADDR intellight_database_0_run PG_0_A MII_0_Dnew MOI_0_Q_20 MOI_0_Q_21 rst_ps7_0_100M_peripheral_aresetn1 MOI_0_Q_22 MOI_0_Q_23 intellight_database_0_seed intellight_database_0_S_sim MOI_0_Q_30 intellight_database_0_mode MOI_0_Q_31 MOI_0_Q_00 MOI_0_Q_32 intellight_database_0_gamma SD_0_S MOI_0_Q_33 MOI_0_Q_01 MOI_0_Q_02 action_ram_wrapper_0_Droad0 MII_0_RD_ADDR MOI_0_Q_03 action_ram_wrapper_0_Droad1 CU_0_idle action_ram_wrapper_0_Droad2 action_ram_wrapper_0_Droad3 CU_0_A_rand}]]
current_bd_design clone
copy_bd_objs -from_design intellight_v2 / $tmpCopyObjs
INFO: [PS7-6] Configuring Board Preset part0. Please wait ......
CRITICAL WARNING: [PSU-1]  Parameter : PCW_UIPARAM_DDR_DQS_TO_CLK_DELAY_2 has negative value -0.009 . PS DDR interfaces might fail when entering negative DQS skew values. 
CRITICAL WARNING: [PSU-2]  Parameter : PCW_UIPARAM_DDR_DQS_TO_CLK_DELAY_3 has negative value -0.033 . PS DDR interfaces might fail when entering negative DQS skew values. 
CRITICAL WARNING: [PSU-1]  Parameter : PCW_UIPARAM_DDR_DQS_TO_CLK_DELAY_2 has negative value -0.009 . PS DDR interfaces might fail when entering negative DQS skew values. 
CRITICAL WARNING: [PSU-2]  Parameter : PCW_UIPARAM_DDR_DQS_TO_CLK_DELAY_3 has negative value -0.033 . PS DDR interfaces might fail when entering negative DQS skew values. 
INFO: [Ipptcl 7-1463] No Compatible Board Interface found. Board Tab not created in customize GUI
Slave segment '/axi_intc_0/S_AXI/Reg' is being assigned into address space '/processing_system7_0/Data' at <0x4180_0000 [ 64K ]>.
Slave segment '/intellight_database_0/S00_AXI/S00_AXI_reg' is being assigned into address space '/processing_system7_0/Data' at <0x43C0_0000 [ 64K ]>.
copy_bd_objs: Time (s): cpu = 00:00:13 ; elapsed = 00:01:28 . Memory (MB): peak = 3316.316 ; gain = 38.105
open_bd_design {D:/intelligent_traffic_light/optimized_intellight_v2/optimized_intellight_v2.srcs/sources_1/bd/intellight_v2/intellight_v2.bd}
current_bd_design [get_bd_designs clone]
current_bd_design [get_bd_designs intellight_v2]
current_bd_design [get_bd_designs clone]
save_bd_design
Wrote  : <D:\intelligent_traffic_light\optimized_intellight_v2\optimized_intellight_v2.srcs\sources_1\bd\clone\clone.bd> 
Wrote  : <D:/intelligent_traffic_light/optimized_intellight_v2/optimized_intellight_v2.srcs/sources_1/bd/clone/ui/bd_d0a94f9d.ui> 
current_bd_design [get_bd_designs intellight_v2]
update_module_reference {clone_MII_0_0 intellight_v2_MII_0_0}
INFO: [IP_Flow 19-5107] Inferred bus interface 'rst' of definition 'xilinx.com:signal:reset:1.0' (from Xilinx Repository).
INFO: [IP_Flow 19-5107] Inferred bus interface 'clk' of definition 'xilinx.com:signal:clock:1.0' (from Xilinx Repository).
INFO: [IP_Flow 19-4728] Bus Interface 'clk': Added interface parameter 'ASSOCIATED_RESET' with value 'rst'.
WARNING: [IP_Flow 19-5661] Bus Interface 'clk' does not have any bus interfaces associated with it.
INFO: [IP_Flow 19-234] Refreshing IP repositories
INFO: [IP_Flow 19-1700] Loaded user IP repository 'd:/intelligent_traffic_light/ip_repo'.
Upgrading 'D:/intelligent_traffic_light/optimized_intellight_v2/optimized_intellight_v2.srcs/sources_1/bd/clone/clone.bd'
INFO: [IP_Flow 19-3420] Updated clone_MII_0_0 to use current project options
WARNING: [IP_Flow 19-4700] Upgrade has removed port 'en0'
WARNING: [IP_Flow 19-4700] Upgrade has removed port 'en1'
WARNING: [IP_Flow 19-4700] Upgrade has removed port 'en2'
WARNING: [IP_Flow 19-4700] Upgrade has removed port 'en3'
WARNING: [IP_Flow 19-4698] Upgrade has added port 'wen0'
WARNING: [IP_Flow 19-4698] Upgrade has added port 'wen1'
WARNING: [IP_Flow 19-4698] Upgrade has added port 'wen2'
WARNING: [IP_Flow 19-4698] Upgrade has added port 'wen3'
WARNING: [IP_Flow 19-3298] Detected external port differences while upgrading 'clone_MII_0_0'. These changes may impact your design.
CRITICAL WARNING: [BD 41-1167] The pin 'en0' is not found on the upgraded version of the cell '/MII_0'. Its connection to the net 'MII_0_en0' has been removed.
CRITICAL WARNING: [BD 41-1167] The pin 'en1' is not found on the upgraded version of the cell '/MII_0'. Its connection to the net 'MII_0_en1' has been removed.
CRITICAL WARNING: [BD 41-1167] The pin 'en2' is not found on the upgraded version of the cell '/MII_0'. Its connection to the net 'MII_0_en2' has been removed.
CRITICAL WARNING: [BD 41-1167] The pin 'en3' is not found on the upgraded version of the cell '/MII_0'. Its connection to the net 'MII_0_en3' has been removed.
CRITICAL WARNING: [Coretcl 2-1280] The upgrade of 'clone_MII_0_0' has identified issues that may require user intervention. Please verify that the instance is correctly configured, and review any upgrade messages.
WARNING: [BD 41-597] NET <MII_0_en0> has no source
WARNING: [BD 41-597] NET <MII_0_en1> has no source
WARNING: [BD 41-597] NET <MII_0_en2> has no source
WARNING: [BD 41-597] NET <MII_0_en3> has no source
Wrote  : <D:\intelligent_traffic_light\optimized_intellight_v2\optimized_intellight_v2.srcs\sources_1\bd\clone\clone.bd> 
Wrote  : <D:/intelligent_traffic_light/optimized_intellight_v2/optimized_intellight_v2.srcs/sources_1/bd/clone/ui/bd_d0a94f9d.ui> 
Upgrading 'D:/intelligent_traffic_light/optimized_intellight_v2/optimized_intellight_v2.srcs/sources_1/bd/intellight_v2/intellight_v2.bd'
WARNING: [Vivado 12-1017] Problems encountered:
1. Failed to delete one or more files in run directory D:/intelligent_traffic_light/optimized_intellight_v2/optimized_intellight_v2.runs/intellight_v2_MII_0_0_synth_1

delete_fileset: Time (s): cpu = 00:00:02 ; elapsed = 00:00:13 . Memory (MB): peak = 3348.531 ; gain = 0.488
delete_ip_run: Time (s): cpu = 00:00:02 ; elapsed = 00:00:13 . Memory (MB): peak = 3348.531 ; gain = 0.488
INFO: [IP_Flow 19-3420] Updated intellight_v2_MII_0_0 to use current project options
WARNING: [IP_Flow 19-4700] Upgrade has removed port 'en0'
WARNING: [IP_Flow 19-4700] Upgrade has removed port 'en1'
WARNING: [IP_Flow 19-4700] Upgrade has removed port 'en2'
WARNING: [IP_Flow 19-4700] Upgrade has removed port 'en3'
WARNING: [IP_Flow 19-4698] Upgrade has added port 'wen0'
WARNING: [IP_Flow 19-4698] Upgrade has added port 'wen1'
WARNING: [IP_Flow 19-4698] Upgrade has added port 'wen2'
WARNING: [IP_Flow 19-4698] Upgrade has added port 'wen3'
WARNING: [IP_Flow 19-3298] Detected external port differences while upgrading 'intellight_v2_MII_0_0'. These changes may impact your design.
CRITICAL WARNING: [BD 41-1167] The pin 'en0' is not found on the upgraded version of the cell '/MII_0'. Its connection to the net 'MII_0_en0' has been removed.
CRITICAL WARNING: [BD 41-1167] The pin 'en1' is not found on the upgraded version of the cell '/MII_0'. Its connection to the net 'MII_0_en1' has been removed.
CRITICAL WARNING: [BD 41-1167] The pin 'en2' is not found on the upgraded version of the cell '/MII_0'. Its connection to the net 'MII_0_en2' has been removed.
CRITICAL WARNING: [BD 41-1167] The pin 'en3' is not found on the upgraded version of the cell '/MII_0'. Its connection to the net 'MII_0_en3' has been removed.
CRITICAL WARNING: [Coretcl 2-1280] The upgrade of 'intellight_v2_MII_0_0' has identified issues that may require user intervention. Please verify that the instance is correctly configured, and review any upgrade messages.
WARNING: [BD 41-597] NET <MII_0_en0> has no source
WARNING: [BD 41-597] NET <MII_0_en1> has no source
WARNING: [BD 41-597] NET <MII_0_en2> has no source
WARNING: [BD 41-597] NET <MII_0_en3> has no source
Wrote  : <D:\intelligent_traffic_light\optimized_intellight_v2\optimized_intellight_v2.srcs\sources_1\bd\intellight_v2\intellight_v2.bd> 
Wrote  : <D:/intelligent_traffic_light/optimized_intellight_v2/optimized_intellight_v2.srcs/sources_1/bd/intellight_v2/ui/bd_4677885b.ui> 
upgrade_ip: Time (s): cpu = 00:00:04 ; elapsed = 00:00:15 . Memory (MB): peak = 3348.531 ; gain = 16.273
update_module_reference: Time (s): cpu = 00:00:05 ; elapsed = 00:00:41 . Memory (MB): peak = 3348.531 ; gain = 16.273
connect_bd_net [get_bd_pins MII_0/wen0] [get_bd_pins action_ram_wrapper_0/wen0]
connect_bd_net [get_bd_pins MII_0/wen1] [get_bd_pins action_ram_wrapper_0/wen1]
connect_bd_net [get_bd_pins MII_0/wen2] [get_bd_pins action_ram_wrapper_0/wen2]
connect_bd_net [get_bd_pins MII_0/wen3] [get_bd_pins action_ram_wrapper_0/wen3]
save_bd_design
Wrote  : <D:\intelligent_traffic_light\optimized_intellight_v2\optimized_intellight_v2.srcs\sources_1\bd\intellight_v2\intellight_v2.bd> 
Wrote  : <D:/intelligent_traffic_light/optimized_intellight_v2/optimized_intellight_v2.srcs/sources_1/bd/intellight_v2/ui/bd_4677885b.ui> 
create_bd_port -dir I wen0
delete_bd_objs [get_bd_ports wen0]
regenerate_bd_layout
save_bd_design
Wrote  : <D:\intelligent_traffic_light\optimized_intellight_v2\optimized_intellight_v2.srcs\sources_1\bd\intellight_v2\intellight_v2.bd> 
Wrote  : <D:/intelligent_traffic_light/optimized_intellight_v2/optimized_intellight_v2.srcs/sources_1/bd/intellight_v2/ui/bd_4677885b.ui> 
startgroup
create_bd_port -dir O wen0
connect_bd_net [get_bd_pins /MII_0/wen0] [get_bd_ports wen0]
endgroup
startgroup
create_bd_port -dir O wen1
connect_bd_net [get_bd_pins /MII_0/wen1] [get_bd_ports wen1]
endgroup
startgroup
create_bd_port -dir O wen2
connect_bd_net [get_bd_pins /MII_0/wen2] [get_bd_ports wen2]
endgroup
startgroup
create_bd_port -dir O wen3
connect_bd_net [get_bd_pins /MII_0/wen3] [get_bd_ports wen3]
endgroup
save_bd_design
Wrote  : <D:\intelligent_traffic_light\optimized_intellight_v2\optimized_intellight_v2.srcs\sources_1\bd\intellight_v2\intellight_v2.bd> 
Wrote  : <D:/intelligent_traffic_light/optimized_intellight_v2/optimized_intellight_v2.srcs/sources_1/bd/intellight_v2/ui/bd_4677885b.ui> 
open_bd_design {D:/intelligent_traffic_light/optimized_intellight_v2/optimized_intellight_v2.srcs/sources_1/bd/intellight_v2/intellight_v2.bd}
make_wrapper -files [get_files D:/intelligent_traffic_light/optimized_intellight_v2/optimized_intellight_v2.srcs/sources_1/bd/intellight_v2/intellight_v2.bd] -top
WARNING: [BD 41-702] Propagation TCL tries to overwrite USER strength parameter PCW_M_AXI_GP0_FREQMHZ(10) on '/processing_system7_0' with propagated value(58). Command ignored
WARNING: [xilinx.com:ip:axi_intc:4.1-4] /axi_intc_0: Could not determine interrupt input port type - using default interrupt type Rising Edge. Please change this manually if necessary.
Wrote  : <D:\intelligent_traffic_light\optimized_intellight_v2\optimized_intellight_v2.srcs\sources_1\bd\intellight_v2\intellight_v2.bd> 
Wrote  : <D:/intelligent_traffic_light/optimized_intellight_v2/optimized_intellight_v2.srcs/sources_1/bd/intellight_v2/ui/bd_4677885b.ui> 
Verilog Output written to : d:/intelligent_traffic_light/optimized_intellight_v2/optimized_intellight_v2.gen/sources_1/bd/intellight_v2/synth/intellight_v2.v
Verilog Output written to : d:/intelligent_traffic_light/optimized_intellight_v2/optimized_intellight_v2.gen/sources_1/bd/intellight_v2/sim/intellight_v2.v
Verilog Output written to : d:/intelligent_traffic_light/optimized_intellight_v2/optimized_intellight_v2.gen/sources_1/bd/intellight_v2/hdl/intellight_v2_wrapper.v
make_wrapper: Time (s): cpu = 00:00:07 ; elapsed = 00:00:08 . Memory (MB): peak = 3360.941 ; gain = 12.410
generate_target all [get_files  D:/intelligent_traffic_light/optimized_intellight_v2/optimized_intellight_v2.srcs/sources_1/bd/intellight_v2/intellight_v2.bd]
INFO: [BD 41-1662] The design 'intellight_v2.bd' is already validated. Therefore parameter propagation will not be re-run.
Verilog Output written to : d:/intelligent_traffic_light/optimized_intellight_v2/optimized_intellight_v2.gen/sources_1/bd/intellight_v2/synth/intellight_v2.v
Verilog Output written to : d:/intelligent_traffic_light/optimized_intellight_v2/optimized_intellight_v2.gen/sources_1/bd/intellight_v2/sim/intellight_v2.v
Verilog Output written to : d:/intelligent_traffic_light/optimized_intellight_v2/optimized_intellight_v2.gen/sources_1/bd/intellight_v2/hdl/intellight_v2_wrapper.v
INFO: [BD 41-1029] Generation completed for the IP Integrator block MII_0 .
WARNING: [IP_Flow 19-4994] Overwriting existing constraint file 'd:/intelligent_traffic_light/optimized_intellight_v2/optimized_intellight_v2.gen/sources_1/bd/intellight_v2/ip/intellight_v2_auto_pc_0/intellight_v2_auto_pc_0_ooc.xdc'
INFO: [BD 41-1029] Generation completed for the IP Integrator block ps7_0_axi_periph/s00_couplers/auto_pc .
Exporting to file d:/intelligent_traffic_light/optimized_intellight_v2/optimized_intellight_v2.gen/sources_1/bd/intellight_v2/hw_handoff/intellight_v2.hwh
Generated Hardware Definition File d:/intelligent_traffic_light/optimized_intellight_v2/optimized_intellight_v2.gen/sources_1/bd/intellight_v2/synth/intellight_v2.hwdef
catch { config_ip_cache -export [get_ips -all intellight_v2_MII_0_0] }
catch { config_ip_cache -export [get_ips -all intellight_v2_auto_pc_0] }
INFO: [IP_Flow 19-4993] Using cached IP synthesis design for IP intellight_v2_auto_pc_0, cache-ID = 56e2a6e1c5792f15; cache size = 9.027 MB.
export_ip_user_files -of_objects [get_files D:/intelligent_traffic_light/optimized_intellight_v2/optimized_intellight_v2.srcs/sources_1/bd/intellight_v2/intellight_v2.bd] -no_script -sync -force -quiet
create_ip_run [get_files -of_objects [get_fileset sources_1] D:/intelligent_traffic_light/optimized_intellight_v2/optimized_intellight_v2.srcs/sources_1/bd/intellight_v2/intellight_v2.bd]
launch_runs intellight_v2_MII_0_0_synth_1 -jobs 6
[Thu Sep 29 13:20:50 2022] Launched intellight_v2_MII_0_0_synth_1...
Run output will be captured here: D:/intelligent_traffic_light/optimized_intellight_v2/optimized_intellight_v2.runs/intellight_v2_MII_0_0_synth_1/runme.log
launch_runs: Time (s): cpu = 00:00:01 ; elapsed = 00:00:17 . Memory (MB): peak = 3365.262 ; gain = 0.000
export_simulation -of_objects [get_files D:/intelligent_traffic_light/optimized_intellight_v2/optimized_intellight_v2.srcs/sources_1/bd/intellight_v2/intellight_v2.bd] -directory D:/intelligent_traffic_light/optimized_intellight_v2/optimized_intellight_v2.ip_user_files/sim_scripts -ip_user_files_dir D:/intelligent_traffic_light/optimized_intellight_v2/optimized_intellight_v2.ip_user_files -ipstatic_source_dir D:/intelligent_traffic_light/optimized_intellight_v2/optimized_intellight_v2.ip_user_files/ipstatic -lib_map_path [list {modelsim=D:/intelligent_traffic_light/optimized_intellight_v2/optimized_intellight_v2.cache/compile_simlib/modelsim} {questa=D:/intelligent_traffic_light/optimized_intellight_v2/optimized_intellight_v2.cache/compile_simlib/questa} {riviera=D:/intelligent_traffic_light/optimized_intellight_v2/optimized_intellight_v2.cache/compile_simlib/riviera} {activehdl=D:/intelligent_traffic_light/optimized_intellight_v2/optimized_intellight_v2.cache/compile_simlib/activehdl}] -use_ip_compiled_libs -force -quiet
reset_run intellight_v2_MII_0_0_synth_1
WARNING: [Vivado 12-1017] Problems encountered:
1. Failed to delete one or more files in run directory D:/intelligent_traffic_light/optimized_intellight_v2/optimized_intellight_v2.runs/intellight_v2_MII_0_0_synth_1

reset_run synth_1
INFO: [Project 1-1161] Replacing file D:/intelligent_traffic_light/optimized_intellight_v2/synth_1/PG.dcp with file D:/intelligent_traffic_light/optimized_intellight_v2/optimized_intellight_v2.runs/synth_1/intellight_v2_wrapper.dcp
WARNING: [Vivado 12-1017] Problems encountered:
1. Failed to delete one or more files in run directory D:/intelligent_traffic_light/optimized_intellight_v2/optimized_intellight_v2.runs/synth_1

launch_runs synth_1 -jobs 6
[Thu Sep 29 13:22:05 2022] Launched intellight_v2_MII_0_0_synth_1...
Run output will be captured here: D:/intelligent_traffic_light/optimized_intellight_v2/optimized_intellight_v2.runs/intellight_v2_MII_0_0_synth_1/runme.log
[Thu Sep 29 13:22:05 2022] Launched synth_1...
Run output will be captured here: D:/intelligent_traffic_light/optimized_intellight_v2/optimized_intellight_v2.runs/synth_1/runme.log
update_module_reference {clone_MII_0_0 intellight_v2_MII_0_0}
INFO: [IP_Flow 19-5107] Inferred bus interface 'rst' of definition 'xilinx.com:signal:reset:1.0' (from Xilinx Repository).
INFO: [IP_Flow 19-5107] Inferred bus interface 'clk' of definition 'xilinx.com:signal:clock:1.0' (from Xilinx Repository).
INFO: [IP_Flow 19-4728] Bus Interface 'clk': Added interface parameter 'ASSOCIATED_RESET' with value 'rst'.
WARNING: [IP_Flow 19-5661] Bus Interface 'clk' does not have any bus interfaces associated with it.
INFO: [IP_Flow 19-234] Refreshing IP repositories
INFO: [IP_Flow 19-1700] Loaded user IP repository 'd:/intelligent_traffic_light/ip_repo'.
Upgrading 'D:/intelligent_traffic_light/optimized_intellight_v2/optimized_intellight_v2.srcs/sources_1/bd/clone/clone.bd'
INFO: [IP_Flow 19-3420] Updated clone_MII_0_0 to use current project options
WARNING: [BD 41-597] NET <MII_0_en0> has no source
WARNING: [BD 41-597] NET <MII_0_en1> has no source
WARNING: [BD 41-597] NET <MII_0_en2> has no source
WARNING: [BD 41-597] NET <MII_0_en3> has no source
Wrote  : <D:\intelligent_traffic_light\optimized_intellight_v2\optimized_intellight_v2.srcs\sources_1\bd\clone\clone.bd> 
Upgrading 'D:/intelligent_traffic_light/optimized_intellight_v2/optimized_intellight_v2.srcs/sources_1/bd/intellight_v2/intellight_v2.bd'
WARNING: [Vivado 12-1017] Problems encountered:
1. Failed to delete one or more files in run directory D:/intelligent_traffic_light/optimized_intellight_v2/optimized_intellight_v2.runs/intellight_v2_MII_0_0_synth_1

INFO: [IP_Flow 19-3420] Updated intellight_v2_MII_0_0 to use current project options
Wrote  : <D:\intelligent_traffic_light\optimized_intellight_v2\optimized_intellight_v2.srcs\sources_1\bd\intellight_v2\intellight_v2.bd> 
update_module_reference: Time (s): cpu = 00:00:06 ; elapsed = 00:00:48 . Memory (MB): peak = 3378.922 ; gain = 10.211
open_bd_design {D:/intelligent_traffic_light/optimized_intellight_v2/optimized_intellight_v2.srcs/sources_1/bd/intellight_v2/intellight_v2.bd}
make_wrapper -files [get_files D:/intelligent_traffic_light/optimized_intellight_v2/optimized_intellight_v2.srcs/sources_1/bd/intellight_v2/intellight_v2.bd] -top
WARNING: [BD 41-702] Propagation TCL tries to overwrite USER strength parameter PCW_M_AXI_GP0_FREQMHZ(10) on '/processing_system7_0' with propagated value(58). Command ignored
WARNING: [xilinx.com:ip:axi_intc:4.1-4] /axi_intc_0: Could not determine interrupt input port type - using default interrupt type Rising Edge. Please change this manually if necessary.
Wrote  : <D:\intelligent_traffic_light\optimized_intellight_v2\optimized_intellight_v2.srcs\sources_1\bd\intellight_v2\intellight_v2.bd> 
Verilog Output written to : d:/intelligent_traffic_light/optimized_intellight_v2/optimized_intellight_v2.gen/sources_1/bd/intellight_v2/synth/intellight_v2.v
Verilog Output written to : d:/intelligent_traffic_light/optimized_intellight_v2/optimized_intellight_v2.gen/sources_1/bd/intellight_v2/sim/intellight_v2.v
Verilog Output written to : d:/intelligent_traffic_light/optimized_intellight_v2/optimized_intellight_v2.gen/sources_1/bd/intellight_v2/hdl/intellight_v2_wrapper.v
make_wrapper: Time (s): cpu = 00:00:08 ; elapsed = 00:00:07 . Memory (MB): peak = 3378.922 ; gain = 0.000
generate_target all [get_files  D:/intelligent_traffic_light/optimized_intellight_v2/optimized_intellight_v2.srcs/sources_1/bd/intellight_v2/intellight_v2.bd]
INFO: [BD 41-1662] The design 'intellight_v2.bd' is already validated. Therefore parameter propagation will not be re-run.
Verilog Output written to : d:/intelligent_traffic_light/optimized_intellight_v2/optimized_intellight_v2.gen/sources_1/bd/intellight_v2/synth/intellight_v2.v
Verilog Output written to : d:/intelligent_traffic_light/optimized_intellight_v2/optimized_intellight_v2.gen/sources_1/bd/intellight_v2/sim/intellight_v2.v
Verilog Output written to : d:/intelligent_traffic_light/optimized_intellight_v2/optimized_intellight_v2.gen/sources_1/bd/intellight_v2/hdl/intellight_v2_wrapper.v
INFO: [BD 41-1029] Generation completed for the IP Integrator block MII_0 .
WARNING: [IP_Flow 19-4994] Overwriting existing constraint file 'd:/intelligent_traffic_light/optimized_intellight_v2/optimized_intellight_v2.gen/sources_1/bd/intellight_v2/ip/intellight_v2_auto_pc_0/intellight_v2_auto_pc_0_ooc.xdc'
INFO: [BD 41-1029] Generation completed for the IP Integrator block ps7_0_axi_periph/s00_couplers/auto_pc .
Exporting to file d:/intelligent_traffic_light/optimized_intellight_v2/optimized_intellight_v2.gen/sources_1/bd/intellight_v2/hw_handoff/intellight_v2.hwh
Generated Hardware Definition File d:/intelligent_traffic_light/optimized_intellight_v2/optimized_intellight_v2.gen/sources_1/bd/intellight_v2/synth/intellight_v2.hwdef
catch { config_ip_cache -export [get_ips -all intellight_v2_MII_0_0] }
catch { config_ip_cache -export [get_ips -all intellight_v2_auto_pc_0] }
INFO: [IP_Flow 19-4993] Using cached IP synthesis design for IP intellight_v2_auto_pc_0, cache-ID = 56e2a6e1c5792f15; cache size = 9.027 MB.
export_ip_user_files -of_objects [get_files D:/intelligent_traffic_light/optimized_intellight_v2/optimized_intellight_v2.srcs/sources_1/bd/intellight_v2/intellight_v2.bd] -no_script -sync -force -quiet
create_ip_run [get_files -of_objects [get_fileset sources_1] D:/intelligent_traffic_light/optimized_intellight_v2/optimized_intellight_v2.srcs/sources_1/bd/intellight_v2/intellight_v2.bd]
launch_runs intellight_v2_MII_0_0_synth_1 -jobs 6
[Thu Sep 29 13:36:40 2022] Launched intellight_v2_MII_0_0_synth_1...
Run output will be captured here: D:/intelligent_traffic_light/optimized_intellight_v2/optimized_intellight_v2.runs/intellight_v2_MII_0_0_synth_1/runme.log
launch_runs: Time (s): cpu = 00:00:02 ; elapsed = 00:00:22 . Memory (MB): peak = 3382.238 ; gain = 0.000
export_simulation -of_objects [get_files D:/intelligent_traffic_light/optimized_intellight_v2/optimized_intellight_v2.srcs/sources_1/bd/intellight_v2/intellight_v2.bd] -directory D:/intelligent_traffic_light/optimized_intellight_v2/optimized_intellight_v2.ip_user_files/sim_scripts -ip_user_files_dir D:/intelligent_traffic_light/optimized_intellight_v2/optimized_intellight_v2.ip_user_files -ipstatic_source_dir D:/intelligent_traffic_light/optimized_intellight_v2/optimized_intellight_v2.ip_user_files/ipstatic -lib_map_path [list {modelsim=D:/intelligent_traffic_light/optimized_intellight_v2/optimized_intellight_v2.cache/compile_simlib/modelsim} {questa=D:/intelligent_traffic_light/optimized_intellight_v2/optimized_intellight_v2.cache/compile_simlib/questa} {riviera=D:/intelligent_traffic_light/optimized_intellight_v2/optimized_intellight_v2.cache/compile_simlib/riviera} {activehdl=D:/intelligent_traffic_light/optimized_intellight_v2/optimized_intellight_v2.cache/compile_simlib/activehdl}] -use_ip_compiled_libs -force -quiet
reset_run synth_1
WARNING: [Vivado 12-1017] Problems encountered:
1. Failed to delete one or more files in run directory D:/intelligent_traffic_light/optimized_intellight_v2/optimized_intellight_v2.runs/synth_1

launch_runs impl_2 -to_step write_bitstream -jobs 6
[Thu Sep 29 13:40:24 2022] Launched synth_1...
Run output will be captured here: D:/intelligent_traffic_light/optimized_intellight_v2/optimized_intellight_v2.runs/synth_1/runme.log
[Thu Sep 29 13:40:24 2022] Launched impl_2...
Run output will be captured here: D:/intelligent_traffic_light/optimized_intellight_v2/optimized_intellight_v2.runs/impl_2/runme.log
open_bd_design {D:/intelligent_traffic_light/optimized_intellight_v2/optimized_intellight_v2.srcs/sources_1/bd/intellight_v2/intellight_v2.bd}
exit
INFO: [Common 17-206] Exiting Vivado at Thu Sep 29 14:01:10 2022...
