#-----------------------------------------------------------
# Vivado v2022.1 (64-bit)
# SW Build 3526262 on Mon Apr 18 15:48:16 MDT 2022
# IP Build 3524634 on Mon Apr 18 20:55:01 MDT 2022
# Start of session at: Thu Nov  3 18:49:47 2022
# Process ID: 10820
# Current directory: D:/intelligent_traffic_light/optimized_intellight_v2
# Command line: vivado.exe -gui_launcher_event rodinguilauncherevent17000 D:\intelligent_traffic_light\optimized_intellight_v2\optimized_intellight_v2.xpr
# Log file: D:/intelligent_traffic_light/optimized_intellight_v2/vivado.log
# Journal file: D:/intelligent_traffic_light/optimized_intellight_v2\vivado.jou
# Running On: DESKTOP-FRUK6JR, OS: Windows, CPU Frequency: 3593 MHz, CPU Physical cores: 6, Host memory: 8532 MB
#-----------------------------------------------------------
start_gui
open_project D:/intelligent_traffic_light/optimized_intellight_v2/optimized_intellight_v2.xpr
WARNING: [Board 49-26] cannot add Board Part xilinx.com:kc705:part0:1.6 available at D:/Program/Vivado/2022.1/data/xhub/boards/XilinxBoardStore/boards/Xilinx/kc705/1.6/board.xml as part xc7k325tffg900-2 specified in board_part file is either invalid or not available
WARNING: [Board 49-26] cannot add Board Part xilinx.com:kcu105:part0:1.6 available at D:/Program/Vivado/2022.1/data/xhub/boards/XilinxBoardStore/boards/Xilinx/kcu105/1.6/board.xml as part xcku040-ffva1156-2-e specified in board_part file is either invalid or not available
WARNING: [Board 49-26] cannot add Board Part xilinx.com:kcu105:part0:1.7 available at D:/Program/Vivado/2022.1/data/xhub/boards/XilinxBoardStore/boards/Xilinx/kcu105/1.7/board.xml as part xcku040-ffva1156-2-e specified in board_part file is either invalid or not available
WARNING: [Board 49-26] cannot add Board Part xilinx.com:kcu1500:part0:1.2 available at D:/Program/Vivado/2022.1/data/xhub/boards/XilinxBoardStore/boards/Xilinx/kcu1500/1.2/board.xml as part xcku115-flvb2104-2-e specified in board_part file is either invalid or not available
WARNING: [Board 49-26] cannot add Board Part xilinx.com:vc707:part0:1.4 available at D:/Program/Vivado/2022.1/data/xhub/boards/XilinxBoardStore/boards/Xilinx/vc707/1.4/board.xml as part xc7vx485tffg1761-2 specified in board_part file is either invalid or not available
WARNING: [Board 49-26] cannot add Board Part xilinx.com:vc709:part0:1.8 available at D:/Program/Vivado/2022.1/data/xhub/boards/XilinxBoardStore/boards/Xilinx/vc709/1.8/board.xml as part xc7vx690tffg1761-2 specified in board_part file is either invalid or not available
WARNING: [Board 49-26] cannot add Board Part xilinx.com:vck190:part0:2.2 available at D:/Program/Vivado/2022.1/data/xhub/boards/XilinxBoardStore/boards/Xilinx/vck190/production/2.2/board.xml as part xcvc1902-vsva2197-2mp-e-s specified in board_part file is either invalid or not available
WARNING: [Board 49-26] cannot add Board Part xilinx.com:vck190:part0:3.0 available at D:/Program/Vivado/2022.1/data/xhub/boards/XilinxBoardStore/boards/Xilinx/vck190/production/3.0/board.xml as part xcvc1902-vsva2197-2mp-e-s specified in board_part file is either invalid or not available
WARNING: [Board 49-26] cannot add Board Part xilinx.com:vck190_newl:part0:1.0 available at D:/Program/Vivado/2022.1/data/xhub/boards/XilinxBoardStore/boards/Xilinx/vck190_newl/production/1.0/board.xml as part xcvc1902-vsva2197-2mp-e-s specified in board_part file is either invalid or not available
WARNING: [Board 49-26] cannot add Board Part xilinx.com:vcu108:part0:1.6 available at D:/Program/Vivado/2022.1/data/xhub/boards/XilinxBoardStore/boards/Xilinx/vcu108/1.6/board.xml as part xcvu095-ffva2104-2-e specified in board_part file is either invalid or not available
WARNING: [Board 49-26] cannot add Board Part xilinx.com:vcu108:part0:1.7 available at D:/Program/Vivado/2022.1/data/xhub/boards/XilinxBoardStore/boards/Xilinx/vcu108/1.7/board.xml as part xcvu095-ffva2104-2-e specified in board_part file is either invalid or not available
WARNING: [Board 49-26] cannot add Board Part xilinx.com:vcu110:part0:1.4 available at D:/Program/Vivado/2022.1/data/xhub/boards/XilinxBoardStore/boards/Xilinx/vcu110/1.4/board.xml as part xcvu190-flgc2104-2-e specified in board_part file is either invalid or not available
WARNING: [Board 49-26] cannot add Board Part xilinx.com:vcu118:part0:2.0 available at D:/Program/Vivado/2022.1/data/xhub/boards/XilinxBoardStore/boards/Xilinx/vcu118/2.0/board.xml as part xcvu9p-flga2104-2l-e specified in board_part file is either invalid or not available
WARNING: [Board 49-26] cannot add Board Part xilinx.com:vcu118:part0:2.3 available at D:/Program/Vivado/2022.1/data/xhub/boards/XilinxBoardStore/boards/Xilinx/vcu118/2.3/board.xml as part xcvu9p-flga2104-2l-e specified in board_part file is either invalid or not available
WARNING: [Board 49-26] cannot add Board Part xilinx.com:vcu118:part0:2.4 available at D:/Program/Vivado/2022.1/data/xhub/boards/XilinxBoardStore/boards/Xilinx/vcu118/2.4/board.xml as part xcvu9p-flga2104-2l-e specified in board_part file is either invalid or not available
WARNING: [Board 49-26] cannot add Board Part xilinx.com:vcu128:part0:1.0 available at D:/Program/Vivado/2022.1/data/xhub/boards/XilinxBoardStore/boards/Xilinx/vcu128/production/1.0/board.xml as part xcvu37p-fsvh2892-2l-e specified in board_part file is either invalid or not available
WARNING: [Board 49-26] cannot add Board Part xilinx.com:vcu129:part0:1.0 available at D:/Program/Vivado/2022.1/data/xhub/boards/XilinxBoardStore/boards/Xilinx/vcu129/production/1.0/board.xml as part xcvu29p-fsga2577-2l-e specified in board_part file is either invalid or not available
WARNING: [Board 49-26] cannot add Board Part xilinx.com:vcu1525:part0:1.3 available at D:/Program/Vivado/2022.1/data/xhub/boards/XilinxBoardStore/boards/Xilinx/vcu1525/1.3/board.xml as part xcvu9p-fsgd2104-2l-e specified in board_part file is either invalid or not available
WARNING: [Board 49-26] cannot add Board Part xilinx.com:vermeo_t1_mpsoc:part0:1.0 available at D:/Program/Vivado/2022.1/data/xhub/boards/XilinxBoardStore/boards/Xilinx/vermeo_t1_mpsoc/1.0/board.xml as part xczu19eg-ffvd1760-2l-e specified in board_part file is either invalid or not available
WARNING: [Board 49-26] cannot add Board Part xilinx.com:vermeo_t1_rfsoc:part0:1.0 available at D:/Program/Vivado/2022.1/data/xhub/boards/XilinxBoardStore/boards/Xilinx/vermeo_t1_rfsoc/1.0/board.xml as part xczu21dr-ffvd1156-2l-e specified in board_part file is either invalid or not available
WARNING: [Board 49-26] cannot add Board Part xilinx.com:vmk180:part0:2.2 available at D:/Program/Vivado/2022.1/data/xhub/boards/XilinxBoardStore/boards/Xilinx/vmk180/production/2.2/board.xml as part xcvm1802-vsva2197-2mp-e-s specified in board_part file is either invalid or not available
WARNING: [Board 49-26] cannot add Board Part xilinx.com:vmk180:part0:3.0 available at D:/Program/Vivado/2022.1/data/xhub/boards/XilinxBoardStore/boards/Xilinx/vmk180/production/3.0/board.xml as part xcvm1802-vsva2197-2mp-e-s specified in board_part file is either invalid or not available
WARNING: [Board 49-26] cannot add Board Part xilinx.com:vmk180_newl:part0:1.0 available at D:/Program/Vivado/2022.1/data/xhub/boards/XilinxBoardStore/boards/Xilinx/vmk180_newl/production/1.0/board.xml as part xcvm1802-vsva2197-2mp-e-s specified in board_part file is either invalid or not available
WARNING: [Board 49-26] cannot add Board Part xilinx.com:vpk120_es:part0:1.2 available at D:/Program/Vivado/2022.1/data/xhub/boards/XilinxBoardStore/boards/Xilinx/vpk120/es/1.2/board.xml as part xcvp1202-vsva2785-2mp-e-s-es1 specified in board_part file is either invalid or not available
WARNING: [Board 49-26] cannot add Board Part xilinx.com:vpk120_es_revb:part0:1.0 available at D:/Program/Vivado/2022.1/data/xhub/boards/XilinxBoardStore/boards/Xilinx/vpk120_revb/es/1.0/board.xml as part xcvp1202-vsva2785-2mp-e-s-es1 specified in board_part file is either invalid or not available
WARNING: [Board 49-26] cannot add Board Part xilinx.com:zc706:part0:1.4 available at D:/Program/Vivado/2022.1/data/xhub/boards/XilinxBoardStore/boards/Xilinx/zc706/1.4/board.xml as part xc7z045ffg900-2 specified in board_part file is either invalid or not available
WARNING: [Board 49-26] cannot add Board Part xilinx.com:zcu102:part0:3.3 available at D:/Program/Vivado/2022.1/data/xhub/boards/XilinxBoardStore/boards/Xilinx/zcu102/3.3/board.xml as part xczu9eg-ffvb1156-2-e specified in board_part file is either invalid or not available
WARNING: [Board 49-26] cannot add Board Part xilinx.com:zcu102:part0:3.4 available at D:/Program/Vivado/2022.1/data/xhub/boards/XilinxBoardStore/boards/Xilinx/zcu102/3.4/board.xml as part xczu9eg-ffvb1156-2-e specified in board_part file is either invalid or not available
WARNING: [Board 49-26] cannot add Board Part xilinx.com:zcu111:part0:1.2 available at D:/Program/Vivado/2022.1/data/xhub/boards/XilinxBoardStore/boards/Xilinx/zcu111/1.2/board.xml as part xczu28dr-ffvg1517-2-e specified in board_part file is either invalid or not available
WARNING: [Board 49-26] cannot add Board Part xilinx.com:zcu111:part0:1.3 available at D:/Program/Vivado/2022.1/data/xhub/boards/XilinxBoardStore/boards/Xilinx/zcu111/1.3/board.xml as part xczu28dr-ffvg1517-2-e specified in board_part file is either invalid or not available
WARNING: [Board 49-26] cannot add Board Part xilinx.com:zcu111:part0:1.4 available at D:/Program/Vivado/2022.1/data/xhub/boards/XilinxBoardStore/boards/Xilinx/zcu111/1.4/board.xml as part xczu28dr-ffvg1517-2-e specified in board_part file is either invalid or not available
WARNING: [Board 49-26] cannot add Board Part xilinx.com:zcu1275:part0:1.0 available at D:/Program/Vivado/2022.1/data/xhub/boards/XilinxBoardStore/boards/Xilinx/zcu1275/1.0/board.xml as part xczu29dr-ffvf1760-2-e specified in board_part file is either invalid or not available
WARNING: [Board 49-26] cannot add Board Part xilinx.com:zcu1285:part0:1.0 available at D:/Program/Vivado/2022.1/data/xhub/boards/XilinxBoardStore/boards/Xilinx/zcu1285/1.0/board.xml as part xczu39dr-ffvf1760-2-i specified in board_part file is either invalid or not available
WARNING: [Board 49-26] cannot add Board Part xilinx.com:zcu208:part0:2.0 available at D:/Program/Vivado/2022.1/data/xhub/boards/XilinxBoardStore/boards/Xilinx/zcu208/production/2.0/board.xml as part xczu48dr-fsvg1517-2-e specified in board_part file is either invalid or not available
WARNING: [Board 49-26] cannot add Board Part xilinx.com:zcu208ld:part0:2.0 available at D:/Program/Vivado/2022.1/data/xhub/boards/XilinxBoardStore/boards/Xilinx/zcu208ld/production/2.0/board.xml as part xczu58dr-fsvg1517-2-i specified in board_part file is either invalid or not available
WARNING: [Board 49-26] cannot add Board Part xilinx.com:zcu216:part0:2.0 available at D:/Program/Vivado/2022.1/data/xhub/boards/XilinxBoardStore/boards/Xilinx/zcu216/production/2.0/board.xml as part xczu49dr-ffvf1760-2-e specified in board_part file is either invalid or not available
WARNING: [Board 49-26] cannot add Board Part xilinx.com:zcu216ld:part0:2.0 available at D:/Program/Vivado/2022.1/data/xhub/boards/XilinxBoardStore/boards/Xilinx/zcu216ld/production/2.0/board.xml as part xczu59dr-ffvf1760-2-i specified in board_part file is either invalid or not available
WARNING: [Board 49-26] cannot add Board Part xilinx.com:zcu670:part0:2.0 available at D:/Program/Vivado/2022.1/data/xhub/boards/XilinxBoardStore/boards/Xilinx/zcu670/2.0/board.xml as part xczu67dr-fsve1156-2-i specified in board_part file is either invalid or not available
WARNING: [Board 49-26] cannot add Board Part xilinx.com:zcu670ld:part0:1.0 available at D:/Program/Vivado/2022.1/data/xhub/boards/XilinxBoardStore/boards/Xilinx/zcu670ld/1.0/board.xml as part xczu57dr-fsve1156-2-i specified in board_part file is either invalid or not available
Scanning sources...
Finished scanning sources
INFO: [IP_Flow 19-234] Refreshing IP repositories
INFO: [IP_Flow 19-1700] Loaded user IP repository 'd:/intelligent_traffic_light/optimized_intellight_v2'.
WARNING: [IP_Flow 19-3685] Ignored loading user repository 'd:/intelligent_traffic_light/ip_repo/intellight_database/intellight_database_1.0'. The path is contained within another repository.
INFO: [IP_Flow 19-1700] Loaded user IP repository 'd:/intelligent_traffic_light/ip_repo'.
INFO: [IP_Flow 19-2313] Loaded Vivado IP repository 'D:/Program/Vivado/2022.1/data/ip'.
WARNING: [IP_Flow 19-1663] Duplicate IP found for 'xilinx.com:module_ref:Acceleratorx:1.0'. The one found in IP location 'd:/intelligent_traffic_light/optimized_intellight_v2/optimized_intellight_v2.gen/sources_1/bd/mref/Acceleratorx' will take precedence over the same IP in location d:/intelligent_traffic_light/optimized_intellight_v2/optimized_intellight_v2.gen/sources_1/bd/mref/Acceleratorx
WARNING: [IP_Flow 19-1663] Duplicate IP found for 'xilinx.com:module_ref:action_ram_wrapper:1.0'. The one found in IP location 'd:/intelligent_traffic_light/optimized_intellight_v2/optimized_intellight_v2.gen/sources_1/bd/mref/action_ram_wrapper' will take precedence over the same IP in location d:/intelligent_traffic_light/optimized_intellight_v2/optimized_intellight_v2.gen/sources_1/bd/mref/action_ram_wrapper
WARNING: [IP_Flow 19-1663] Duplicate IP found for 'xilinx.com:module_ref:CU:1.0'. The one found in IP location 'd:/intelligent_traffic_light/optimized_intellight_v2/optimized_intellight_v2.gen/sources_1/bd/mref/CU' will take precedence over the same IP in location d:/intelligent_traffic_light/optimized_intellight_v2/optimized_intellight_v2.gen/sources_1/bd/mref/CU
WARNING: [IP_Flow 19-1663] Duplicate IP found for 'xilinx.com:module_ref:MII:1.0'. The one found in IP location 'd:/intelligent_traffic_light/optimized_intellight_v2/optimized_intellight_v2.gen/sources_1/bd/mref/MII' will take precedence over the same IP in location d:/intelligent_traffic_light/optimized_intellight_v2/optimized_intellight_v2.gen/sources_1/bd/mref/MII
WARNING: [IP_Flow 19-1663] Duplicate IP found for 'xilinx.com:module_ref:MOI:1.0'. The one found in IP location 'd:/intelligent_traffic_light/optimized_intellight_v2/optimized_intellight_v2.gen/sources_1/bd/mref/MOI' will take precedence over the same IP in location d:/intelligent_traffic_light/optimized_intellight_v2/optimized_intellight_v2.gen/sources_1/bd/mref/MOI
WARNING: [IP_Flow 19-1663] Duplicate IP found for 'xilinx.com:module_ref:PG:1.0'. The one found in IP location 'd:/intelligent_traffic_light/optimized_intellight_v2/optimized_intellight_v2.gen/sources_1/bd/mref/PG' will take precedence over the same IP in location d:/intelligent_traffic_light/optimized_intellight_v2/optimized_intellight_v2.gen/sources_1/bd/mref/PG
WARNING: [IP_Flow 19-1663] Duplicate IP found for 'xilinx.com:module_ref:QA:1.0'. The one found in IP location 'd:/intelligent_traffic_light/optimized_intellight_v2/optimized_intellight_v2.gen/sources_1/bd/mref/QA' will take precedence over the same IP in location d:/intelligent_traffic_light/optimized_intellight_v2/optimized_intellight_v2.gen/sources_1/bd/mref/QA
WARNING: [IP_Flow 19-1663] Duplicate IP found for 'xilinx.com:module_ref:RD:1.0'. The one found in IP location 'd:/intelligent_traffic_light/optimized_intellight_v2/optimized_intellight_v2.gen/sources_1/bd/mref/RD' will take precedence over the same IP in location d:/intelligent_traffic_light/optimized_intellight_v2/optimized_intellight_v2.gen/sources_1/bd/mref/RD
WARNING: [IP_Flow 19-1663] Duplicate IP found for 'xilinx.com:module_ref:SD:1.0'. The one found in IP location 'd:/intelligent_traffic_light/optimized_intellight_v2/optimized_intellight_v2.gen/sources_1/bd/mref/SD' will take precedence over the same IP in location d:/intelligent_traffic_light/optimized_intellight_v2/optimized_intellight_v2.gen/sources_1/bd/mref/SD
WARNING: [IP_Flow 19-3664] IP 'intellight_v2_intellight_database_0_2' generated file not found 'd:/intelligent_traffic_light/optimized_intellight_v2/optimized_intellight_v2.gen/sources_1/bd/intellight_v2/ip/intellight_v2_intellight_database_0_2/intellight_v2_intellight_database_0_2.dcp'. Please regenerate to continue.
WARNING: [IP_Flow 19-3664] IP 'intellight_v2_intellight_database_0_2' generated file not found 'd:/intelligent_traffic_light/optimized_intellight_v2/optimized_intellight_v2.gen/sources_1/bd/intellight_v2/ip/intellight_v2_intellight_database_0_2/intellight_v2_intellight_database_0_2_stub.v'. Please regenerate to continue.
WARNING: [IP_Flow 19-3664] IP 'intellight_v2_intellight_database_0_2' generated file not found 'd:/intelligent_traffic_light/optimized_intellight_v2/optimized_intellight_v2.gen/sources_1/bd/intellight_v2/ip/intellight_v2_intellight_database_0_2/intellight_v2_intellight_database_0_2_stub.vhdl'. Please regenerate to continue.
WARNING: [IP_Flow 19-3664] IP 'intellight_v2_intellight_database_0_2' generated file not found 'd:/intelligent_traffic_light/optimized_intellight_v2/optimized_intellight_v2.gen/sources_1/bd/intellight_v2/ip/intellight_v2_intellight_database_0_2/intellight_v2_intellight_database_0_2_sim_netlist.v'. Please regenerate to continue.
WARNING: [IP_Flow 19-3664] IP 'intellight_v2_intellight_database_0_2' generated file not found 'd:/intelligent_traffic_light/optimized_intellight_v2/optimized_intellight_v2.gen/sources_1/bd/intellight_v2/ip/intellight_v2_intellight_database_0_2/intellight_v2_intellight_database_0_2_sim_netlist.vhdl'. Please regenerate to continue.
WARNING: [BD 41-1661] One or more IPs have been locked in the design 'intellight_v2.bd'. Please run report_ip_status for more details and recommendations on how to fix this issue.
List of locked IPs:
intellight_v2_intellight_database_0_2

open_project: Time (s): cpu = 00:00:14 ; elapsed = 00:00:09 . Memory (MB): peak = 1635.117 ; gain = 0.000
update_compile_order -fileset sources_1
open_bd_design {D:/intelligent_traffic_light/optimized_intellight_v2/optimized_intellight_v2.srcs/sources_1/bd/intellight_v2/intellight_v2.bd}
Reading block design file <D:/intelligent_traffic_light/optimized_intellight_v2/optimized_intellight_v2.srcs/sources_1/bd/intellight_v2/intellight_v2.bd>...
Adding component instance block -- xilinx.com:ip:processing_system7:5.5 - processing_system7_0
Adding component instance block -- xilinx.com:ip:proc_sys_reset:5.0 - rst_ps7_0_100M
Adding component instance block -- xilinx.com:ip:axi_intc:4.1 - axi_intc_0
Adding component instance block -- xilinx.com:ip:axi_interconnect:2.1 - ps7_0_axi_periph
Adding component instance block -- xilinx.com:ip:axi_crossbar:2.1 - xbar
Adding component instance block -- xilinx.com:ip:axi_protocol_converter:2.1 - auto_pc
Adding component instance block -- xilinx.com:ip:axi_dwidth_converter:2.1 - auto_us
Adding component instance block -- xilinx.com:ip:axi_dwidth_converter:2.1 - auto_ds
Adding component instance block -- xilinx.com:ip:axi_protocol_converter:2.1 - auto_pc
Adding component instance block -- xilinx.com:ip:axi_dwidth_converter:2.1 - auto_ds
Adding component instance block -- xilinx.com:ip:axi_protocol_converter:2.1 - auto_pc
Adding component instance block -- xilinx.com:ip:axi_bram_ctrl:4.1 - axi_bram_ctrl_0
Adding component instance block -- xilinx.com:ip:axi_bram_ctrl:4.1 - axi_bram_ctrl_1
Adding component instance block -- xilinx.com:ip:axi_bram_ctrl:4.1 - axi_bram_ctrl_2
Adding component instance block -- xilinx.com:ip:axi_bram_ctrl:4.1 - axi_bram_ctrl_3
Adding component instance block -- xilinx.com:ip:blk_mem_gen:8.4 - comm_ram_0
Adding component instance block -- xilinx.com:ip:blk_mem_gen:8.4 - comm_ram_1
Adding component instance block -- xilinx.com:ip:blk_mem_gen:8.4 - comm_ram_2
Adding component instance block -- xilinx.com:ip:blk_mem_gen:8.4 - comm_ram_3
Adding component instance block -- xilinx.com:module_ref:action_ram_wrapper:1.0 - action_ram_wrapper_0
Adding component instance block -- xilinx.com:user:intellight_database:1.0 - intellight_database_0
Successfully read diagram <intellight_v2> from block design file <D:/intelligent_traffic_light/optimized_intellight_v2/optimized_intellight_v2.srcs/sources_1/bd/intellight_v2/intellight_v2.bd>
open_bd_design: Time (s): cpu = 00:00:11 ; elapsed = 00:00:08 . Memory (MB): peak = 1635.117 ; gain = 0.000
open_bd_design {D:/intelligent_traffic_light/optimized_intellight_v2/optimized_intellight_v2.srcs/sources_1/bd/action_ram/action_ram.bd}
Reading block design file <D:/intelligent_traffic_light/optimized_intellight_v2/optimized_intellight_v2.srcs/sources_1/bd/action_ram/action_ram.bd>...
Adding component instance block -- xilinx.com:ip:blk_mem_gen:8.4 - action_ram_0
Adding component instance block -- xilinx.com:ip:blk_mem_gen:8.4 - action_ram_1
Adding component instance block -- xilinx.com:ip:blk_mem_gen:8.4 - action_ram_2
Adding component instance block -- xilinx.com:ip:blk_mem_gen:8.4 - action_ram_3
Adding component instance block -- xilinx.com:ip:xlconstant:1.1 - const_1_1bit
Adding component instance block -- xilinx.com:ip:xlconstant:1.1 - const_0_8bit
Successfully read diagram <action_ram> from block design file <D:/intelligent_traffic_light/optimized_intellight_v2/optimized_intellight_v2.srcs/sources_1/bd/action_ram/action_ram.bd>
write_bd_tcl -force D:/intelligent_traffic_light/intellight/export/action_ram.tcl
INFO: [BD 5-148] Tcl file written out <D:/intelligent_traffic_light/intellight/export/action_ram.tcl>.

exit
INFO: [Common 17-206] Exiting Vivado at Thu Nov  3 18:55:33 2022...
