
*** Running vivado
    with args -log Intellight_Accelerator_v1_0.vds -m64 -product Vivado -mode batch -messageDb vivado.pb -notrace -source Intellight_Accelerator_v1_0.tcl



****** Vivado v2022.1 (64-bit)
  **** SW Build 3526262 on Mon Apr 18 15:48:16 MDT 2022
  **** IP Build 3524634 on Mon Apr 18 20:55:01 MDT 2022
    ** Copyright 1986-2022 Xilinx, Inc. All Rights Reserved.

source Intellight_Accelerator_v1_0.tcl -notrace
INFO: [IP_Flow 19-234] Refreshing IP repositories
INFO: [IP_Flow 19-1700] Loaded user IP repository 'd:/intelligent_traffic_light/intellight/accelerator/Intellight_Accelerator_1.0'.
INFO: [IP_Flow 19-2313] Loaded Vivado IP repository 'D:/Program/Vivado/2022.1/data/ip'.
WARNING: [IP_Flow 19-4995] The host OS only allows 260 characters in a normal path. The IP cache path is more than 80 characters. If you experience issues with IP caching, please consider changing the IP cache to a location with a shorter path. Alternately consider using the OS subst command to map part of the path to a drive letter. 
Current IP cache path is d:/intelligent_traffic_light/intellight/accelerator/edit_Intellight_Accelerator_v1_0.cache/ip 
Command: read_checkpoint -auto_incremental -incremental D:/intelligent_traffic_light/intellight/accelerator/edit_Intellight_Accelerator_v1_0.srcs/utils_1/imports/synth_1/Intellight_Accelerator_v1_0.dcp
INFO: [Vivado 12-5825] Read reference checkpoint from D:/intelligent_traffic_light/intellight/accelerator/edit_Intellight_Accelerator_v1_0.srcs/utils_1/imports/synth_1/Intellight_Accelerator_v1_0.dcp for incremental synthesis
INFO: [Vivado 12-7989] Please ensure there are no constraint changes
Command: synth_design -top Intellight_Accelerator_v1_0 -part xc7z020clg400-1
Starting synth_design
Attempting to get a license for feature 'Synthesis' and/or device 'xc7z020'
INFO: [Common 17-349] Got license for feature 'Synthesis' and/or device 'xc7z020'
INFO: [Designutils 20-5440] No compile time benefit to using incremental synthesis; A full resynthesis will be run
INFO: [Designutils 20-4379] Flow is switching to default flow due to incremental criteria not met. If you would like to alter this behaviour and have the flow terminate instead, please set the following parameter config_implementation {autoIncr.Synth.RejectBehavior Terminate}
INFO: [Synth 8-7079] Multithreading enabled for synth_design using a maximum of 2 processes.
INFO: [Synth 8-7078] Launching helper process for spawning children vivado processes
INFO: [Synth 8-7075] Helper process launched with PID 12800
---------------------------------------------------------------------------------
Starting Synthesize : Time (s): cpu = 00:00:05 ; elapsed = 00:00:06 . Memory (MB): peak = 1294.652 ; gain = 0.000
---------------------------------------------------------------------------------
INFO: [Synth 8-6157] synthesizing module 'Intellight_Accelerator_v1_0' [D:/intelligent_traffic_light/intellight/accelerator/Intellight_Accelerator_1.0/hdl/Intellight_Accelerator_v1_0.v:4]
INFO: [Synth 8-6157] synthesizing module 'Intellight_Accelerator_v1_0_S00_AXI' [D:/intelligent_traffic_light/intellight/accelerator/Intellight_Accelerator_1.0/hdl/Intellight_Accelerator_v1_0_S00_AXI.v:4]
	Parameter L_WIDTH bound to: 4 - type: integer 
	Parameter R_WIDTH bound to: 16 - type: integer 
	Parameter Q_WIDTH bound to: 16 - type: integer 
	Parameter CTR_WIDTH bound to: 16 - type: integer 
	Parameter ADDR_WIDTH bound to: 32 - type: integer 
	Parameter C_S_AXI_DATA_WIDTH bound to: 32 - type: integer 
	Parameter C_S_AXI_ADDR_WIDTH bound to: 8 - type: integer 
INFO: [Synth 8-226] default block is never used [D:/intelligent_traffic_light/intellight/accelerator/Intellight_Accelerator_1.0/hdl/Intellight_Accelerator_v1_0_S00_AXI.v:1119]
INFO: [Synth 8-6157] synthesizing module 'Accelerator' [D:/intelligent_traffic_light/intellight/accelerator/Intellight_Accelerator_1.0/hdl/Accelerator.v:12]
	Parameter L_WIDTH bound to: 4 - type: integer 
	Parameter R_WIDTH bound to: 16 - type: integer 
	Parameter Q_WIDTH bound to: 16 - type: integer 
	Parameter CTR_WIDTH bound to: 16 - type: integer 
	Parameter ADDR_WIDTH bound to: 32 - type: integer 
INFO: [Synth 8-6157] synthesizing module 'CU' [D:/intelligent_traffic_light/intellight/accelerator/Intellight_Accelerator_1.0/hdl/CU.v:12]
	Parameter R_WIDTH bound to: 16 - type: integer 
	Parameter CTR_WIDTH bound to: 16 - type: integer 
INFO: [Synth 8-6157] synthesizing module 'lfsr' [D:/intelligent_traffic_light/intellight/accelerator/Intellight_Accelerator_1.0/hdl/file_arith.v:50]
	Parameter DATA_WIDTH bound to: 16 - type: integer 
INFO: [Synth 8-6155] done synthesizing module 'lfsr' (0#1) [D:/intelligent_traffic_light/intellight/accelerator/Intellight_Accelerator_1.0/hdl/file_arith.v:50]
INFO: [Synth 8-6155] done synthesizing module 'CU' (0#1) [D:/intelligent_traffic_light/intellight/accelerator/Intellight_Accelerator_1.0/hdl/CU.v:12]
INFO: [Synth 8-6157] synthesizing module 'MII' [D:/intelligent_traffic_light/intellight/accelerator/Intellight_Accelerator_1.0/hdl/MII.v:12]
	Parameter L_WIDTH bound to: 4 - type: integer 
	Parameter Q_WIDTH bound to: 16 - type: integer 
	Parameter R_WIDTH bound to: 16 - type: integer 
	Parameter ADDR_WIDTH bound to: 32 - type: integer 
INFO: [Synth 8-6155] done synthesizing module 'MII' (0#1) [D:/intelligent_traffic_light/intellight/accelerator/Intellight_Accelerator_1.0/hdl/MII.v:12]
INFO: [Synth 8-6157] synthesizing module 'PG' [D:/intelligent_traffic_light/intellight/accelerator/Intellight_Accelerator_1.0/hdl/PG.v:12]
	Parameter L_WIDTH bound to: 4 - type: integer 
	Parameter Q_WIDTH bound to: 16 - type: integer 
INFO: [Synth 8-6157] synthesizing module 'max4to1' [D:/intelligent_traffic_light/intellight/accelerator/Intellight_Accelerator_1.0/hdl/file_max.v:22]
	Parameter DATA_WIDTH bound to: 16 - type: integer 
INFO: [Synth 8-6155] done synthesizing module 'max4to1' (0#1) [D:/intelligent_traffic_light/intellight/accelerator/Intellight_Accelerator_1.0/hdl/file_max.v:22]
INFO: [Synth 8-6157] synthesizing module 'lfsr__parameterized0' [D:/intelligent_traffic_light/intellight/accelerator/Intellight_Accelerator_1.0/hdl/file_arith.v:50]
	Parameter DATA_WIDTH bound to: 2 - type: integer 
INFO: [Synth 8-6155] done synthesizing module 'lfsr__parameterized0' (0#1) [D:/intelligent_traffic_light/intellight/accelerator/Intellight_Accelerator_1.0/hdl/file_arith.v:50]
INFO: [Synth 8-6155] done synthesizing module 'PG' (0#1) [D:/intelligent_traffic_light/intellight/accelerator/Intellight_Accelerator_1.0/hdl/PG.v:12]
INFO: [Synth 8-6157] synthesizing module 'QA' [D:/intelligent_traffic_light/intellight/accelerator/Intellight_Accelerator_1.0/hdl/QA.v:12]
	Parameter L_WIDTH bound to: 4 - type: integer 
	Parameter Q_WIDTH bound to: 16 - type: integer 
	Parameter R_WIDTH bound to: 16 - type: integer 
INFO: [Synth 8-6157] synthesizing module 'mux4to1' [D:/intelligent_traffic_light/intellight/accelerator/Intellight_Accelerator_1.0/hdl/file_mux.v:12]
	Parameter DATA_WIDTH bound to: 16 - type: integer 
INFO: [Synth 8-6155] done synthesizing module 'mux4to1' (0#1) [D:/intelligent_traffic_light/intellight/accelerator/Intellight_Accelerator_1.0/hdl/file_mux.v:12]
INFO: [Synth 8-6157] synthesizing module 'multiply' [D:/intelligent_traffic_light/intellight/accelerator/Intellight_Accelerator_1.0/hdl/file_arith.v:12]
INFO: [Synth 8-6157] synthesizing module 'r_shift' [D:/intelligent_traffic_light/intellight/accelerator/Intellight_Accelerator_1.0/hdl/file_arith.v:35]
INFO: [Synth 8-6155] done synthesizing module 'r_shift' (0#1) [D:/intelligent_traffic_light/intellight/accelerator/Intellight_Accelerator_1.0/hdl/file_arith.v:35]
INFO: [Synth 8-6155] done synthesizing module 'multiply' (0#1) [D:/intelligent_traffic_light/intellight/accelerator/Intellight_Accelerator_1.0/hdl/file_arith.v:12]
INFO: [Synth 8-6155] done synthesizing module 'QA' (0#1) [D:/intelligent_traffic_light/intellight/accelerator/Intellight_Accelerator_1.0/hdl/QA.v:12]
INFO: [Synth 8-6157] synthesizing module 'RD' [D:/intelligent_traffic_light/intellight/accelerator/Intellight_Accelerator_1.0/hdl/RD.v:12]
	Parameter L_WIDTH bound to: 4 - type: integer 
	Parameter R_WIDTH bound to: 16 - type: integer 
INFO: [Synth 8-6155] done synthesizing module 'RD' (0#1) [D:/intelligent_traffic_light/intellight/accelerator/Intellight_Accelerator_1.0/hdl/RD.v:12]
INFO: [Synth 8-6157] synthesizing module 'SD' [D:/intelligent_traffic_light/intellight/accelerator/Intellight_Accelerator_1.0/hdl/SD.v:13]
	Parameter L_WIDTH bound to: 4 - type: integer 
INFO: [Synth 8-6155] done synthesizing module 'SD' (0#1) [D:/intelligent_traffic_light/intellight/accelerator/Intellight_Accelerator_1.0/hdl/SD.v:13]
INFO: [Synth 8-6155] done synthesizing module 'Accelerator' (0#1) [D:/intelligent_traffic_light/intellight/accelerator/Intellight_Accelerator_1.0/hdl/Accelerator.v:12]
INFO: [Synth 8-6155] done synthesizing module 'Intellight_Accelerator_v1_0_S00_AXI' (0#1) [D:/intelligent_traffic_light/intellight/accelerator/Intellight_Accelerator_1.0/hdl/Intellight_Accelerator_v1_0_S00_AXI.v:4]
INFO: [Synth 8-6155] done synthesizing module 'Intellight_Accelerator_v1_0' (0#1) [D:/intelligent_traffic_light/intellight/accelerator/Intellight_Accelerator_1.0/hdl/Intellight_Accelerator_v1_0.v:4]
WARNING: [Synth 8-3848] Net slv_reg48 in module/entity Intellight_Accelerator_v1_0_S00_AXI does not have driver. [D:/intelligent_traffic_light/intellight/accelerator/Intellight_Accelerator_1.0/hdl/Intellight_Accelerator_v1_0_S00_AXI.v:163]
WARNING: [Synth 8-3848] Net slv_reg49 in module/entity Intellight_Accelerator_v1_0_S00_AXI does not have driver. [D:/intelligent_traffic_light/intellight/accelerator/Intellight_Accelerator_1.0/hdl/Intellight_Accelerator_v1_0_S00_AXI.v:164]
WARNING: [Synth 8-3848] Net slv_reg50 in module/entity Intellight_Accelerator_v1_0_S00_AXI does not have driver. [D:/intelligent_traffic_light/intellight/accelerator/Intellight_Accelerator_1.0/hdl/Intellight_Accelerator_v1_0_S00_AXI.v:165]
WARNING: [Synth 8-3848] Net slv_reg51 in module/entity Intellight_Accelerator_v1_0_S00_AXI does not have driver. [D:/intelligent_traffic_light/intellight/accelerator/Intellight_Accelerator_1.0/hdl/Intellight_Accelerator_v1_0_S00_AXI.v:166]
WARNING: [Synth 8-3848] Net slv_reg52 in module/entity Intellight_Accelerator_v1_0_S00_AXI does not have driver. [D:/intelligent_traffic_light/intellight/accelerator/Intellight_Accelerator_1.0/hdl/Intellight_Accelerator_v1_0_S00_AXI.v:167]
WARNING: [Synth 8-3848] Net slv_reg53 in module/entity Intellight_Accelerator_v1_0_S00_AXI does not have driver. [D:/intelligent_traffic_light/intellight/accelerator/Intellight_Accelerator_1.0/hdl/Intellight_Accelerator_v1_0_S00_AXI.v:168]
WARNING: [Synth 8-3848] Net slv_reg54 in module/entity Intellight_Accelerator_v1_0_S00_AXI does not have driver. [D:/intelligent_traffic_light/intellight/accelerator/Intellight_Accelerator_1.0/hdl/Intellight_Accelerator_v1_0_S00_AXI.v:169]
WARNING: [Synth 8-3848] Net slv_reg55 in module/entity Intellight_Accelerator_v1_0_S00_AXI does not have driver. [D:/intelligent_traffic_light/intellight/accelerator/Intellight_Accelerator_1.0/hdl/Intellight_Accelerator_v1_0_S00_AXI.v:170]
WARNING: [Synth 8-3848] Net slv_reg56 in module/entity Intellight_Accelerator_v1_0_S00_AXI does not have driver. [D:/intelligent_traffic_light/intellight/accelerator/Intellight_Accelerator_1.0/hdl/Intellight_Accelerator_v1_0_S00_AXI.v:171]
WARNING: [Synth 8-3848] Net slv_reg57 in module/entity Intellight_Accelerator_v1_0_S00_AXI does not have driver. [D:/intelligent_traffic_light/intellight/accelerator/Intellight_Accelerator_1.0/hdl/Intellight_Accelerator_v1_0_S00_AXI.v:172]
WARNING: [Synth 8-3848] Net slv_reg58 in module/entity Intellight_Accelerator_v1_0_S00_AXI does not have driver. [D:/intelligent_traffic_light/intellight/accelerator/Intellight_Accelerator_1.0/hdl/Intellight_Accelerator_v1_0_S00_AXI.v:173]
WARNING: [Synth 8-3848] Net slv_reg59 in module/entity Intellight_Accelerator_v1_0_S00_AXI does not have driver. [D:/intelligent_traffic_light/intellight/accelerator/Intellight_Accelerator_1.0/hdl/Intellight_Accelerator_v1_0_S00_AXI.v:174]
WARNING: [Synth 8-3848] Net slv_reg60 in module/entity Intellight_Accelerator_v1_0_S00_AXI does not have driver. [D:/intelligent_traffic_light/intellight/accelerator/Intellight_Accelerator_1.0/hdl/Intellight_Accelerator_v1_0_S00_AXI.v:175]
WARNING: [Synth 8-3848] Net slv_reg61 in module/entity Intellight_Accelerator_v1_0_S00_AXI does not have driver. [D:/intelligent_traffic_light/intellight/accelerator/Intellight_Accelerator_1.0/hdl/Intellight_Accelerator_v1_0_S00_AXI.v:176]
WARNING: [Synth 8-3848] Net slv_reg62 in module/entity Intellight_Accelerator_v1_0_S00_AXI does not have driver. [D:/intelligent_traffic_light/intellight/accelerator/Intellight_Accelerator_1.0/hdl/Intellight_Accelerator_v1_0_S00_AXI.v:177]
WARNING: [Synth 8-3848] Net slv_reg63 in module/entity Intellight_Accelerator_v1_0_S00_AXI does not have driver. [D:/intelligent_traffic_light/intellight/accelerator/Intellight_Accelerator_1.0/hdl/Intellight_Accelerator_v1_0_S00_AXI.v:178]
WARNING: [Synth 8-7129] Port S_AXI_AWPROT[2] in module Intellight_Accelerator_v1_0_S00_AXI is either unconnected or has no load
WARNING: [Synth 8-7129] Port S_AXI_AWPROT[1] in module Intellight_Accelerator_v1_0_S00_AXI is either unconnected or has no load
WARNING: [Synth 8-7129] Port S_AXI_AWPROT[0] in module Intellight_Accelerator_v1_0_S00_AXI is either unconnected or has no load
WARNING: [Synth 8-7129] Port S_AXI_ARPROT[2] in module Intellight_Accelerator_v1_0_S00_AXI is either unconnected or has no load
WARNING: [Synth 8-7129] Port S_AXI_ARPROT[1] in module Intellight_Accelerator_v1_0_S00_AXI is either unconnected or has no load
WARNING: [Synth 8-7129] Port S_AXI_ARPROT[0] in module Intellight_Accelerator_v1_0_S00_AXI is either unconnected or has no load
---------------------------------------------------------------------------------
Finished Synthesize : Time (s): cpu = 00:00:08 ; elapsed = 00:00:09 . Memory (MB): peak = 1294.652 ; gain = 0.000
---------------------------------------------------------------------------------
---------------------------------------------------------------------------------
Finished Constraint Validation : Time (s): cpu = 00:00:08 ; elapsed = 00:00:10 . Memory (MB): peak = 1294.652 ; gain = 0.000
---------------------------------------------------------------------------------
---------------------------------------------------------------------------------
Start Loading Part and Timing Information
---------------------------------------------------------------------------------
Loading part: xc7z020clg400-1
---------------------------------------------------------------------------------
Finished Loading Part and Timing Information : Time (s): cpu = 00:00:08 ; elapsed = 00:00:10 . Memory (MB): peak = 1294.652 ; gain = 0.000
---------------------------------------------------------------------------------
INFO: [Device 21-403] Loading part xc7z020clg400-1
INFO: [Synth 8-802] inferred FSM for state register 'cs_reg' in module 'CU'
---------------------------------------------------------------------------------------------------
                   State |                     New Encoding |                Previous Encoding 
---------------------------------------------------------------------------------------------------
                  S_IDLE |                  000000000000001 |                            01111
                  S_INIT |                  000000000000010 |                            10000
                    S_L0 |                  000000000000100 |                            00000
                    S_L1 |                  000000000001000 |                            00001
                    S_L2 |                  000000000010000 |                            00010
                    S_L3 |                  000000000100000 |                            00011
                    S_L4 |                  000000001000000 |                            00100
                    S_L5 |                  000000010000000 |                            00101
                    S_L6 |                  000000100000000 |                            00110
                    S_L7 |                  000001000000000 |                            00111
                    S_L8 |                  000010000000000 |                            01000
                    S_L9 |                  000100000000000 |                            01001
                   S_L10 |                  001000000000000 |                            01010
                   S_L11 |                  010000000000000 |                            01011
                  S_DONE |                  100000000000000 |                            10001
---------------------------------------------------------------------------------------------------
INFO: [Synth 8-3354] encoded FSM with state register 'cs_reg' using encoding 'one-hot' in module 'CU'
---------------------------------------------------------------------------------
Finished RTL Optimization Phase 2 : Time (s): cpu = 00:00:09 ; elapsed = 00:00:11 . Memory (MB): peak = 1294.652 ; gain = 0.000
---------------------------------------------------------------------------------
No constraint files found.
---------------------------------------------------------------------------------
Start RTL Component Statistics 
---------------------------------------------------------------------------------
Detailed RTL Component Info : 
+---Adders : 
	   2 Input   16 Bit       Adders := 1     
	   3 Input   16 Bit       Adders := 4     
	   4 Input   16 Bit       Adders := 2     
	   3 Input    5 Bit       Adders := 4     
	   2 Input    5 Bit       Adders := 4     
	   2 Input    2 Bit       Adders := 1     
+---XORs : 
	   4 Input      1 Bit         XORs := 1     
+---Registers : 
	               64 Bit    Registers := 4     
	               32 Bit    Registers := 49    
	               16 Bit    Registers := 21    
	                8 Bit    Registers := 7     
	                4 Bit    Registers := 8     
	                2 Bit    Registers := 5     
	                1 Bit    Registers := 9     
+---Muxes : 
	   4 Input   64 Bit        Muxes := 3     
	   2 Input   32 Bit        Muxes := 65    
	  32 Input   32 Bit        Muxes := 32    
	   2 Input   16 Bit        Muxes := 38    
	   4 Input   16 Bit        Muxes := 1     
	  15 Input   15 Bit        Muxes := 1     
	   2 Input   15 Bit        Muxes := 4     
	   2 Input    8 Bit        Muxes := 1     
	   2 Input    5 Bit        Muxes := 18    
	  15 Input    5 Bit        Muxes := 2     
	   3 Input    5 Bit        Muxes := 4     
	   2 Input    4 Bit        Muxes := 5     
	   4 Input    4 Bit        Muxes := 5     
	   2 Input    3 Bit        Muxes := 2     
	   2 Input    2 Bit        Muxes := 4     
	   2 Input    1 Bit        Muxes := 9     
---------------------------------------------------------------------------------
Finished RTL Component Statistics 
---------------------------------------------------------------------------------
---------------------------------------------------------------------------------
Start Part Resource Summary
---------------------------------------------------------------------------------
Part Resources:
DSPs: 220 (col length:60)
BRAMs: 280 (col length: RAMB18 60 RAMB36 30)
---------------------------------------------------------------------------------
Finished Part Resource Summary
---------------------------------------------------------------------------------
No constraint files found.
---------------------------------------------------------------------------------
Start Cross Boundary and Area Optimization
---------------------------------------------------------------------------------
WARNING: [Synth 8-7080] Parallel synthesis criteria is not met
WARNING: [Synth 8-7129] Port S_AXI_AWPROT[2] in module Intellight_Accelerator_v1_0_S00_AXI is either unconnected or has no load
WARNING: [Synth 8-7129] Port S_AXI_AWPROT[1] in module Intellight_Accelerator_v1_0_S00_AXI is either unconnected or has no load
WARNING: [Synth 8-7129] Port S_AXI_AWPROT[0] in module Intellight_Accelerator_v1_0_S00_AXI is either unconnected or has no load
WARNING: [Synth 8-7129] Port S_AXI_ARPROT[2] in module Intellight_Accelerator_v1_0_S00_AXI is either unconnected or has no load
WARNING: [Synth 8-7129] Port S_AXI_ARPROT[1] in module Intellight_Accelerator_v1_0_S00_AXI is either unconnected or has no load
WARNING: [Synth 8-7129] Port S_AXI_ARPROT[0] in module Intellight_Accelerator_v1_0_S00_AXI is either unconnected or has no load
---------------------------------------------------------------------------------
Finished Cross Boundary and Area Optimization : Time (s): cpu = 00:00:22 ; elapsed = 00:00:24 . Memory (MB): peak = 1294.652 ; gain = 0.000
---------------------------------------------------------------------------------
No constraint files found.
---------------------------------------------------------------------------------
Start Timing Optimization
---------------------------------------------------------------------------------
---------------------------------------------------------------------------------
Finished Timing Optimization : Time (s): cpu = 00:00:22 ; elapsed = 00:00:25 . Memory (MB): peak = 1294.652 ; gain = 0.000
---------------------------------------------------------------------------------
---------------------------------------------------------------------------------
Start Technology Mapping
---------------------------------------------------------------------------------
---------------------------------------------------------------------------------
Finished Technology Mapping : Time (s): cpu = 00:00:23 ; elapsed = 00:00:25 . Memory (MB): peak = 1294.652 ; gain = 0.000
---------------------------------------------------------------------------------
---------------------------------------------------------------------------------
Start IO Insertion
---------------------------------------------------------------------------------
---------------------------------------------------------------------------------
Start Flattening Before IO Insertion
---------------------------------------------------------------------------------
---------------------------------------------------------------------------------
Finished Flattening Before IO Insertion
---------------------------------------------------------------------------------
---------------------------------------------------------------------------------
Start Final Netlist Cleanup
---------------------------------------------------------------------------------
---------------------------------------------------------------------------------
Finished Final Netlist Cleanup
---------------------------------------------------------------------------------
---------------------------------------------------------------------------------
Finished IO Insertion : Time (s): cpu = 00:00:27 ; elapsed = 00:00:30 . Memory (MB): peak = 1294.652 ; gain = 0.000
---------------------------------------------------------------------------------
---------------------------------------------------------------------------------
Start Renaming Generated Instances
---------------------------------------------------------------------------------
---------------------------------------------------------------------------------
Finished Renaming Generated Instances : Time (s): cpu = 00:00:27 ; elapsed = 00:00:30 . Memory (MB): peak = 1294.652 ; gain = 0.000
---------------------------------------------------------------------------------
---------------------------------------------------------------------------------
Start Rebuilding User Hierarchy
---------------------------------------------------------------------------------
---------------------------------------------------------------------------------
Finished Rebuilding User Hierarchy : Time (s): cpu = 00:00:27 ; elapsed = 00:00:30 . Memory (MB): peak = 1294.652 ; gain = 0.000
---------------------------------------------------------------------------------
---------------------------------------------------------------------------------
Start Renaming Generated Ports
---------------------------------------------------------------------------------
---------------------------------------------------------------------------------
Finished Renaming Generated Ports : Time (s): cpu = 00:00:27 ; elapsed = 00:00:30 . Memory (MB): peak = 1294.652 ; gain = 0.000
---------------------------------------------------------------------------------
---------------------------------------------------------------------------------
Start Handling Custom Attributes
---------------------------------------------------------------------------------
---------------------------------------------------------------------------------
Finished Handling Custom Attributes : Time (s): cpu = 00:00:28 ; elapsed = 00:00:30 . Memory (MB): peak = 1294.652 ; gain = 0.000
---------------------------------------------------------------------------------
---------------------------------------------------------------------------------
Start Renaming Generated Nets
---------------------------------------------------------------------------------
---------------------------------------------------------------------------------
Finished Renaming Generated Nets : Time (s): cpu = 00:00:28 ; elapsed = 00:00:30 . Memory (MB): peak = 1294.652 ; gain = 0.000
---------------------------------------------------------------------------------
---------------------------------------------------------------------------------
Start ROM, RAM, DSP, Shift Register and Retiming Reporting
---------------------------------------------------------------------------------

Static Shift Register Report:
+----------------------------+-------------------------------------------------------------------------------+--------+-------+--------------+--------------------+-------------------+--------+---------+
|Module Name                 | RTL Name                                                                      | Length | Width | Reset Signal | Pull out first Reg | Pull out last Reg | SRL16E | SRLC32E | 
+----------------------------+-------------------------------------------------------------------------------+--------+-------+--------------+--------------------+-------------------+--------+---------+
|Intellight_Accelerator_v1_0 | Intellight_Accelerator_v1_0_S00_AXI_inst/accelerator_0/MII_0/S_reg_reg[4][7]  | 5      | 8     | YES          | NO                 | YES               | 8      | 0       | 
|Intellight_Accelerator_v1_0 | Intellight_Accelerator_v1_0_S00_AXI_inst/accelerator_0/MII_0/D_reg_reg[3][63] | 4      | 64    | YES          | NO                 | YES               | 64     | 0       | 
+----------------------------+-------------------------------------------------------------------------------+--------+-------+--------------+--------------------+-------------------+--------+---------+

---------------------------------------------------------------------------------
Finished ROM, RAM, DSP, Shift Register and Retiming Reporting
---------------------------------------------------------------------------------
---------------------------------------------------------------------------------
Start Writing Synthesis Report
---------------------------------------------------------------------------------

Report BlackBoxes: 
+-+--------------+----------+
| |BlackBox name |Instances |
+-+--------------+----------+
+-+--------------+----------+

Report Cell Usage: 
+------+-------+------+
|      |Cell   |Count |
+------+-------+------+
|1     |BUFG   |     1|
|2     |CARRY4 |    60|
|3     |LUT1   |     4|
|4     |LUT2   |   156|
|5     |LUT3   |   105|
|6     |LUT4   |   275|
|7     |LUT5   |    43|
|8     |LUT6   |   878|
|9     |MUXF7  |   160|
|10    |MUXF8  |    64|
|11    |SRL16E |    72|
|12    |FDRE   |  1850|
|13    |FDSE   |    18|
|14    |IBUF   |   311|
|15    |OBUF   |   182|
+------+-------+------+

Report Instance Areas: 
+------+-------------------------------------------+------------------------------------+------+
|      |Instance                                   |Module                              |Cells |
+------+-------------------------------------------+------------------------------------+------+
|1     |top                                        |                                    |  4179|
|2     |  Intellight_Accelerator_v1_0_S00_AXI_inst |Intellight_Accelerator_v1_0_S00_AXI |  3685|
|3     |    accelerator_0                          |Accelerator                         |  1638|
|4     |      CU_0                                 |CU                                  |   215|
|5     |        rand                               |lfsr                                |    48|
|6     |      MII_0                                |MII                                 |   440|
|7     |      PG_0                                 |PG                                  |   628|
|8     |        max0                               |max4to1_0                           |   176|
|9     |        rand                               |lfsr__parameterized0                |    26|
|10    |      QA_0                                 |QA                                  |   309|
|11    |        max0                               |max4to1                             |     4|
|12    |        mul1                               |multiply                            |    62|
|13    |        mux0                               |mux4to1                             |    16|
|14    |      RD_0                                 |RD                                  |     7|
|15    |      SD_0                                 |SD                                  |    39|
+------+-------------------------------------------+------------------------------------+------+
---------------------------------------------------------------------------------
Finished Writing Synthesis Report : Time (s): cpu = 00:00:28 ; elapsed = 00:00:30 . Memory (MB): peak = 1294.652 ; gain = 0.000
---------------------------------------------------------------------------------
Synthesis finished with 0 errors, 0 critical warnings and 29 warnings.
Synthesis Optimization Runtime : Time (s): cpu = 00:00:28 ; elapsed = 00:00:30 . Memory (MB): peak = 1294.652 ; gain = 0.000
Synthesis Optimization Complete : Time (s): cpu = 00:00:28 ; elapsed = 00:00:30 . Memory (MB): peak = 1294.652 ; gain = 0.000
INFO: [Project 1-571] Translating synthesized netlist
Netlist sorting complete. Time (s): cpu = 00:00:00 ; elapsed = 00:00:00.068 . Memory (MB): peak = 1294.652 ; gain = 0.000
INFO: [Netlist 29-17] Analyzing 284 Unisim elements for replacement
INFO: [Netlist 29-28] Unisim Transformation completed in 0 CPU seconds
INFO: [Project 1-570] Preparing netlist for logic optimization
INFO: [Opt 31-138] Pushed 0 inverter(s) to 0 load pin(s).
Netlist sorting complete. Time (s): cpu = 00:00:00 ; elapsed = 00:00:00.001 . Memory (MB): peak = 1294.652 ; gain = 0.000
INFO: [Project 1-111] Unisim Transformation Summary:
No Unisim elements were transformed.

Synth Design complete, checksum: 79a133b0
INFO: [Common 17-83] Releasing license: Synthesis
52 Infos, 30 Warnings, 0 Critical Warnings and 0 Errors encountered.
synth_design completed successfully
synth_design: Time (s): cpu = 00:00:30 ; elapsed = 00:00:34 . Memory (MB): peak = 1294.652 ; gain = 0.000
INFO: [Common 17-1381] The checkpoint 'D:/intelligent_traffic_light/intellight/accelerator/edit_Intellight_Accelerator_v1_0.runs/synth_1/Intellight_Accelerator_v1_0.dcp' has been generated.
INFO: [runtcl-4] Executing : report_utilization -file Intellight_Accelerator_v1_0_utilization_synth.rpt -pb Intellight_Accelerator_v1_0_utilization_synth.pb
INFO: [Common 17-206] Exiting Vivado at Mon Nov 14 17:58:23 2022...
