Copyright 1986-2022 Xilinx, Inc. All Rights Reserved.
------------------------------------------------------------------------------------
| Tool Version : Vivado v.2022.1 (win64) Build 3526262 Mon Apr 18 15:48:16 MDT 2022
| Date         : Mon Nov 21 17:56:11 2022
| Host         : DESKTOP-FRUK6JR running 64-bit major release  (build 9200)
| Command      : upgrade_ip
| Device       : xc7z020clg400-1
------------------------------------------------------------------------------------

Upgrade Log for IP 'top_level_Intellight_Accelerat_0_0'

1. Summary
----------

SUCCESS in the upgrade of top_level_Intellight_Accelerat_0_0 (xilinx.com:user:Intellight_Accelerator:1.0) from (Rev. 28) to (Rev. 29)






Copyright 1986-2022 Xilinx, Inc. All Rights Reserved.
------------------------------------------------------------------------------------
| Tool Version : Vivado v.2022.1 (win64) Build 3526262 Mon Apr 18 15:48:16 MDT 2022
| Date         : Mon Nov 21 16:52:14 2022
| Host         : DESKTOP-FRUK6JR running 64-bit major release  (build 9200)
| Command      : upgrade_ip
| Device       : xc7z020clg400-1
------------------------------------------------------------------------------------

Upgrade Log for IP 'top_level_Intellight_Accelerat_0_0'

1. Summary
----------

SUCCESS in the upgrade of top_level_Intellight_Accelerat_0_0 (xilinx.com:user:Intellight_Accelerator:1.0) from (Rev. 27) to (Rev. 28)






Copyright 1986-2022 Xilinx, Inc. All Rights Reserved.
------------------------------------------------------------------------------------
| Tool Version : Vivado v.2022.1 (win64) Build 3526262 Mon Apr 18 15:48:16 MDT 2022
| Date         : Mon Nov 21 16:08:03 2022
| Host         : DESKTOP-FRUK6JR running 64-bit major release  (build 9200)
| Command      : upgrade_ip
| Device       : xc7z020clg400-1
------------------------------------------------------------------------------------

Upgrade Log for IP 'top_level_Intellight_Accelerat_0_0'

1. Summary
----------

SUCCESS in the upgrade of top_level_Intellight_Accelerat_0_0 (xilinx.com:user:Intellight_Accelerator:1.0) from (Rev. 26) to (Rev. 27)






Copyright 1986-2022 Xilinx, Inc. All Rights Reserved.
------------------------------------------------------------------------------------
| Tool Version : Vivado v.2022.1 (win64) Build 3526262 Mon Apr 18 15:48:16 MDT 2022
| Date         : Mon Nov 21 15:40:39 2022
| Host         : DESKTOP-FRUK6JR running 64-bit major release  (build 9200)
| Command      : upgrade_ip
| Device       : xc7z020clg400-1
------------------------------------------------------------------------------------

Upgrade Log for IP 'top_level_Intellight_Accelerat_0_0'

1. Summary
----------

SUCCESS in the upgrade of top_level_Intellight_Accelerat_0_0 (xilinx.com:user:Intellight_Accelerator:1.0) from (Rev. 25) to (Rev. 26)






Copyright 1986-2022 Xilinx, Inc. All Rights Reserved.
------------------------------------------------------------------------------------
| Tool Version : Vivado v.2022.1 (win64) Build 3526262 Mon Apr 18 15:48:16 MDT 2022
| Date         : Mon Nov 21 14:06:19 2022
| Host         : DESKTOP-FRUK6JR running 64-bit major release  (build 9200)
| Command      : upgrade_ip
| Device       : xc7z020clg400-1
------------------------------------------------------------------------------------

Upgrade Log for IP 'top_level_Intellight_Accelerat_0_0'

1. Summary
----------

CAUTION (success, with warnings) in the upgrade of top_level_Intellight_Accelerat_0_0 (xilinx.com:user:Intellight_Accelerator:1.0) from (Rev. 24) to (Rev. 25)

After upgrade, an IP may have parameter and port differences compared to the original customization. Please review the parameters within the IP customization GUI to ensure proper functionality. Also, please review the updated IP instantiation template to ensure proper connectivity, and update your design if required.

2. Interface Information
------------------------

Detected external interface differences while upgrading 'top_level_Intellight_Accelerat_0_0'.


-Upgrade has added interface 'clk' (xilinx.com:signal:clock:1.0)

-Upgrade has added interface 'rst' (xilinx.com:signal:reset:1.0)


3. Connection Warnings
----------------------

Detected external port differences while upgrading 'top_level_Intellight_Accelerat_0_0'. These changes may impact your design.


-Upgrade has added port 'clk'

-Upgrade has added port 'rst'







Copyright 1986-2022 Xilinx, Inc. All Rights Reserved.
------------------------------------------------------------------------------------
| Tool Version : Vivado v.2022.1 (win64) Build 3526262 Mon Apr 18 15:48:16 MDT 2022
| Date         : Mon Nov 21 13:20:34 2022
| Host         : DESKTOP-FRUK6JR running 64-bit major release  (build 9200)
| Command      : upgrade_ip
| Device       : xc7z020clg400-1
------------------------------------------------------------------------------------

Upgrade Log for IP 'top_level_Intellight_Accelerat_0_0'

1. Summary
----------

SUCCESS in the upgrade of top_level_Intellight_Accelerat_0_0 (xilinx.com:user:Intellight_Accelerator:1.0) from (Rev. 23) to (Rev. 24)






Copyright 1986-2022 Xilinx, Inc. All Rights Reserved.
------------------------------------------------------------------------------------
| Tool Version : Vivado v.2022.1 (win64) Build 3526262 Mon Apr 18 15:48:16 MDT 2022
| Date         : Mon Nov 21 11:03:57 2022
| Host         : DESKTOP-FRUK6JR running 64-bit major release  (build 9200)
| Command      : upgrade_ip
| Device       : xc7z020clg400-1
------------------------------------------------------------------------------------

Upgrade Log for IP 'top_level_Intellight_Accelerat_0_0'

1. Summary
----------

SUCCESS in the upgrade of top_level_Intellight_Accelerat_0_0 (xilinx.com:user:Intellight_Accelerator:1.0) from (Rev. 22) to (Rev. 23)






Copyright 1986-2022 Xilinx, Inc. All Rights Reserved.
------------------------------------------------------------------------------------
| Tool Version : Vivado v.2022.1 (win64) Build 3526262 Mon Apr 18 15:48:16 MDT 2022
| Date         : Mon Nov 21 09:47:46 2022
| Host         : DESKTOP-FRUK6JR running 64-bit major release  (build 9200)
| Command      : upgrade_ip
| Device       : xc7z020clg400-1
------------------------------------------------------------------------------------

Upgrade Log for IP 'top_level_Intellight_Accelerat_0_0'

1. Summary
----------

SUCCESS in the upgrade of top_level_Intellight_Accelerat_0_0 (xilinx.com:user:Intellight_Accelerator:1.0) from (Rev. 21) to (Rev. 22)






Copyright 1986-2022 Xilinx, Inc. All Rights Reserved.
------------------------------------------------------------------------------------
| Tool Version : Vivado v.2022.1 (win64) Build 3526262 Mon Apr 18 15:48:16 MDT 2022
| Date         : Tue Nov 15 15:44:58 2022
| Host         : DESKTOP-FRUK6JR running 64-bit major release  (build 9200)
| Command      : upgrade_ip
| Device       : xc7z020clg400-1
------------------------------------------------------------------------------------

Upgrade Log for IP 'top_level_Intellight_Accelerat_0_0'

1. Summary
----------

SUCCESS in the upgrade of top_level_Intellight_Accelerat_0_0 (xilinx.com:user:Intellight_Accelerator:1.0) from (Rev. 19) to (Rev. 21)






Copyright 1986-2022 Xilinx, Inc. All Rights Reserved.
------------------------------------------------------------------------------------
| Tool Version : Vivado v.2022.1 (win64) Build 3526262 Mon Apr 18 15:48:16 MDT 2022
| Date         : Tue Nov 15 15:34:35 2022
| Host         : DESKTOP-FRUK6JR running 64-bit major release  (build 9200)
| Command      : upgrade_ip
| Device       : xc7z020clg400-1
------------------------------------------------------------------------------------

Upgrade Log for IP 'top_level_Intellight_Accelerat_0_0'

1. Summary
----------

SUCCESS in the upgrade of top_level_Intellight_Accelerat_0_0 (xilinx.com:user:Intellight_Accelerator:1.0) from (Rev. 18) to (Rev. 19)






Copyright 1986-2022 Xilinx, Inc. All Rights Reserved.
------------------------------------------------------------------------------------
| Tool Version : Vivado v.2022.1 (win64) Build 3526262 Mon Apr 18 15:48:16 MDT 2022
| Date         : Tue Nov 15 15:33:11 2022
| Host         : DESKTOP-FRUK6JR running 64-bit major release  (build 9200)
| Command      : upgrade_ip
| Device       : xc7z020clg400-1
------------------------------------------------------------------------------------

Upgrade Log for IP 'top_level_Intellight_Accelerat_0_0'

1. Summary
----------

SUCCESS in the conversion of top_level_Intellight_Accelerat_0_0 (xilinx.com:user:Intellight_Accelerator:1.0 (Rev. 18)) to Vivado generation flows.






Copyright 1986-2022 Xilinx, Inc. All Rights Reserved.
------------------------------------------------------------------------------------
| Tool Version : Vivado v.2022.1 (win64) Build 3526262 Mon Apr 18 15:48:16 MDT 2022
| Date         : Tue Nov 15 15:30:27 2022
| Host         : DESKTOP-FRUK6JR running 64-bit major release  (build 9200)
| Command      : upgrade_ip
| Device       : xc7z020clg400-1
------------------------------------------------------------------------------------

Upgrade Log for IP 'top_level_Intellight_Accelerat_0_0'

1. Summary
----------

SUCCESS in the upgrade of top_level_Intellight_Accelerat_0_0 (xilinx.com:user:Intellight_Accelerator:1.0) from (Rev. 17) to (Rev. 18)






Copyright 1986-2022 Xilinx, Inc. All Rights Reserved.
------------------------------------------------------------------------------------
| Tool Version : Vivado v.2022.1 (win64) Build 3526262 Mon Apr 18 15:48:16 MDT 2022
| Date         : Tue Nov 15 15:01:52 2022
| Host         : DESKTOP-FRUK6JR running 64-bit major release  (build 9200)
| Command      : upgrade_ip
| Device       : xc7z020clg400-1
------------------------------------------------------------------------------------

Upgrade Log for IP 'top_level_Intellight_Accelerat_0_0'

1. Summary
----------

SUCCESS in the upgrade of top_level_Intellight_Accelerat_0_0 (xilinx.com:user:Intellight_Accelerator:1.0) from (Rev. 16) to (Rev. 17)






Copyright 1986-2022 Xilinx, Inc. All Rights Reserved.
------------------------------------------------------------------------------------
| Tool Version : Vivado v.2022.1 (win64) Build 3526262 Mon Apr 18 15:48:16 MDT 2022
| Date         : Tue Nov 15 14:38:28 2022
| Host         : DESKTOP-FRUK6JR running 64-bit major release  (build 9200)
| Command      : upgrade_ip
| Device       : xc7z020clg400-1
------------------------------------------------------------------------------------

Upgrade Log for IP 'top_level_Intellight_Accelerat_0_0'

1. Summary
----------

SUCCESS in the upgrade of top_level_Intellight_Accelerat_0_0 (xilinx.com:user:Intellight_Accelerator:1.0) from (Rev. 15) to (Rev. 16)






Copyright 1986-2022 Xilinx, Inc. All Rights Reserved.
------------------------------------------------------------------------------------
| Tool Version : Vivado v.2022.1 (win64) Build 3526262 Mon Apr 18 15:48:16 MDT 2022
| Date         : Tue Nov 15 11:25:04 2022
| Host         : DESKTOP-FRUK6JR running 64-bit major release  (build 9200)
| Command      : upgrade_ip
| Device       : xc7z020clg400-1
------------------------------------------------------------------------------------

Upgrade Log for IP 'top_level_Intellight_Accelerat_0_0'

1. Summary
----------

SUCCESS in the upgrade of top_level_Intellight_Accelerat_0_0 (xilinx.com:user:Intellight_Accelerator:1.0) from (Rev. 14) to (Rev. 15)






Copyright 1986-2022 Xilinx, Inc. All Rights Reserved.
------------------------------------------------------------------------------------
| Tool Version : Vivado v.2022.1 (win64) Build 3526262 Mon Apr 18 15:48:16 MDT 2022
| Date         : Mon Nov 14 18:51:41 2022
| Host         : DESKTOP-FRUK6JR running 64-bit major release  (build 9200)
| Command      : upgrade_ip
| Device       : xc7z020clg400-1
------------------------------------------------------------------------------------

Upgrade Log for IP 'top_level_Intellight_Accelerat_0_0'

1. Summary
----------

SUCCESS in the conversion of top_level_Intellight_Accelerat_0_0 (xilinx.com:user:Intellight_Accelerator:1.0 (Rev. 14)) to Vivado generation flows.






Copyright 1986-2022 Xilinx, Inc. All Rights Reserved.
------------------------------------------------------------------------------------
| Tool Version : Vivado v.2022.1 (win64) Build 3526262 Mon Apr 18 15:48:16 MDT 2022
| Date         : Mon Nov 14 18:25:53 2022
| Host         : DESKTOP-FRUK6JR running 64-bit major release  (build 9200)
| Command      : upgrade_ip
| Device       : xc7z020clg400-1
------------------------------------------------------------------------------------

Upgrade Log for IP 'top_level_Intellight_Accelerat_0_0'

1. Summary
----------

SUCCESS in the upgrade of top_level_Intellight_Accelerat_0_0 (xilinx.com:user:Intellight_Accelerator:1.0) from (Rev. 12) to (Rev. 14)






Copyright 1986-2022 Xilinx, Inc. All Rights Reserved.
------------------------------------------------------------------------------------
| Tool Version : Vivado v.2022.1 (win64) Build 3526262 Mon Apr 18 15:48:16 MDT 2022
| Date         : Mon Nov 14 17:36:38 2022
| Host         : DESKTOP-FRUK6JR running 64-bit major release  (build 9200)
| Command      : upgrade_ip
| Device       : xc7z020clg400-1
------------------------------------------------------------------------------------

Upgrade Log for IP 'top_level_Intellight_Accelerat_0_0'

1. Summary
----------

CAUTION (success, with warnings) in the upgrade of top_level_Intellight_Accelerat_0_0 (xilinx.com:user:Intellight_Accelerator:1.0) from (Rev. 10) to (Rev. 12)

After upgrade, an IP may have parameter and port differences compared to the original customization. Please review the parameters within the IP customization GUI to ensure proper functionality. Also, please review the updated IP instantiation template to ensure proper connectivity, and update your design if required.

2. Connection Warnings
----------------------

Detected external port differences while upgrading 'top_level_Intellight_Accelerat_0_0'. These changes may impact your design.


-Upgrade has removed port 'Dnew'

-Upgrade has removed port 'Droad0'

-Upgrade has removed port 'Droad1'

-Upgrade has removed port 'Droad2'

-Upgrade has removed port 'Droad3'

-Upgrade has added port 'D_new'

-Upgrade has added port 'D_road0'

-Upgrade has added port 'D_road1'

-Upgrade has added port 'D_road2'

-Upgrade has added port 'D_road3'







Copyright 1986-2022 Xilinx, Inc. All Rights Reserved.
------------------------------------------------------------------------------------
| Tool Version : Vivado v.2022.1 (win64) Build 3526262 Mon Apr 18 15:48:16 MDT 2022
| Date         : Fri Nov 11 15:30:12 2022
| Host         : DESKTOP-FRUK6JR running 64-bit major release  (build 9200)
| Command      : upgrade_ip
| Device       : xc7z020clg400-1
------------------------------------------------------------------------------------

Upgrade Log for IP 'top_level_Intellight_Accelerat_0_0'

1. Summary
----------

SUCCESS in the upgrade of top_level_Intellight_Accelerat_0_0 (xilinx.com:user:Intellight_Accelerator:1.0) from (Rev. 9) to (Rev. 10)






Copyright 1986-2022 Xilinx, Inc. All Rights Reserved.
------------------------------------------------------------------------------------
| Tool Version : Vivado v.2022.1 (win64) Build 3526262 Mon Apr 18 15:48:16 MDT 2022
| Date         : Fri Nov 11 15:18:42 2022
| Host         : DESKTOP-FRUK6JR running 64-bit major release  (build 9200)
| Command      : upgrade_ip
| Device       : xc7z020clg400-1
------------------------------------------------------------------------------------

Upgrade Log for IP 'top_level_Intellight_Accelerat_0_0'

1. Summary
----------

SUCCESS in the upgrade of top_level_Intellight_Accelerat_0_0 (xilinx.com:user:Intellight_Accelerator:1.0) from (Rev. 8) to (Rev. 9)






Copyright 1986-2022 Xilinx, Inc. All Rights Reserved.
------------------------------------------------------------------------------------
| Tool Version : Vivado v.2022.1 (win64) Build 3526262 Mon Apr 18 15:48:16 MDT 2022
| Date         : Fri Nov 11 15:02:05 2022
| Host         : DESKTOP-FRUK6JR running 64-bit major release  (build 9200)
| Command      : upgrade_ip
| Device       : xc7z020clg400-1
------------------------------------------------------------------------------------

Upgrade Log for IP 'top_level_Intellight_Accelerat_0_0'

1. Summary
----------

SUCCESS in the upgrade of top_level_Intellight_Accelerat_0_0 (xilinx.com:user:Intellight_Accelerator:1.0) from (Rev. 7) to (Rev. 8)






Copyright 1986-2022 Xilinx, Inc. All Rights Reserved.
------------------------------------------------------------------------------------
| Tool Version : Vivado v.2022.1 (win64) Build 3526262 Mon Apr 18 15:48:16 MDT 2022
| Date         : Fri Nov 11 14:12:54 2022
| Host         : DESKTOP-FRUK6JR running 64-bit major release  (build 9200)
| Command      : upgrade_ip
| Device       : xc7z020clg400-1
------------------------------------------------------------------------------------

Upgrade Log for IP 'top_level_Intellight_Accelerat_0_0'

1. Summary
----------

SUCCESS in the upgrade of top_level_Intellight_Accelerat_0_0 (xilinx.com:user:Intellight_Accelerator:1.0) from (Rev. 6) to (Rev. 7)






Copyright 1986-2022 Xilinx, Inc. All Rights Reserved.
------------------------------------------------------------------------------------
| Tool Version : Vivado v.2022.1 (win64) Build 3526262 Mon Apr 18 15:48:16 MDT 2022
| Date         : Fri Nov 11 14:07:19 2022
| Host         : DESKTOP-FRUK6JR running 64-bit major release  (build 9200)
| Command      : upgrade_ip
| Device       : xc7z020clg400-1
------------------------------------------------------------------------------------

Upgrade Log for IP 'top_level_Intellight_Accelerat_0_0'

1. Summary
----------

SUCCESS in the upgrade of top_level_Intellight_Accelerat_0_0 (xilinx.com:user:Intellight_Accelerator:1.0) from (Rev. 5) to (Rev. 6)






Copyright 1986-2022 Xilinx, Inc. All Rights Reserved.
------------------------------------------------------------------------------------
| Tool Version : Vivado v.2022.1 (win64) Build 3526262 Mon Apr 18 15:48:16 MDT 2022
| Date         : Thu Nov  3 19:55:24 2022
| Host         : DESKTOP-FRUK6JR running 64-bit major release  (build 9200)
| Command      : upgrade_ip
| Device       : xc7z020clg400-1
------------------------------------------------------------------------------------

Upgrade Log for IP 'top_level_Intellight_Accelerat_0_0'

1. Summary
----------

SUCCESS in the upgrade of top_level_Intellight_Accelerat_0_0 (xilinx.com:user:Intellight_Accelerator:1.0) from (Rev. 3) to (Rev. 5)

