#-----------------------------------------------------------
# Vivado v2022.1 (64-bit)
# SW Build 3526262 on Mon Apr 18 15:48:16 MDT 2022
# IP Build 3524634 on Mon Apr 18 20:55:01 MDT 2022
# Start of session at: Mon Nov 21 13:19:13 2022
# Process ID: 9880
# Current directory: D:/intelligent_traffic_light/intellight/top_level
# Command line: vivado.exe -gui_launcher_event rodinguilauncherevent11848 D:\intelligent_traffic_light\intellight\top_level\top_level.xpr
# Log file: D:/intelligent_traffic_light/intellight/top_level/vivado.log
# Journal file: D:/intelligent_traffic_light/intellight/top_level\vivado.jou
# Running On: DESKTOP-FRUK6JR, OS: Windows, CPU Frequency: 3593 MHz, CPU Physical cores: 6, Host memory: 8532 MB
#-----------------------------------------------------------
start_gui
open_project D:/intelligent_traffic_light/intellight/top_level/top_level.xpr
WARNING: [Board 49-26] cannot add Board Part xilinx.com:kc705:part0:1.6 available at D:/Program/Vivado/2022.1/data/xhub/boards/XilinxBoardStore/boards/Xilinx/kc705/1.6/board.xml as part xc7k325tffg900-2 specified in board_part file is either invalid or not available
WARNING: [Board 49-26] cannot add Board Part xilinx.com:kcu105:part0:1.6 available at D:/Program/Vivado/2022.1/data/xhub/boards/XilinxBoardStore/boards/Xilinx/kcu105/1.6/board.xml as part xcku040-ffva1156-2-e specified in board_part file is either invalid or not available
WARNING: [Board 49-26] cannot add Board Part xilinx.com:kcu105:part0:1.7 available at D:/Program/Vivado/2022.1/data/xhub/boards/XilinxBoardStore/boards/Xilinx/kcu105/1.7/board.xml as part xcku040-ffva1156-2-e specified in board_part file is either invalid or not available
WARNING: [Board 49-26] cannot add Board Part xilinx.com:kcu1500:part0:1.2 available at D:/Program/Vivado/2022.1/data/xhub/boards/XilinxBoardStore/boards/Xilinx/kcu1500/1.2/board.xml as part xcku115-flvb2104-2-e specified in board_part file is either invalid or not available
WARNING: [Board 49-26] cannot add Board Part xilinx.com:vc707:part0:1.4 available at D:/Program/Vivado/2022.1/data/xhub/boards/XilinxBoardStore/boards/Xilinx/vc707/1.4/board.xml as part xc7vx485tffg1761-2 specified in board_part file is either invalid or not available
WARNING: [Board 49-26] cannot add Board Part xilinx.com:vc709:part0:1.8 available at D:/Program/Vivado/2022.1/data/xhub/boards/XilinxBoardStore/boards/Xilinx/vc709/1.8/board.xml as part xc7vx690tffg1761-2 specified in board_part file is either invalid or not available
WARNING: [Board 49-26] cannot add Board Part xilinx.com:vck190:part0:2.2 available at D:/Program/Vivado/2022.1/data/xhub/boards/XilinxBoardStore/boards/Xilinx/vck190/production/2.2/board.xml as part xcvc1902-vsva2197-2mp-e-s specified in board_part file is either invalid or not available
WARNING: [Board 49-26] cannot add Board Part xilinx.com:vck190:part0:3.0 available at D:/Program/Vivado/2022.1/data/xhub/boards/XilinxBoardStore/boards/Xilinx/vck190/production/3.0/board.xml as part xcvc1902-vsva2197-2mp-e-s specified in board_part file is either invalid or not available
WARNING: [Board 49-26] cannot add Board Part xilinx.com:vck190_newl:part0:1.0 available at D:/Program/Vivado/2022.1/data/xhub/boards/XilinxBoardStore/boards/Xilinx/vck190_newl/production/1.0/board.xml as part xcvc1902-vsva2197-2mp-e-s specified in board_part file is either invalid or not available
WARNING: [Board 49-26] cannot add Board Part xilinx.com:vcu108:part0:1.6 available at D:/Program/Vivado/2022.1/data/xhub/boards/XilinxBoardStore/boards/Xilinx/vcu108/1.6/board.xml as part xcvu095-ffva2104-2-e specified in board_part file is either invalid or not available
WARNING: [Board 49-26] cannot add Board Part xilinx.com:vcu108:part0:1.7 available at D:/Program/Vivado/2022.1/data/xhub/boards/XilinxBoardStore/boards/Xilinx/vcu108/1.7/board.xml as part xcvu095-ffva2104-2-e specified in board_part file is either invalid or not available
WARNING: [Board 49-26] cannot add Board Part xilinx.com:vcu110:part0:1.4 available at D:/Program/Vivado/2022.1/data/xhub/boards/XilinxBoardStore/boards/Xilinx/vcu110/1.4/board.xml as part xcvu190-flgc2104-2-e specified in board_part file is either invalid or not available
WARNING: [Board 49-26] cannot add Board Part xilinx.com:vcu118:part0:2.0 available at D:/Program/Vivado/2022.1/data/xhub/boards/XilinxBoardStore/boards/Xilinx/vcu118/2.0/board.xml as part xcvu9p-flga2104-2l-e specified in board_part file is either invalid or not available
WARNING: [Board 49-26] cannot add Board Part xilinx.com:vcu118:part0:2.3 available at D:/Program/Vivado/2022.1/data/xhub/boards/XilinxBoardStore/boards/Xilinx/vcu118/2.3/board.xml as part xcvu9p-flga2104-2l-e specified in board_part file is either invalid or not available
WARNING: [Board 49-26] cannot add Board Part xilinx.com:vcu118:part0:2.4 available at D:/Program/Vivado/2022.1/data/xhub/boards/XilinxBoardStore/boards/Xilinx/vcu118/2.4/board.xml as part xcvu9p-flga2104-2l-e specified in board_part file is either invalid or not available
WARNING: [Board 49-26] cannot add Board Part xilinx.com:vcu128:part0:1.0 available at D:/Program/Vivado/2022.1/data/xhub/boards/XilinxBoardStore/boards/Xilinx/vcu128/production/1.0/board.xml as part xcvu37p-fsvh2892-2l-e specified in board_part file is either invalid or not available
WARNING: [Board 49-26] cannot add Board Part xilinx.com:vcu129:part0:1.0 available at D:/Program/Vivado/2022.1/data/xhub/boards/XilinxBoardStore/boards/Xilinx/vcu129/production/1.0/board.xml as part xcvu29p-fsga2577-2l-e specified in board_part file is either invalid or not available
WARNING: [Board 49-26] cannot add Board Part xilinx.com:vcu1525:part0:1.3 available at D:/Program/Vivado/2022.1/data/xhub/boards/XilinxBoardStore/boards/Xilinx/vcu1525/1.3/board.xml as part xcvu9p-fsgd2104-2l-e specified in board_part file is either invalid or not available
WARNING: [Board 49-26] cannot add Board Part xilinx.com:vermeo_t1_mpsoc:part0:1.0 available at D:/Program/Vivado/2022.1/data/xhub/boards/XilinxBoardStore/boards/Xilinx/vermeo_t1_mpsoc/1.0/board.xml as part xczu19eg-ffvd1760-2l-e specified in board_part file is either invalid or not available
WARNING: [Board 49-26] cannot add Board Part xilinx.com:vermeo_t1_rfsoc:part0:1.0 available at D:/Program/Vivado/2022.1/data/xhub/boards/XilinxBoardStore/boards/Xilinx/vermeo_t1_rfsoc/1.0/board.xml as part xczu21dr-ffvd1156-2l-e specified in board_part file is either invalid or not available
WARNING: [Board 49-26] cannot add Board Part xilinx.com:vmk180:part0:2.2 available at D:/Program/Vivado/2022.1/data/xhub/boards/XilinxBoardStore/boards/Xilinx/vmk180/production/2.2/board.xml as part xcvm1802-vsva2197-2mp-e-s specified in board_part file is either invalid or not available
WARNING: [Board 49-26] cannot add Board Part xilinx.com:vmk180:part0:3.0 available at D:/Program/Vivado/2022.1/data/xhub/boards/XilinxBoardStore/boards/Xilinx/vmk180/production/3.0/board.xml as part xcvm1802-vsva2197-2mp-e-s specified in board_part file is either invalid or not available
WARNING: [Board 49-26] cannot add Board Part xilinx.com:vmk180_newl:part0:1.0 available at D:/Program/Vivado/2022.1/data/xhub/boards/XilinxBoardStore/boards/Xilinx/vmk180_newl/production/1.0/board.xml as part xcvm1802-vsva2197-2mp-e-s specified in board_part file is either invalid or not available
WARNING: [Board 49-26] cannot add Board Part xilinx.com:vpk120_es:part0:1.2 available at D:/Program/Vivado/2022.1/data/xhub/boards/XilinxBoardStore/boards/Xilinx/vpk120/es/1.2/board.xml as part xcvp1202-vsva2785-2mp-e-s-es1 specified in board_part file is either invalid or not available
WARNING: [Board 49-26] cannot add Board Part xilinx.com:vpk120_es_revb:part0:1.0 available at D:/Program/Vivado/2022.1/data/xhub/boards/XilinxBoardStore/boards/Xilinx/vpk120_revb/es/1.0/board.xml as part xcvp1202-vsva2785-2mp-e-s-es1 specified in board_part file is either invalid or not available
WARNING: [Board 49-26] cannot add Board Part xilinx.com:zc706:part0:1.4 available at D:/Program/Vivado/2022.1/data/xhub/boards/XilinxBoardStore/boards/Xilinx/zc706/1.4/board.xml as part xc7z045ffg900-2 specified in board_part file is either invalid or not available
WARNING: [Board 49-26] cannot add Board Part xilinx.com:zcu102:part0:3.3 available at D:/Program/Vivado/2022.1/data/xhub/boards/XilinxBoardStore/boards/Xilinx/zcu102/3.3/board.xml as part xczu9eg-ffvb1156-2-e specified in board_part file is either invalid or not available
WARNING: [Board 49-26] cannot add Board Part xilinx.com:zcu102:part0:3.4 available at D:/Program/Vivado/2022.1/data/xhub/boards/XilinxBoardStore/boards/Xilinx/zcu102/3.4/board.xml as part xczu9eg-ffvb1156-2-e specified in board_part file is either invalid or not available
WARNING: [Board 49-26] cannot add Board Part xilinx.com:zcu111:part0:1.2 available at D:/Program/Vivado/2022.1/data/xhub/boards/XilinxBoardStore/boards/Xilinx/zcu111/1.2/board.xml as part xczu28dr-ffvg1517-2-e specified in board_part file is either invalid or not available
WARNING: [Board 49-26] cannot add Board Part xilinx.com:zcu111:part0:1.3 available at D:/Program/Vivado/2022.1/data/xhub/boards/XilinxBoardStore/boards/Xilinx/zcu111/1.3/board.xml as part xczu28dr-ffvg1517-2-e specified in board_part file is either invalid or not available
WARNING: [Board 49-26] cannot add Board Part xilinx.com:zcu111:part0:1.4 available at D:/Program/Vivado/2022.1/data/xhub/boards/XilinxBoardStore/boards/Xilinx/zcu111/1.4/board.xml as part xczu28dr-ffvg1517-2-e specified in board_part file is either invalid or not available
WARNING: [Board 49-26] cannot add Board Part xilinx.com:zcu1275:part0:1.0 available at D:/Program/Vivado/2022.1/data/xhub/boards/XilinxBoardStore/boards/Xilinx/zcu1275/1.0/board.xml as part xczu29dr-ffvf1760-2-e specified in board_part file is either invalid or not available
WARNING: [Board 49-26] cannot add Board Part xilinx.com:zcu1285:part0:1.0 available at D:/Program/Vivado/2022.1/data/xhub/boards/XilinxBoardStore/boards/Xilinx/zcu1285/1.0/board.xml as part xczu39dr-ffvf1760-2-i specified in board_part file is either invalid or not available
WARNING: [Board 49-26] cannot add Board Part xilinx.com:zcu208:part0:2.0 available at D:/Program/Vivado/2022.1/data/xhub/boards/XilinxBoardStore/boards/Xilinx/zcu208/production/2.0/board.xml as part xczu48dr-fsvg1517-2-e specified in board_part file is either invalid or not available
WARNING: [Board 49-26] cannot add Board Part xilinx.com:zcu208ld:part0:2.0 available at D:/Program/Vivado/2022.1/data/xhub/boards/XilinxBoardStore/boards/Xilinx/zcu208ld/production/2.0/board.xml as part xczu58dr-fsvg1517-2-i specified in board_part file is either invalid or not available
WARNING: [Board 49-26] cannot add Board Part xilinx.com:zcu216:part0:2.0 available at D:/Program/Vivado/2022.1/data/xhub/boards/XilinxBoardStore/boards/Xilinx/zcu216/production/2.0/board.xml as part xczu49dr-ffvf1760-2-e specified in board_part file is either invalid or not available
WARNING: [Board 49-26] cannot add Board Part xilinx.com:zcu216ld:part0:2.0 available at D:/Program/Vivado/2022.1/data/xhub/boards/XilinxBoardStore/boards/Xilinx/zcu216ld/production/2.0/board.xml as part xczu59dr-ffvf1760-2-i specified in board_part file is either invalid or not available
WARNING: [Board 49-26] cannot add Board Part xilinx.com:zcu670:part0:2.0 available at D:/Program/Vivado/2022.1/data/xhub/boards/XilinxBoardStore/boards/Xilinx/zcu670/2.0/board.xml as part xczu67dr-fsve1156-2-i specified in board_part file is either invalid or not available
WARNING: [Board 49-26] cannot add Board Part xilinx.com:zcu670ld:part0:1.0 available at D:/Program/Vivado/2022.1/data/xhub/boards/XilinxBoardStore/boards/Xilinx/zcu670ld/1.0/board.xml as part xczu57dr-fsve1156-2-i specified in board_part file is either invalid or not available
Scanning sources...
Finished scanning sources
INFO: [IP_Flow 19-234] Refreshing IP repositories
INFO: [IP_Flow 19-1700] Loaded user IP repository 'd:/intelligent_traffic_light/intellight/accelerator/Intellight_Accelerator_1.0'.
INFO: [IP_Flow 19-2313] Loaded Vivado IP repository 'D:/Program/Vivado/2022.1/data/ip'.
WARNING: [BD 41-1661] One or more IPs have been locked in the design 'top_level.bd'. Please run report_ip_status for more details and recommendations on how to fix this issue.
List of locked IPs:
top_level_Intellight_Accelerat_0_0

open_project: Time (s): cpu = 00:00:18 ; elapsed = 00:00:17 . Memory (MB): peak = 1559.367 ; gain = 0.000
update_compile_order -fileset sources_1
open_bd_design {D:/intelligent_traffic_light/intellight/top_level/top_level.srcs/sources_1/bd/top_level/top_level.bd}
Reading block design file <D:/intelligent_traffic_light/intellight/top_level/top_level.srcs/sources_1/bd/top_level/top_level.bd>...
Adding Block Design Container - Q_Matrix_0
Adding component instance block -- xilinx.com:ip:axi_intc:4.1 - axi_intc_0
Adding component instance block -- xilinx.com:ip:processing_system7:5.5 - processing_system7_0
Adding component instance block -- xilinx.com:ip:axi_interconnect:2.1 - ps7_0_axi_periph
Adding component instance block -- xilinx.com:ip:axi_crossbar:2.1 - xbar
Adding component instance block -- xilinx.com:ip:axi_protocol_converter:2.1 - auto_pc
Adding component instance block -- xilinx.com:ip:axi_protocol_converter:2.1 - auto_pc
Adding component instance block -- xilinx.com:ip:axi_protocol_converter:2.1 - auto_pc
Adding component instance block -- xilinx.com:ip:axi_protocol_converter:2.1 - auto_pc
Adding component instance block -- xilinx.com:ip:axi_protocol_converter:2.1 - auto_pc
Adding component instance block -- xilinx.com:ip:proc_sys_reset:5.0 - rst_ps7_0_100M
Adding Block Design Container - Q_Matrix_AXI_0
Adding component instance block -- xilinx.com:user:Intellight_Accelerator:1.0 - Intellight_Accelerat_0
Successfully read diagram <top_level> from block design file <D:/intelligent_traffic_light/intellight/top_level/top_level.srcs/sources_1/bd/top_level/top_level.bd>
open_bd_design: Time (s): cpu = 00:00:11 ; elapsed = 00:00:16 . Memory (MB): peak = 1559.367 ; gain = 0.000
report_ip_status -name ip_status 
upgrade_ip -vlnv xilinx.com:user:Intellight_Accelerator:1.0 [get_ips  top_level_Intellight_Accelerat_0_0] -log ip_upgrade.log
Upgrading 'D:/intelligent_traffic_light/intellight/top_level/top_level.srcs/sources_1/bd/top_level/top_level.bd'
INFO: [IP_Flow 19-3422] Upgraded top_level_Intellight_Accelerat_0_0 (Intellight_Accelerator_v1.0 1.0) from revision 23 to revision 24
Wrote  : <D:\intelligent_traffic_light\intellight\top_level\top_level.gen\sources_1\bd\top_level\bd\Q_Matrix_inst_0\Q_Matrix_inst_0.bd> 
Wrote  : <D:\intelligent_traffic_light\intellight\top_level\top_level.gen\sources_1\bd\top_level\bd\Q_Matrix_AXI_inst_0\Q_Matrix_AXI_inst_0.bd> 
Wrote  : <D:\intelligent_traffic_light\intellight\top_level\top_level.srcs\sources_1\bd\top_level\top_level.bd> 
Wrote  : <D:/intelligent_traffic_light/intellight/top_level/top_level.srcs/sources_1/bd/top_level/ui/bd_39d0265a.ui> 
INFO: [Coretcl 2-1525] Wrote upgrade log to 'D:/intelligent_traffic_light/intellight/top_level/ip_upgrade.log'.
export_ip_user_files -of_objects [get_ips top_level_Intellight_Accelerat_0_0] -no_script -sync -force -quiet
generate_target all [get_files  D:/intelligent_traffic_light/intellight/top_level/top_level.srcs/sources_1/bd/top_level/top_level.bd]
WARNING: [BD 41-702] Propagation TCL tries to overwrite USER strength parameter PCW_M_AXI_GP0_FREQMHZ(10) on '/processing_system7_0' with propagated value(50.0). Command ignored
WARNING: [BD 41-702] Propagation TCL tries to overwrite USER strength parameter WRITE_WIDTH_A(64) on '/Q_Matrix_AXI_0/action_ram_0' with propagated value(32). Command ignored
WARNING: [BD 41-702] Propagation TCL tries to overwrite USER strength parameter READ_WIDTH_A(64) on '/Q_Matrix_AXI_0/action_ram_0' with propagated value(32). Command ignored
WARNING: [BD 41-702] Propagation TCL tries to overwrite USER strength parameter WRITE_WIDTH_B(64) on '/Q_Matrix_AXI_0/action_ram_0' with propagated value(32). Command ignored
WARNING: [BD 41-702] Propagation TCL tries to overwrite USER strength parameter READ_WIDTH_B(64) on '/Q_Matrix_AXI_0/action_ram_0' with propagated value(32). Command ignored
WARNING: [BD 41-702] Propagation TCL tries to overwrite USER strength parameter WRITE_WIDTH_A(64) on '/Q_Matrix_AXI_0/action_ram_1' with propagated value(32). Command ignored
WARNING: [BD 41-702] Propagation TCL tries to overwrite USER strength parameter READ_WIDTH_A(64) on '/Q_Matrix_AXI_0/action_ram_1' with propagated value(32). Command ignored
WARNING: [BD 41-702] Propagation TCL tries to overwrite USER strength parameter WRITE_WIDTH_B(64) on '/Q_Matrix_AXI_0/action_ram_1' with propagated value(32). Command ignored
WARNING: [BD 41-702] Propagation TCL tries to overwrite USER strength parameter READ_WIDTH_B(64) on '/Q_Matrix_AXI_0/action_ram_1' with propagated value(32). Command ignored
WARNING: [BD 41-702] Propagation TCL tries to overwrite USER strength parameter WRITE_WIDTH_A(64) on '/Q_Matrix_AXI_0/action_ram_2' with propagated value(32). Command ignored
WARNING: [BD 41-702] Propagation TCL tries to overwrite USER strength parameter READ_WIDTH_A(64) on '/Q_Matrix_AXI_0/action_ram_2' with propagated value(32). Command ignored
WARNING: [BD 41-702] Propagation TCL tries to overwrite USER strength parameter WRITE_WIDTH_B(64) on '/Q_Matrix_AXI_0/action_ram_2' with propagated value(32). Command ignored
WARNING: [BD 41-702] Propagation TCL tries to overwrite USER strength parameter READ_WIDTH_B(64) on '/Q_Matrix_AXI_0/action_ram_2' with propagated value(32). Command ignored
WARNING: [BD 41-702] Propagation TCL tries to overwrite USER strength parameter WRITE_WIDTH_A(64) on '/Q_Matrix_AXI_0/action_ram_3' with propagated value(32). Command ignored
WARNING: [BD 41-702] Propagation TCL tries to overwrite USER strength parameter READ_WIDTH_A(64) on '/Q_Matrix_AXI_0/action_ram_3' with propagated value(32). Command ignored
WARNING: [BD 41-702] Propagation TCL tries to overwrite USER strength parameter WRITE_WIDTH_B(64) on '/Q_Matrix_AXI_0/action_ram_3' with propagated value(32). Command ignored
WARNING: [BD 41-702] Propagation TCL tries to overwrite USER strength parameter READ_WIDTH_B(64) on '/Q_Matrix_AXI_0/action_ram_3' with propagated value(32). Command ignored
WARNING: [xilinx.com:ip:axi_intc:4.1-4] /axi_intc_0: Could not determine interrupt input port type - using default interrupt type Rising Edge. Please change this manually if necessary.
Wrote  : <D:\intelligent_traffic_light\intellight\top_level\top_level.gen\sources_1\bd\top_level\bd\Q_Matrix_inst_0\Q_Matrix_inst_0.bd> 
Wrote  : <D:\intelligent_traffic_light\intellight\top_level\top_level.gen\sources_1\bd\top_level\bd\Q_Matrix_AXI_inst_0\Q_Matrix_AXI_inst_0.bd> 
Wrote  : <D:\intelligent_traffic_light\intellight\top_level\top_level.srcs\sources_1\bd\top_level\top_level.bd> 
Verilog Output written to : d:/intelligent_traffic_light/intellight/top_level/top_level.gen/sources_1/bd/top_level/synth/top_level.v
Verilog Output written to : d:/intelligent_traffic_light/intellight/top_level/top_level.gen/sources_1/bd/top_level/sim/top_level.v
Verilog Output written to : d:/intelligent_traffic_light/intellight/top_level/top_level.gen/sources_1/bd/top_level/hdl/top_level_wrapper.v
Wrote  : <D:\intelligent_traffic_light\intellight\top_level\top_level.gen\sources_1\bd\top_level\bd\Q_Matrix_inst_0\Q_Matrix_inst_0.bd> 
Wrote  : <D:\intelligent_traffic_light\intellight\top_level\top_level.gen\sources_1\bd\top_level\bd\Q_Matrix_AXI_inst_0\Q_Matrix_AXI_inst_0.bd> 
INFO: [IP_Flow 19-5611] Unable to find an associated reset port for the interface 'M_AXI_GP0'. A default connection has been created.
INFO: [BD 41-1029] Generation completed for the IP Integrator block processing_system7_0 .
INFO: [BD 41-1029] Generation completed for the IP Integrator block ps7_0_axi_periph/xbar .
INFO: [BD 41-1029] Generation completed for the IP Integrator block rst_ps7_0_100M .
INFO: [BD 41-1029] Generation completed for the IP Integrator block Intellight_Accelerat_0 .
WARNING: [IP_Flow 19-4994] Overwriting existing constraint file 'd:/intelligent_traffic_light/intellight/top_level/top_level.gen/sources_1/bd/top_level/ip/top_level_auto_pc_4/top_level_auto_pc_4_ooc.xdc'
INFO: [BD 41-1029] Generation completed for the IP Integrator block ps7_0_axi_periph/s00_couplers/auto_pc .
WARNING: [IP_Flow 19-4994] Overwriting existing constraint file 'd:/intelligent_traffic_light/intellight/top_level/top_level.gen/sources_1/bd/top_level/ip/top_level_auto_pc_0/top_level_auto_pc_0_ooc.xdc'
INFO: [BD 41-1029] Generation completed for the IP Integrator block ps7_0_axi_periph/m02_couplers/auto_pc .
WARNING: [IP_Flow 19-4994] Overwriting existing constraint file 'd:/intelligent_traffic_light/intellight/top_level/top_level.gen/sources_1/bd/top_level/ip/top_level_auto_pc_1/top_level_auto_pc_1_ooc.xdc'
INFO: [BD 41-1029] Generation completed for the IP Integrator block ps7_0_axi_periph/m03_couplers/auto_pc .
WARNING: [IP_Flow 19-4994] Overwriting existing constraint file 'd:/intelligent_traffic_light/intellight/top_level/top_level.gen/sources_1/bd/top_level/ip/top_level_auto_pc_2/top_level_auto_pc_2_ooc.xdc'
INFO: [BD 41-1029] Generation completed for the IP Integrator block ps7_0_axi_periph/m04_couplers/auto_pc .
WARNING: [IP_Flow 19-4994] Overwriting existing constraint file 'd:/intelligent_traffic_light/intellight/top_level/top_level.gen/sources_1/bd/top_level/ip/top_level_auto_pc_3/top_level_auto_pc_3_ooc.xdc'
INFO: [BD 41-1029] Generation completed for the IP Integrator block ps7_0_axi_periph/m05_couplers/auto_pc .
Wrote  : <D:\intelligent_traffic_light\intellight\top_level\top_level.gen\sources_1\bd\top_level\bd\Q_Matrix_inst_0\Q_Matrix_inst_0.bd> 
Wrote  : <D:\intelligent_traffic_light\intellight\top_level\top_level.gen\sources_1\bd\top_level\bd\Q_Matrix_AXI_inst_0\Q_Matrix_AXI_inst_0.bd> 
Wrote  : <D:/intelligent_traffic_light/intellight/top_level/top_level.srcs/sources_1/bd/top_level/ui/bd_39d0265a.ui> 
INFO: [BD 41-1662] The design 'Q_Matrix_inst_0.bd' is already validated. Therefore parameter propagation will not be re-run.
Verilog Output written to : D:/intelligent_traffic_light/intellight/top_level/top_level.gen/sources_1/bd/top_level/bd/Q_Matrix_inst_0/synth/Q_Matrix_inst_0.v
Verilog Output written to : D:/intelligent_traffic_light/intellight/top_level/top_level.gen/sources_1/bd/top_level/bd/Q_Matrix_inst_0/sim/Q_Matrix_inst_0.v
Verilog Output written to : D:/intelligent_traffic_light/intellight/top_level/top_level.gen/sources_1/bd/top_level/bd/Q_Matrix_inst_0/hdl/Q_Matrix_inst_0_wrapper.v
Exporting to file D:/intelligent_traffic_light/intellight/top_level/top_level.gen/sources_1/bd/top_level/bd/Q_Matrix_inst_0/hw_handoff/Q_Matrix_inst_0.hwh
Generated Hardware Definition File D:/intelligent_traffic_light/intellight/top_level/top_level.gen/sources_1/bd/top_level/bd/Q_Matrix_inst_0/synth/Q_Matrix_inst_0.hwdef
INFO: [BD 41-1662] The design 'Q_Matrix_AXI_inst_0.bd' is already validated. Therefore parameter propagation will not be re-run.
WARNING: [BD 41-2384] Width mismatch when connecting pin: '/action_ram_0/dinb'(64) to pin: '/axi_aram_ctrl_0/bram_wrdata_a'(32) - Only lower order bits will be connected.
WARNING: [BD 41-2384] Width mismatch when connecting pin: '/action_ram_0/addrb'(32) to pin: '/axi_aram_ctrl_0/bram_addr_a'(13) - Only lower order bits will be connected.
WARNING: [BD 41-2384] Width mismatch when connecting pin: '/action_ram_0/web'(8) to pin: '/axi_aram_ctrl_0/bram_we_a'(4) - Only lower order bits will be connected.
WARNING: [BD 41-2384] Width mismatch when connecting pin: '/axi_aram_ctrl_0/bram_rddata_a'(32) to pin: '/action_ram_0/doutb'(64) - Only lower order bits will be connected.
WARNING: [BD 41-2384] Width mismatch when connecting pin: '/action_ram_1/dinb'(64) to pin: '/axi_aram_ctrl_1/bram_wrdata_a'(32) - Only lower order bits will be connected.
WARNING: [BD 41-2384] Width mismatch when connecting pin: '/action_ram_1/addrb'(32) to pin: '/axi_aram_ctrl_1/bram_addr_a'(13) - Only lower order bits will be connected.
WARNING: [BD 41-2384] Width mismatch when connecting pin: '/action_ram_1/web'(8) to pin: '/axi_aram_ctrl_1/bram_we_a'(4) - Only lower order bits will be connected.
WARNING: [BD 41-2384] Width mismatch when connecting pin: '/axi_aram_ctrl_1/bram_rddata_a'(32) to pin: '/action_ram_1/doutb'(64) - Only lower order bits will be connected.
WARNING: [BD 41-2384] Width mismatch when connecting pin: '/action_ram_2/dinb'(64) to pin: '/axi_aram_ctrl_2/bram_wrdata_a'(32) - Only lower order bits will be connected.
WARNING: [BD 41-2384] Width mismatch when connecting pin: '/action_ram_2/addrb'(32) to pin: '/axi_aram_ctrl_2/bram_addr_a'(13) - Only lower order bits will be connected.
WARNING: [BD 41-2384] Width mismatch when connecting pin: '/action_ram_2/web'(8) to pin: '/axi_aram_ctrl_2/bram_we_a'(4) - Only lower order bits will be connected.
WARNING: [BD 41-2384] Width mismatch when connecting pin: '/axi_aram_ctrl_2/bram_rddata_a'(32) to pin: '/action_ram_2/doutb'(64) - Only lower order bits will be connected.
WARNING: [BD 41-2384] Width mismatch when connecting pin: '/action_ram_3/dinb'(64) to pin: '/axi_aram_ctrl_3/bram_wrdata_a'(32) - Only lower order bits will be connected.
WARNING: [BD 41-2384] Width mismatch when connecting pin: '/action_ram_3/addrb'(32) to pin: '/axi_aram_ctrl_3/bram_addr_a'(13) - Only lower order bits will be connected.
WARNING: [BD 41-2384] Width mismatch when connecting pin: '/action_ram_3/web'(8) to pin: '/axi_aram_ctrl_3/bram_we_a'(4) - Only lower order bits will be connected.
WARNING: [BD 41-2384] Width mismatch when connecting pin: '/axi_aram_ctrl_3/bram_rddata_a'(32) to pin: '/action_ram_3/doutb'(64) - Only lower order bits will be connected.
Verilog Output written to : D:/intelligent_traffic_light/intellight/top_level/top_level.gen/sources_1/bd/top_level/bd/Q_Matrix_AXI_inst_0/synth/Q_Matrix_AXI_inst_0.v
WARNING: [BD 41-2384] Width mismatch when connecting pin: '/action_ram_0/dinb'(64) to pin: '/axi_aram_ctrl_0/bram_wrdata_a'(32) - Only lower order bits will be connected.
WARNING: [BD 41-2384] Width mismatch when connecting pin: '/action_ram_0/addrb'(32) to pin: '/axi_aram_ctrl_0/bram_addr_a'(13) - Only lower order bits will be connected.
WARNING: [BD 41-2384] Width mismatch when connecting pin: '/action_ram_0/web'(8) to pin: '/axi_aram_ctrl_0/bram_we_a'(4) - Only lower order bits will be connected.
WARNING: [BD 41-2384] Width mismatch when connecting pin: '/axi_aram_ctrl_0/bram_rddata_a'(32) to pin: '/action_ram_0/doutb'(64) - Only lower order bits will be connected.
WARNING: [BD 41-2384] Width mismatch when connecting pin: '/action_ram_1/dinb'(64) to pin: '/axi_aram_ctrl_1/bram_wrdata_a'(32) - Only lower order bits will be connected.
WARNING: [BD 41-2384] Width mismatch when connecting pin: '/action_ram_1/addrb'(32) to pin: '/axi_aram_ctrl_1/bram_addr_a'(13) - Only lower order bits will be connected.
WARNING: [BD 41-2384] Width mismatch when connecting pin: '/action_ram_1/web'(8) to pin: '/axi_aram_ctrl_1/bram_we_a'(4) - Only lower order bits will be connected.
WARNING: [BD 41-2384] Width mismatch when connecting pin: '/axi_aram_ctrl_1/bram_rddata_a'(32) to pin: '/action_ram_1/doutb'(64) - Only lower order bits will be connected.
WARNING: [BD 41-2384] Width mismatch when connecting pin: '/action_ram_2/dinb'(64) to pin: '/axi_aram_ctrl_2/bram_wrdata_a'(32) - Only lower order bits will be connected.
WARNING: [BD 41-2384] Width mismatch when connecting pin: '/action_ram_2/addrb'(32) to pin: '/axi_aram_ctrl_2/bram_addr_a'(13) - Only lower order bits will be connected.
WARNING: [BD 41-2384] Width mismatch when connecting pin: '/action_ram_2/web'(8) to pin: '/axi_aram_ctrl_2/bram_we_a'(4) - Only lower order bits will be connected.
WARNING: [BD 41-2384] Width mismatch when connecting pin: '/axi_aram_ctrl_2/bram_rddata_a'(32) to pin: '/action_ram_2/doutb'(64) - Only lower order bits will be connected.
WARNING: [BD 41-2384] Width mismatch when connecting pin: '/action_ram_3/dinb'(64) to pin: '/axi_aram_ctrl_3/bram_wrdata_a'(32) - Only lower order bits will be connected.
WARNING: [BD 41-2384] Width mismatch when connecting pin: '/action_ram_3/addrb'(32) to pin: '/axi_aram_ctrl_3/bram_addr_a'(13) - Only lower order bits will be connected.
WARNING: [BD 41-2384] Width mismatch when connecting pin: '/action_ram_3/web'(8) to pin: '/axi_aram_ctrl_3/bram_we_a'(4) - Only lower order bits will be connected.
WARNING: [BD 41-2384] Width mismatch when connecting pin: '/axi_aram_ctrl_3/bram_rddata_a'(32) to pin: '/action_ram_3/doutb'(64) - Only lower order bits will be connected.
Verilog Output written to : D:/intelligent_traffic_light/intellight/top_level/top_level.gen/sources_1/bd/top_level/bd/Q_Matrix_AXI_inst_0/sim/Q_Matrix_AXI_inst_0.v
Verilog Output written to : D:/intelligent_traffic_light/intellight/top_level/top_level.gen/sources_1/bd/top_level/bd/Q_Matrix_AXI_inst_0/hdl/Q_Matrix_AXI_inst_0_wrapper.v
INFO: [BD 41-1029] Generation completed for the IP Integrator block axi_aram_ctrl_0 .
INFO: [BD 41-1029] Generation completed for the IP Integrator block axi_aram_ctrl_1 .
INFO: [BD 41-1029] Generation completed for the IP Integrator block axi_aram_ctrl_2 .
INFO: [BD 41-1029] Generation completed for the IP Integrator block axi_aram_ctrl_3 .
Exporting to file D:/intelligent_traffic_light/intellight/top_level/top_level.gen/sources_1/bd/top_level/bd/Q_Matrix_AXI_inst_0/hw_handoff/Q_Matrix_AXI_inst_0.hwh
Generated Hardware Definition File D:/intelligent_traffic_light/intellight/top_level/top_level.gen/sources_1/bd/top_level/bd/Q_Matrix_AXI_inst_0/synth/Q_Matrix_AXI_inst_0.hwdef
Exporting to file d:/intelligent_traffic_light/intellight/top_level/top_level.gen/sources_1/bd/top_level/hw_handoff/top_level.hwh
Generated Hardware Definition File d:/intelligent_traffic_light/intellight/top_level/top_level.gen/sources_1/bd/top_level/synth/top_level.hwdef
generate_target: Time (s): cpu = 00:00:32 ; elapsed = 00:00:28 . Memory (MB): peak = 1691.086 ; gain = 131.719
catch { config_ip_cache -export [get_ips -all Q_Matrix_AXI_inst_0_axi_aram_ctrl_0_0] }
catch { config_ip_cache -export [get_ips -all Q_Matrix_AXI_inst_0_axi_aram_ctrl_1_0] }
catch { config_ip_cache -export [get_ips -all Q_Matrix_AXI_inst_0_axi_aram_ctrl_2_0] }
catch { config_ip_cache -export [get_ips -all Q_Matrix_AXI_inst_0_axi_aram_ctrl_3_0] }
catch { config_ip_cache -export [get_ips -all Q_Matrix_AXI_inst_0_axi_aram_ctrl_0_0] }
catch { config_ip_cache -export [get_ips -all Q_Matrix_AXI_inst_0_axi_aram_ctrl_1_0] }
catch { config_ip_cache -export [get_ips -all Q_Matrix_AXI_inst_0_axi_aram_ctrl_2_0] }
catch { config_ip_cache -export [get_ips -all Q_Matrix_AXI_inst_0_axi_aram_ctrl_3_0] }
catch { config_ip_cache -export [get_ips -all top_level_xbar_0] }
catch { config_ip_cache -export [get_ips -all top_level_rst_ps7_0_100M_0] }
catch { config_ip_cache -export [get_ips -all top_level_Intellight_Accelerat_0_0] }
catch { config_ip_cache -export [get_ips -all top_level_auto_pc_4] }
catch { config_ip_cache -export [get_ips -all top_level_auto_pc_0] }
catch { config_ip_cache -export [get_ips -all top_level_auto_pc_1] }
catch { config_ip_cache -export [get_ips -all top_level_auto_pc_2] }
catch { config_ip_cache -export [get_ips -all top_level_auto_pc_3] }
export_ip_user_files -of_objects [get_files D:/intelligent_traffic_light/intellight/top_level/top_level.srcs/sources_1/bd/top_level/top_level.bd] -no_script -sync -force -quiet
create_ip_run [get_files -of_objects [get_fileset sources_1] D:/intelligent_traffic_light/intellight/top_level/top_level.srcs/sources_1/bd/top_level/top_level.bd]
launch_runs top_level_xbar_0_synth_1 top_level_rst_ps7_0_100M_0_synth_1 Q_Matrix_AXI_inst_0_axi_aram_ctrl_0_0_synth_1 Q_Matrix_AXI_inst_0_axi_aram_ctrl_1_0_synth_1 Q_Matrix_AXI_inst_0_axi_aram_ctrl_2_0_synth_1 Q_Matrix_AXI_inst_0_axi_aram_ctrl_3_0_synth_1 top_level_Intellight_Accelerat_0_0_synth_1 top_level_auto_pc_4_synth_1 top_level_auto_pc_0_synth_1 top_level_auto_pc_1_synth_1 top_level_auto_pc_2_synth_1 top_level_auto_pc_3_synth_1 -jobs 6
[Mon Nov 21 13:21:14 2022] Launched top_level_xbar_0_synth_1, top_level_rst_ps7_0_100M_0_synth_1, Q_Matrix_AXI_inst_0_axi_aram_ctrl_0_0_synth_1, Q_Matrix_AXI_inst_0_axi_aram_ctrl_1_0_synth_1, Q_Matrix_AXI_inst_0_axi_aram_ctrl_2_0_synth_1, Q_Matrix_AXI_inst_0_axi_aram_ctrl_3_0_synth_1, top_level_Intellight_Accelerat_0_0_synth_1, top_level_auto_pc_4_synth_1, top_level_auto_pc_0_synth_1, top_level_auto_pc_1_synth_1, top_level_auto_pc_2_synth_1, top_level_auto_pc_3_synth_1...
Run output will be captured here:
top_level_xbar_0_synth_1: D:/intelligent_traffic_light/intellight/top_level/top_level.runs/top_level_xbar_0_synth_1/runme.log
top_level_rst_ps7_0_100M_0_synth_1: D:/intelligent_traffic_light/intellight/top_level/top_level.runs/top_level_rst_ps7_0_100M_0_synth_1/runme.log
Q_Matrix_AXI_inst_0_axi_aram_ctrl_0_0_synth_1: D:/intelligent_traffic_light/intellight/top_level/top_level.runs/Q_Matrix_AXI_inst_0_axi_aram_ctrl_0_0_synth_1/runme.log
Q_Matrix_AXI_inst_0_axi_aram_ctrl_1_0_synth_1: D:/intelligent_traffic_light/intellight/top_level/top_level.runs/Q_Matrix_AXI_inst_0_axi_aram_ctrl_1_0_synth_1/runme.log
Q_Matrix_AXI_inst_0_axi_aram_ctrl_2_0_synth_1: D:/intelligent_traffic_light/intellight/top_level/top_level.runs/Q_Matrix_AXI_inst_0_axi_aram_ctrl_2_0_synth_1/runme.log
Q_Matrix_AXI_inst_0_axi_aram_ctrl_3_0_synth_1: D:/intelligent_traffic_light/intellight/top_level/top_level.runs/Q_Matrix_AXI_inst_0_axi_aram_ctrl_3_0_synth_1/runme.log
top_level_Intellight_Accelerat_0_0_synth_1: D:/intelligent_traffic_light/intellight/top_level/top_level.runs/top_level_Intellight_Accelerat_0_0_synth_1/runme.log
top_level_auto_pc_4_synth_1: D:/intelligent_traffic_light/intellight/top_level/top_level.runs/top_level_auto_pc_4_synth_1/runme.log
top_level_auto_pc_0_synth_1: D:/intelligent_traffic_light/intellight/top_level/top_level.runs/top_level_auto_pc_0_synth_1/runme.log
top_level_auto_pc_1_synth_1: D:/intelligent_traffic_light/intellight/top_level/top_level.runs/top_level_auto_pc_1_synth_1/runme.log
top_level_auto_pc_2_synth_1: D:/intelligent_traffic_light/intellight/top_level/top_level.runs/top_level_auto_pc_2_synth_1/runme.log
top_level_auto_pc_3_synth_1: D:/intelligent_traffic_light/intellight/top_level/top_level.runs/top_level_auto_pc_3_synth_1/runme.log
export_simulation -of_objects [get_files D:/intelligent_traffic_light/intellight/top_level/top_level.srcs/sources_1/bd/top_level/top_level.bd] -directory D:/intelligent_traffic_light/intellight/top_level/top_level.ip_user_files/sim_scripts -ip_user_files_dir D:/intelligent_traffic_light/intellight/top_level/top_level.ip_user_files -ipstatic_source_dir D:/intelligent_traffic_light/intellight/top_level/top_level.ip_user_files/ipstatic -lib_map_path [list {modelsim=D:/intelligent_traffic_light/intellight/top_level/top_level.cache/compile_simlib/modelsim} {questa=D:/intelligent_traffic_light/intellight/top_level/top_level.cache/compile_simlib/questa} {riviera=D:/intelligent_traffic_light/intellight/top_level/top_level.cache/compile_simlib/riviera} {activehdl=D:/intelligent_traffic_light/intellight/top_level/top_level.cache/compile_simlib/activehdl}] -use_ip_compiled_libs -force -quiet
CRITICAL WARNING: [PSU-1]  Parameter : PCW_UIPARAM_DDR_DQS_TO_CLK_DELAY_2 has negative value -0.009 . PS DDR interfaces might fail when entering negative DQS skew values. 
CRITICAL WARNING: [PSU-2]  Parameter : PCW_UIPARAM_DDR_DQS_TO_CLK_DELAY_3 has negative value -0.033 . PS DDR interfaces might fail when entering negative DQS skew values. 
CRITICAL WARNING: [PSU-1]  Parameter : PCW_UIPARAM_DDR_DQS_TO_CLK_DELAY_2 has negative value -0.009 . PS DDR interfaces might fail when entering negative DQS skew values. 
CRITICAL WARNING: [PSU-2]  Parameter : PCW_UIPARAM_DDR_DQS_TO_CLK_DELAY_3 has negative value -0.033 . PS DDR interfaces might fail when entering negative DQS skew values. 
WARNING: [IP_Flow 19-474] Invalid Parameter 'Component_Name'
CRITICAL WARNING: [PSU-1]  Parameter : PCW_UIPARAM_DDR_DQS_TO_CLK_DELAY_2 has negative value -0.009 . PS DDR interfaces might fail when entering negative DQS skew values. 
CRITICAL WARNING: [PSU-2]  Parameter : PCW_UIPARAM_DDR_DQS_TO_CLK_DELAY_3 has negative value -0.033 . PS DDR interfaces might fail when entering negative DQS skew values. 
startgroup
set_property -dict [list CONFIG.PCW_FPGA0_PERIPHERAL_FREQMHZ {100}] [get_bd_cells processing_system7_0]
CRITICAL WARNING: [PSU-1]  Parameter : PCW_UIPARAM_DDR_DQS_TO_CLK_DELAY_2 has negative value -0.009 . PS DDR interfaces might fail when entering negative DQS skew values. 
CRITICAL WARNING: [PSU-2]  Parameter : PCW_UIPARAM_DDR_DQS_TO_CLK_DELAY_3 has negative value -0.033 . PS DDR interfaces might fail when entering negative DQS skew values. 
endgroup
WARNING: [IP_Flow 19-474] Invalid Parameter 'Component_Name'
make_wrapper -files [get_files D:/intelligent_traffic_light/intellight/top_level/top_level.srcs/sources_1/bd/top_level/top_level.bd] -top
WARNING: [BD 41-702] Propagation TCL tries to overwrite USER strength parameter PCW_M_AXI_GP0_FREQMHZ(10) on '/processing_system7_0' with propagated value(100). Command ignored
WARNING: [BD 41-702] Propagation TCL tries to overwrite USER strength parameter WRITE_WIDTH_A(64) on '/Q_Matrix_AXI_0/action_ram_0' with propagated value(32). Command ignored
WARNING: [BD 41-702] Propagation TCL tries to overwrite USER strength parameter READ_WIDTH_A(64) on '/Q_Matrix_AXI_0/action_ram_0' with propagated value(32). Command ignored
WARNING: [BD 41-702] Propagation TCL tries to overwrite USER strength parameter WRITE_WIDTH_B(64) on '/Q_Matrix_AXI_0/action_ram_0' with propagated value(32). Command ignored
WARNING: [BD 41-702] Propagation TCL tries to overwrite USER strength parameter READ_WIDTH_B(64) on '/Q_Matrix_AXI_0/action_ram_0' with propagated value(32). Command ignored
WARNING: [BD 41-702] Propagation TCL tries to overwrite USER strength parameter WRITE_WIDTH_A(64) on '/Q_Matrix_AXI_0/action_ram_1' with propagated value(32). Command ignored
WARNING: [BD 41-702] Propagation TCL tries to overwrite USER strength parameter READ_WIDTH_A(64) on '/Q_Matrix_AXI_0/action_ram_1' with propagated value(32). Command ignored
WARNING: [BD 41-702] Propagation TCL tries to overwrite USER strength parameter WRITE_WIDTH_B(64) on '/Q_Matrix_AXI_0/action_ram_1' with propagated value(32). Command ignored
WARNING: [BD 41-702] Propagation TCL tries to overwrite USER strength parameter READ_WIDTH_B(64) on '/Q_Matrix_AXI_0/action_ram_1' with propagated value(32). Command ignored
WARNING: [BD 41-702] Propagation TCL tries to overwrite USER strength parameter WRITE_WIDTH_A(64) on '/Q_Matrix_AXI_0/action_ram_2' with propagated value(32). Command ignored
WARNING: [BD 41-702] Propagation TCL tries to overwrite USER strength parameter READ_WIDTH_A(64) on '/Q_Matrix_AXI_0/action_ram_2' with propagated value(32). Command ignored
WARNING: [BD 41-702] Propagation TCL tries to overwrite USER strength parameter WRITE_WIDTH_B(64) on '/Q_Matrix_AXI_0/action_ram_2' with propagated value(32). Command ignored
WARNING: [BD 41-702] Propagation TCL tries to overwrite USER strength parameter READ_WIDTH_B(64) on '/Q_Matrix_AXI_0/action_ram_2' with propagated value(32). Command ignored
WARNING: [BD 41-702] Propagation TCL tries to overwrite USER strength parameter WRITE_WIDTH_A(64) on '/Q_Matrix_AXI_0/action_ram_3' with propagated value(32). Command ignored
WARNING: [BD 41-702] Propagation TCL tries to overwrite USER strength parameter READ_WIDTH_A(64) on '/Q_Matrix_AXI_0/action_ram_3' with propagated value(32). Command ignored
WARNING: [BD 41-702] Propagation TCL tries to overwrite USER strength parameter WRITE_WIDTH_B(64) on '/Q_Matrix_AXI_0/action_ram_3' with propagated value(32). Command ignored
WARNING: [BD 41-702] Propagation TCL tries to overwrite USER strength parameter READ_WIDTH_B(64) on '/Q_Matrix_AXI_0/action_ram_3' with propagated value(32). Command ignored
WARNING: [xilinx.com:ip:axi_intc:4.1-4] /axi_intc_0: Could not determine interrupt input port type - using default interrupt type Rising Edge. Please change this manually if necessary.
Wrote  : <D:\intelligent_traffic_light\intellight\top_level\top_level.gen\sources_1\bd\top_level\bd\Q_Matrix_inst_0\Q_Matrix_inst_0.bd> 
Wrote  : <D:\intelligent_traffic_light\intellight\top_level\top_level.gen\sources_1\bd\top_level\bd\Q_Matrix_AXI_inst_0\Q_Matrix_AXI_inst_0.bd> 
Wrote  : <D:\intelligent_traffic_light\intellight\top_level\top_level.srcs\sources_1\bd\top_level\top_level.bd> 
Wrote  : <D:/intelligent_traffic_light/intellight/top_level/top_level.srcs/sources_1/bd/top_level/ui/bd_39d0265a.ui> 
Verilog Output written to : d:/intelligent_traffic_light/intellight/top_level/top_level.gen/sources_1/bd/top_level/synth/top_level.v
Verilog Output written to : d:/intelligent_traffic_light/intellight/top_level/top_level.gen/sources_1/bd/top_level/sim/top_level.v
Verilog Output written to : d:/intelligent_traffic_light/intellight/top_level/top_level.gen/sources_1/bd/top_level/hdl/top_level_wrapper.v
Wrote  : <D:\intelligent_traffic_light\intellight\top_level\top_level.gen\sources_1\bd\top_level\bd\Q_Matrix_inst_0\Q_Matrix_inst_0.bd> 
Wrote  : <D:\intelligent_traffic_light\intellight\top_level\top_level.gen\sources_1\bd\top_level\bd\Q_Matrix_AXI_inst_0\Q_Matrix_AXI_inst_0.bd> 
make_wrapper: Time (s): cpu = 00:00:18 ; elapsed = 00:00:19 . Memory (MB): peak = 1812.090 ; gain = 0.000
CRITICAL WARNING: [PSU-1]  Parameter : PCW_UIPARAM_DDR_DQS_TO_CLK_DELAY_2 has negative value -0.009 . PS DDR interfaces might fail when entering negative DQS skew values. 
CRITICAL WARNING: [PSU-2]  Parameter : PCW_UIPARAM_DDR_DQS_TO_CLK_DELAY_3 has negative value -0.033 . PS DDR interfaces might fail when entering negative DQS skew values. 
WARNING: [IP_Flow 19-474] Invalid Parameter 'Component_Name'
generate_target all [get_files  D:/intelligent_traffic_light/intellight/top_level/top_level.srcs/sources_1/bd/top_level/top_level.bd]
INFO: [BD 41-1662] The design 'top_level.bd' is already validated. Therefore parameter propagation will not be re-run.
Wrote  : <D:\intelligent_traffic_light\intellight\top_level\top_level.gen\sources_1\bd\top_level\bd\Q_Matrix_inst_0\Q_Matrix_inst_0.bd> 
Wrote  : <D:\intelligent_traffic_light\intellight\top_level\top_level.gen\sources_1\bd\top_level\bd\Q_Matrix_AXI_inst_0\Q_Matrix_AXI_inst_0.bd> 
Wrote  : <D:/intelligent_traffic_light/intellight/top_level/top_level.srcs/sources_1/bd/top_level/ui/bd_39d0265a.ui> 
Verilog Output written to : d:/intelligent_traffic_light/intellight/top_level/top_level.gen/sources_1/bd/top_level/synth/top_level.v
Verilog Output written to : d:/intelligent_traffic_light/intellight/top_level/top_level.gen/sources_1/bd/top_level/sim/top_level.v
Verilog Output written to : d:/intelligent_traffic_light/intellight/top_level/top_level.gen/sources_1/bd/top_level/hdl/top_level_wrapper.v
Wrote  : <D:\intelligent_traffic_light\intellight\top_level\top_level.gen\sources_1\bd\top_level\bd\Q_Matrix_inst_0\Q_Matrix_inst_0.bd> 
Wrote  : <D:\intelligent_traffic_light\intellight\top_level\top_level.gen\sources_1\bd\top_level\bd\Q_Matrix_AXI_inst_0\Q_Matrix_AXI_inst_0.bd> 
INFO: [BD 41-1029] Generation completed for the IP Integrator block axi_intc_0 .
INFO: [IP_Flow 19-5611] Unable to find an associated reset port for the interface 'M_AXI_GP0'. A default connection has been created.
INFO: [BD 41-1029] Generation completed for the IP Integrator block processing_system7_0 .
INFO: [BD 41-1029] Generation completed for the IP Integrator block ps7_0_axi_periph/xbar .
INFO: [BD 41-1029] Generation completed for the IP Integrator block rst_ps7_0_100M .
WARNING: [IP_Flow 19-4994] Overwriting existing constraint file 'd:/intelligent_traffic_light/intellight/top_level/top_level.gen/sources_1/bd/top_level/ip/top_level_auto_pc_4/top_level_auto_pc_4_ooc.xdc'
INFO: [BD 41-1029] Generation completed for the IP Integrator block ps7_0_axi_periph/s00_couplers/auto_pc .
WARNING: [IP_Flow 19-4994] Overwriting existing constraint file 'd:/intelligent_traffic_light/intellight/top_level/top_level.gen/sources_1/bd/top_level/ip/top_level_auto_pc_0/top_level_auto_pc_0_ooc.xdc'
INFO: [BD 41-1029] Generation completed for the IP Integrator block ps7_0_axi_periph/m02_couplers/auto_pc .
WARNING: [IP_Flow 19-4994] Overwriting existing constraint file 'd:/intelligent_traffic_light/intellight/top_level/top_level.gen/sources_1/bd/top_level/ip/top_level_auto_pc_1/top_level_auto_pc_1_ooc.xdc'
INFO: [BD 41-1029] Generation completed for the IP Integrator block ps7_0_axi_periph/m03_couplers/auto_pc .
WARNING: [IP_Flow 19-4994] Overwriting existing constraint file 'd:/intelligent_traffic_light/intellight/top_level/top_level.gen/sources_1/bd/top_level/ip/top_level_auto_pc_2/top_level_auto_pc_2_ooc.xdc'
INFO: [BD 41-1029] Generation completed for the IP Integrator block ps7_0_axi_periph/m04_couplers/auto_pc .
WARNING: [IP_Flow 19-4994] Overwriting existing constraint file 'd:/intelligent_traffic_light/intellight/top_level/top_level.gen/sources_1/bd/top_level/ip/top_level_auto_pc_3/top_level_auto_pc_3_ooc.xdc'
INFO: [BD 41-1029] Generation completed for the IP Integrator block ps7_0_axi_periph/m05_couplers/auto_pc .
Wrote  : <D:\intelligent_traffic_light\intellight\top_level\top_level.gen\sources_1\bd\top_level\bd\Q_Matrix_inst_0\Q_Matrix_inst_0.bd> 
Wrote  : <D:\intelligent_traffic_light\intellight\top_level\top_level.gen\sources_1\bd\top_level\bd\Q_Matrix_AXI_inst_0\Q_Matrix_AXI_inst_0.bd> 
INFO: [BD 41-1662] The design 'Q_Matrix_inst_0.bd' is already validated. Therefore parameter propagation will not be re-run.
Verilog Output written to : D:/intelligent_traffic_light/intellight/top_level/top_level.gen/sources_1/bd/top_level/bd/Q_Matrix_inst_0/synth/Q_Matrix_inst_0.v
Verilog Output written to : D:/intelligent_traffic_light/intellight/top_level/top_level.gen/sources_1/bd/top_level/bd/Q_Matrix_inst_0/sim/Q_Matrix_inst_0.v
Verilog Output written to : D:/intelligent_traffic_light/intellight/top_level/top_level.gen/sources_1/bd/top_level/bd/Q_Matrix_inst_0/hdl/Q_Matrix_inst_0_wrapper.v
Exporting to file D:/intelligent_traffic_light/intellight/top_level/top_level.gen/sources_1/bd/top_level/bd/Q_Matrix_inst_0/hw_handoff/Q_Matrix_inst_0.hwh
Generated Hardware Definition File D:/intelligent_traffic_light/intellight/top_level/top_level.gen/sources_1/bd/top_level/bd/Q_Matrix_inst_0/synth/Q_Matrix_inst_0.hwdef
INFO: [BD 41-1662] The design 'Q_Matrix_AXI_inst_0.bd' is already validated. Therefore parameter propagation will not be re-run.
WARNING: [BD 41-2384] Width mismatch when connecting pin: '/action_ram_0/dinb'(64) to pin: '/axi_aram_ctrl_0/bram_wrdata_a'(32) - Only lower order bits will be connected.
WARNING: [BD 41-2384] Width mismatch when connecting pin: '/action_ram_0/addrb'(32) to pin: '/axi_aram_ctrl_0/bram_addr_a'(13) - Only lower order bits will be connected.
WARNING: [BD 41-2384] Width mismatch when connecting pin: '/action_ram_0/web'(8) to pin: '/axi_aram_ctrl_0/bram_we_a'(4) - Only lower order bits will be connected.
WARNING: [BD 41-2384] Width mismatch when connecting pin: '/axi_aram_ctrl_0/bram_rddata_a'(32) to pin: '/action_ram_0/doutb'(64) - Only lower order bits will be connected.
WARNING: [BD 41-2384] Width mismatch when connecting pin: '/action_ram_1/dinb'(64) to pin: '/axi_aram_ctrl_1/bram_wrdata_a'(32) - Only lower order bits will be connected.
WARNING: [BD 41-2384] Width mismatch when connecting pin: '/action_ram_1/addrb'(32) to pin: '/axi_aram_ctrl_1/bram_addr_a'(13) - Only lower order bits will be connected.
WARNING: [BD 41-2384] Width mismatch when connecting pin: '/action_ram_1/web'(8) to pin: '/axi_aram_ctrl_1/bram_we_a'(4) - Only lower order bits will be connected.
WARNING: [BD 41-2384] Width mismatch when connecting pin: '/axi_aram_ctrl_1/bram_rddata_a'(32) to pin: '/action_ram_1/doutb'(64) - Only lower order bits will be connected.
WARNING: [BD 41-2384] Width mismatch when connecting pin: '/action_ram_2/dinb'(64) to pin: '/axi_aram_ctrl_2/bram_wrdata_a'(32) - Only lower order bits will be connected.
WARNING: [BD 41-2384] Width mismatch when connecting pin: '/action_ram_2/addrb'(32) to pin: '/axi_aram_ctrl_2/bram_addr_a'(13) - Only lower order bits will be connected.
WARNING: [BD 41-2384] Width mismatch when connecting pin: '/action_ram_2/web'(8) to pin: '/axi_aram_ctrl_2/bram_we_a'(4) - Only lower order bits will be connected.
WARNING: [BD 41-2384] Width mismatch when connecting pin: '/axi_aram_ctrl_2/bram_rddata_a'(32) to pin: '/action_ram_2/doutb'(64) - Only lower order bits will be connected.
WARNING: [BD 41-2384] Width mismatch when connecting pin: '/action_ram_3/dinb'(64) to pin: '/axi_aram_ctrl_3/bram_wrdata_a'(32) - Only lower order bits will be connected.
WARNING: [BD 41-2384] Width mismatch when connecting pin: '/action_ram_3/addrb'(32) to pin: '/axi_aram_ctrl_3/bram_addr_a'(13) - Only lower order bits will be connected.
WARNING: [BD 41-2384] Width mismatch when connecting pin: '/action_ram_3/web'(8) to pin: '/axi_aram_ctrl_3/bram_we_a'(4) - Only lower order bits will be connected.
WARNING: [BD 41-2384] Width mismatch when connecting pin: '/axi_aram_ctrl_3/bram_rddata_a'(32) to pin: '/action_ram_3/doutb'(64) - Only lower order bits will be connected.
Verilog Output written to : D:/intelligent_traffic_light/intellight/top_level/top_level.gen/sources_1/bd/top_level/bd/Q_Matrix_AXI_inst_0/synth/Q_Matrix_AXI_inst_0.v
WARNING: [BD 41-2384] Width mismatch when connecting pin: '/action_ram_0/dinb'(64) to pin: '/axi_aram_ctrl_0/bram_wrdata_a'(32) - Only lower order bits will be connected.
WARNING: [BD 41-2384] Width mismatch when connecting pin: '/action_ram_0/addrb'(32) to pin: '/axi_aram_ctrl_0/bram_addr_a'(13) - Only lower order bits will be connected.
WARNING: [BD 41-2384] Width mismatch when connecting pin: '/action_ram_0/web'(8) to pin: '/axi_aram_ctrl_0/bram_we_a'(4) - Only lower order bits will be connected.
WARNING: [BD 41-2384] Width mismatch when connecting pin: '/axi_aram_ctrl_0/bram_rddata_a'(32) to pin: '/action_ram_0/doutb'(64) - Only lower order bits will be connected.
WARNING: [BD 41-2384] Width mismatch when connecting pin: '/action_ram_1/dinb'(64) to pin: '/axi_aram_ctrl_1/bram_wrdata_a'(32) - Only lower order bits will be connected.
WARNING: [BD 41-2384] Width mismatch when connecting pin: '/action_ram_1/addrb'(32) to pin: '/axi_aram_ctrl_1/bram_addr_a'(13) - Only lower order bits will be connected.
WARNING: [BD 41-2384] Width mismatch when connecting pin: '/action_ram_1/web'(8) to pin: '/axi_aram_ctrl_1/bram_we_a'(4) - Only lower order bits will be connected.
WARNING: [BD 41-2384] Width mismatch when connecting pin: '/axi_aram_ctrl_1/bram_rddata_a'(32) to pin: '/action_ram_1/doutb'(64) - Only lower order bits will be connected.
WARNING: [BD 41-2384] Width mismatch when connecting pin: '/action_ram_2/dinb'(64) to pin: '/axi_aram_ctrl_2/bram_wrdata_a'(32) - Only lower order bits will be connected.
WARNING: [BD 41-2384] Width mismatch when connecting pin: '/action_ram_2/addrb'(32) to pin: '/axi_aram_ctrl_2/bram_addr_a'(13) - Only lower order bits will be connected.
WARNING: [BD 41-2384] Width mismatch when connecting pin: '/action_ram_2/web'(8) to pin: '/axi_aram_ctrl_2/bram_we_a'(4) - Only lower order bits will be connected.
WARNING: [BD 41-2384] Width mismatch when connecting pin: '/axi_aram_ctrl_2/bram_rddata_a'(32) to pin: '/action_ram_2/doutb'(64) - Only lower order bits will be connected.
WARNING: [BD 41-2384] Width mismatch when connecting pin: '/action_ram_3/dinb'(64) to pin: '/axi_aram_ctrl_3/bram_wrdata_a'(32) - Only lower order bits will be connected.
WARNING: [BD 41-2384] Width mismatch when connecting pin: '/action_ram_3/addrb'(32) to pin: '/axi_aram_ctrl_3/bram_addr_a'(13) - Only lower order bits will be connected.
WARNING: [BD 41-2384] Width mismatch when connecting pin: '/action_ram_3/web'(8) to pin: '/axi_aram_ctrl_3/bram_we_a'(4) - Only lower order bits will be connected.
WARNING: [BD 41-2384] Width mismatch when connecting pin: '/axi_aram_ctrl_3/bram_rddata_a'(32) to pin: '/action_ram_3/doutb'(64) - Only lower order bits will be connected.
Verilog Output written to : D:/intelligent_traffic_light/intellight/top_level/top_level.gen/sources_1/bd/top_level/bd/Q_Matrix_AXI_inst_0/sim/Q_Matrix_AXI_inst_0.v
Verilog Output written to : D:/intelligent_traffic_light/intellight/top_level/top_level.gen/sources_1/bd/top_level/bd/Q_Matrix_AXI_inst_0/hdl/Q_Matrix_AXI_inst_0_wrapper.v
INFO: [BD 41-1029] Generation completed for the IP Integrator block axi_aram_ctrl_0 .
INFO: [BD 41-1029] Generation completed for the IP Integrator block axi_aram_ctrl_1 .
INFO: [BD 41-1029] Generation completed for the IP Integrator block axi_aram_ctrl_2 .
INFO: [BD 41-1029] Generation completed for the IP Integrator block axi_aram_ctrl_3 .
Exporting to file D:/intelligent_traffic_light/intellight/top_level/top_level.gen/sources_1/bd/top_level/bd/Q_Matrix_AXI_inst_0/hw_handoff/Q_Matrix_AXI_inst_0.hwh
Generated Hardware Definition File D:/intelligent_traffic_light/intellight/top_level/top_level.gen/sources_1/bd/top_level/bd/Q_Matrix_AXI_inst_0/synth/Q_Matrix_AXI_inst_0.hwdef
Exporting to file d:/intelligent_traffic_light/intellight/top_level/top_level.gen/sources_1/bd/top_level/hw_handoff/top_level.hwh
Generated Hardware Definition File d:/intelligent_traffic_light/intellight/top_level/top_level.gen/sources_1/bd/top_level/synth/top_level.hwdef
generate_target: Time (s): cpu = 00:00:26 ; elapsed = 00:00:26 . Memory (MB): peak = 1860.594 ; gain = 39.301
catch { config_ip_cache -export [get_ips -all Q_Matrix_AXI_inst_0_axi_aram_ctrl_0_0] }
catch { config_ip_cache -export [get_ips -all Q_Matrix_AXI_inst_0_axi_aram_ctrl_1_0] }
catch { config_ip_cache -export [get_ips -all Q_Matrix_AXI_inst_0_axi_aram_ctrl_2_0] }
catch { config_ip_cache -export [get_ips -all Q_Matrix_AXI_inst_0_axi_aram_ctrl_3_0] }
catch { config_ip_cache -export [get_ips -all Q_Matrix_AXI_inst_0_axi_aram_ctrl_0_0] }
catch { config_ip_cache -export [get_ips -all Q_Matrix_AXI_inst_0_axi_aram_ctrl_1_0] }
catch { config_ip_cache -export [get_ips -all Q_Matrix_AXI_inst_0_axi_aram_ctrl_2_0] }
catch { config_ip_cache -export [get_ips -all Q_Matrix_AXI_inst_0_axi_aram_ctrl_3_0] }
catch { config_ip_cache -export [get_ips -all top_level_axi_intc_0_0] }
INFO: [IP_Flow 19-4993] Using cached IP synthesis design for IP top_level_axi_intc_0_0, cache-ID = 5f2e7996eb080df1; cache size = 41.562 MB.
catch { [ delete_ip_run [get_ips -all top_level_axi_intc_0_0] ] }
catch { config_ip_cache -export [get_ips -all top_level_xbar_0] }
catch { config_ip_cache -export [get_ips -all top_level_rst_ps7_0_100M_0] }
INFO: [IP_Flow 19-4993] Using cached IP synthesis design for IP top_level_rst_ps7_0_100M_0, cache-ID = 2a2bade46361c749; cache size = 41.562 MB.
catch { [ delete_ip_run [get_ips -all top_level_rst_ps7_0_100M_0] ] }
catch { config_ip_cache -export [get_ips -all top_level_auto_pc_4] }
INFO: [IP_Flow 19-4993] Using cached IP synthesis design for IP top_level_auto_pc_4, cache-ID = 42ad08fd9091ea99; cache size = 41.562 MB.
catch { config_ip_cache -export [get_ips -all top_level_auto_pc_0] }
catch { config_ip_cache -export [get_ips -all top_level_auto_pc_1] }
catch { config_ip_cache -export [get_ips -all top_level_auto_pc_2] }
catch { config_ip_cache -export [get_ips -all top_level_auto_pc_3] }
export_ip_user_files -of_objects [get_files D:/intelligent_traffic_light/intellight/top_level/top_level.srcs/sources_1/bd/top_level/top_level.bd] -no_script -sync -force -quiet
create_ip_run [get_files -of_objects [get_fileset sources_1] D:/intelligent_traffic_light/intellight/top_level/top_level.srcs/sources_1/bd/top_level/top_level.bd]
launch_runs top_level_processing_system7_0_0_synth_1 top_level_xbar_0_synth_1 Q_Matrix_AXI_inst_0_axi_aram_ctrl_0_0_synth_1 Q_Matrix_AXI_inst_0_axi_aram_ctrl_1_0_synth_1 Q_Matrix_AXI_inst_0_axi_aram_ctrl_2_0_synth_1 Q_Matrix_AXI_inst_0_axi_aram_ctrl_3_0_synth_1 top_level_auto_pc_0_synth_1 top_level_auto_pc_1_synth_1 top_level_auto_pc_2_synth_1 top_level_auto_pc_3_synth_1 -jobs 6
[Mon Nov 21 13:45:37 2022] Launched top_level_processing_system7_0_0_synth_1, top_level_xbar_0_synth_1, Q_Matrix_AXI_inst_0_axi_aram_ctrl_0_0_synth_1, Q_Matrix_AXI_inst_0_axi_aram_ctrl_1_0_synth_1, Q_Matrix_AXI_inst_0_axi_aram_ctrl_2_0_synth_1, Q_Matrix_AXI_inst_0_axi_aram_ctrl_3_0_synth_1, top_level_auto_pc_0_synth_1, top_level_auto_pc_1_synth_1, top_level_auto_pc_2_synth_1, top_level_auto_pc_3_synth_1...
Run output will be captured here:
top_level_processing_system7_0_0_synth_1: D:/intelligent_traffic_light/intellight/top_level/top_level.runs/top_level_processing_system7_0_0_synth_1/runme.log
top_level_xbar_0_synth_1: D:/intelligent_traffic_light/intellight/top_level/top_level.runs/top_level_xbar_0_synth_1/runme.log
Q_Matrix_AXI_inst_0_axi_aram_ctrl_0_0_synth_1: D:/intelligent_traffic_light/intellight/top_level/top_level.runs/Q_Matrix_AXI_inst_0_axi_aram_ctrl_0_0_synth_1/runme.log
Q_Matrix_AXI_inst_0_axi_aram_ctrl_1_0_synth_1: D:/intelligent_traffic_light/intellight/top_level/top_level.runs/Q_Matrix_AXI_inst_0_axi_aram_ctrl_1_0_synth_1/runme.log
Q_Matrix_AXI_inst_0_axi_aram_ctrl_2_0_synth_1: D:/intelligent_traffic_light/intellight/top_level/top_level.runs/Q_Matrix_AXI_inst_0_axi_aram_ctrl_2_0_synth_1/runme.log
Q_Matrix_AXI_inst_0_axi_aram_ctrl_3_0_synth_1: D:/intelligent_traffic_light/intellight/top_level/top_level.runs/Q_Matrix_AXI_inst_0_axi_aram_ctrl_3_0_synth_1/runme.log
top_level_auto_pc_0_synth_1: D:/intelligent_traffic_light/intellight/top_level/top_level.runs/top_level_auto_pc_0_synth_1/runme.log
top_level_auto_pc_1_synth_1: D:/intelligent_traffic_light/intellight/top_level/top_level.runs/top_level_auto_pc_1_synth_1/runme.log
top_level_auto_pc_2_synth_1: D:/intelligent_traffic_light/intellight/top_level/top_level.runs/top_level_auto_pc_2_synth_1/runme.log
top_level_auto_pc_3_synth_1: D:/intelligent_traffic_light/intellight/top_level/top_level.runs/top_level_auto_pc_3_synth_1/runme.log
launch_runs: Time (s): cpu = 00:00:02 ; elapsed = 00:00:05 . Memory (MB): peak = 1861.738 ; gain = 0.000
export_simulation -of_objects [get_files D:/intelligent_traffic_light/intellight/top_level/top_level.srcs/sources_1/bd/top_level/top_level.bd] -directory D:/intelligent_traffic_light/intellight/top_level/top_level.ip_user_files/sim_scripts -ip_user_files_dir D:/intelligent_traffic_light/intellight/top_level/top_level.ip_user_files -ipstatic_source_dir D:/intelligent_traffic_light/intellight/top_level/top_level.ip_user_files/ipstatic -lib_map_path [list {modelsim=D:/intelligent_traffic_light/intellight/top_level/top_level.cache/compile_simlib/modelsim} {questa=D:/intelligent_traffic_light/intellight/top_level/top_level.cache/compile_simlib/questa} {riviera=D:/intelligent_traffic_light/intellight/top_level/top_level.cache/compile_simlib/riviera} {activehdl=D:/intelligent_traffic_light/intellight/top_level/top_level.cache/compile_simlib/activehdl}] -use_ip_compiled_libs -force -quiet
reset_run synth_1
INFO: [Project 1-1161] Replacing file D:/intelligent_traffic_light/intellight/top_level/top_level/top_level.srcs/utils_1/imports/synth_1/top_level_wrapper.dcp with file D:/intelligent_traffic_light/intellight/top_level/top_level.runs/synth_1/top_level_wrapper.dcp
launch_runs impl_1 -jobs 6
[Mon Nov 21 13:48:47 2022] Launched synth_1...
Run output will be captured here: D:/intelligent_traffic_light/intellight/top_level/top_level.runs/synth_1/runme.log
[Mon Nov 21 13:48:47 2022] Launched impl_1...
Run output will be captured here: D:/intelligent_traffic_light/intellight/top_level/top_level.runs/impl_1/runme.log
reset_run synth_1
INFO: [Project 1-1161] Replacing file D:/intelligent_traffic_light/intellight/top_level/top_level/top_level.srcs/utils_1/imports/synth_1/top_level_wrapper.dcp with file D:/intelligent_traffic_light/intellight/top_level/top_level.runs/synth_1/top_level_wrapper.dcp
launch_runs impl_1 -to_step write_bitstream -jobs 6
[Mon Nov 21 13:52:27 2022] Launched synth_1...
Run output will be captured here: D:/intelligent_traffic_light/intellight/top_level/top_level.runs/synth_1/runme.log
[Mon Nov 21 13:52:27 2022] Launched impl_1...
Run output will be captured here: D:/intelligent_traffic_light/intellight/top_level/top_level.runs/impl_1/runme.log
update_ip_catalog -rebuild -scan_changes
INFO: [IP_Flow 19-234] Refreshing IP repositories
INFO: [IP_Flow 19-1700] Loaded user IP repository 'd:/intelligent_traffic_light/intellight/accelerator/Intellight_Accelerator_1.0'.
report_ip_status -name ip_status
upgrade_ip -vlnv xilinx.com:user:Intellight_Accelerator:1.0 [get_ips  top_level_Intellight_Accelerat_0_0] -log ip_upgrade.log
Upgrading 'D:/intelligent_traffic_light/intellight/top_level/top_level.srcs/sources_1/bd/top_level/top_level.bd'
INFO: [IP_Flow 19-3422] Upgraded top_level_Intellight_Accelerat_0_0 (Intellight_Accelerator_v1.0 1.0) from revision 24 to revision 25
WARNING: [IP_Flow 19-4697] Upgrade has added interface 'clk' (xilinx.com:signal:clock:1.0)
WARNING: [IP_Flow 19-4697] Upgrade has added interface 'rst' (xilinx.com:signal:reset:1.0)
WARNING: [IP_Flow 19-3670] Detected external interface differences while upgrading 'top_level_Intellight_Accelerat_0_0'.
WARNING: [IP_Flow 19-4698] Upgrade has added port 'clk'
WARNING: [IP_Flow 19-4698] Upgrade has added port 'rst'
WARNING: [IP_Flow 19-3298] Detected external port differences while upgrading 'top_level_Intellight_Accelerat_0_0'. These changes may impact your design.
CRITICAL WARNING: [Coretcl 2-1279] The upgrade of 'top_level_Intellight_Accelerat_0_0' has identified issues that may require user intervention. Please review the upgrade log 'd:/intelligent_traffic_light/intellight/top_level/ip_upgrade.log', and verify that the upgraded IP is correctly configured.
Wrote  : <D:\intelligent_traffic_light\intellight\top_level\top_level.gen\sources_1\bd\top_level\bd\Q_Matrix_inst_0\Q_Matrix_inst_0.bd> 
Wrote  : <D:\intelligent_traffic_light\intellight\top_level\top_level.gen\sources_1\bd\top_level\bd\Q_Matrix_AXI_inst_0\Q_Matrix_AXI_inst_0.bd> 
Wrote  : <D:\intelligent_traffic_light\intellight\top_level\top_level.srcs\sources_1\bd\top_level\top_level.bd> 
Wrote  : <D:/intelligent_traffic_light/intellight/top_level/top_level.srcs/sources_1/bd/top_level/ui/bd_39d0265a.ui> 
INFO: [Coretcl 2-1525] Wrote upgrade log to 'D:/intelligent_traffic_light/intellight/top_level/ip_upgrade.log'.
export_ip_user_files -of_objects [get_ips top_level_Intellight_Accelerat_0_0] -no_script -sync -force -quiet
generate_target all [get_files  D:/intelligent_traffic_light/intellight/top_level/top_level.srcs/sources_1/bd/top_level/top_level.bd]
ERROR: [BD 41-758] The following clock pins are not connected to a valid clock source: 
/Intellight_Accelerat_0/clk

ERROR: [BD 41-1031] Hdl Generation failed for the IP Integrator design D:/intelligent_traffic_light/intellight/top_level/top_level.srcs/sources_1/bd/top_level/top_level.bd 
ERROR: [Common 17-39] 'generate_target' failed due to earlier errors.
connect_bd_net [get_bd_pins Intellight_Accelerat_0/clk] [get_bd_pins processing_system7_0/FCLK_CLK0]
connect_bd_net [get_bd_pins Intellight_Accelerat_0/rst] [get_bd_pins rst_ps7_0_100M/peripheral_reset]
save_bd_design
Wrote  : <D:\intelligent_traffic_light\intellight\top_level\top_level.gen\sources_1\bd\top_level\bd\Q_Matrix_inst_0\Q_Matrix_inst_0.bd> 
Wrote  : <D:\intelligent_traffic_light\intellight\top_level\top_level.gen\sources_1\bd\top_level\bd\Q_Matrix_AXI_inst_0\Q_Matrix_AXI_inst_0.bd> 
Wrote  : <D:\intelligent_traffic_light\intellight\top_level\top_level.srcs\sources_1\bd\top_level\top_level.bd> 
Wrote  : <D:/intelligent_traffic_light/intellight/top_level/top_level.srcs/sources_1/bd/top_level/ui/bd_39d0265a.ui> 
generate_target all [get_files  D:/intelligent_traffic_light/intellight/top_level/top_level.srcs/sources_1/bd/top_level/top_level.bd]
WARNING: [BD 41-702] Propagation TCL tries to overwrite USER strength parameter PCW_M_AXI_GP0_FREQMHZ(10) on '/processing_system7_0' with propagated value(100). Command ignored
WARNING: [BD 41-702] Propagation TCL tries to overwrite USER strength parameter WRITE_WIDTH_A(64) on '/Q_Matrix_AXI_0/action_ram_0' with propagated value(32). Command ignored
WARNING: [BD 41-702] Propagation TCL tries to overwrite USER strength parameter READ_WIDTH_A(64) on '/Q_Matrix_AXI_0/action_ram_0' with propagated value(32). Command ignored
WARNING: [BD 41-702] Propagation TCL tries to overwrite USER strength parameter WRITE_WIDTH_B(64) on '/Q_Matrix_AXI_0/action_ram_0' with propagated value(32). Command ignored
WARNING: [BD 41-702] Propagation TCL tries to overwrite USER strength parameter READ_WIDTH_B(64) on '/Q_Matrix_AXI_0/action_ram_0' with propagated value(32). Command ignored
WARNING: [BD 41-702] Propagation TCL tries to overwrite USER strength parameter WRITE_WIDTH_A(64) on '/Q_Matrix_AXI_0/action_ram_1' with propagated value(32). Command ignored
WARNING: [BD 41-702] Propagation TCL tries to overwrite USER strength parameter READ_WIDTH_A(64) on '/Q_Matrix_AXI_0/action_ram_1' with propagated value(32). Command ignored
WARNING: [BD 41-702] Propagation TCL tries to overwrite USER strength parameter WRITE_WIDTH_B(64) on '/Q_Matrix_AXI_0/action_ram_1' with propagated value(32). Command ignored
WARNING: [BD 41-702] Propagation TCL tries to overwrite USER strength parameter READ_WIDTH_B(64) on '/Q_Matrix_AXI_0/action_ram_1' with propagated value(32). Command ignored
WARNING: [BD 41-702] Propagation TCL tries to overwrite USER strength parameter WRITE_WIDTH_A(64) on '/Q_Matrix_AXI_0/action_ram_2' with propagated value(32). Command ignored
WARNING: [BD 41-702] Propagation TCL tries to overwrite USER strength parameter READ_WIDTH_A(64) on '/Q_Matrix_AXI_0/action_ram_2' with propagated value(32). Command ignored
WARNING: [BD 41-702] Propagation TCL tries to overwrite USER strength parameter WRITE_WIDTH_B(64) on '/Q_Matrix_AXI_0/action_ram_2' with propagated value(32). Command ignored
WARNING: [BD 41-702] Propagation TCL tries to overwrite USER strength parameter READ_WIDTH_B(64) on '/Q_Matrix_AXI_0/action_ram_2' with propagated value(32). Command ignored
WARNING: [BD 41-702] Propagation TCL tries to overwrite USER strength parameter WRITE_WIDTH_A(64) on '/Q_Matrix_AXI_0/action_ram_3' with propagated value(32). Command ignored
WARNING: [BD 41-702] Propagation TCL tries to overwrite USER strength parameter READ_WIDTH_A(64) on '/Q_Matrix_AXI_0/action_ram_3' with propagated value(32). Command ignored
WARNING: [BD 41-702] Propagation TCL tries to overwrite USER strength parameter WRITE_WIDTH_B(64) on '/Q_Matrix_AXI_0/action_ram_3' with propagated value(32). Command ignored
WARNING: [BD 41-702] Propagation TCL tries to overwrite USER strength parameter READ_WIDTH_B(64) on '/Q_Matrix_AXI_0/action_ram_3' with propagated value(32). Command ignored
WARNING: [xilinx.com:ip:axi_intc:4.1-4] /axi_intc_0: Could not determine interrupt input port type - using default interrupt type Rising Edge. Please change this manually if necessary.
Wrote  : <D:\intelligent_traffic_light\intellight\top_level\top_level.gen\sources_1\bd\top_level\bd\Q_Matrix_inst_0\Q_Matrix_inst_0.bd> 
Wrote  : <D:\intelligent_traffic_light\intellight\top_level\top_level.gen\sources_1\bd\top_level\bd\Q_Matrix_AXI_inst_0\Q_Matrix_AXI_inst_0.bd> 
Wrote  : <D:\intelligent_traffic_light\intellight\top_level\top_level.srcs\sources_1\bd\top_level\top_level.bd> 
Verilog Output written to : d:/intelligent_traffic_light/intellight/top_level/top_level.gen/sources_1/bd/top_level/synth/top_level.v
Verilog Output written to : d:/intelligent_traffic_light/intellight/top_level/top_level.gen/sources_1/bd/top_level/sim/top_level.v
Verilog Output written to : d:/intelligent_traffic_light/intellight/top_level/top_level.gen/sources_1/bd/top_level/hdl/top_level_wrapper.v
Wrote  : <D:\intelligent_traffic_light\intellight\top_level\top_level.gen\sources_1\bd\top_level\bd\Q_Matrix_inst_0\Q_Matrix_inst_0.bd> 
Wrote  : <D:\intelligent_traffic_light\intellight\top_level\top_level.gen\sources_1\bd\top_level\bd\Q_Matrix_AXI_inst_0\Q_Matrix_AXI_inst_0.bd> 
INFO: [BD 41-1029] Generation completed for the IP Integrator block Intellight_Accelerat_0 .
WARNING: [IP_Flow 19-4994] Overwriting existing constraint file 'd:/intelligent_traffic_light/intellight/top_level/top_level.gen/sources_1/bd/top_level/ip/top_level_auto_pc_4/top_level_auto_pc_4_ooc.xdc'
INFO: [BD 41-1029] Generation completed for the IP Integrator block ps7_0_axi_periph/s00_couplers/auto_pc .
WARNING: [IP_Flow 19-4994] Overwriting existing constraint file 'd:/intelligent_traffic_light/intellight/top_level/top_level.gen/sources_1/bd/top_level/ip/top_level_auto_pc_0/top_level_auto_pc_0_ooc.xdc'
INFO: [BD 41-1029] Generation completed for the IP Integrator block ps7_0_axi_periph/m02_couplers/auto_pc .
WARNING: [IP_Flow 19-4994] Overwriting existing constraint file 'd:/intelligent_traffic_light/intellight/top_level/top_level.gen/sources_1/bd/top_level/ip/top_level_auto_pc_1/top_level_auto_pc_1_ooc.xdc'
INFO: [BD 41-1029] Generation completed for the IP Integrator block ps7_0_axi_periph/m03_couplers/auto_pc .
WARNING: [IP_Flow 19-4994] Overwriting existing constraint file 'd:/intelligent_traffic_light/intellight/top_level/top_level.gen/sources_1/bd/top_level/ip/top_level_auto_pc_2/top_level_auto_pc_2_ooc.xdc'
INFO: [BD 41-1029] Generation completed for the IP Integrator block ps7_0_axi_periph/m04_couplers/auto_pc .
WARNING: [IP_Flow 19-4994] Overwriting existing constraint file 'd:/intelligent_traffic_light/intellight/top_level/top_level.gen/sources_1/bd/top_level/ip/top_level_auto_pc_3/top_level_auto_pc_3_ooc.xdc'
INFO: [BD 41-1029] Generation completed for the IP Integrator block ps7_0_axi_periph/m05_couplers/auto_pc .
Wrote  : <D:\intelligent_traffic_light\intellight\top_level\top_level.gen\sources_1\bd\top_level\bd\Q_Matrix_inst_0\Q_Matrix_inst_0.bd> 
Wrote  : <D:\intelligent_traffic_light\intellight\top_level\top_level.gen\sources_1\bd\top_level\bd\Q_Matrix_AXI_inst_0\Q_Matrix_AXI_inst_0.bd> 
INFO: [BD 41-1662] The design 'Q_Matrix_inst_0.bd' is already validated. Therefore parameter propagation will not be re-run.
Verilog Output written to : D:/intelligent_traffic_light/intellight/top_level/top_level.gen/sources_1/bd/top_level/bd/Q_Matrix_inst_0/synth/Q_Matrix_inst_0.v
Verilog Output written to : D:/intelligent_traffic_light/intellight/top_level/top_level.gen/sources_1/bd/top_level/bd/Q_Matrix_inst_0/sim/Q_Matrix_inst_0.v
Verilog Output written to : D:/intelligent_traffic_light/intellight/top_level/top_level.gen/sources_1/bd/top_level/bd/Q_Matrix_inst_0/hdl/Q_Matrix_inst_0_wrapper.v
Exporting to file D:/intelligent_traffic_light/intellight/top_level/top_level.gen/sources_1/bd/top_level/bd/Q_Matrix_inst_0/hw_handoff/Q_Matrix_inst_0.hwh
Generated Hardware Definition File D:/intelligent_traffic_light/intellight/top_level/top_level.gen/sources_1/bd/top_level/bd/Q_Matrix_inst_0/synth/Q_Matrix_inst_0.hwdef
INFO: [BD 41-1662] The design 'Q_Matrix_AXI_inst_0.bd' is already validated. Therefore parameter propagation will not be re-run.
WARNING: [BD 41-2384] Width mismatch when connecting pin: '/action_ram_0/dinb'(64) to pin: '/axi_aram_ctrl_0/bram_wrdata_a'(32) - Only lower order bits will be connected.
WARNING: [BD 41-2384] Width mismatch when connecting pin: '/action_ram_0/addrb'(32) to pin: '/axi_aram_ctrl_0/bram_addr_a'(13) - Only lower order bits will be connected.
WARNING: [BD 41-2384] Width mismatch when connecting pin: '/action_ram_0/web'(8) to pin: '/axi_aram_ctrl_0/bram_we_a'(4) - Only lower order bits will be connected.
WARNING: [BD 41-2384] Width mismatch when connecting pin: '/axi_aram_ctrl_0/bram_rddata_a'(32) to pin: '/action_ram_0/doutb'(64) - Only lower order bits will be connected.
WARNING: [BD 41-2384] Width mismatch when connecting pin: '/action_ram_1/dinb'(64) to pin: '/axi_aram_ctrl_1/bram_wrdata_a'(32) - Only lower order bits will be connected.
WARNING: [BD 41-2384] Width mismatch when connecting pin: '/action_ram_1/addrb'(32) to pin: '/axi_aram_ctrl_1/bram_addr_a'(13) - Only lower order bits will be connected.
WARNING: [BD 41-2384] Width mismatch when connecting pin: '/action_ram_1/web'(8) to pin: '/axi_aram_ctrl_1/bram_we_a'(4) - Only lower order bits will be connected.
WARNING: [BD 41-2384] Width mismatch when connecting pin: '/axi_aram_ctrl_1/bram_rddata_a'(32) to pin: '/action_ram_1/doutb'(64) - Only lower order bits will be connected.
WARNING: [BD 41-2384] Width mismatch when connecting pin: '/action_ram_2/dinb'(64) to pin: '/axi_aram_ctrl_2/bram_wrdata_a'(32) - Only lower order bits will be connected.
WARNING: [BD 41-2384] Width mismatch when connecting pin: '/action_ram_2/addrb'(32) to pin: '/axi_aram_ctrl_2/bram_addr_a'(13) - Only lower order bits will be connected.
WARNING: [BD 41-2384] Width mismatch when connecting pin: '/action_ram_2/web'(8) to pin: '/axi_aram_ctrl_2/bram_we_a'(4) - Only lower order bits will be connected.
WARNING: [BD 41-2384] Width mismatch when connecting pin: '/axi_aram_ctrl_2/bram_rddata_a'(32) to pin: '/action_ram_2/doutb'(64) - Only lower order bits will be connected.
WARNING: [BD 41-2384] Width mismatch when connecting pin: '/action_ram_3/dinb'(64) to pin: '/axi_aram_ctrl_3/bram_wrdata_a'(32) - Only lower order bits will be connected.
WARNING: [BD 41-2384] Width mismatch when connecting pin: '/action_ram_3/addrb'(32) to pin: '/axi_aram_ctrl_3/bram_addr_a'(13) - Only lower order bits will be connected.
WARNING: [BD 41-2384] Width mismatch when connecting pin: '/action_ram_3/web'(8) to pin: '/axi_aram_ctrl_3/bram_we_a'(4) - Only lower order bits will be connected.
WARNING: [BD 41-2384] Width mismatch when connecting pin: '/axi_aram_ctrl_3/bram_rddata_a'(32) to pin: '/action_ram_3/doutb'(64) - Only lower order bits will be connected.
Verilog Output written to : D:/intelligent_traffic_light/intellight/top_level/top_level.gen/sources_1/bd/top_level/bd/Q_Matrix_AXI_inst_0/synth/Q_Matrix_AXI_inst_0.v
WARNING: [BD 41-2384] Width mismatch when connecting pin: '/action_ram_0/dinb'(64) to pin: '/axi_aram_ctrl_0/bram_wrdata_a'(32) - Only lower order bits will be connected.
WARNING: [BD 41-2384] Width mismatch when connecting pin: '/action_ram_0/addrb'(32) to pin: '/axi_aram_ctrl_0/bram_addr_a'(13) - Only lower order bits will be connected.
WARNING: [BD 41-2384] Width mismatch when connecting pin: '/action_ram_0/web'(8) to pin: '/axi_aram_ctrl_0/bram_we_a'(4) - Only lower order bits will be connected.
WARNING: [BD 41-2384] Width mismatch when connecting pin: '/axi_aram_ctrl_0/bram_rddata_a'(32) to pin: '/action_ram_0/doutb'(64) - Only lower order bits will be connected.
WARNING: [BD 41-2384] Width mismatch when connecting pin: '/action_ram_1/dinb'(64) to pin: '/axi_aram_ctrl_1/bram_wrdata_a'(32) - Only lower order bits will be connected.
WARNING: [BD 41-2384] Width mismatch when connecting pin: '/action_ram_1/addrb'(32) to pin: '/axi_aram_ctrl_1/bram_addr_a'(13) - Only lower order bits will be connected.
WARNING: [BD 41-2384] Width mismatch when connecting pin: '/action_ram_1/web'(8) to pin: '/axi_aram_ctrl_1/bram_we_a'(4) - Only lower order bits will be connected.
WARNING: [BD 41-2384] Width mismatch when connecting pin: '/axi_aram_ctrl_1/bram_rddata_a'(32) to pin: '/action_ram_1/doutb'(64) - Only lower order bits will be connected.
WARNING: [BD 41-2384] Width mismatch when connecting pin: '/action_ram_2/dinb'(64) to pin: '/axi_aram_ctrl_2/bram_wrdata_a'(32) - Only lower order bits will be connected.
WARNING: [BD 41-2384] Width mismatch when connecting pin: '/action_ram_2/addrb'(32) to pin: '/axi_aram_ctrl_2/bram_addr_a'(13) - Only lower order bits will be connected.
WARNING: [BD 41-2384] Width mismatch when connecting pin: '/action_ram_2/web'(8) to pin: '/axi_aram_ctrl_2/bram_we_a'(4) - Only lower order bits will be connected.
WARNING: [BD 41-2384] Width mismatch when connecting pin: '/axi_aram_ctrl_2/bram_rddata_a'(32) to pin: '/action_ram_2/doutb'(64) - Only lower order bits will be connected.
WARNING: [BD 41-2384] Width mismatch when connecting pin: '/action_ram_3/dinb'(64) to pin: '/axi_aram_ctrl_3/bram_wrdata_a'(32) - Only lower order bits will be connected.
WARNING: [BD 41-2384] Width mismatch when connecting pin: '/action_ram_3/addrb'(32) to pin: '/axi_aram_ctrl_3/bram_addr_a'(13) - Only lower order bits will be connected.
WARNING: [BD 41-2384] Width mismatch when connecting pin: '/action_ram_3/web'(8) to pin: '/axi_aram_ctrl_3/bram_we_a'(4) - Only lower order bits will be connected.
WARNING: [BD 41-2384] Width mismatch when connecting pin: '/axi_aram_ctrl_3/bram_rddata_a'(32) to pin: '/action_ram_3/doutb'(64) - Only lower order bits will be connected.
Verilog Output written to : D:/intelligent_traffic_light/intellight/top_level/top_level.gen/sources_1/bd/top_level/bd/Q_Matrix_AXI_inst_0/sim/Q_Matrix_AXI_inst_0.v
Verilog Output written to : D:/intelligent_traffic_light/intellight/top_level/top_level.gen/sources_1/bd/top_level/bd/Q_Matrix_AXI_inst_0/hdl/Q_Matrix_AXI_inst_0_wrapper.v
Exporting to file D:/intelligent_traffic_light/intellight/top_level/top_level.gen/sources_1/bd/top_level/bd/Q_Matrix_AXI_inst_0/hw_handoff/Q_Matrix_AXI_inst_0.hwh
Generated Hardware Definition File D:/intelligent_traffic_light/intellight/top_level/top_level.gen/sources_1/bd/top_level/bd/Q_Matrix_AXI_inst_0/synth/Q_Matrix_AXI_inst_0.hwdef
Exporting to file d:/intelligent_traffic_light/intellight/top_level/top_level.gen/sources_1/bd/top_level/hw_handoff/top_level.hwh
Generated Hardware Definition File d:/intelligent_traffic_light/intellight/top_level/top_level.gen/sources_1/bd/top_level/synth/top_level.hwdef
generate_target: Time (s): cpu = 00:00:19 ; elapsed = 00:00:19 . Memory (MB): peak = 1891.047 ; gain = 12.801
catch { config_ip_cache -export [get_ips -all top_level_Intellight_Accelerat_0_0] }
catch { config_ip_cache -export [get_ips -all top_level_auto_pc_4] }
INFO: [IP_Flow 19-4993] Using cached IP synthesis design for IP top_level_auto_pc_4, cache-ID = 42ad08fd9091ea99; cache size = 42.928 MB.
catch { config_ip_cache -export [get_ips -all top_level_auto_pc_0] }
INFO: [IP_Flow 19-4993] Using cached IP synthesis design for IP top_level_auto_pc_0, cache-ID = 44d45b56c09236a0; cache size = 42.928 MB.
catch { config_ip_cache -export [get_ips -all top_level_auto_pc_1] }
INFO: [IP_Flow 19-4993] Using cached IP synthesis design for IP top_level_auto_pc_1, cache-ID = 44d45b56c09236a0; cache size = 42.928 MB.
catch { config_ip_cache -export [get_ips -all top_level_auto_pc_2] }
INFO: [IP_Flow 19-4993] Using cached IP synthesis design for IP top_level_auto_pc_2, cache-ID = 44d45b56c09236a0; cache size = 42.928 MB.
catch { config_ip_cache -export [get_ips -all top_level_auto_pc_3] }
INFO: [IP_Flow 19-4993] Using cached IP synthesis design for IP top_level_auto_pc_3, cache-ID = 44d45b56c09236a0; cache size = 42.928 MB.
export_ip_user_files -of_objects [get_files D:/intelligent_traffic_light/intellight/top_level/top_level.srcs/sources_1/bd/top_level/top_level.bd] -no_script -sync -force -quiet
create_ip_run [get_files -of_objects [get_fileset sources_1] D:/intelligent_traffic_light/intellight/top_level/top_level.srcs/sources_1/bd/top_level/top_level.bd]
launch_runs top_level_Intellight_Accelerat_0_0_synth_1 -jobs 6
[Mon Nov 21 14:08:13 2022] Launched top_level_Intellight_Accelerat_0_0_synth_1...
Run output will be captured here: D:/intelligent_traffic_light/intellight/top_level/top_level.runs/top_level_Intellight_Accelerat_0_0_synth_1/runme.log
export_simulation -of_objects [get_files D:/intelligent_traffic_light/intellight/top_level/top_level.srcs/sources_1/bd/top_level/top_level.bd] -directory D:/intelligent_traffic_light/intellight/top_level/top_level.ip_user_files/sim_scripts -ip_user_files_dir D:/intelligent_traffic_light/intellight/top_level/top_level.ip_user_files -ipstatic_source_dir D:/intelligent_traffic_light/intellight/top_level/top_level.ip_user_files/ipstatic -lib_map_path [list {modelsim=D:/intelligent_traffic_light/intellight/top_level/top_level.cache/compile_simlib/modelsim} {questa=D:/intelligent_traffic_light/intellight/top_level/top_level.cache/compile_simlib/questa} {riviera=D:/intelligent_traffic_light/intellight/top_level/top_level.cache/compile_simlib/riviera} {activehdl=D:/intelligent_traffic_light/intellight/top_level/top_level.cache/compile_simlib/activehdl}] -use_ip_compiled_libs -force -quiet
generate_target all [get_files  D:/intelligent_traffic_light/intellight/top_level/top_level.srcs/sources_1/bd/top_level/top_level.bd]
INFO: [BD 41-1662] The design 'Q_Matrix_AXI_inst_0.bd' is already validated. Therefore parameter propagation will not be re-run.
WARNING: [BD 41-2384] Width mismatch when connecting pin: '/action_ram_0/dinb'(64) to pin: '/axi_aram_ctrl_0/bram_wrdata_a'(32) - Only lower order bits will be connected.
WARNING: [BD 41-2384] Width mismatch when connecting pin: '/action_ram_0/addrb'(32) to pin: '/axi_aram_ctrl_0/bram_addr_a'(13) - Only lower order bits will be connected.
WARNING: [BD 41-2384] Width mismatch when connecting pin: '/action_ram_0/web'(8) to pin: '/axi_aram_ctrl_0/bram_we_a'(4) - Only lower order bits will be connected.
WARNING: [BD 41-2384] Width mismatch when connecting pin: '/axi_aram_ctrl_0/bram_rddata_a'(32) to pin: '/action_ram_0/doutb'(64) - Only lower order bits will be connected.
WARNING: [BD 41-2384] Width mismatch when connecting pin: '/action_ram_1/dinb'(64) to pin: '/axi_aram_ctrl_1/bram_wrdata_a'(32) - Only lower order bits will be connected.
WARNING: [BD 41-2384] Width mismatch when connecting pin: '/action_ram_1/addrb'(32) to pin: '/axi_aram_ctrl_1/bram_addr_a'(13) - Only lower order bits will be connected.
WARNING: [BD 41-2384] Width mismatch when connecting pin: '/action_ram_1/web'(8) to pin: '/axi_aram_ctrl_1/bram_we_a'(4) - Only lower order bits will be connected.
WARNING: [BD 41-2384] Width mismatch when connecting pin: '/axi_aram_ctrl_1/bram_rddata_a'(32) to pin: '/action_ram_1/doutb'(64) - Only lower order bits will be connected.
WARNING: [BD 41-2384] Width mismatch when connecting pin: '/action_ram_2/dinb'(64) to pin: '/axi_aram_ctrl_2/bram_wrdata_a'(32) - Only lower order bits will be connected.
WARNING: [BD 41-2384] Width mismatch when connecting pin: '/action_ram_2/addrb'(32) to pin: '/axi_aram_ctrl_2/bram_addr_a'(13) - Only lower order bits will be connected.
WARNING: [BD 41-2384] Width mismatch when connecting pin: '/action_ram_2/web'(8) to pin: '/axi_aram_ctrl_2/bram_we_a'(4) - Only lower order bits will be connected.
WARNING: [BD 41-2384] Width mismatch when connecting pin: '/axi_aram_ctrl_2/bram_rddata_a'(32) to pin: '/action_ram_2/doutb'(64) - Only lower order bits will be connected.
WARNING: [BD 41-2384] Width mismatch when connecting pin: '/action_ram_3/dinb'(64) to pin: '/axi_aram_ctrl_3/bram_wrdata_a'(32) - Only lower order bits will be connected.
WARNING: [BD 41-2384] Width mismatch when connecting pin: '/action_ram_3/addrb'(32) to pin: '/axi_aram_ctrl_3/bram_addr_a'(13) - Only lower order bits will be connected.
WARNING: [BD 41-2384] Width mismatch when connecting pin: '/action_ram_3/web'(8) to pin: '/axi_aram_ctrl_3/bram_we_a'(4) - Only lower order bits will be connected.
WARNING: [BD 41-2384] Width mismatch when connecting pin: '/axi_aram_ctrl_3/bram_rddata_a'(32) to pin: '/action_ram_3/doutb'(64) - Only lower order bits will be connected.
Verilog Output written to : D:/intelligent_traffic_light/intellight/top_level/top_level.gen/sources_1/bd/top_level/bd/Q_Matrix_AXI_inst_0/synth/Q_Matrix_AXI_inst_0.v
WARNING: [BD 41-2384] Width mismatch when connecting pin: '/action_ram_0/dinb'(64) to pin: '/axi_aram_ctrl_0/bram_wrdata_a'(32) - Only lower order bits will be connected.
WARNING: [BD 41-2384] Width mismatch when connecting pin: '/action_ram_0/addrb'(32) to pin: '/axi_aram_ctrl_0/bram_addr_a'(13) - Only lower order bits will be connected.
WARNING: [BD 41-2384] Width mismatch when connecting pin: '/action_ram_0/web'(8) to pin: '/axi_aram_ctrl_0/bram_we_a'(4) - Only lower order bits will be connected.
WARNING: [BD 41-2384] Width mismatch when connecting pin: '/axi_aram_ctrl_0/bram_rddata_a'(32) to pin: '/action_ram_0/doutb'(64) - Only lower order bits will be connected.
WARNING: [BD 41-2384] Width mismatch when connecting pin: '/action_ram_1/dinb'(64) to pin: '/axi_aram_ctrl_1/bram_wrdata_a'(32) - Only lower order bits will be connected.
WARNING: [BD 41-2384] Width mismatch when connecting pin: '/action_ram_1/addrb'(32) to pin: '/axi_aram_ctrl_1/bram_addr_a'(13) - Only lower order bits will be connected.
WARNING: [BD 41-2384] Width mismatch when connecting pin: '/action_ram_1/web'(8) to pin: '/axi_aram_ctrl_1/bram_we_a'(4) - Only lower order bits will be connected.
WARNING: [BD 41-2384] Width mismatch when connecting pin: '/axi_aram_ctrl_1/bram_rddata_a'(32) to pin: '/action_ram_1/doutb'(64) - Only lower order bits will be connected.
WARNING: [BD 41-2384] Width mismatch when connecting pin: '/action_ram_2/dinb'(64) to pin: '/axi_aram_ctrl_2/bram_wrdata_a'(32) - Only lower order bits will be connected.
WARNING: [BD 41-2384] Width mismatch when connecting pin: '/action_ram_2/addrb'(32) to pin: '/axi_aram_ctrl_2/bram_addr_a'(13) - Only lower order bits will be connected.
WARNING: [BD 41-2384] Width mismatch when connecting pin: '/action_ram_2/web'(8) to pin: '/axi_aram_ctrl_2/bram_we_a'(4) - Only lower order bits will be connected.
WARNING: [BD 41-2384] Width mismatch when connecting pin: '/axi_aram_ctrl_2/bram_rddata_a'(32) to pin: '/action_ram_2/doutb'(64) - Only lower order bits will be connected.
WARNING: [BD 41-2384] Width mismatch when connecting pin: '/action_ram_3/dinb'(64) to pin: '/axi_aram_ctrl_3/bram_wrdata_a'(32) - Only lower order bits will be connected.
WARNING: [BD 41-2384] Width mismatch when connecting pin: '/action_ram_3/addrb'(32) to pin: '/axi_aram_ctrl_3/bram_addr_a'(13) - Only lower order bits will be connected.
WARNING: [BD 41-2384] Width mismatch when connecting pin: '/action_ram_3/web'(8) to pin: '/axi_aram_ctrl_3/bram_we_a'(4) - Only lower order bits will be connected.
WARNING: [BD 41-2384] Width mismatch when connecting pin: '/axi_aram_ctrl_3/bram_rddata_a'(32) to pin: '/action_ram_3/doutb'(64) - Only lower order bits will be connected.
Verilog Output written to : D:/intelligent_traffic_light/intellight/top_level/top_level.gen/sources_1/bd/top_level/bd/Q_Matrix_AXI_inst_0/sim/Q_Matrix_AXI_inst_0.v
Verilog Output written to : D:/intelligent_traffic_light/intellight/top_level/top_level.gen/sources_1/bd/top_level/bd/Q_Matrix_AXI_inst_0/hdl/Q_Matrix_AXI_inst_0_wrapper.v
Exporting to file D:/intelligent_traffic_light/intellight/top_level/top_level.gen/sources_1/bd/top_level/bd/Q_Matrix_AXI_inst_0/hw_handoff/Q_Matrix_AXI_inst_0.hwh
Generated Hardware Definition File D:/intelligent_traffic_light/intellight/top_level/top_level.gen/sources_1/bd/top_level/bd/Q_Matrix_AXI_inst_0/synth/Q_Matrix_AXI_inst_0.hwdef
export_ip_user_files -of_objects [get_files D:/intelligent_traffic_light/intellight/top_level/top_level.srcs/sources_1/bd/top_level/top_level.bd] -no_script -sync -force -quiet
create_ip_run [get_files -of_objects [get_fileset sources_1] D:/intelligent_traffic_light/intellight/top_level/top_level.srcs/sources_1/bd/top_level/top_level.bd]
export_simulation -of_objects [get_files D:/intelligent_traffic_light/intellight/top_level/top_level.srcs/sources_1/bd/top_level/top_level.bd] -directory D:/intelligent_traffic_light/intellight/top_level/top_level.ip_user_files/sim_scripts -ip_user_files_dir D:/intelligent_traffic_light/intellight/top_level/top_level.ip_user_files -ipstatic_source_dir D:/intelligent_traffic_light/intellight/top_level/top_level.ip_user_files/ipstatic -lib_map_path [list {modelsim=D:/intelligent_traffic_light/intellight/top_level/top_level.cache/compile_simlib/modelsim} {questa=D:/intelligent_traffic_light/intellight/top_level/top_level.cache/compile_simlib/questa} {riviera=D:/intelligent_traffic_light/intellight/top_level/top_level.cache/compile_simlib/riviera} {activehdl=D:/intelligent_traffic_light/intellight/top_level/top_level.cache/compile_simlib/activehdl}] -use_ip_compiled_libs -force -quiet
reset_run synth_1
INFO: [Project 1-1161] Replacing file D:/intelligent_traffic_light/intellight/top_level/top_level/top_level.srcs/utils_1/imports/synth_1/top_level_wrapper.dcp with file D:/intelligent_traffic_light/intellight/top_level/top_level.runs/synth_1/top_level_wrapper.dcp
launch_runs impl_1 -to_step write_bitstream -jobs 6
[Mon Nov 21 14:10:19 2022] Launched synth_1...
Run output will be captured here: D:/intelligent_traffic_light/intellight/top_level/top_level.runs/synth_1/runme.log
[Mon Nov 21 14:10:19 2022] Launched impl_1...
Run output will be captured here: D:/intelligent_traffic_light/intellight/top_level/top_level.runs/impl_1/runme.log
startgroup
create_bd_cell -type ip -vlnv xilinx.com:ip:xlslice:1.0 xlslice_0
endgroup
set_property -dict [list CONFIG.DIN_WIDTH {2}] [get_bd_cells xlslice_0]
delete_bd_objs [get_bd_cells xlslice_0]
regenerate_bd_layout
INFO: [Ipptcl 7-1463] No Compatible Board Interface found. Board Tab not created in customize GUI
INFO: [Ipptcl 7-1463] No Compatible Board Interface found. Board Tab not created in customize GUI
INFO: [Ipptcl 7-1463] No Compatible Board Interface found. Board Tab not created in customize GUI
INFO: [Ipptcl 7-1463] No Compatible Board Interface found. Board Tab not created in customize GUI
delete_bd_objs [get_bd_nets Q_Matrix_0_D_road3] [get_bd_nets Intellight_Accelerat_0_rd_addr] [get_bd_nets Q_Matrix_0_D_road2] [get_bd_nets Q_Matrix_0_D_road0] [get_bd_nets Q_Matrix_0_D_road1] [get_bd_nets Intellight_Accelerat_0_finish] [get_bd_intf_nets ps7_0_axi_periph_M01_AXI] [get_bd_cells Intellight_Accelerat_0]
save_bd_design
Wrote  : <D:\intelligent_traffic_light\intellight\top_level\top_level.gen\sources_1\bd\top_level\bd\Q_Matrix_inst_0\Q_Matrix_inst_0.bd> 
Wrote  : <D:\intelligent_traffic_light\intellight\top_level\top_level.gen\sources_1\bd\top_level\bd\Q_Matrix_AXI_inst_0\Q_Matrix_AXI_inst_0.bd> 
WARNING: [BD 41-597] NET <D_new_1> has no source
WARNING: [BD 41-597] NET <Intellight_Accelerat_0_wen0> has no source
WARNING: [BD 41-597] NET <Intellight_Accelerat_0_wen1> has no source
WARNING: [BD 41-597] NET <Intellight_Accelerat_0_wen2> has no source
WARNING: [BD 41-597] NET <Intellight_Accelerat_0_wen3> has no source
WARNING: [BD 41-597] NET <Intellight_Accelerat_0_wen_bram> has no source
WARNING: [BD 41-597] NET <Intellight_Accelerat_0_wr_addr> has no source
Wrote  : <D:\intelligent_traffic_light\intellight\top_level\top_level.srcs\sources_1\bd\top_level\top_level.bd> 
Wrote  : <D:/intelligent_traffic_light/intellight/top_level/top_level.srcs/sources_1/bd/top_level/ui/bd_39d0265a.ui> 
delete_bd_objs [get_bd_nets Intellight_Accelerat_0_wen_bram] [get_bd_nets Intellight_Accelerat_0_wen2] [get_bd_nets Intellight_Accelerat_0_wen3] [get_bd_nets D_new_1] [get_bd_nets Intellight_Accelerat_0_wen0] [get_bd_nets Intellight_Accelerat_0_wen1] [get_bd_nets Intellight_Accelerat_0_wr_addr] [get_bd_cells Q_Matrix_0]
save_bd_design
Wrote  : <D:\intelligent_traffic_light\intellight\top_level\top_level.gen\sources_1\bd\top_level\bd\Q_Matrix_AXI_inst_0\Q_Matrix_AXI_inst_0.bd> 
Wrote  : <D:\intelligent_traffic_light\intellight\top_level\top_level.srcs\sources_1\bd\top_level\top_level.bd> 
Wrote  : <D:/intelligent_traffic_light/intellight/top_level/top_level.srcs/sources_1/bd/top_level/ui/bd_39d0265a.ui> 
regenerate_bd_layout
delete_bd_objs [get_bd_nets rst_ps7_0_100M_peripheral_reset] [get_bd_intf_nets ps7_0_axi_periph_M02_AXI] [get_bd_intf_nets ps7_0_axi_periph_M03_AXI] [get_bd_intf_nets ps7_0_axi_periph_M04_AXI] [get_bd_intf_nets ps7_0_axi_periph_M05_AXI] [get_bd_cells Q_Matrix_AXI_0]
startgroup
make_bd_pins_external  [get_bd_pins axi_intc_0/intr]
endgroup
save_bd_design
Wrote  : <D:\intelligent_traffic_light\intellight\top_level\top_level.srcs\sources_1\bd\top_level\top_level.bd> 
Wrote  : <D:/intelligent_traffic_light/intellight/top_level/top_level.srcs/sources_1/bd/top_level/ui/bd_39d0265a.ui> 
startgroup
set_property -dict [list CONFIG.NUM_MI {1}] [get_bd_cells ps7_0_axi_periph]
endgroup
regenerate_bd_layout
open_bd_design {D:/intelligent_traffic_light/intellight/top_level/top_level.srcs/sources_1/bd/top_level/top_level.bd}
make_wrapper -files [get_files D:/intelligent_traffic_light/intellight/top_level/top_level.srcs/sources_1/bd/top_level/top_level.bd] -top
WARNING: [BD 41-702] Propagation TCL tries to overwrite USER strength parameter PCW_M_AXI_GP0_FREQMHZ(10) on '/processing_system7_0' with propagated value(100). Command ignored
Wrote  : <D:\intelligent_traffic_light\intellight\top_level\top_level.srcs\sources_1\bd\top_level\top_level.bd> 
Wrote  : <D:/intelligent_traffic_light/intellight/top_level/top_level.srcs/sources_1/bd/top_level/ui/bd_39d0265a.ui> 
Verilog Output written to : d:/intelligent_traffic_light/intellight/top_level/top_level.gen/sources_1/bd/top_level/synth/top_level.v
Verilog Output written to : d:/intelligent_traffic_light/intellight/top_level/top_level.gen/sources_1/bd/top_level/sim/top_level.v
Verilog Output written to : d:/intelligent_traffic_light/intellight/top_level/top_level.gen/sources_1/bd/top_level/hdl/top_level_wrapper.v
generate_target all [get_files  D:/intelligent_traffic_light/intellight/top_level/top_level.srcs/sources_1/bd/top_level/top_level.bd]
INFO: [BD 41-1662] The design 'top_level.bd' is already validated. Therefore parameter propagation will not be re-run.
Wrote  : <D:/intelligent_traffic_light/intellight/top_level/top_level.srcs/sources_1/bd/top_level/ui/bd_39d0265a.ui> 
Verilog Output written to : d:/intelligent_traffic_light/intellight/top_level/top_level.gen/sources_1/bd/top_level/synth/top_level.v
Verilog Output written to : d:/intelligent_traffic_light/intellight/top_level/top_level.gen/sources_1/bd/top_level/sim/top_level.v
Verilog Output written to : d:/intelligent_traffic_light/intellight/top_level/top_level.gen/sources_1/bd/top_level/hdl/top_level_wrapper.v
