#-----------------------------------------------------------
# Vivado v2022.1 (64-bit)
# SW Build 3526262 on Mon Apr 18 15:48:16 MDT 2022
# IP Build 3524634 on Mon Apr 18 20:55:01 MDT 2022
# Start of session at: Tue Dec 27 08:36:17 2022
# Process ID: 13552
# Current directory: D:/intelligent_traffic_light/intellight/top_level
# Command line: vivado.exe -gui_launcher_event rodinguilauncherevent9720 D:\intelligent_traffic_light\intellight\top_level\top_level.xpr
# Log file: D:/intelligent_traffic_light/intellight/top_level/vivado.log
# Journal file: D:/intelligent_traffic_light/intellight/top_level\vivado.jou
# Running On: DESKTOP-IH2NQ0H, OS: Windows, CPU Frequency: 2304 MHz, CPU Physical cores: 4, Host memory: 8424 MB
#-----------------------------------------------------------
start_gui
open_project D:/intelligent_traffic_light/intellight/top_level/top_level.xpr
WARNING: [Board 49-26] cannot add Board Part xilinx.com:kc705:part0:1.6 available at C:/Xilinx/Vivado/2022.1/data/xhub/boards/XilinxBoardStore/boards/Xilinx/kc705/1.6/board.xml as part xc7k325tffg900-2 specified in board_part file is either invalid or not available
WARNING: [Board 49-26] cannot add Board Part xilinx.com:kcu105:part0:1.6 available at C:/Xilinx/Vivado/2022.1/data/xhub/boards/XilinxBoardStore/boards/Xilinx/kcu105/1.6/board.xml as part xcku040-ffva1156-2-e specified in board_part file is either invalid or not available
WARNING: [Board 49-26] cannot add Board Part xilinx.com:kcu105:part0:1.7 available at C:/Xilinx/Vivado/2022.1/data/xhub/boards/XilinxBoardStore/boards/Xilinx/kcu105/1.7/board.xml as part xcku040-ffva1156-2-e specified in board_part file is either invalid or not available
WARNING: [Board 49-26] cannot add Board Part xilinx.com:kcu1500:part0:1.2 available at C:/Xilinx/Vivado/2022.1/data/xhub/boards/XilinxBoardStore/boards/Xilinx/kcu1500/1.2/board.xml as part xcku115-flvb2104-2-e specified in board_part file is either invalid or not available
WARNING: [Board 49-26] cannot add Board Part xilinx.com:vc707:part0:1.4 available at C:/Xilinx/Vivado/2022.1/data/xhub/boards/XilinxBoardStore/boards/Xilinx/vc707/1.4/board.xml as part xc7vx485tffg1761-2 specified in board_part file is either invalid or not available
WARNING: [Board 49-26] cannot add Board Part xilinx.com:vc709:part0:1.8 available at C:/Xilinx/Vivado/2022.1/data/xhub/boards/XilinxBoardStore/boards/Xilinx/vc709/1.8/board.xml as part xc7vx690tffg1761-2 specified in board_part file is either invalid or not available
WARNING: [Board 49-26] cannot add Board Part xilinx.com:vck190:part0:2.2 available at C:/Xilinx/Vivado/2022.1/data/xhub/boards/XilinxBoardStore/boards/Xilinx/vck190/production/2.2/board.xml as part xcvc1902-vsva2197-2mp-e-s specified in board_part file is either invalid or not available
WARNING: [Board 49-26] cannot add Board Part xilinx.com:vck190:part0:3.0 available at C:/Xilinx/Vivado/2022.1/data/xhub/boards/XilinxBoardStore/boards/Xilinx/vck190/production/3.0/board.xml as part xcvc1902-vsva2197-2mp-e-s specified in board_part file is either invalid or not available
WARNING: [Board 49-26] cannot add Board Part xilinx.com:vck190_newl:part0:1.0 available at C:/Xilinx/Vivado/2022.1/data/xhub/boards/XilinxBoardStore/boards/Xilinx/vck190_newl/production/1.0/board.xml as part xcvc1902-vsva2197-2mp-e-s specified in board_part file is either invalid or not available
WARNING: [Board 49-26] cannot add Board Part xilinx.com:vcu108:part0:1.6 available at C:/Xilinx/Vivado/2022.1/data/xhub/boards/XilinxBoardStore/boards/Xilinx/vcu108/1.6/board.xml as part xcvu095-ffva2104-2-e specified in board_part file is either invalid or not available
WARNING: [Board 49-26] cannot add Board Part xilinx.com:vcu108:part0:1.7 available at C:/Xilinx/Vivado/2022.1/data/xhub/boards/XilinxBoardStore/boards/Xilinx/vcu108/1.7/board.xml as part xcvu095-ffva2104-2-e specified in board_part file is either invalid or not available
WARNING: [Board 49-26] cannot add Board Part xilinx.com:vcu110:part0:1.4 available at C:/Xilinx/Vivado/2022.1/data/xhub/boards/XilinxBoardStore/boards/Xilinx/vcu110/1.4/board.xml as part xcvu190-flgc2104-2-e specified in board_part file is either invalid or not available
WARNING: [Board 49-26] cannot add Board Part xilinx.com:vcu118:part0:2.0 available at C:/Xilinx/Vivado/2022.1/data/xhub/boards/XilinxBoardStore/boards/Xilinx/vcu118/2.0/board.xml as part xcvu9p-flga2104-2l-e specified in board_part file is either invalid or not available
WARNING: [Board 49-26] cannot add Board Part xilinx.com:vcu118:part0:2.3 available at C:/Xilinx/Vivado/2022.1/data/xhub/boards/XilinxBoardStore/boards/Xilinx/vcu118/2.3/board.xml as part xcvu9p-flga2104-2l-e specified in board_part file is either invalid or not available
WARNING: [Board 49-26] cannot add Board Part xilinx.com:vcu118:part0:2.4 available at C:/Xilinx/Vivado/2022.1/data/xhub/boards/XilinxBoardStore/boards/Xilinx/vcu118/2.4/board.xml as part xcvu9p-flga2104-2l-e specified in board_part file is either invalid or not available
WARNING: [Board 49-26] cannot add Board Part xilinx.com:vcu128:part0:1.0 available at C:/Xilinx/Vivado/2022.1/data/xhub/boards/XilinxBoardStore/boards/Xilinx/vcu128/production/1.0/board.xml as part xcvu37p-fsvh2892-2l-e specified in board_part file is either invalid or not available
WARNING: [Board 49-26] cannot add Board Part xilinx.com:vcu129:part0:1.0 available at C:/Xilinx/Vivado/2022.1/data/xhub/boards/XilinxBoardStore/boards/Xilinx/vcu129/production/1.0/board.xml as part xcvu29p-fsga2577-2l-e specified in board_part file is either invalid or not available
WARNING: [Board 49-26] cannot add Board Part xilinx.com:vcu1525:part0:1.3 available at C:/Xilinx/Vivado/2022.1/data/xhub/boards/XilinxBoardStore/boards/Xilinx/vcu1525/1.3/board.xml as part xcvu9p-fsgd2104-2l-e specified in board_part file is either invalid or not available
WARNING: [Board 49-26] cannot add Board Part xilinx.com:vermeo_t1_mpsoc:part0:1.0 available at C:/Xilinx/Vivado/2022.1/data/xhub/boards/XilinxBoardStore/boards/Xilinx/vermeo_t1_mpsoc/1.0/board.xml as part xczu19eg-ffvd1760-2l-e specified in board_part file is either invalid or not available
WARNING: [Board 49-26] cannot add Board Part xilinx.com:vermeo_t1_rfsoc:part0:1.0 available at C:/Xilinx/Vivado/2022.1/data/xhub/boards/XilinxBoardStore/boards/Xilinx/vermeo_t1_rfsoc/1.0/board.xml as part xczu21dr-ffvd1156-2l-e specified in board_part file is either invalid or not available
WARNING: [Board 49-26] cannot add Board Part xilinx.com:vmk180:part0:2.2 available at C:/Xilinx/Vivado/2022.1/data/xhub/boards/XilinxBoardStore/boards/Xilinx/vmk180/production/2.2/board.xml as part xcvm1802-vsva2197-2mp-e-s specified in board_part file is either invalid or not available
WARNING: [Board 49-26] cannot add Board Part xilinx.com:vmk180:part0:3.0 available at C:/Xilinx/Vivado/2022.1/data/xhub/boards/XilinxBoardStore/boards/Xilinx/vmk180/production/3.0/board.xml as part xcvm1802-vsva2197-2mp-e-s specified in board_part file is either invalid or not available
WARNING: [Board 49-26] cannot add Board Part xilinx.com:vmk180_newl:part0:1.0 available at C:/Xilinx/Vivado/2022.1/data/xhub/boards/XilinxBoardStore/boards/Xilinx/vmk180_newl/production/1.0/board.xml as part xcvm1802-vsva2197-2mp-e-s specified in board_part file is either invalid or not available
WARNING: [Board 49-26] cannot add Board Part xilinx.com:vpk120_es:part0:1.2 available at C:/Xilinx/Vivado/2022.1/data/xhub/boards/XilinxBoardStore/boards/Xilinx/vpk120/es/1.2/board.xml as part xcvp1202-vsva2785-2mp-e-s-es1 specified in board_part file is either invalid or not available
WARNING: [Board 49-26] cannot add Board Part xilinx.com:vpk120_es_revb:part0:1.0 available at C:/Xilinx/Vivado/2022.1/data/xhub/boards/XilinxBoardStore/boards/Xilinx/vpk120_revb/es/1.0/board.xml as part xcvp1202-vsva2785-2mp-e-s-es1 specified in board_part file is either invalid or not available
WARNING: [Board 49-26] cannot add Board Part xilinx.com:zc706:part0:1.4 available at C:/Xilinx/Vivado/2022.1/data/xhub/boards/XilinxBoardStore/boards/Xilinx/zc706/1.4/board.xml as part xc7z045ffg900-2 specified in board_part file is either invalid or not available
WARNING: [Board 49-26] cannot add Board Part xilinx.com:zcu102:part0:3.3 available at C:/Xilinx/Vivado/2022.1/data/xhub/boards/XilinxBoardStore/boards/Xilinx/zcu102/3.3/board.xml as part xczu9eg-ffvb1156-2-e specified in board_part file is either invalid or not available
WARNING: [Board 49-26] cannot add Board Part xilinx.com:zcu102:part0:3.4 available at C:/Xilinx/Vivado/2022.1/data/xhub/boards/XilinxBoardStore/boards/Xilinx/zcu102/3.4/board.xml as part xczu9eg-ffvb1156-2-e specified in board_part file is either invalid or not available
WARNING: [Board 49-26] cannot add Board Part xilinx.com:zcu111:part0:1.2 available at C:/Xilinx/Vivado/2022.1/data/xhub/boards/XilinxBoardStore/boards/Xilinx/zcu111/1.2/board.xml as part xczu28dr-ffvg1517-2-e specified in board_part file is either invalid or not available
WARNING: [Board 49-26] cannot add Board Part xilinx.com:zcu111:part0:1.3 available at C:/Xilinx/Vivado/2022.1/data/xhub/boards/XilinxBoardStore/boards/Xilinx/zcu111/1.3/board.xml as part xczu28dr-ffvg1517-2-e specified in board_part file is either invalid or not available
WARNING: [Board 49-26] cannot add Board Part xilinx.com:zcu111:part0:1.4 available at C:/Xilinx/Vivado/2022.1/data/xhub/boards/XilinxBoardStore/boards/Xilinx/zcu111/1.4/board.xml as part xczu28dr-ffvg1517-2-e specified in board_part file is either invalid or not available
WARNING: [Board 49-26] cannot add Board Part xilinx.com:zcu1275:part0:1.0 available at C:/Xilinx/Vivado/2022.1/data/xhub/boards/XilinxBoardStore/boards/Xilinx/zcu1275/1.0/board.xml as part xczu29dr-ffvf1760-2-e specified in board_part file is either invalid or not available
WARNING: [Board 49-26] cannot add Board Part xilinx.com:zcu1285:part0:1.0 available at C:/Xilinx/Vivado/2022.1/data/xhub/boards/XilinxBoardStore/boards/Xilinx/zcu1285/1.0/board.xml as part xczu39dr-ffvf1760-2-i specified in board_part file is either invalid or not available
WARNING: [Board 49-26] cannot add Board Part xilinx.com:zcu208:part0:2.0 available at C:/Xilinx/Vivado/2022.1/data/xhub/boards/XilinxBoardStore/boards/Xilinx/zcu208/production/2.0/board.xml as part xczu48dr-fsvg1517-2-e specified in board_part file is either invalid or not available
WARNING: [Board 49-26] cannot add Board Part xilinx.com:zcu208ld:part0:2.0 available at C:/Xilinx/Vivado/2022.1/data/xhub/boards/XilinxBoardStore/boards/Xilinx/zcu208ld/production/2.0/board.xml as part xczu58dr-fsvg1517-2-i specified in board_part file is either invalid or not available
WARNING: [Board 49-26] cannot add Board Part xilinx.com:zcu216:part0:2.0 available at C:/Xilinx/Vivado/2022.1/data/xhub/boards/XilinxBoardStore/boards/Xilinx/zcu216/production/2.0/board.xml as part xczu49dr-ffvf1760-2-e specified in board_part file is either invalid or not available
WARNING: [Board 49-26] cannot add Board Part xilinx.com:zcu216ld:part0:2.0 available at C:/Xilinx/Vivado/2022.1/data/xhub/boards/XilinxBoardStore/boards/Xilinx/zcu216ld/production/2.0/board.xml as part xczu59dr-ffvf1760-2-i specified in board_part file is either invalid or not available
WARNING: [Board 49-26] cannot add Board Part xilinx.com:zcu670:part0:2.0 available at C:/Xilinx/Vivado/2022.1/data/xhub/boards/XilinxBoardStore/boards/Xilinx/zcu670/2.0/board.xml as part xczu67dr-fsve1156-2-i specified in board_part file is either invalid or not available
WARNING: [Board 49-26] cannot add Board Part xilinx.com:zcu670ld:part0:1.0 available at C:/Xilinx/Vivado/2022.1/data/xhub/boards/XilinxBoardStore/boards/Xilinx/zcu670ld/1.0/board.xml as part xczu57dr-fsve1156-2-i specified in board_part file is either invalid or not available
Scanning sources...
Finished scanning sources
INFO: [IP_Flow 19-234] Refreshing IP repositories
INFO: [IP_Flow 19-1700] Loaded user IP repository 'd:/intelligent_traffic_light/intellight/accelerator/Intellight_Accelerator_1.0'.
INFO: [IP_Flow 19-2313] Loaded Vivado IP repository 'C:/Xilinx/Vivado/2022.1/data/ip'.
open_project: Time (s): cpu = 00:00:28 ; elapsed = 00:00:19 . Memory (MB): peak = 1235.750 ; gain = 0.000
update_compile_order -fileset sources_1
open_bd_design {D:/intelligent_traffic_light/intellight/top_level/top_level.srcs/sources_1/bd/top_level/top_level.bd}
Reading block design file <D:/intelligent_traffic_light/intellight/top_level/top_level.srcs/sources_1/bd/top_level/top_level.bd>...
Adding component instance block -- xilinx.com:ip:processing_system7:5.5 - processing_system7_0
Adding Block Design Container - Q_Matrix_0
Adding component instance block -- xilinx.com:ip:axi_intc:4.1 - axi_intc_0
Adding component instance block -- xilinx.com:ip:axi_interconnect:2.1 - ps7_0_axi_periph
Adding component instance block -- xilinx.com:ip:axi_crossbar:2.1 - xbar
Adding component instance block -- xilinx.com:ip:axi_protocol_converter:2.1 - auto_pc
Adding component instance block -- xilinx.com:ip:proc_sys_reset:5.0 - rst_ps7_0_100M
Adding component instance block -- xilinx.com:user:Intellight_Accelerator:1.0 - Intellight_Accelerat_0
Successfully read diagram <top_level> from block design file <D:/intelligent_traffic_light/intellight/top_level/top_level.srcs/sources_1/bd/top_level/top_level.bd>
open_bd_design: Time (s): cpu = 00:00:18 ; elapsed = 00:00:13 . Memory (MB): peak = 1235.750 ; gain = 0.000
startgroup
create_bd_port -dir O finish
connect_bd_net [get_bd_pins /Intellight_Accelerat_0/finish] [get_bd_ports finish]
endgroup
save_bd_design
Wrote  : <D:\intelligent_traffic_light\intellight\top_level\top_level.gen\sources_1\bd\top_level\bd\Q_Matrix_inst_0\Q_Matrix_inst_0.bd> 
Wrote  : <D:\intelligent_traffic_light\intellight\top_level\top_level.srcs\sources_1\bd\top_level\top_level.bd> 
Wrote  : <D:/intelligent_traffic_light/intellight/top_level/top_level.srcs/sources_1/bd/top_level/ui/bd_39d0265a.ui> 
make_wrapper -files [get_files D:/intelligent_traffic_light/intellight/top_level/top_level.srcs/sources_1/bd/top_level/top_level.bd] -top
WARNING: [BD 41-702] Propagation TCL tries to overwrite USER strength parameter PCW_M_AXI_GP0_FREQMHZ(10) on '/processing_system7_0' with propagated value(90). Command ignored
WARNING: [xilinx.com:ip:axi_intc:4.1-4] /axi_intc_0: Could not determine interrupt input port type - using default interrupt type Rising Edge. Please change this manually if necessary.
Wrote  : <D:\intelligent_traffic_light\intellight\top_level\top_level.gen\sources_1\bd\top_level\bd\Q_Matrix_inst_0\Q_Matrix_inst_0.bd> 
Wrote  : <D:\intelligent_traffic_light\intellight\top_level\top_level.srcs\sources_1\bd\top_level\top_level.bd> 
Verilog Output written to : d:/intelligent_traffic_light/intellight/top_level/top_level.gen/sources_1/bd/top_level/synth/top_level.v
Verilog Output written to : d:/intelligent_traffic_light/intellight/top_level/top_level.gen/sources_1/bd/top_level/sim/top_level.v
Verilog Output written to : d:/intelligent_traffic_light/intellight/top_level/top_level.gen/sources_1/bd/top_level/hdl/top_level_wrapper.v
Wrote  : <D:\intelligent_traffic_light\intellight\top_level\top_level.gen\sources_1\bd\top_level\bd\Q_Matrix_inst_0\Q_Matrix_inst_0.bd> 
make_wrapper: Time (s): cpu = 00:00:16 ; elapsed = 00:00:18 . Memory (MB): peak = 1587.219 ; gain = 227.312
reset_run synth_1
INFO: [Project 1-1161] Replacing file D:/intelligent_traffic_light/intellight/top_level/top_level.srcs/utils_1/imports/synth_1/top_level_wrapper.dcp with file D:/intelligent_traffic_light/intellight/top_level/top_level.runs/synth_1/top_level_wrapper.dcp
launch_runs impl_1 -jobs 8
INFO: [BD 41-1662] The design 'top_level.bd' is already validated. Therefore parameter propagation will not be re-run.
Wrote  : <D:\intelligent_traffic_light\intellight\top_level\top_level.gen\sources_1\bd\top_level\bd\Q_Matrix_inst_0\Q_Matrix_inst_0.bd> 
Wrote  : <D:/intelligent_traffic_light/intellight/top_level/top_level.srcs/sources_1/bd/top_level/ui/bd_39d0265a.ui> 
Verilog Output written to : d:/intelligent_traffic_light/intellight/top_level/top_level.gen/sources_1/bd/top_level/synth/top_level.v
Verilog Output written to : d:/intelligent_traffic_light/intellight/top_level/top_level.gen/sources_1/bd/top_level/sim/top_level.v
Verilog Output written to : d:/intelligent_traffic_light/intellight/top_level/top_level.gen/sources_1/bd/top_level/hdl/top_level_wrapper.v
Wrote  : <D:\intelligent_traffic_light\intellight\top_level\top_level.gen\sources_1\bd\top_level\bd\Q_Matrix_inst_0\Q_Matrix_inst_0.bd> 
WARNING: [IP_Flow 19-4994] Overwriting existing constraint file 'd:/intelligent_traffic_light/intellight/top_level/top_level.gen/sources_1/bd/top_level/ip/top_level_auto_pc_0/top_level_auto_pc_0_ooc.xdc'
INFO: [BD 41-1029] Generation completed for the IP Integrator block ps7_0_axi_periph/s00_couplers/auto_pc .
INFO: [BD 41-1662] The design 'Q_Matrix_inst_0.bd' is already validated. Therefore parameter propagation will not be re-run.
Verilog Output written to : D:/intelligent_traffic_light/intellight/top_level/top_level.gen/sources_1/bd/top_level/bd/Q_Matrix_inst_0/synth/Q_Matrix_inst_0.v
Verilog Output written to : D:/intelligent_traffic_light/intellight/top_level/top_level.gen/sources_1/bd/top_level/bd/Q_Matrix_inst_0/sim/Q_Matrix_inst_0.v
Verilog Output written to : D:/intelligent_traffic_light/intellight/top_level/top_level.gen/sources_1/bd/top_level/bd/Q_Matrix_inst_0/hdl/Q_Matrix_inst_0_wrapper.v
Exporting to file D:/intelligent_traffic_light/intellight/top_level/top_level.gen/sources_1/bd/top_level/bd/Q_Matrix_inst_0/hw_handoff/Q_Matrix_inst_0.hwh
Generated Hardware Definition File D:/intelligent_traffic_light/intellight/top_level/top_level.gen/sources_1/bd/top_level/bd/Q_Matrix_inst_0/synth/Q_Matrix_inst_0.hwdef
Exporting to file d:/intelligent_traffic_light/intellight/top_level/top_level.gen/sources_1/bd/top_level/hw_handoff/top_level.hwh
Generated Hardware Definition File d:/intelligent_traffic_light/intellight/top_level/top_level.gen/sources_1/bd/top_level/synth/top_level.hwdef
INFO: [IP_Flow 19-4993] Using cached IP synthesis design for IP top_level_auto_pc_0, cache-ID = 64839035207d7542; cache size = 38.509 MB.
[Tue Dec 27 08:39:56 2022] Launched synth_1...
Run output will be captured here: D:/intelligent_traffic_light/intellight/top_level/top_level.runs/synth_1/runme.log
[Tue Dec 27 08:39:56 2022] Launched impl_1...
Run output will be captured here: D:/intelligent_traffic_light/intellight/top_level/top_level.runs/impl_1/runme.log
launch_runs: Time (s): cpu = 00:00:06 ; elapsed = 00:00:10 . Memory (MB): peak = 1633.438 ; gain = 36.641
