INFO: [VRFC 10-2263] Analyzing Verilog file "F:/intelligent_traffic_light/optimized_intellight/optimized_intellight.sim/sim_1/synth/timing/xsim/simulate_tb_time_synth.v" into library xil_defaultlib
INFO: [VRFC 10-311] analyzing module Action_RAM_imp_7YDQNW
INFO: [VRFC 10-311] analyzing module PL_RAM_imp_1KVKOLK
INFO: [VRFC 10-311] analyzing module simulate
INFO: [VRFC 10-311] analyzing module simulate_Action_RAM0_2
INFO: [VRFC 10-311] analyzing module simulate_Action_RAM1_2
INFO: [VRFC 10-311] analyzing module simulate_Action_RAM2_2
INFO: [VRFC 10-311] analyzing module simulate_Action_RAM3_2
INFO: [VRFC 10-311] analyzing module simulate_CU_0_1
INFO: [VRFC 10-311] analyzing module simulate_CU_0_1_CU
INFO: [VRFC 10-311] analyzing module simulate_MII_0_2
INFO: [VRFC 10-311] analyzing module simulate_MII_0_2_MII
INFO: [VRFC 10-311] analyzing module simulate_PG_0_2
INFO: [VRFC 10-311] analyzing module simulate_PG_0_2_PG
INFO: [VRFC 10-311] analyzing module simulate_QA_0_2
INFO: [VRFC 10-311] analyzing module simulate_QA_0_2_QA
INFO: [VRFC 10-311] analyzing module simulate_QA_0_2_multiply
INFO: [VRFC 10-311] analyzing module simulate_QA_0_2_multiply_0
INFO: [VRFC 10-311] analyzing module simulate_QA_0_2_mux4to1_32bit
INFO: [VRFC 10-311] analyzing module simulate_RAM0_2
INFO: [VRFC 10-311] analyzing module simulate_RAM1_2
INFO: [VRFC 10-311] analyzing module simulate_RAM2_2
INFO: [VRFC 10-311] analyzing module simulate_RAM3_2
INFO: [VRFC 10-311] analyzing module simulate_RD_0_2
INFO: [VRFC 10-311] analyzing module simulate_RD_0_2_RD
INFO: [VRFC 10-311] analyzing module simulate_SD_0_2
INFO: [VRFC 10-311] analyzing module simulate_SD_0_2_SD
INFO: [VRFC 10-311] analyzing module simulate_const_1_5
INFO: [VRFC 10-311] analyzing module simulate_wrapper
INFO: [VRFC 10-311] analyzing module simulate_Action_RAM0_2_blk_mem_gen_generic_cstr
INFO: [VRFC 10-311] analyzing module simulate_Action_RAM0_2_blk_mem_gen_prim_width
INFO: [VRFC 10-311] analyzing module simulate_Action_RAM0_2_blk_mem_gen_prim_width__parameterized0
INFO: [VRFC 10-311] analyzing module simulate_Action_RAM0_2_blk_mem_gen_prim_width__parameterized1
INFO: [VRFC 10-311] analyzing module simulate_Action_RAM0_2_blk_mem_gen_prim_width__parameterized2
INFO: [VRFC 10-311] analyzing module simulate_Action_RAM0_2_blk_mem_gen_prim_wrapper
INFO: [VRFC 10-311] analyzing module simulate_Action_RAM0_2_blk_mem_gen_prim_wrapper__parameterized0
INFO: [VRFC 10-311] analyzing module simulate_Action_RAM0_2_blk_mem_gen_prim_wrapper__parameterized1
INFO: [VRFC 10-311] analyzing module simulate_Action_RAM0_2_blk_mem_gen_prim_wrapper__parameterized2
INFO: [VRFC 10-311] analyzing module simulate_Action_RAM0_2_blk_mem_gen_top
INFO: [VRFC 10-311] analyzing module simulate_Action_RAM0_2_blk_mem_gen_v8_4_4
INFO: [VRFC 10-311] analyzing module simulate_Action_RAM0_2_blk_mem_gen_v8_4_4_synth
INFO: [VRFC 10-311] analyzing module simulate_Action_RAM1_2_blk_mem_gen_generic_cstr
INFO: [VRFC 10-311] analyzing module simulate_Action_RAM1_2_blk_mem_gen_prim_width
INFO: [VRFC 10-311] analyzing module simulate_Action_RAM1_2_blk_mem_gen_prim_width__parameterized0
INFO: [VRFC 10-311] analyzing module simulate_Action_RAM1_2_blk_mem_gen_prim_width__parameterized1
INFO: [VRFC 10-311] analyzing module simulate_Action_RAM1_2_blk_mem_gen_prim_width__parameterized2
INFO: [VRFC 10-311] analyzing module simulate_Action_RAM1_2_blk_mem_gen_prim_wrapper
INFO: [VRFC 10-311] analyzing module simulate_Action_RAM1_2_blk_mem_gen_prim_wrapper__parameterized0
INFO: [VRFC 10-311] analyzing module simulate_Action_RAM1_2_blk_mem_gen_prim_wrapper__parameterized1
INFO: [VRFC 10-311] analyzing module simulate_Action_RAM1_2_blk_mem_gen_prim_wrapper__parameterized2
INFO: [VRFC 10-311] analyzing module simulate_Action_RAM1_2_blk_mem_gen_top
INFO: [VRFC 10-311] analyzing module simulate_Action_RAM1_2_blk_mem_gen_v8_4_4
INFO: [VRFC 10-311] analyzing module simulate_Action_RAM1_2_blk_mem_gen_v8_4_4_synth
INFO: [VRFC 10-311] analyzing module simulate_Action_RAM2_2_blk_mem_gen_generic_cstr
INFO: [VRFC 10-311] analyzing module simulate_Action_RAM2_2_blk_mem_gen_prim_width
INFO: [VRFC 10-311] analyzing module simulate_Action_RAM2_2_blk_mem_gen_prim_width__parameterized0
INFO: [VRFC 10-311] analyzing module simulate_Action_RAM2_2_blk_mem_gen_prim_width__parameterized1
INFO: [VRFC 10-311] analyzing module simulate_Action_RAM2_2_blk_mem_gen_prim_width__parameterized2
INFO: [VRFC 10-311] analyzing module simulate_Action_RAM2_2_blk_mem_gen_prim_wrapper
INFO: [VRFC 10-311] analyzing module simulate_Action_RAM2_2_blk_mem_gen_prim_wrapper__parameterized0
INFO: [VRFC 10-311] analyzing module simulate_Action_RAM2_2_blk_mem_gen_prim_wrapper__parameterized1
INFO: [VRFC 10-311] analyzing module simulate_Action_RAM2_2_blk_mem_gen_prim_wrapper__parameterized2
INFO: [VRFC 10-311] analyzing module simulate_Action_RAM2_2_blk_mem_gen_top
INFO: [VRFC 10-311] analyzing module simulate_Action_RAM2_2_blk_mem_gen_v8_4_4
INFO: [VRFC 10-311] analyzing module simulate_Action_RAM2_2_blk_mem_gen_v8_4_4_synth
INFO: [VRFC 10-311] analyzing module simulate_Action_RAM3_2_blk_mem_gen_generic_cstr
INFO: [VRFC 10-311] analyzing module simulate_Action_RAM3_2_blk_mem_gen_prim_width
INFO: [VRFC 10-311] analyzing module simulate_Action_RAM3_2_blk_mem_gen_prim_width__parameterized0
INFO: [VRFC 10-311] analyzing module simulate_Action_RAM3_2_blk_mem_gen_prim_width__parameterized1
INFO: [VRFC 10-311] analyzing module simulate_Action_RAM3_2_blk_mem_gen_prim_width__parameterized2
INFO: [VRFC 10-311] analyzing module simulate_Action_RAM3_2_blk_mem_gen_prim_wrapper
INFO: [VRFC 10-311] analyzing module simulate_Action_RAM3_2_blk_mem_gen_prim_wrapper__parameterized0
INFO: [VRFC 10-311] analyzing module simulate_Action_RAM3_2_blk_mem_gen_prim_wrapper__parameterized1
INFO: [VRFC 10-311] analyzing module simulate_Action_RAM3_2_blk_mem_gen_prim_wrapper__parameterized2
INFO: [VRFC 10-311] analyzing module simulate_Action_RAM3_2_blk_mem_gen_top
INFO: [VRFC 10-311] analyzing module simulate_Action_RAM3_2_blk_mem_gen_v8_4_4
INFO: [VRFC 10-311] analyzing module simulate_Action_RAM3_2_blk_mem_gen_v8_4_4_synth
INFO: [VRFC 10-311] analyzing module simulate_RAM0_2_blk_mem_gen_generic_cstr
INFO: [VRFC 10-311] analyzing module simulate_RAM0_2_blk_mem_gen_prim_width
INFO: [VRFC 10-311] analyzing module simulate_RAM0_2_blk_mem_gen_prim_width__parameterized0
INFO: [VRFC 10-311] analyzing module simulate_RAM0_2_blk_mem_gen_prim_width__parameterized1
INFO: [VRFC 10-311] analyzing module simulate_RAM0_2_blk_mem_gen_prim_width__parameterized2
INFO: [VRFC 10-311] analyzing module simulate_RAM0_2_blk_mem_gen_prim_wrapper
INFO: [VRFC 10-311] analyzing module simulate_RAM0_2_blk_mem_gen_prim_wrapper__parameterized0
INFO: [VRFC 10-311] analyzing module simulate_RAM0_2_blk_mem_gen_prim_wrapper__parameterized1
INFO: [VRFC 10-311] analyzing module simulate_RAM0_2_blk_mem_gen_prim_wrapper__parameterized2
INFO: [VRFC 10-311] analyzing module simulate_RAM0_2_blk_mem_gen_top
INFO: [VRFC 10-311] analyzing module simulate_RAM0_2_blk_mem_gen_v8_4_4
INFO: [VRFC 10-311] analyzing module simulate_RAM0_2_blk_mem_gen_v8_4_4_synth
INFO: [VRFC 10-311] analyzing module simulate_RAM1_2_blk_mem_gen_generic_cstr
INFO: [VRFC 10-311] analyzing module simulate_RAM1_2_blk_mem_gen_prim_width
INFO: [VRFC 10-311] analyzing module simulate_RAM1_2_blk_mem_gen_prim_width__parameterized0
INFO: [VRFC 10-311] analyzing module simulate_RAM1_2_blk_mem_gen_prim_width__parameterized1
INFO: [VRFC 10-311] analyzing module simulate_RAM1_2_blk_mem_gen_prim_width__parameterized2
INFO: [VRFC 10-311] analyzing module simulate_RAM1_2_blk_mem_gen_prim_wrapper
INFO: [VRFC 10-311] analyzing module simulate_RAM1_2_blk_mem_gen_prim_wrapper__parameterized0
INFO: [VRFC 10-311] analyzing module simulate_RAM1_2_blk_mem_gen_prim_wrapper__parameterized1
INFO: [VRFC 10-311] analyzing module simulate_RAM1_2_blk_mem_gen_prim_wrapper__parameterized2
INFO: [VRFC 10-311] analyzing module simulate_RAM1_2_blk_mem_gen_top
INFO: [VRFC 10-311] analyzing module simulate_RAM1_2_blk_mem_gen_v8_4_4
INFO: [VRFC 10-311] analyzing module simulate_RAM1_2_blk_mem_gen_v8_4_4_synth
INFO: [VRFC 10-311] analyzing module simulate_RAM2_2_blk_mem_gen_generic_cstr
INFO: [VRFC 10-311] analyzing module simulate_RAM2_2_blk_mem_gen_prim_width
INFO: [VRFC 10-311] analyzing module simulate_RAM2_2_blk_mem_gen_prim_width__parameterized0
INFO: [VRFC 10-311] analyzing module simulate_RAM2_2_blk_mem_gen_prim_width__parameterized1
INFO: [VRFC 10-311] analyzing module simulate_RAM2_2_blk_mem_gen_prim_width__parameterized2
INFO: [VRFC 10-311] analyzing module simulate_RAM2_2_blk_mem_gen_prim_wrapper
INFO: [VRFC 10-311] analyzing module simulate_RAM2_2_blk_mem_gen_prim_wrapper__parameterized0
INFO: [VRFC 10-311] analyzing module simulate_RAM2_2_blk_mem_gen_prim_wrapper__parameterized1
INFO: [VRFC 10-311] analyzing module simulate_RAM2_2_blk_mem_gen_prim_wrapper__parameterized2
INFO: [VRFC 10-311] analyzing module simulate_RAM2_2_blk_mem_gen_top
INFO: [VRFC 10-311] analyzing module simulate_RAM2_2_blk_mem_gen_v8_4_4
INFO: [VRFC 10-311] analyzing module simulate_RAM2_2_blk_mem_gen_v8_4_4_synth
INFO: [VRFC 10-311] analyzing module simulate_RAM3_2_blk_mem_gen_generic_cstr
INFO: [VRFC 10-311] analyzing module simulate_RAM3_2_blk_mem_gen_prim_width
INFO: [VRFC 10-311] analyzing module simulate_RAM3_2_blk_mem_gen_prim_width__parameterized0
INFO: [VRFC 10-311] analyzing module simulate_RAM3_2_blk_mem_gen_prim_width__parameterized1
INFO: [VRFC 10-311] analyzing module simulate_RAM3_2_blk_mem_gen_prim_width__parameterized2
INFO: [VRFC 10-311] analyzing module simulate_RAM3_2_blk_mem_gen_prim_wrapper
INFO: [VRFC 10-311] analyzing module simulate_RAM3_2_blk_mem_gen_prim_wrapper__parameterized0
INFO: [VRFC 10-311] analyzing module simulate_RAM3_2_blk_mem_gen_prim_wrapper__parameterized1
INFO: [VRFC 10-311] analyzing module simulate_RAM3_2_blk_mem_gen_prim_wrapper__parameterized2
INFO: [VRFC 10-311] analyzing module simulate_RAM3_2_blk_mem_gen_top
INFO: [VRFC 10-311] analyzing module simulate_RAM3_2_blk_mem_gen_v8_4_4
INFO: [VRFC 10-311] analyzing module simulate_RAM3_2_blk_mem_gen_v8_4_4_synth
INFO: [VRFC 10-311] analyzing module glbl
INFO: [VRFC 10-2263] Analyzing Verilog file "F:/intelligent_traffic_light/optimized_intellight/optimized_intellight.srcs/sim_1/new/simulate_tb.v" into library xil_defaultlib
INFO: [VRFC 10-311] analyzing module simulate_tb
