INFO: [VRFC 10-2263] Analyzing Verilog file "F:/intelligent_traffic_light/optimized_intellight/optimized_intellight.srcs/sources_1/new/RD.v" into library xil_defaultlib
INFO: [VRFC 10-311] analyzing module RD
INFO: [VRFC 10-2263] Analyzing Verilog file "F:/intelligent_traffic_light/optimized_intellight/optimized_intellight.srcs/sources_1/new/SD.v" into library xil_defaultlib
INFO: [VRFC 10-311] analyzing module SD
INFO: [VRFC 10-2263] Analyzing Verilog file "F:/intelligent_traffic_light/optimized_intellight/optimized_intellight.srcs/sources_1/new/file_max.v" into library xil_defaultlib
INFO: [VRFC 10-311] analyzing module max4to1_3bit
INFO: [VRFC 10-311] analyzing module min4to1_3bit
INFO: [VRFC 10-2263] Analyzing Verilog file "F:/intelligent_traffic_light/optimized_intellight/optimized_intellight.srcs/sources_1/new/PG.v" into library xil_defaultlib
INFO: [VRFC 10-311] analyzing module PG
INFO: [VRFC 10-2263] Analyzing Verilog file "F:/intelligent_traffic_light/optimized_intellight/optimized_intellight.srcs/sources_1/new/MII.v" into library xil_defaultlib
INFO: [VRFC 10-311] analyzing module MII
INFO: [VRFC 10-311] analyzing module wen_decoder
INFO: [VRFC 10-2263] Analyzing Verilog file "F:/intelligent_traffic_light/optimized_intellight/optimized_intellight.srcs/sources_1/new/file_arith.v" into library xil_defaultlib
INFO: [VRFC 10-311] analyzing module multiply
INFO: [VRFC 10-311] analyzing module r_shift
INFO: [VRFC 10-311] analyzing module lsfr_16bit
INFO: [VRFC 10-311] analyzing module lsfr_12bit
INFO: [VRFC 10-311] analyzing module lsfr_32bit
INFO: [VRFC 10-2263] Analyzing Verilog file "F:/intelligent_traffic_light/optimized_intellight/optimized_intellight.srcs/sources_1/new/file_mux.v" into library xil_defaultlib
INFO: [VRFC 10-311] analyzing module mux4to1_32bit
INFO: [VRFC 10-2263] Analyzing Verilog file "F:/intelligent_traffic_light/optimized_intellight/optimized_intellight.srcs/sources_1/new/QA.v" into library xil_defaultlib
INFO: [VRFC 10-311] analyzing module QA
WARNING: [VRFC 10-3380] identifier 'R_reg0' is used before its declaration [F:/intelligent_traffic_light/optimized_intellight/optimized_intellight.srcs/sources_1/new/QA.v:69]
INFO: [VRFC 10-2263] Analyzing Verilog file "F:/intelligent_traffic_light/optimized_intellight/optimized_intellight.srcs/sources_1/new/CU.v" into library xil_defaultlib
INFO: [VRFC 10-311] analyzing module CU
INFO: [VRFC 10-2263] Analyzing Verilog file "F:/intelligent_traffic_light/optimized_intellight/optimized_intellight.ip_user_files/bd/simulate/ip/simulate_const_1_4/sim/simulate_const_1_4.v" into library xil_defaultlib
INFO: [VRFC 10-311] analyzing module simulate_const_1_4
INFO: [VRFC 10-2263] Analyzing Verilog file "F:/intelligent_traffic_light/optimized_intellight/optimized_intellight.ip_user_files/bd/simulate/ip/simulate_cons_0000_2/sim/simulate_cons_0000_2.v" into library xil_defaultlib
INFO: [VRFC 10-311] analyzing module simulate_cons_0000_2
INFO: [VRFC 10-2263] Analyzing Verilog file "F:/intelligent_traffic_light/optimized_intellight/optimized_intellight.ip_user_files/bd/simulate/ip/simulate_Action_RAM0_2/sim/simulate_Action_RAM0_2.v" into library xil_defaultlib
INFO: [VRFC 10-311] analyzing module simulate_Action_RAM0_2
INFO: [VRFC 10-2263] Analyzing Verilog file "F:/intelligent_traffic_light/optimized_intellight/optimized_intellight.ip_user_files/bd/simulate/ip/simulate_Action_RAM1_2/sim/simulate_Action_RAM1_2.v" into library xil_defaultlib
INFO: [VRFC 10-311] analyzing module simulate_Action_RAM1_2
INFO: [VRFC 10-2263] Analyzing Verilog file "F:/intelligent_traffic_light/optimized_intellight/optimized_intellight.ip_user_files/bd/simulate/ip/simulate_Action_RAM2_2/sim/simulate_Action_RAM2_2.v" into library xil_defaultlib
INFO: [VRFC 10-311] analyzing module simulate_Action_RAM2_2
INFO: [VRFC 10-2263] Analyzing Verilog file "F:/intelligent_traffic_light/optimized_intellight/optimized_intellight.ip_user_files/bd/simulate/ip/simulate_Action_RAM3_2/sim/simulate_Action_RAM3_2.v" into library xil_defaultlib
INFO: [VRFC 10-311] analyzing module simulate_Action_RAM3_2
INFO: [VRFC 10-2263] Analyzing Verilog file "F:/intelligent_traffic_light/optimized_intellight/optimized_intellight.ip_user_files/bd/simulate/ip/simulate_const_1_5/sim/simulate_const_1_5.v" into library xil_defaultlib
INFO: [VRFC 10-311] analyzing module simulate_const_1_5
INFO: [VRFC 10-2263] Analyzing Verilog file "F:/intelligent_traffic_light/optimized_intellight/optimized_intellight.ip_user_files/bd/simulate/ip/simulate_RAM0_2/sim/simulate_RAM0_2.v" into library xil_defaultlib
INFO: [VRFC 10-311] analyzing module simulate_RAM0_2
INFO: [VRFC 10-2263] Analyzing Verilog file "F:/intelligent_traffic_light/optimized_intellight/optimized_intellight.ip_user_files/bd/simulate/ip/simulate_RAM1_2/sim/simulate_RAM1_2.v" into library xil_defaultlib
INFO: [VRFC 10-311] analyzing module simulate_RAM1_2
INFO: [VRFC 10-2263] Analyzing Verilog file "F:/intelligent_traffic_light/optimized_intellight/optimized_intellight.ip_user_files/bd/simulate/ip/simulate_RAM2_2/sim/simulate_RAM2_2.v" into library xil_defaultlib
INFO: [VRFC 10-311] analyzing module simulate_RAM2_2
INFO: [VRFC 10-2263] Analyzing Verilog file "F:/intelligent_traffic_light/optimized_intellight/optimized_intellight.ip_user_files/bd/simulate/ip/simulate_RAM3_2/sim/simulate_RAM3_2.v" into library xil_defaultlib
INFO: [VRFC 10-311] analyzing module simulate_RAM3_2
INFO: [VRFC 10-2263] Analyzing Verilog file "F:/intelligent_traffic_light/optimized_intellight/optimized_intellight.ip_user_files/bd/simulate/ip/simulate_RD_0_2/sim/simulate_RD_0_2.v" into library xil_defaultlib
INFO: [VRFC 10-311] analyzing module simulate_RD_0_2
INFO: [VRFC 10-2263] Analyzing Verilog file "F:/intelligent_traffic_light/optimized_intellight/optimized_intellight.ip_user_files/bd/simulate/ip/simulate_SD_0_2/sim/simulate_SD_0_2.v" into library xil_defaultlib
INFO: [VRFC 10-311] analyzing module simulate_SD_0_2
INFO: [VRFC 10-2263] Analyzing Verilog file "F:/intelligent_traffic_light/optimized_intellight/optimized_intellight.ip_user_files/bd/simulate/ip/simulate_PG_0_2/sim/simulate_PG_0_2.v" into library xil_defaultlib
INFO: [VRFC 10-311] analyzing module simulate_PG_0_2
INFO: [VRFC 10-2263] Analyzing Verilog file "F:/intelligent_traffic_light/optimized_intellight/optimized_intellight.ip_user_files/bd/simulate/ip/simulate_MII_0_2/sim/simulate_MII_0_2.v" into library xil_defaultlib
INFO: [VRFC 10-311] analyzing module simulate_MII_0_2
INFO: [VRFC 10-2263] Analyzing Verilog file "F:/intelligent_traffic_light/optimized_intellight/optimized_intellight.ip_user_files/bd/simulate/ip/simulate_QA_0_2/sim/simulate_QA_0_2.v" into library xil_defaultlib
INFO: [VRFC 10-311] analyzing module simulate_QA_0_2
INFO: [VRFC 10-2263] Analyzing Verilog file "F:/intelligent_traffic_light/optimized_intellight/optimized_intellight.ip_user_files/bd/simulate/ip/simulate_CU_0_1/sim/simulate_CU_0_1.v" into library xil_defaultlib
INFO: [VRFC 10-311] analyzing module simulate_CU_0_1
INFO: [VRFC 10-2263] Analyzing Verilog file "F:/intelligent_traffic_light/optimized_intellight/optimized_intellight.ip_user_files/bd/simulate/sim/simulate.v" into library xil_defaultlib
INFO: [VRFC 10-311] analyzing module Action_RAM_imp_7YDQNW
INFO: [VRFC 10-311] analyzing module PL_RAM_imp_1KVKOLK
INFO: [VRFC 10-311] analyzing module simulate
INFO: [VRFC 10-2263] Analyzing Verilog file "F:/intelligent_traffic_light/optimized_intellight/optimized_intellight.gen/sources_1/bd/simulate/hdl/simulate_wrapper.v" into library xil_defaultlib
INFO: [VRFC 10-311] analyzing module simulate_wrapper
INFO: [VRFC 10-2263] Analyzing Verilog file "F:/intelligent_traffic_light/optimized_intellight/optimized_intellight.srcs/sim_1/new/simulate_tb.v" into library xil_defaultlib
INFO: [VRFC 10-311] analyzing module simulate_tb
