INFO: [VRFC 10-2263] Analyzing Verilog file "F:/intelligent_traffic_light/optimized_intellight/optimized_intellight.sim/sim_1/synth/timing/xsim/simulate_tb_time_synth.v" into library xil_defaultlib
INFO: [VRFC 10-311] analyzing module Action_RAM_imp_1YLN0P3
INFO: [VRFC 10-311] analyzing module PL_RAM_imp_MR7DWM
INFO: [VRFC 10-311] analyzing module intellight
INFO: [VRFC 10-311] analyzing module intellight_CU_0_0
INFO: [VRFC 10-311] analyzing module intellight_MII_0_0
INFO: [VRFC 10-311] analyzing module intellight_QA_0_0
INFO: [VRFC 10-311] analyzing module intellight_RAM0_0
INFO: [VRFC 10-311] analyzing module intellight_RAM1_0
INFO: [VRFC 10-311] analyzing module intellight_RAM1_1
INFO: [VRFC 10-311] analyzing module intellight_RAM2_0
INFO: [VRFC 10-311] analyzing module intellight_RAM2_1
INFO: [VRFC 10-311] analyzing module intellight_RAM3_0
INFO: [VRFC 10-311] analyzing module intellight_SD_0_0
INFO: [VRFC 10-311] analyzing module intellight_axi_bram_ctrl_0_0
INFO: [VRFC 10-311] analyzing module intellight_axi_bram_ctrl_1_0
INFO: [VRFC 10-311] analyzing module intellight_axi_bram_ctrl_1_1
INFO: [VRFC 10-311] analyzing module intellight_axi_bram_ctrl_2_0
INFO: [VRFC 10-311] analyzing module intellight_axi_intc_0_0
INFO: [VRFC 10-311] analyzing module intellight_axi_smc_0
INFO: [VRFC 10-311] analyzing module intellight_intellight_0_0
INFO: [VRFC 10-311] analyzing module intellight_processing_system7_0_0
INFO: [VRFC 10-311] analyzing module intellight_rst_clk_100M_0
INFO: [VRFC 10-311] analyzing module intellight_wrapper
INFO: [VRFC 10-311] analyzing module simulate_Action_RAM3_2
INFO: [VRFC 10-311] analyzing module simulate_PG_0_2
INFO: [VRFC 10-311] analyzing module simulate_PG_0_2_PG
INFO: [VRFC 10-311] analyzing module simulate_RAM3_2
INFO: [VRFC 10-311] analyzing module simulate_RD_0_2
INFO: [VRFC 10-311] analyzing module simulate_RD_0_2_RD
INFO: [VRFC 10-311] analyzing module simulate_RD_0_2_reg_32bit
INFO: [VRFC 10-311] analyzing module simulate_RD_0_2_reg_32bit_0
INFO: [VRFC 10-311] analyzing module simulate_Action_RAM3_2_blk_mem_gen_generic_cstr
INFO: [VRFC 10-311] analyzing module simulate_Action_RAM3_2_blk_mem_gen_prim_width
INFO: [VRFC 10-311] analyzing module simulate_Action_RAM3_2_blk_mem_gen_prim_width__parameterized0
INFO: [VRFC 10-311] analyzing module simulate_Action_RAM3_2_blk_mem_gen_prim_width__parameterized1
INFO: [VRFC 10-311] analyzing module simulate_Action_RAM3_2_blk_mem_gen_prim_width__parameterized2
INFO: [VRFC 10-311] analyzing module simulate_Action_RAM3_2_blk_mem_gen_prim_wrapper
INFO: [VRFC 10-311] analyzing module simulate_Action_RAM3_2_blk_mem_gen_prim_wrapper__parameterized0
INFO: [VRFC 10-311] analyzing module simulate_Action_RAM3_2_blk_mem_gen_prim_wrapper__parameterized1
INFO: [VRFC 10-311] analyzing module simulate_Action_RAM3_2_blk_mem_gen_prim_wrapper__parameterized2
INFO: [VRFC 10-311] analyzing module simulate_Action_RAM3_2_blk_mem_gen_top
INFO: [VRFC 10-311] analyzing module simulate_Action_RAM3_2_blk_mem_gen_v8_4_4
INFO: [VRFC 10-311] analyzing module simulate_Action_RAM3_2_blk_mem_gen_v8_4_4_synth
INFO: [VRFC 10-311] analyzing module simulate_RAM3_2_blk_mem_gen_generic_cstr
INFO: [VRFC 10-311] analyzing module simulate_RAM3_2_blk_mem_gen_prim_width
INFO: [VRFC 10-311] analyzing module simulate_RAM3_2_blk_mem_gen_prim_width__parameterized0
INFO: [VRFC 10-311] analyzing module simulate_RAM3_2_blk_mem_gen_prim_width__parameterized1
INFO: [VRFC 10-311] analyzing module simulate_RAM3_2_blk_mem_gen_prim_width__parameterized2
INFO: [VRFC 10-311] analyzing module simulate_RAM3_2_blk_mem_gen_prim_wrapper
INFO: [VRFC 10-311] analyzing module simulate_RAM3_2_blk_mem_gen_prim_wrapper__parameterized0
INFO: [VRFC 10-311] analyzing module simulate_RAM3_2_blk_mem_gen_prim_wrapper__parameterized1
INFO: [VRFC 10-311] analyzing module simulate_RAM3_2_blk_mem_gen_prim_wrapper__parameterized2
INFO: [VRFC 10-311] analyzing module simulate_RAM3_2_blk_mem_gen_top
INFO: [VRFC 10-311] analyzing module simulate_RAM3_2_blk_mem_gen_v8_4_4
INFO: [VRFC 10-311] analyzing module simulate_RAM3_2_blk_mem_gen_v8_4_4_synth
INFO: [VRFC 10-311] analyzing module glbl
INFO: [VRFC 10-2263] Analyzing Verilog file "F:/intelligent_traffic_light/optimized_intellight/optimized_intellight.srcs/sim_1/new/simulate_tb.v" into library xil_defaultlib
INFO: [VRFC 10-311] analyzing module simulate_tb
